"Information","12/23/2024 8:52:59 AM","Microsoft-Windows-Security-SPP","1066",,"Initialization status for service objects.
C:\Windows\system32\sppwinob.dll, msft:spp/windowsfunctionality/agent/7.0, 0x00000000, 0x00000000
C:\Windows\system32\sppobjs.dll, msft:rm/algorithm/inherited/1.0, 0x00000000, 0x00000000
C:\Windows\system32\sppobjs.dll, msft:rm/algorithm/phone/1.0, 0x00000000, 0x00000000
C:\Windows\system32\sppobjs.dll, msft:rm/algorithm/pkey/detect, 0x00000000, 0x00000000
C:\Windows\system32\sppobjs.dll, msft:spp/ActionScheduler/1.0, 0x00000000, 0x00000000
C:\Windows\system32\sppobjs.dll, msft:spp/TaskScheduler/1.0, 0x00000000, 0x00000000
C:\Windows\system32\sppobjs.dll, msft:spp/statecollector/pkey, 0x00000000, 0x00000000
C:\Windows\system32\sppobjs.dll, msft:spp/volume/services/kms/1.0, 0x00000000, 0x00000000
C:\Windows\system32\sppobjs.dll, msft:spp/volume/services/kms/activationinfo/1.0, 0x00000000, 0x00000000
"
"Information","12/23/2024 8:52:58 AM","Microsoft-Windows-Security-SPP","16394",,"Offline downlevel migration succeeded."
"Information","12/23/2024 8:52:58 AM","Microsoft-Windows-Security-SPP","900",,"The Software Protection service is starting.
Parameters:<explicit>"
"Information","12/23/2024 8:52:55 AM","edgeupdate","0",,"Service stopped."
"Warning","12/23/2024 8:50:51 AM","Microsoft-Windows-WMI","63",,"A provider, IntelMEProv, has been registered in the Windows Management Instrumentation namespace root\Intel_ME to use the LocalSystem account. This account is privileged and the provider may cause a security violation if it does not correctly impersonate user requests."
"Warning","12/23/2024 8:50:51 AM","Microsoft-Windows-WMI","63",,"A provider, IntelMEProv, has been registered in the Windows Management Instrumentation namespace root\Intel_ME to use the LocalSystem account. This account is privileged and the provider may cause a security violation if it does not correctly impersonate user requests."
"Warning","12/23/2024 8:50:51 AM","Microsoft-Windows-WMI","63",,"A provider, IntelMEProv, has been registered in the Windows Management Instrumentation namespace root\Intel_ME to use the LocalSystem account. This account is privileged and the provider may cause a security violation if it does not correctly impersonate user requests."
"Information","12/23/2024 8:50:51 AM","Microsoft-Windows-WMI","5617",,"Windows Management Instrumentation Service subsystems initialized successfully"
"Information","12/23/2024 8:50:51 AM","WMIRegistrationService","2",,"Intel(R) WMI Registration Service has successfully finished WMI Registration."
,"12/23/2024 8:50:51 AM","AsusUpdateCheck","0",,
"Information","12/23/2024 8:50:51 AM","Microsoft-Windows-Search","1003","Search service","The Windows Search Service started.
"
"Information","12/23/2024 8:50:49 AM","OpenVpnService","0",,"Service started successfully."
"Information","12/23/2024 8:50:43 AM","Microsoft-Windows-WMI","5615",,"Windows Management Instrumentation Service started sucessfully"
"Information","12/23/2024 8:50:40 AM","Microsoft-Windows-User Profiles Service","1531",,"The User Profile Service has started successfully.  

"
"Information","12/23/2024 8:50:45 AM","WMIRegistrationService","0",,"Intel(R) WMI Registration Service started."
,"12/23/2024 8:50:43 AM","AsusUpdateCheck","0",,
"Information","12/23/2024 8:50:43 AM","IntelDalJhi","0",,"Intel(R) Dynamic Application Loader Host Interface Service started."
"Information","12/20/2024 9:05:57 PM","Microsoft-Windows-Security-SPP","16384",,"Successfully scheduled Software Protection service for re-start at 2024-12-24T05:41:57Z. Reason: RulesEngine."
"Information","12/20/2024 9:05:26 PM","Microsoft-Windows-Security-SPP","16394",,"Offline downlevel migration succeeded."
"Information","12/20/2024 8:30:52 PM","Microsoft-Windows-Security-SPP","16384",,"Successfully scheduled Software Protection service for re-start at 2024-12-24T05:41:52Z. Reason: RulesEngine."
"Information","12/20/2024 8:30:22 PM","Microsoft-Windows-Security-SPP","16394",,"Offline downlevel migration succeeded."
"Information","12/20/2024 8:29:25 PM","Microsoft-Windows-Security-SPP","16384",,"Successfully scheduled Software Protection service for re-start at 2024-12-24T05:41:25Z. Reason: RulesEngine."
"Information","12/20/2024 8:28:54 PM","Microsoft-Windows-Security-SPP","16394",,"Offline downlevel migration succeeded."
"Information","12/20/2024 7:51:55 PM","Microsoft-Windows-Security-SPP","16384",,"Successfully scheduled Software Protection service for re-start at 2024-12-24T05:41:55Z. Reason: RulesEngine."
"Information","12/20/2024 7:51:25 PM","Microsoft-Windows-Security-SPP","16394",,"Offline downlevel migration succeeded."
"Information","12/20/2024 7:18:21 PM","Microsoft-Windows-Security-SPP","16384",,"Successfully scheduled Software Protection service for re-start at 2024-12-24T05:41:21Z. Reason: RulesEngine."
"Information","12/20/2024 7:17:51 PM","Microsoft-Windows-Security-SPP","16394",,"Offline downlevel migration succeeded."
"Information","12/20/2024 7:16:49 PM","Microsoft-Windows-Security-SPP","16384",,"Successfully scheduled Software Protection service for re-start at 2024-12-24T05:41:49Z. Reason: RulesEngine."
"Information","12/20/2024 7:16:19 PM","Microsoft-Windows-Security-SPP","16394",,"Offline downlevel migration succeeded."
"Information","12/20/2024 6:49:02 PM","Windows Error Reporting","1001",,"Fault bucket 1989914656849923728, type 5
Event Name: RADAR_PRE_LEAK_64
Response: Not available
Cab Id: 0

Problem signature:
P1: GenshinImpact.exe
P2: 2017.4.30.0
P3: 10.0.22631.2.0.0
P4: 
P5: 
P6: 
P7: 
P8: 
P9: 
P10: 

Attached files:
\\?\C:\Users\Admin\AppData\Local\Temp\RDRBD89.tmp\empty.txt
\\?\C:\ProgramData\Microsoft\Windows\WER\Temp\WER.ed2fa74b-b10c-4d69-85c7-69c8f103f99f.tmp.WERInternalMetadata.xml
WPR_initiated_DiagTrackMiniLogger_OneTrace_User_Logger_20240808_1_EC_0_inject.etl
\\?\C:\ProgramData\Microsoft\Windows\WER\Temp\WER.0a3f35b7-683d-4e3c-ae28-6b3da42c9295.tmp.etl
WPR_initiated_DiagTrackMiniLogger_WPR System Collector_inject.etl
\\?\C:\ProgramData\Microsoft\Windows\WER\Temp\WER.f9664a1f-09d0-4aac-b4dd-7c0d7158a174.tmp.etl
\\?\C:\ProgramData\Microsoft\Windows\WER\Temp\WER.471b49e7-b62a-4f4f-9459-e885b8383088.tmp.csv
\\?\C:\ProgramData\Microsoft\Windows\WER\Temp\WER.010d921b-afa3-438e-8c4b-2bdba29bc1b0.tmp.txt
\\?\C:\ProgramData\Microsoft\Windows\WER\Temp\WER.4188efc6-a10e-436d-8a4e-6bc0194d8d5c.tmp.xml

These files may be available here:
NULL

Analysis symbol: 
Rechecking for solution: 0
Report Id: 1365f059-d08b-4e20-9874-85ea07304b4e
Report Status: 268435456
Hashed bucket: 156db4684d3d86b16b9d98d65ee20e90
Cab Guid: 0"
"Information","12/20/2024 6:37:47 PM","Microsoft-Windows-Security-SPP","16384",,"Successfully scheduled Software Protection service for re-start at 2024-12-24T05:41:47Z. Reason: RulesEngine."
"Information","12/20/2024 6:37:17 PM","Microsoft-Windows-Security-SPP","16394",,"Offline downlevel migration succeeded."
"Information","12/20/2024 6:26:32 PM","ESENT","330","General","Video.UI (19872,D,2) {ECB143D6-565C-4910-B74E-6A4CB064713E}: The database [C:\Users\Admin\AppData\Local\Packages\Microsoft.ZuneVideo_8wekyb3d8bbwe\LocalState\Database\2a25a7a8b3edf10e\tmp.edb] format version is being held back to 8920 (0x22d8) due to application parameter setting of 0x410022D8 (8920 | JET_efvAllowHigherPersistedFormat). Current default engine version: 9480 (0x2508)."
"Information","12/20/2024 6:26:32 PM","ESENT","326","General","Video.UI (19872,D,50) {ECB143D6-565C-4910-B74E-6A4CB064713E}: The database engine attached a database (1, C:\Users\Admin\AppData\Local\Packages\Microsoft.ZuneVideo_8wekyb3d8bbwe\LocalState\Database\2a25a7a8b3edf10e\EntClientDb.edb). (Time=0 seconds) 
 
Saved Cache: 0 0 
Additional Data: lgposAttach = 00000001:01C2:0268,
dbv = 1568.20.0 (8920) 
 
Internal Timing Sequence: 
[1] 0.000001 +J(0)
[2] 0.000327 +J(0) +M(C:0K, Fs:18, WS:8K # 0K, PF:8K # 0K, P:8K)
[3] 0.002015 -0.000900 (5) WT +J(CM:0, PgRf:0, Rd:0/0, Dy:0/0, Lg:3480/2) +M(C:0K, Fs:7, WS:20K # 0K, PF:20K # 0K, P:20K)
[4] 0.000105 +J(0)
[5] -
[6] 0.019164 -0.019102 (2) CM +J(CM:2, PgRf:2, Rd:0/2, Dy:0/0, Lg:0/0) +M(C:0K, Fs:5, WS:20K # 0K, PF:16K # 0K, P:16K)
[7] -
[8] 0.005301 -0.005099 (1) WT +J(CM:1, PgRf:1, Rd:14/1, Dy:0/0, Lg:0/0) +M(C:0K, Fs:23, WS:84K # 0K, PF:300K # 0K, P:300K)
[9] -
[10] -
[11] -
[12] 0.000334 +J(0)
[13] 0.001334 -0.001202 (4) CM +J(CM:4, PgRf:23, Rd:0/4, Dy:0/0, Lg:0/0) +M(C:0K, Fs:25, WS:96K # 0K, PF:12K # 0K, P:12K)
[14] 0.000072 -0.000002 (1) CM +J(CM:1, PgRf:40, Rd:0/1, Dy:0/0, Lg:0/0) +M(C:0K, Fs:4, WS:8K # 0K, PF:64K # 0K, P:64K)
[15] 0.000003 +J(CM:0, PgRf:1, Rd:0/0, Dy:0/0, Lg:0/0)
[16] 0.000006 +J(CM:0, PgRf:1, Rd:0/0, Dy:0/0, Lg:0/0) +M(C:0K, Fs:1, WS:4K # 0K, PF:0K # 0K, P:0K)
[17] 0.000025 +J(CM:0, PgRf:42, Rd:0/0, Dy:0/0, Lg:0/0) +M(C:0K, Fs:1, WS:4K # 0K, PF:0K # 0K, P:0K)
[18] 0.0 +J(0)
[19] 0.0 +J(0)
[20] 0.000003 +J(CM:0, PgRf:1, Rd:0/0, Dy:0/0, Lg:0/0)."
"Information","12/20/2024 6:26:32 PM","ESENT","330","General","Video.UI (19872,D,50) {ECB143D6-565C-4910-B74E-6A4CB064713E}: The database [C:\Users\Admin\AppData\Local\Packages\Microsoft.ZuneVideo_8wekyb3d8bbwe\LocalState\Database\2a25a7a8b3edf10e\EntClientDb.edb] format version is being held back to 8920 (0x22d8) due to application parameter setting of 0x410022D8 (8920 | JET_efvAllowHigherPersistedFormat). Current default engine version: 9480 (0x2508)."
"Information","12/20/2024 6:26:32 PM","ESENT","105","General","Video.UI (19872,D,0) {ECB143D6-565C-4910-B74E-6A4CB064713E}: The database engine started a new instance (0). (Time=0 seconds) 
 
Additional Data:
 lgposV2[] = 00000001:0001:0000 - 00000001:01BF:002B - 00000001:01C0:0000 - 00000001:01C0:0000 (00000000:0000:0000)
cReInits = 92
RBSOn = 0
 
 
Internal Timing Sequence: 
[1] 0.006055 +J(0) +M(C:0K, Fs:286, WS:1104K # 1104K, PF:3760K # 3760K, P:3760K)
[2] 0.000274 +J(0) +M(C:0K, Fs:138, WS:544K # 544K, PF:420K # 420K, P:420K)
[3] 0.000016 +J(0) +M(C:0K, Fs:5, WS:20K # 20K, PF:64K # 64K, P:64K)
[4] 0.000130 +J(0) +M(C:0K, Fs:77, WS:308K # 308K, PF:556K # 556K, P:556K)
[5] 0.371882 +J(0) +M(C:0K, Fs:6283, WS:22936K # 22992K, PF:15120K # 15588K, P:15120K)
[6] 0.020425 +J(0) +M(C:0K, Fs:23, WS:92K # 36K, PF:12K # 0K, P:12K)
[7] 0.057219 +J(0) +M(C:0K, Fs:534, WS:2132K # 2132K, PF:2052K # 1596K, P:2052K)
[8] 0.029777 -0.001188 (4) WT +J(CM:0, PgRf:0, Rd:0/0, Dy:0/0, Lg:1792248/6766) +M(C:0K, Fs:1751, WS:364K # 372K, PF:204K # 212K, P:204K)
[9] 0.000277 +J(0) +M(C:0K, Fs:1, WS:4K # 0K, PF:0K # 0K, P:0K)
[10] 0.000652 +J(0) +M(C:0K, Fs:1, WS:-2044K # 0K, PF:-2044K # 0K, P:-2044K)
[11] 0.000015 +J(CM:0, PgRf:0, Rd:0/0, Dy:0/0, Lg:49/1) +M(C:0K, Fs:5, WS:20K # 0K, PF:0K # 0K, P:0K)
[12] 0.000674 -0.000638 (1) WT +J(0) +M(C:0K, Fs:6, WS:24K # 0K, PF:4K # 0K, P:4K)
[13] 0.029236 -0.019291 (2) CM -0.005347 (15) WT +J(CM:2, PgRf:2, Rd:0/2, Dy:0/0, Lg:8759/5) +M(C:0K, Fs:555, WS:92K # 136K, PF:120K # 124K, P:120K)
[14] 0.000010 +J(0)
[15] 0.000006 +J(0)
[16] 0.000126 +J(0) +M(C:0K, Fs:2, WS:0K # 0K, PF:0K # 0K, P:0K)."
"Information","12/20/2024 6:26:32 PM","ESENT","302","Logging/Recovery","Video.UI (19872,U,98) {ECB143D6-565C-4910-B74E-6A4CB064713E}: The database engine has successfully completed recovery steps."
"Information","12/20/2024 6:26:32 PM","ESENT","301","Logging/Recovery","Video.UI (19872,R,98) {ECB143D6-565C-4910-B74E-6A4CB064713E}: The database engine has finished replaying logfile C:\Users\Admin\AppData\Local\Packages\Microsoft.ZuneVideo_8wekyb3d8bbwe\LocalState\Database\2a25a7a8b3edf10e\edb.log. 
 
Processing Stats: 
[1] 0.028248 -0.001188 (4) WT +J(CM:0, PgRf:0, Rd:0/0, Dy:0/0, Lg:1792248/6766) +M(C:0K, Fs:1720, WS:256K # 264K, PF:124K # 132K, P:124K). 
Log record of type 'Insert   ' was seen most frequently (2369 times)"
"Information","12/20/2024 6:26:32 PM","ESENT","330","General","Video.UI (19872,R,98) {ECB143D6-565C-4910-B74E-6A4CB064713E}: The database [C:\Users\Admin\AppData\Local\Packages\Microsoft.ZuneVideo_8wekyb3d8bbwe\LocalState\Database\2a25a7a8b3edf10e\EntClientDb.edb] format version is being held back to 8920 (0x22d8) due to application parameter setting of 0x410022D8 (8920 | JET_efvAllowHigherPersistedFormat). Current default engine version: 9480 (0x2508)."
"Information","12/20/2024 6:26:32 PM","ESENT","335","Logging/Recovery","Video.UI (19872,R,98) {ECB143D6-565C-4910-B74E-6A4CB064713E}: Replay of a Create for database ""C:\Users\Admin\AppData\Local\Packages\Microsoft.ZuneVideo_8wekyb3d8bbwe\LocalState\Database\2a25a7a8b3edf10e\EntClientDb.edb"" at log position (00000001,0001,0268) was deferred due to AttachFuture.  Additional information:  "
"Information","12/20/2024 6:26:32 PM","ESENT","300","Logging/Recovery","Video.UI (19872,R,98) {ECB143D6-565C-4910-B74E-6A4CB064713E}: The database engine is initiating recovery steps."
"Information","12/20/2024 6:26:32 PM","ESENT","102","General","Video.UI (19872,P,98) {ECB143D6-565C-4910-B74E-6A4CB064713E}: The database engine (10.00.22631.0000) is starting a new instance (0)."
"Information","12/20/2024 6:13:05 PM","Microsoft-Windows-Security-SPP","16384",,"Successfully scheduled Software Protection service for re-start at 2024-12-24T05:42:05Z. Reason: RulesEngine."
"Information","12/20/2024 6:12:35 PM","Microsoft-Windows-Security-SPP","16394",,"Offline downlevel migration succeeded."
"Information","12/20/2024 5:37:04 PM","Microsoft-Windows-Security-SPP","16384",,"Successfully scheduled Software Protection service for re-start at 2024-12-24T05:42:04Z. Reason: RulesEngine."
"Information","12/20/2024 5:36:34 PM","Microsoft-Windows-Security-SPP","16394",,"Offline downlevel migration succeeded."
"Information","12/20/2024 5:24:19 PM","Microsoft-Windows-Security-SPP","16384",,"Successfully scheduled Software Protection service for re-start at 2024-12-24T05:41:19Z. Reason: RulesEngine."
"Information","12/20/2024 5:23:49 PM","Microsoft-Windows-Security-SPP","16394",,"Offline downlevel migration succeeded."
"Information","12/20/2024 4:55:53 PM","Microsoft-Windows-Security-SPP","16384",,"Successfully scheduled Software Protection service for re-start at 2024-12-24T05:41:53Z. Reason: RulesEngine."
"Information","12/20/2024 4:55:22 PM","Microsoft-Windows-Security-SPP","16394",,"Offline downlevel migration succeeded."
"Information","12/20/2024 4:41:11 PM","Microsoft-Windows-Security-SPP","16384",,"Successfully scheduled Software Protection service for re-start at 2024-12-24T05:42:11Z. Reason: RulesEngine."
"Information","12/20/2024 4:40:41 PM","Microsoft-Windows-Security-SPP","16394",,"Offline downlevel migration succeeded."
"Information","12/20/2024 4:38:49 PM","Microsoft-Windows-Security-SPP","16384",,"Successfully scheduled Software Protection service for re-start at 2024-12-24T05:41:49Z. Reason: RulesEngine."
"Information","12/20/2024 4:38:18 PM","Microsoft-Windows-Security-SPP","16394",,"Offline downlevel migration succeeded."
"Information","12/20/2024 4:19:11 PM","Microsoft-Windows-Security-SPP","16384",,"Successfully scheduled Software Protection service for re-start at 2024-12-24T05:42:11Z. Reason: RulesEngine."
"Information","12/20/2024 4:18:41 PM","Microsoft-Windows-Security-SPP","16394",,"Offline downlevel migration succeeded."
"Information","12/20/2024 3:43:48 PM","Microsoft-Windows-Security-SPP","16384",,"Successfully scheduled Software Protection service for re-start at 2024-12-24T05:41:48Z. Reason: RulesEngine."
"Information","12/20/2024 3:43:18 PM","Microsoft-Windows-Security-SPP","16394",,"Offline downlevel migration succeeded."
"Information","12/20/2024 3:40:37 PM","Microsoft-Windows-Security-SPP","16384",,"Successfully scheduled Software Protection service for re-start at 2024-12-24T05:41:37Z. Reason: RulesEngine."
"Information","12/20/2024 3:40:07 PM","Microsoft-Windows-Security-SPP","16394",,"Offline downlevel migration succeeded."
"Information","12/20/2024 3:24:44 PM","Microsoft-Windows-Security-SPP","16384",,"Successfully scheduled Software Protection service for re-start at 2024-12-24T05:41:44Z. Reason: RulesEngine."
"Information","12/20/2024 3:24:12 PM","Microsoft-Windows-Security-SPP","16394",,"Offline downlevel migration succeeded."
"Information","12/20/2024 2:49:47 PM","Microsoft-Windows-Security-SPP","16384",,"Successfully scheduled Software Protection service for re-start at 2024-12-24T05:41:47Z. Reason: RulesEngine."
"Information","12/20/2024 2:49:17 PM","Microsoft-Windows-Security-SPP","16394",,"Offline downlevel migration succeeded."
"Information","12/20/2024 2:44:01 PM","Windows Error Reporting","1001",,"Fault bucket 1811075115828216670, type 5
Event Name: RADAR_PRE_LEAK_64
Response: Not available
Cab Id: 0

Problem signature:
P1: Photoshop.exe
P2: 25.9.0.573
P3: 10.0.22631.2.0.0
P4: 
P5: 
P6: 
P7: 
P8: 
P9: 
P10: 

Attached files:
\\?\C:\Users\Admin\AppData\Local\Temp\RDR67E8.tmp\empty.txt
\\?\C:\ProgramData\Microsoft\Windows\WER\Temp\WER.c1eb82a8-384d-43ef-aab8-007caf54bfaf.tmp.WERInternalMetadata.xml
WPR_initiated_DiagTrackMiniLogger_OneTrace_User_Logger_20240808_1_EC_0_inject.etl
\\?\C:\ProgramData\Microsoft\Windows\WER\Temp\WER.13d59082-8147-46b9-b463-a88398794a8e.tmp.etl
WPR_initiated_DiagTrackMiniLogger_WPR System Collector_inject.etl
\\?\C:\ProgramData\Microsoft\Windows\WER\Temp\WER.9e9252a9-0373-4374-bb59-c0e24069edb3.tmp.etl
\\?\C:\ProgramData\Microsoft\Windows\WER\Temp\WER.e7431f71-bc3b-4749-952d-a97ae73d66f7.tmp.csv
\\?\C:\ProgramData\Microsoft\Windows\WER\Temp\WER.56d21b1a-baca-4b6e-9339-2fb47caf063b.tmp.txt
\\?\C:\ProgramData\Microsoft\Windows\WER\Temp\WER.e357fd00-b324-4bee-a008-22691bd5eed1.tmp.xml

These files may be available here:
NULL

Analysis symbol: 
Rechecking for solution: 0
Report Id: 30d5dc50-0228-4b15-8bcb-05e0d043a2ce
Report Status: 268435456
Hashed bucket: 4b3ccb22a4b90d2769223b38ec7d835e
Cab Guid: 0"
"Information","12/20/2024 2:42:37 PM","Microsoft-Windows-Security-SPP","16384",,"Successfully scheduled Software Protection service for re-start at 2024-12-24T05:41:37Z. Reason: RulesEngine."
"Information","12/20/2024 2:42:06 PM","Microsoft-Windows-Security-SPP","16394",,"Offline downlevel migration succeeded."
"Information","12/20/2024 2:35:35 PM","Microsoft-Windows-Security-SPP","16384",,"Successfully scheduled Software Protection service for re-start at 2024-12-24T05:41:35Z. Reason: RulesEngine."
"Information","12/20/2024 2:35:05 PM","Microsoft-Windows-Security-SPP","16394",,"Offline downlevel migration succeeded."
"Information","12/20/2024 2:33:48 PM","SecurityCenter","15",,"Updated Windows Defender status successfully to SECURITY_PRODUCT_STATE_ON."
"Information","12/20/2024 2:33:46 PM","SecurityCenter","15",,"Updated Windows Defender status successfully to SECURITY_PRODUCT_STATE_ON."
"Information","12/20/2024 2:32:44 PM","Microsoft-Windows-Security-SPP","16384",,"Successfully scheduled Software Protection service for re-start at 2024-12-24T05:41:44Z. Reason: RulesEngine."
"Information","12/20/2024 2:32:13 PM","Microsoft-Windows-Security-SPP","16394",,"Offline downlevel migration succeeded."
"Information","12/20/2024 2:30:59 PM","Microsoft-Windows-Security-SPP","16384",,"Successfully scheduled Software Protection service for re-start at 2024-12-24T05:41:59Z. Reason: RulesEngine."
"Information","12/20/2024 2:30:29 PM","Microsoft-Windows-Security-SPP","16394",,"Offline downlevel migration succeeded."
"Information","12/20/2024 2:04:13 PM","VSS","8224",,"The VSS service is shutting down due to idle timeout. "
"Information","12/20/2024 2:01:22 PM","Windows Error Reporting","1001",,"Fault bucket 1939983410902637660, type 5
Event Name: StoreAgentInstallFailure1
Response: Not available
Cab Id: 0

Problem signature:
P1: Update;ScanForUpdatesForUser
P2: 80073d02
P3: 22631
P4: 4602
P5: Windows.Desktop
P6: 4
P7: 
P8: 
P9: 
P10: 

Attached files:
\\?\C:\Windows\Temp\FailureReportMetadata_14496.txt
\\?\C:\ProgramData\Microsoft\Windows\WER\Temp\WER.5becc7c3-7584-4b5f-b9ea-7f704d04a4b1.tmp.WERInternalMetadata.xml
\\?\C:\ProgramData\Microsoft\Windows\WER\ReportQueue\NonCritical_Update;ScanForUp_adaac05bae397bc3ee77aea85316cd5a9649668_00000000_cab_72ecf31e-b368-4675-8d9b-fb70643eba14\WPR_initiated_DiagTrackMiniLogger_OneTrace_User_Logger_20240808_1_EC_0_inject.etl
\\?\C:\ProgramData\Microsoft\Windows\WER\Temp\WER.fa03ffdf-5866-437b-8e48-e27359e636a0.tmp.etl
\\?\C:\ProgramData\Microsoft\Windows\WER\ReportQueue\NonCritical_Update;ScanForUp_adaac05bae397bc3ee77aea85316cd5a9649668_00000000_cab_72ecf31e-b368-4675-8d9b-fb70643eba14\WPR_initiated_DiagTrackMiniLogger_WPR System Collector_inject.etl
\\?\C:\ProgramData\Microsoft\Windows\WER\Temp\WER.f24da15c-8696-4d26-bfc3-224e45d766a7.tmp.etl
\\?\C:\ProgramData\Microsoft\Windows\WER\Temp\WER.c6907765-e382-477e-b7bd-edd0b4005ea5.tmp.csv
\\?\C:\ProgramData\Microsoft\Windows\WER\Temp\WER.bba642b0-d561-41d5-80f7-34864e05309c.tmp.txt
\\?\C:\ProgramData\Microsoft\Windows\WER\Temp\WER.39517c7e-35c6-4d3e-8981-4aab79a00c4a.tmp.xml

These files may be available here:
\\?\C:\ProgramData\Microsoft\Windows\WER\ReportArchive\NonCritical_Update;ScanForUp_adaac05bae397bc3ee77aea85316cd5a9649668_00000000_72ecf31e-b368-4675-8d9b-fb70643eba14

Analysis symbol: 
Rechecking for solution: 0
Report Id: 72ecf31e-b368-4675-8d9b-fb70643eba14
Report Status: 268435456
Hashed bucket: 7c51a697161ba603eaec34a23d009c5c
Cab Guid: 0"
"Information","12/20/2024 2:01:18 PM","Windows Error Reporting","1001",,"Fault bucket , type 0
Event Name: StoreAgentInstallFailure1
Response: Not available
Cab Id: 0

Problem signature:
P1: Update;ScanForUpdatesForUser
P2: 80073d02
P3: 22631
P4: 4602
P5: Windows.Desktop
P6: 4
P7: 
P8: 
P9: 
P10: 

Attached files:
\\?\C:\Windows\Temp\FailureReportMetadata_14496.txt
\\?\C:\ProgramData\Microsoft\Windows\WER\Temp\WER.5becc7c3-7584-4b5f-b9ea-7f704d04a4b1.tmp.WERInternalMetadata.xml
\\?\C:\ProgramData\Microsoft\Windows\WER\ReportQueue\NonCritical_Update;ScanForUp_adaac05bae397bc3ee77aea85316cd5a9649668_00000000_cab_72ecf31e-b368-4675-8d9b-fb70643eba14\WPR_initiated_DiagTrackMiniLogger_OneTrace_User_Logger_20240808_1_EC_0_inject.etl
\\?\C:\ProgramData\Microsoft\Windows\WER\Temp\WER.fa03ffdf-5866-437b-8e48-e27359e636a0.tmp.etl
\\?\C:\ProgramData\Microsoft\Windows\WER\ReportQueue\NonCritical_Update;ScanForUp_adaac05bae397bc3ee77aea85316cd5a9649668_00000000_cab_72ecf31e-b368-4675-8d9b-fb70643eba14\WPR_initiated_DiagTrackMiniLogger_WPR System Collector_inject.etl
\\?\C:\ProgramData\Microsoft\Windows\WER\Temp\WER.f24da15c-8696-4d26-bfc3-224e45d766a7.tmp.etl
\\?\C:\ProgramData\Microsoft\Windows\WER\Temp\WER.c6907765-e382-477e-b7bd-edd0b4005ea5.tmp.csv
\\?\C:\ProgramData\Microsoft\Windows\WER\Temp\WER.bba642b0-d561-41d5-80f7-34864e05309c.tmp.txt
\\?\C:\ProgramData\Microsoft\Windows\WER\Temp\WER.39517c7e-35c6-4d3e-8981-4aab79a00c4a.tmp.xml

These files may be available here:
\\?\C:\ProgramData\Microsoft\Windows\WER\ReportQueue\NonCritical_Update;ScanForUp_adaac05bae397bc3ee77aea85316cd5a9649668_00000000_cab_72ecf31e-b368-4675-8d9b-fb70643eba14

Analysis symbol: 
Rechecking for solution: 0
Report Id: 72ecf31e-b368-4675-8d9b-fb70643eba14
Report Status: 4
Hashed bucket: 
Cab Guid: 0"
"Information","12/20/2024 2:01:13 PM","System Restore","8216",,"Skipping creation of restore point (Process = C:\Windows\system32\svchost.exe -k netsvcs -p -s wuauserv; Description = Windows Update) as there is a restore point avaliable which is recent enough for System Restore."
"Information","12/20/2024 2:00:59 PM","System Restore","8216",,"Skipping creation of restore point (Process = C:\Windows\system32\svchost.exe -k netsvcs -p -s wuauserv; Description = Windows Update) as there is a restore point avaliable which is recent enough for System Restore."
"Information","12/20/2024 2:00:49 PM","System Restore","8216",,"Skipping creation of restore point (Process = C:\Windows\system32\svchost.exe -k netsvcs -p -s wuauserv; Description = Windows Update) as there is a restore point avaliable which is recent enough for System Restore."
"Information","12/20/2024 1:39:38 PM","Microsoft-Windows-Security-SPP","16384",,"Successfully scheduled Software Protection service for re-start at 2024-12-24T05:41:38Z. Reason: RulesEngine."
"Information","12/20/2024 1:39:08 PM","Microsoft-Windows-Security-SPP","16394",,"Offline downlevel migration succeeded."
"Information","12/20/2024 1:29:42 PM","VSS","8224",,"The VSS service is shutting down due to idle timeout. "
"Information","12/20/2024 1:27:05 PM","Microsoft-Windows-Security-SPP","16384",,"Successfully scheduled Software Protection service for re-start at 2024-12-24T05:42:05Z. Reason: RulesEngine."
"Information","12/20/2024 1:26:52 PM","Windows Error Reporting","1001",,"Fault bucket 1918748184367795690, type 5
Event Name: StoreAgentInstallFailure1
Response: Not available
Cab Id: 0

Problem signature:
P1: Update;ScanForUpdatesForUser
P2: 80073d02
P3: 22631
P4: 4602
P5: Windows.Desktop
P6: V
P7: 
P8: 
P9: 
P10: 

Attached files:
\\?\C:\Windows\Temp\FailureReportMetadata_7733.txt
\\?\C:\ProgramData\Microsoft\Windows\WER\Temp\WER.4f9cac4e-ddec-4aa5-a162-ff1aed6b5585.tmp.WERInternalMetadata.xml
\\?\C:\ProgramData\Microsoft\Windows\WER\ReportQueue\NonCritical_Update;ScanForUp_cff468855d7367c7b890e828721127a7bac1e988_00000000_cab_ec58205d-c37c-4351-8cfa-921aa8485061\WPR_initiated_DiagTrackMiniLogger_OneTrace_User_Logger_20241008_1_EC_0_inject.etl
\\?\C:\ProgramData\Microsoft\Windows\WER\Temp\WER.c5047229-b49c-422d-9e6b-4b30e7512d78.tmp.etl
\\?\C:\ProgramData\Microsoft\Windows\WER\ReportQueue\NonCritical_Update;ScanForUp_cff468855d7367c7b890e828721127a7bac1e988_00000000_cab_ec58205d-c37c-4351-8cfa-921aa8485061\WPR_initiated_DiagTrackMiniLogger_WPR System Collector_inject.etl
\\?\C:\ProgramData\Microsoft\Windows\WER\Temp\WER.cf968a27-0dd2-44ba-83df-f110f7b58315.tmp.etl
\\?\C:\ProgramData\Microsoft\Windows\WER\Temp\WER.a92d2eb7-3c65-4373-b995-68391658c382.tmp.csv
\\?\C:\ProgramData\Microsoft\Windows\WER\Temp\WER.27c97d11-277a-43e3-b7b2-c26d1072ba5e.tmp.txt
\\?\C:\ProgramData\Microsoft\Windows\WER\Temp\WER.3385a0b1-1d4c-43ca-848f-032061793c9a.tmp.xml

These files may be available here:
\\?\C:\ProgramData\Microsoft\Windows\WER\ReportArchive\NonCritical_Update;ScanForUp_cff468855d7367c7b890e828721127a7bac1e988_00000000_ec58205d-c37c-4351-8cfa-921aa8485061

Analysis symbol: 
Rechecking for solution: 0
Report Id: ec58205d-c37c-4351-8cfa-921aa8485061
Report Status: 268435456
Hashed bucket: 8101fc329274bb3c9aa0c34ec6ab0dea
Cab Guid: 0"
"Information","12/20/2024 1:26:50 PM","Windows Error Reporting","1001",,"Fault bucket , type 0
Event Name: StoreAgentInstallFailure1
Response: Not available
Cab Id: 0

Problem signature:
P1: Update;ScanForUpdatesForUser
P2: 80073d02
P3: 22631
P4: 4602
P5: Windows.Desktop
P6: V
P7: 
P8: 
P9: 
P10: 

Attached files:
\\?\C:\Windows\Temp\FailureReportMetadata_7733.txt
\\?\C:\ProgramData\Microsoft\Windows\WER\Temp\WER.4f9cac4e-ddec-4aa5-a162-ff1aed6b5585.tmp.WERInternalMetadata.xml
\\?\C:\ProgramData\Microsoft\Windows\WER\ReportQueue\NonCritical_Update;ScanForUp_cff468855d7367c7b890e828721127a7bac1e988_00000000_cab_ec58205d-c37c-4351-8cfa-921aa8485061\WPR_initiated_DiagTrackMiniLogger_OneTrace_User_Logger_20241008_1_EC_0_inject.etl
\\?\C:\ProgramData\Microsoft\Windows\WER\Temp\WER.c5047229-b49c-422d-9e6b-4b30e7512d78.tmp.etl
\\?\C:\ProgramData\Microsoft\Windows\WER\ReportQueue\NonCritical_Update;ScanForUp_cff468855d7367c7b890e828721127a7bac1e988_00000000_cab_ec58205d-c37c-4351-8cfa-921aa8485061\WPR_initiated_DiagTrackMiniLogger_WPR System Collector_inject.etl
\\?\C:\ProgramData\Microsoft\Windows\WER\Temp\WER.cf968a27-0dd2-44ba-83df-f110f7b58315.tmp.etl
\\?\C:\ProgramData\Microsoft\Windows\WER\Temp\WER.a92d2eb7-3c65-4373-b995-68391658c382.tmp.csv
\\?\C:\ProgramData\Microsoft\Windows\WER\Temp\WER.27c97d11-277a-43e3-b7b2-c26d1072ba5e.tmp.txt
\\?\C:\ProgramData\Microsoft\Windows\WER\Temp\WER.3385a0b1-1d4c-43ca-848f-032061793c9a.tmp.xml

These files may be available here:
\\?\C:\ProgramData\Microsoft\Windows\WER\ReportQueue\NonCritical_Update;ScanForUp_cff468855d7367c7b890e828721127a7bac1e988_00000000_cab_ec58205d-c37c-4351-8cfa-921aa8485061

Analysis symbol: 
Rechecking for solution: 0
Report Id: ec58205d-c37c-4351-8cfa-921aa8485061
Report Status: 4
Hashed bucket: 
Cab Guid: 0"
"Information","12/20/2024 1:26:42 PM","System Restore","8216",,"Skipping creation of restore point (Process = C:\Windows\system32\svchost.exe -k netsvcs -p -s wuauserv; Description = Windows Update) as there is a restore point avaliable which is recent enough for System Restore."
"Information","12/20/2024 1:26:35 PM","Microsoft-Windows-Security-SPP","16394",,"Offline downlevel migration succeeded."
"Information","12/20/2024 1:18:44 PM","Microsoft-Windows-Winlogon","6000",,"The winlogon notification subscriber <SessionEnv> was unavailable to handle a notification event."
"Information","12/20/2024 1:18:44 PM","Microsoft-Windows-Winlogon","6003",,"The winlogon notification subscriber <SessionEnv> was unavailable to handle a critical notification event."
"Information","12/20/2024 1:17:25 PM","Microsoft-Windows-Security-SPP","16384",,"Successfully scheduled Software Protection service for re-start at 2024-12-24T05:41:25Z. Reason: RulesEngine."
"Information","12/20/2024 1:16:54 PM","Microsoft-Windows-Security-SPP","16394",,"Offline downlevel migration succeeded."
"Information","12/20/2024 1:15:53 PM","Microsoft-Windows-Security-SPP","16384",,"Successfully scheduled Software Protection service for re-start at 2024-12-24T05:41:53Z. Reason: RulesEngine."
"Information","12/20/2024 1:15:29 PM","VSS","8224",,"The VSS service is shutting down due to idle timeout. "
"Information","12/20/2024 1:15:17 PM","Microsoft-Windows-Security-SPP","16394",,"Offline downlevel migration succeeded."
"Information","12/20/2024 1:08:23 PM","Microsoft-Windows-Security-SPP","16384",,"Successfully scheduled Software Protection service for re-start at 2024-12-24T05:41:23Z. Reason: RulesEngine."
"Information","12/20/2024 1:07:53 PM","Microsoft-Windows-Security-SPP","16394",,"Offline downlevel migration succeeded."
"Information","12/20/2024 1:07:29 PM","Microsoft-Windows-Security-SPP","16384",,"Successfully scheduled Software Protection service for re-start at 2024-12-24T05:41:29Z. Reason: RulesEngine."
"Information","12/20/2024 1:07:14 PM","SecurityCenter","15",,"Updated Windows Defender status successfully to SECURITY_PRODUCT_STATE_ON."
"Information","12/20/2024 1:06:41 PM","Microsoft-Windows-Security-SPP","16394",,"Offline downlevel migration succeeded."
"Information","12/20/2024 1:06:14 PM","Microsoft-Windows-Security-SPP","16384",,"Successfully scheduled Software Protection service for re-start at 2024-12-24T05:41:14Z. Reason: RulesEngine."
"Information","12/20/2024 1:05:44 PM","Microsoft-Windows-Security-SPP","1040",,"Hardware has changed from previous boot.
 AppId=55c92734-d682-4d71-983e-d6ec3f16059f, SkuId=2de67392-b7a7-462a-b1ca-108dd189f588."
"Information","12/20/2024 1:05:44 PM","Microsoft-Windows-Security-SPP","16394",,"Offline downlevel migration succeeded."
"Information","12/20/2024 1:02:37 PM","edgeupdate","0",,"Service stopped."
"Information","12/19/2024 10:01:43 PM","Microsoft-Windows-Winlogon","6000",,"The winlogon notification subscriber <Dot3svc> was unavailable to handle a notification event."
"Information","12/19/2024 10:01:43 PM","Microsoft-Windows-Winlogon","6000",,"The winlogon notification subscriber <SessionEnv> was unavailable to handle a notification event."
"Information","12/19/2024 10:01:43 PM","Microsoft-Windows-Winlogon","6000",,"The winlogon notification subscriber <WSearch> was unavailable to handle a notification event."
"Information","12/19/2024 10:01:41 PM","Desktop Window Manager","9027",,"The Desktop Window Manager has registered the session port."
"Information","12/19/2024 9:09:06 PM","Microsoft-Windows-Security-SPP","16384",,"Successfully scheduled Software Protection service for re-start at 2024-12-24T05:42:06Z. Reason: RulesEngine."
"Information","12/19/2024 9:08:35 PM","Microsoft-Windows-Security-SPP","16394",,"Offline downlevel migration succeeded."
"Information","12/19/2024 9:03:00 PM","Microsoft-Windows-Security-SPP","16384",,"Successfully scheduled Software Protection service for re-start at 2024-12-24T05:42:00Z. Reason: RulesEngine."
"Information","12/19/2024 9:02:30 PM","Microsoft-Windows-Security-SPP","16394",,"Offline downlevel migration succeeded."
"Information","12/19/2024 7:19:49 PM","Microsoft-Windows-Security-SPP","16384",,"Successfully scheduled Software Protection service for re-start at 2024-12-24T05:41:49Z. Reason: RulesEngine."
"Information","12/19/2024 7:19:19 PM","Microsoft-Windows-Security-SPP","16394",,"Offline downlevel migration succeeded."
"Information","12/19/2024 6:38:49 PM","ESENT","330","General","Video.UI (17416,D,2) {78A86154-D340-40CE-993A-EE50ABEBBC8E}: The database [C:\Users\Admin\AppData\Local\Packages\Microsoft.ZuneVideo_8wekyb3d8bbwe\LocalState\Database\2a25a7a8b3edf10e\tmp.edb] format version is being held back to 8920 (0x22d8) due to application parameter setting of 0x410022D8 (8920 | JET_efvAllowHigherPersistedFormat). Current default engine version: 9480 (0x2508)."
"Information","12/19/2024 6:38:49 PM","ESENT","326","General","Video.UI (17416,D,50) {78A86154-D340-40CE-993A-EE50ABEBBC8E}: The database engine attached a database (1, C:\Users\Admin\AppData\Local\Packages\Microsoft.ZuneVideo_8wekyb3d8bbwe\LocalState\Database\2a25a7a8b3edf10e\EntClientDb.edb). (Time=0 seconds) 
 
Saved Cache: 0 0 
Additional Data: lgposAttach = 00000001:01BE:0268,
dbv = 1568.20.0 (8920) 
 
Internal Timing Sequence: 
[1] 0.000001 +J(0)
[2] 0.000330 +J(0) +M(C:0K, Fs:18, WS:8K # 0K, PF:8K # 0K, P:8K)
[3] 0.002035 -0.000750 (5) WT +J(CM:0, PgRf:0, Rd:0/0, Dy:0/0, Lg:3480/2) +M(C:0K, Fs:7, WS:20K # 0K, PF:20K # 0K, P:20K)
[4] 0.000108 +J(0)
[5] -
[6] 0.020269 -0.020202 (2) CM +J(CM:2, PgRf:2, Rd:0/2, Dy:0/0, Lg:0/0) +M(C:0K, Fs:7, WS:24K # 0K, PF:28K # 0K, P:28K)
[7] -
[8] 0.005125 -0.004922 (1) WT +J(CM:1, PgRf:1, Rd:14/1, Dy:0/0, Lg:0/0) +M(C:0K, Fs:22, WS:80K # 0K, PF:296K # 0K, P:296K)
[9] -
[10] -
[11] -
[12] 0.000305 +J(0) +M(C:0K, Fs:1, WS:4K # 0K, PF:0K # 0K, P:0K)
[13] 0.001350 -0.001208 (4) CM +J(CM:4, PgRf:23, Rd:0/4, Dy:0/0, Lg:0/0) +M(C:0K, Fs:24, WS:88K # 0K, PF:8K # 0K, P:8K)
[14] 0.000088 -0.000003 (2) CM +J(CM:2, PgRf:40, Rd:0/2, Dy:0/0, Lg:0/0) +M(C:0K, Fs:6, WS:8K # 0K, PF:64K # 0K, P:64K)
[15] 0.000003 +J(CM:0, PgRf:1, Rd:0/0, Dy:0/0, Lg:0/0)
[16] 0.000006 +J(CM:0, PgRf:1, Rd:0/0, Dy:0/0, Lg:0/0) +M(C:0K, Fs:1, WS:4K # 0K, PF:0K # 0K, P:0K)
[17] 0.000025 +J(CM:0, PgRf:42, Rd:0/0, Dy:0/0, Lg:0/0) +M(C:0K, Fs:1, WS:4K # 0K, PF:0K # 0K, P:0K)
[18] 0.0 +J(0)
[19] 0.0 +J(0)
[20] 0.000003 +J(CM:0, PgRf:1, Rd:0/0, Dy:0/0, Lg:0/0)."
"Information","12/19/2024 6:38:49 PM","ESENT","330","General","Video.UI (17416,D,50) {78A86154-D340-40CE-993A-EE50ABEBBC8E}: The database [C:\Users\Admin\AppData\Local\Packages\Microsoft.ZuneVideo_8wekyb3d8bbwe\LocalState\Database\2a25a7a8b3edf10e\EntClientDb.edb] format version is being held back to 8920 (0x22d8) due to application parameter setting of 0x410022D8 (8920 | JET_efvAllowHigherPersistedFormat). Current default engine version: 9480 (0x2508)."
"Information","12/19/2024 6:38:49 PM","ESENT","105","General","Video.UI (17416,D,0) {78A86154-D340-40CE-993A-EE50ABEBBC8E}: The database engine started a new instance (0). (Time=0 seconds) 
 
Additional Data:
 lgposV2[] = 00000001:0001:0000 - 00000001:01BB:002B - 00000001:01BC:0000 - 00000001:01BC:0000 (00000000:0000:0000)
cReInits = 91
RBSOn = 0
 
 
Internal Timing Sequence: 
[1] 0.003410 +J(0) +M(C:0K, Fs:313, WS:1208K # 1208K, PF:3100K # 3100K, P:3100K)
[2] 0.000251 +J(0) +M(C:0K, Fs:106, WS:424K # 424K, PF:356K # 356K, P:356K)
[3] 0.000019 +J(0) +M(C:0K, Fs:4, WS:12K # 12K, PF:68K # 68K, P:68K)
[4] 0.000126 +J(0) +M(C:0K, Fs:43, WS:172K # 172K, PF:180K # 180K, P:180K)
[5] 0.375453 +J(0) +M(C:0K, Fs:6316, WS:23060K # 23116K, PF:16268K # 16740K, P:16268K)
[6] 0.021864 +J(0) +M(C:0K, Fs:25, WS:100K # 44K, PF:20K # 0K, P:20K)
[7] 0.072184 -0.000001 (1) WT +J(0) +M(C:0K, Fs:534, WS:2132K # 2132K, PF:2052K # 1600K, P:2052K)
[8] 0.030524 -0.001145 (5) WT +J(CM:0, PgRf:0, Rd:0/0, Dy:0/0, Lg:1776024/6756) +M(C:0K, Fs:1734, WS:372K # 380K, PF:212K # 220K, P:212K)
[9] 0.000310 +J(0) +M(C:0K, Fs:1, WS:4K # 0K, PF:0K # 0K, P:0K)
[10] 0.000698 +J(0) +M(C:0K, Fs:4, WS:-2032K # 0K, PF:-2044K # 0K, P:-2044K)
[11] 0.000017 +J(CM:0, PgRf:0, Rd:0/0, Dy:0/0, Lg:49/1) +M(C:0K, Fs:5, WS:20K # 0K, PF:0K # 0K, P:0K)
[12] 0.003192 -0.003147 (2) WT +J(0) +M(C:0K, Fs:2, WS:8K # 0K, PF:0K # 0K, P:0K)
[13] 0.030292 -0.019690 (2) CM -0.005790 (15) WT +J(CM:2, PgRf:2, Rd:0/2, Dy:0/0, Lg:8759/5) +M(C:0K, Fs:549, WS:68K # 108K, PF:96K # 96K, P:96K)
[14] 0.000011 +J(0)
[15] 0.000007 +J(0)
[16] 0.000145 +J(0) +M(C:0K, Fs:2, WS:0K # 0K, PF:0K # 0K, P:0K)."
"Information","12/19/2024 6:38:49 PM","ESENT","302","Logging/Recovery","Video.UI (17416,U,98) {78A86154-D340-40CE-993A-EE50ABEBBC8E}: The database engine has successfully completed recovery steps."
"Information","12/19/2024 6:38:49 PM","ESENT","301","Logging/Recovery","Video.UI (17416,R,98) {78A86154-D340-40CE-993A-EE50ABEBBC8E}: The database engine has finished replaying logfile C:\Users\Admin\AppData\Local\Packages\Microsoft.ZuneVideo_8wekyb3d8bbwe\LocalState\Database\2a25a7a8b3edf10e\edb.log. 
 
Processing Stats: 
[1] 0.028988 -0.001145 (5) WT +J(CM:0, PgRf:0, Rd:0/0, Dy:0/0, Lg:1776024/6756) +M(C:0K, Fs:1705, WS:264K # 272K, PF:136K # 144K, P:136K). 
Log record of type 'Insert   ' was seen most frequently (2369 times)"
"Information","12/19/2024 6:38:49 PM","ESENT","330","General","Video.UI (17416,R,98) {78A86154-D340-40CE-993A-EE50ABEBBC8E}: The database [C:\Users\Admin\AppData\Local\Packages\Microsoft.ZuneVideo_8wekyb3d8bbwe\LocalState\Database\2a25a7a8b3edf10e\EntClientDb.edb] format version is being held back to 8920 (0x22d8) due to application parameter setting of 0x410022D8 (8920 | JET_efvAllowHigherPersistedFormat). Current default engine version: 9480 (0x2508)."
"Information","12/19/2024 6:38:49 PM","ESENT","335","Logging/Recovery","Video.UI (17416,R,98) {78A86154-D340-40CE-993A-EE50ABEBBC8E}: Replay of a Create for database ""C:\Users\Admin\AppData\Local\Packages\Microsoft.ZuneVideo_8wekyb3d8bbwe\LocalState\Database\2a25a7a8b3edf10e\EntClientDb.edb"" at log position (00000001,0001,0268) was deferred due to AttachFuture.  Additional information:  "
"Information","12/19/2024 6:38:49 PM","ESENT","300","Logging/Recovery","Video.UI (17416,R,98) {78A86154-D340-40CE-993A-EE50ABEBBC8E}: The database engine is initiating recovery steps."
"Information","12/19/2024 6:38:49 PM","ESENT","102","General","Video.UI (17416,P,98) {78A86154-D340-40CE-993A-EE50ABEBBC8E}: The database engine (10.00.22631.0000) is starting a new instance (0)."
"Information","12/19/2024 6:20:48 PM","Microsoft-Windows-Security-SPP","16384",,"Successfully scheduled Software Protection service for re-start at 2024-12-24T05:41:48Z. Reason: RulesEngine."
"Information","12/19/2024 6:20:12 PM","Microsoft-Windows-Security-SPP","16394",,"Offline downlevel migration succeeded."
"Information","12/19/2024 6:06:25 PM","Microsoft-Windows-Security-SPP","16384",,"Successfully scheduled Software Protection service for re-start at 2024-12-24T05:41:25Z. Reason: RulesEngine."
"Information","12/19/2024 6:05:55 PM","Microsoft-Windows-Security-SPP","16394",,"Offline downlevel migration succeeded."
"Information","12/19/2024 5:02:17 PM","Microsoft-Windows-Security-SPP","16384",,"Successfully scheduled Software Protection service for re-start at 2024-12-24T05:41:17Z. Reason: RulesEngine."
"Information","12/19/2024 5:01:46 PM","Microsoft-Windows-Security-SPP","16394",,"Offline downlevel migration succeeded."
"Information","12/19/2024 4:08:02 PM","Microsoft-Windows-Security-SPP","16384",,"Successfully scheduled Software Protection service for re-start at 2024-12-24T05:42:02Z. Reason: RulesEngine."
"Information","12/19/2024 4:07:31 PM","Microsoft-Windows-Security-SPP","16394",,"Offline downlevel migration succeeded."
"Warning","12/19/2024 3:24:18 PM","Chrome","256","Browser Events","[17436:11012:1219/152418.398:WARNING:remote_commands_service.cc(221)] Client is not registered."
"Information","12/19/2024 3:17:01 PM","Microsoft-Windows-Security-SPP","16384",,"Successfully scheduled Software Protection service for re-start at 2024-12-24T05:42:00Z. Reason: RulesEngine."
"Warning","12/19/2024 3:16:47 PM","Chrome","256","Browser Events","[17436:11012:1219/151647.142:WARNING:remote_commands_service.cc(221)] Client is not registered."
"Information","12/19/2024 3:16:30 PM","Microsoft-Windows-Security-SPP","1040",,"Hardware has changed from previous boot.
 AppId=55c92734-d682-4d71-983e-d6ec3f16059f, SkuId=2de67392-b7a7-462a-b1ca-108dd189f588."
"Information","12/19/2024 3:16:30 PM","Microsoft-Windows-Security-SPP","16394",,"Offline downlevel migration succeeded."
"Information","12/19/2024 2:42:39 PM","Windows Error Reporting","1001",,"Fault bucket 1298509685670453104, type 5
Event Name: WindowsWcpOtherFailure3
Response: Not available
Cab Id: 0

Problem signature:
P1: 10.0.22621.4539:1
P2: wcp\sil\systemisolationlayer.cpp
P3: Windows::Rtl::SystemImplementation::MarkFileDeletePending
P4: 338
P5: c0000121
P6: 0xbaa450e1
P7: 
P8: 
P9: 
P10: 

Attached files:
\\?\C:\Windows\Logs\CBS\CBS.log
\\?\C:\Windows\Logs\CBS\CbsPersist_20241219052404.cab
\\?\C:\Windows\servicing\Sessions\Sessions.xml
\\?\C:\Windows\WinSxs\poqexec.log
\\?\C:\Windows\Logs\Cbs\FilterList.log
\\?\C:\ProgramData\Microsoft\Windows\WER\Temp\WER.99fd0924-d468-4349-9186-75913d3ddfc4.tmp.WERInternalMetadata.xml
\\?\C:\ProgramData\Microsoft\Windows\WER\ReportQueue\Critical_10.0.22621.4539__5786a8336484f9d52bed7ec49262ab2849e359f_00000000_cab_4a6c0c2b-c468-457e-8b90-4392fbeef919\WPR_initiated_DiagTrackMiniLogger_OneTrace_User_Logger_20241008_1_EC_0_inject.etl
\\?\C:\ProgramData\Microsoft\Windows\WER\Temp\WER.459799b6-5654-41f5-93b2-cb99161e2726.tmp.etl
\\?\C:\ProgramData\Microsoft\Windows\WER\ReportQueue\Critical_10.0.22621.4539__5786a8336484f9d52bed7ec49262ab2849e359f_00000000_cab_4a6c0c2b-c468-457e-8b90-4392fbeef919\WPR_initiated_DiagTrackMiniLogger_WPR System Collector_inject.etl
\\?\C:\ProgramData\Microsoft\Windows\WER\Temp\WER.05ae6da2-f473-4510-b3b5-699f000ad943.tmp.etl
\\?\C:\ProgramData\Microsoft\Windows\WER\Temp\WER.1d337bcb-f0ba-47a3-b90d-5cd6259c440e.tmp.csv
\\?\C:\ProgramData\Microsoft\Windows\WER\Temp\WER.7a3c72ba-c92f-4c76-bc37-5b716bc9f6c3.tmp.txt
\\?\C:\ProgramData\Microsoft\Windows\WER\Temp\WER.be09c8d2-ef87-42df-882e-32f90db900a3.tmp.xml
\\?\C:\ProgramData\Microsoft\Windows\WER\Temp\WER.39ee4f89-de38-46ac-b29d-5a15f4e69c00.tmp.mdmp
\\?\C:\ProgramData\Microsoft\Windows\WER\ReportQueue\Critical_10.0.22621.4539__5786a8336484f9d52bed7ec49262ab2849e359f_00000000_cab_4a6c0c2b-c468-457e-8b90-4392fbeef919\memory.hdmp
\\?\C:\Windows\SystemTemp\WER.3c9814d8-c96a-4425-bf86-a6ea01f8ef3b.tmp.WERDataCollectionStatus.txt

These files may be available here:
\\?\C:\ProgramData\Microsoft\Windows\WER\ReportArchive\Critical_10.0.22621.4539__5786a8336484f9d52bed7ec49262ab2849e359f_00000000_4a6c0c2b-c468-457e-8b90-4392fbeef919

Analysis symbol: 
Rechecking for solution: 0
Report Id: 4a6c0c2b-c468-457e-8b90-4392fbeef919
Report Status: 268435456
Hashed bucket: b5b7ce694b9a6d0022053bade7ca9f70
Cab Guid: 0"
"Information","12/19/2024 2:42:36 PM","Windows Error Reporting","1001",,"Fault bucket , type 0
Event Name: WindowsWcpOtherFailure3
Response: Not available
Cab Id: 0

Problem signature:
P1: 10.0.22621.4539:1
P2: wcp\sil\systemisolationlayer.cpp
P3: Windows::Rtl::SystemImplementation::MarkFileDeletePending
P4: 338
P5: c0000121
P6: 0xbaa450e1
P7: 
P8: 
P9: 
P10: 

Attached files:
\\?\C:\Windows\Logs\CBS\CBS.log
\\?\C:\Windows\Logs\CBS\CbsPersist_20241219052404.cab
\\?\C:\Windows\servicing\Sessions\Sessions.xml
\\?\C:\Windows\WinSxs\poqexec.log
\\?\C:\Windows\Logs\Cbs\FilterList.log

These files may be available here:
NULL

Analysis symbol: 
Rechecking for solution: 0
Report Id: 4a6c0c2b-c468-457e-8b90-4392fbeef919
Report Status: 262148
Hashed bucket: 
Cab Guid: 0"
"Information","12/19/2024 2:42:36 PM","Windows Error Reporting","1001",,"Fault bucket , type 0
Event Name: WindowsWcpOtherFailure3
Response: Not available
Cab Id: 0

Problem signature:
P1: 10.0.22621.4539:1
P2: wcp\sil\systemisolationlayer.cpp
P3: Windows::Rtl::SystemImplementation::MarkFileDeletePending
P4: 338
P5: c0000121
P6: 0xbaa450e1
P7: 
P8: 
P9: 
P10: 

Attached files:
\\?\C:\Windows\Logs\CBS\CBS.log
\\?\C:\Windows\Logs\CBS\CbsPersist_20241219052404.cab
\\?\C:\Windows\servicing\Sessions\Sessions.xml
\\?\C:\Windows\WinSxs\poqexec.log
\\?\C:\Windows\Logs\Cbs\FilterList.log
\\?\C:\ProgramData\Microsoft\Windows\WER\Temp\WER.99fd0924-d468-4349-9186-75913d3ddfc4.tmp.WERInternalMetadata.xml
\\?\C:\ProgramData\Microsoft\Windows\WER\ReportQueue\Critical_10.0.22621.4539__5786a8336484f9d52bed7ec49262ab2849e359f_00000000_cab_4a6c0c2b-c468-457e-8b90-4392fbeef919\WPR_initiated_DiagTrackMiniLogger_OneTrace_User_Logger_20241008_1_EC_0_inject.etl
\\?\C:\ProgramData\Microsoft\Windows\WER\Temp\WER.459799b6-5654-41f5-93b2-cb99161e2726.tmp.etl
\\?\C:\ProgramData\Microsoft\Windows\WER\ReportQueue\Critical_10.0.22621.4539__5786a8336484f9d52bed7ec49262ab2849e359f_00000000_cab_4a6c0c2b-c468-457e-8b90-4392fbeef919\WPR_initiated_DiagTrackMiniLogger_WPR System Collector_inject.etl
\\?\C:\ProgramData\Microsoft\Windows\WER\Temp\WER.05ae6da2-f473-4510-b3b5-699f000ad943.tmp.etl
\\?\C:\ProgramData\Microsoft\Windows\WER\Temp\WER.1d337bcb-f0ba-47a3-b90d-5cd6259c440e.tmp.csv
\\?\C:\ProgramData\Microsoft\Windows\WER\Temp\WER.7a3c72ba-c92f-4c76-bc37-5b716bc9f6c3.tmp.txt
\\?\C:\ProgramData\Microsoft\Windows\WER\Temp\WER.be09c8d2-ef87-42df-882e-32f90db900a3.tmp.xml
\\?\C:\ProgramData\Microsoft\Windows\WER\Temp\WER.39ee4f89-de38-46ac-b29d-5a15f4e69c00.tmp.mdmp
\\?\C:\ProgramData\Microsoft\Windows\WER\ReportQueue\Critical_10.0.22621.4539__5786a8336484f9d52bed7ec49262ab2849e359f_00000000_cab_4a6c0c2b-c468-457e-8b90-4392fbeef919\memory.hdmp
\\?\C:\Windows\SystemTemp\WER.3c9814d8-c96a-4425-bf86-a6ea01f8ef3b.tmp.WERDataCollectionStatus.txt

These files may be available here:
\\?\C:\ProgramData\Microsoft\Windows\WER\ReportQueue\Critical_10.0.22621.4539__5786a8336484f9d52bed7ec49262ab2849e359f_00000000_cab_4a6c0c2b-c468-457e-8b90-4392fbeef919

Analysis symbol: 
Rechecking for solution: 0
Report Id: 4a6c0c2b-c468-457e-8b90-4392fbeef919
Report Status: 4
Hashed bucket: 
Cab Guid: 0"
"Information","12/19/2024 2:42:24 PM","SecurityCenter","15",,"Updated Windows Defender status successfully to SECURITY_PRODUCT_STATE_ON."
"Information","12/19/2024 2:42:22 PM","SecurityCenter","15",,"Updated Windows Defender status successfully to SECURITY_PRODUCT_STATE_ON."
"Information","12/19/2024 2:41:21 PM","Microsoft-Windows-Security-SPP","16384",,"Successfully scheduled Software Protection service for re-start at 2024-12-24T05:41:21Z. Reason: RulesEngine."
"Information","12/19/2024 2:40:50 PM","Microsoft-Windows-Security-SPP","16394",,"Offline downlevel migration succeeded."
"Warning","12/19/2024 2:21:25 PM","Chrome","256","Browser Events","[13304:9148:1219/142125.407:WARNING:remote_commands_service.cc(221)] Client is not registered."
"Information","12/19/2024 2:13:33 PM","Microsoft-Windows-Security-SPP","16384",,"Successfully scheduled Software Protection service for re-start at 2024-12-24T05:41:33Z. Reason: RulesEngine."
"Information","12/19/2024 2:13:02 PM","Microsoft-Windows-Security-SPP","16394",,"Offline downlevel migration succeeded."
"Information","12/19/2024 1:36:15 PM","Microsoft-Windows-Security-SPP","16384",,"Successfully scheduled Software Protection service for re-start at 2024-12-24T05:41:15Z. Reason: RulesEngine."
"Information","12/19/2024 1:35:45 PM","Microsoft-Windows-Security-SPP","16394",,"Offline downlevel migration succeeded."
"Information","12/19/2024 1:23:25 PM","Microsoft-Windows-Security-SPP","16384",,"Successfully scheduled Software Protection service for re-start at 2024-12-24T05:41:25Z. Reason: RulesEngine."
"Information","12/19/2024 1:22:55 PM","Microsoft-Windows-Security-SPP","16394",,"Offline downlevel migration succeeded."
"Warning","12/19/2024 1:13:55 PM","Chrome","256","Browser Events","[9752:9660:1219/131355.229:WARNING:remote_commands_service.cc(221)] Client is not registered."
"Information","12/19/2024 1:09:03 PM","Microsoft-Windows-Winlogon","6000",,"The winlogon notification subscriber <SessionEnv> was unavailable to handle a notification event."
"Information","12/19/2024 1:09:03 PM","Microsoft-Windows-Winlogon","6003",,"The winlogon notification subscriber <SessionEnv> was unavailable to handle a critical notification event."
