"Information","12/19/2024 1:08:17 PM","Windows Error Reporting","1001",,"Fault bucket 1298509685670453104, type 5
Event Name: WindowsWcpOtherFailure3
Response: Not available
Cab Id: 0

Problem signature:
P1: 10.0.22621.4539:1
P2: wcp\sil\systemisolationlayer.cpp
P3: Windows::Rtl::SystemImplementation::MarkFileDeletePending
P4: 338
P5: c0000121
P6: 0xbaa450e1
P7: 
P8: 
P9: 
P10: 

Attached files:
\\?\C:\Windows\Logs\CBS\CBS.log
\\?\C:\Windows\Logs\CBS\CbsPersist_20241212045021.cab
\\?\C:\Windows\Logs\CBS\CbsPersist_20241211055400.cab
\\?\C:\Windows\Logs\CBS\CbsPersist_20241205070732.cab
\\?\C:\Windows\servicing\Sessions\Sessions.xml
\\?\C:\Windows\servicing\Sessions\31150547_2890628556.xml
\\?\C:\Windows\WinSxs\poqexec.log
\\?\C:\Windows\Logs\Cbs\FilterList.log
\\?\C:\ProgramData\Microsoft\Windows\WER\Temp\WER.5eb693eb-c82e-4596-8174-0846a31bf7ed.tmp.WERInternalMetadata.xml
\\?\C:\ProgramData\Microsoft\Windows\WER\ReportQueue\Critical_10.0.22621.4539__5786a8336484f9d52bed7ec49262ab2849e359f_00000000_cab_e73be6e4-a6e3-44b0-8ea5-08bd2386e00e\WPR_initiated_DiagTrackMiniLogger_OneTrace_User_Logger_20240808_1_EC_0_inject.etl
\\?\C:\ProgramData\Microsoft\Windows\WER\Temp\WER.6a090ee0-313f-47ac-bf47-b70750b58608.tmp.etl
\\?\C:\ProgramData\Microsoft\Windows\WER\ReportQueue\Critical_10.0.22621.4539__5786a8336484f9d52bed7ec49262ab2849e359f_00000000_cab_e73be6e4-a6e3-44b0-8ea5-08bd2386e00e\WPR_initiated_DiagTrackMiniLogger_WPR System Collector_inject.etl
\\?\C:\ProgramData\Microsoft\Windows\WER\Temp\WER.269474e1-be06-4c45-b0a6-e0a554c7fc77.tmp.etl
\\?\C:\ProgramData\Microsoft\Windows\WER\Temp\WER.dbd2c252-b150-4f91-8c38-47140faf00cd.tmp.csv
\\?\C:\ProgramData\Microsoft\Windows\WER\Temp\WER.608c2928-37da-4e05-9643-083812d2ab2b.tmp.txt
\\?\C:\ProgramData\Microsoft\Windows\WER\Temp\WER.60334267-46aa-4b28-babf-517b294697b5.tmp.xml
\\?\C:\ProgramData\Microsoft\Windows\WER\Temp\WER.2f7aa27d-421f-4d7d-a55a-388b901af3ea.tmp.mdmp
\\?\C:\ProgramData\Microsoft\Windows\WER\ReportQueue\Critical_10.0.22621.4539__5786a8336484f9d52bed7ec49262ab2849e359f_00000000_cab_e73be6e4-a6e3-44b0-8ea5-08bd2386e00e\memory.hdmp
\\?\C:\Windows\SystemTemp\WER.27f49b0b-11da-4ea7-b450-660fdfaaf702.tmp.WERDataCollectionStatus.txt

These files may be available here:
\\?\C:\ProgramData\Microsoft\Windows\WER\ReportArchive\Critical_10.0.22621.4539__5786a8336484f9d52bed7ec49262ab2849e359f_00000000_e73be6e4-a6e3-44b0-8ea5-08bd2386e00e

Analysis symbol: 
Rechecking for solution: 0
Report Id: e73be6e4-a6e3-44b0-8ea5-08bd2386e00e
Report Status: 268435456
Hashed bucket: b5b7ce694b9a6d0022053bade7ca9f70
Cab Guid: 0"
"Information","12/19/2024 1:08:14 PM","Windows Error Reporting","1001",,"Fault bucket , type 0
Event Name: WindowsWcpOtherFailure3
Response: Not available
Cab Id: 0

Problem signature:
P1: 10.0.22621.4539:1
P2: wcp\sil\systemisolationlayer.cpp
P3: Windows::Rtl::SystemImplementation::MarkFileDeletePending
P4: 338
P5: c0000121
P6: 0xbaa450e1
P7: 
P8: 
P9: 
P10: 

Attached files:
\\?\C:\Windows\Logs\CBS\CBS.log
\\?\C:\Windows\Logs\CBS\CbsPersist_20241212045021.cab
\\?\C:\Windows\Logs\CBS\CbsPersist_20241211055400.cab
\\?\C:\Windows\Logs\CBS\CbsPersist_20241205070732.cab
\\?\C:\Windows\servicing\Sessions\Sessions.xml
\\?\C:\Windows\servicing\Sessions\31150547_2890628556.xml
\\?\C:\Windows\WinSxs\poqexec.log
\\?\C:\Windows\Logs\Cbs\FilterList.log

These files may be available here:
NULL

Analysis symbol: 
Rechecking for solution: 0
Report Id: e73be6e4-a6e3-44b0-8ea5-08bd2386e00e
Report Status: 262148
Hashed bucket: 
Cab Guid: 0"
"Information","12/19/2024 1:08:14 PM","Windows Error Reporting","1001",,"Fault bucket , type 0
Event Name: WindowsWcpOtherFailure3
Response: Not available
Cab Id: 0

Problem signature:
P1: 10.0.22621.4539:1
P2: wcp\sil\systemisolationlayer.cpp
P3: Windows::Rtl::SystemImplementation::MarkFileDeletePending
P4: 338
P5: c0000121
P6: 0xbaa450e1
P7: 
P8: 
P9: 
P10: 

Attached files:
\\?\C:\Windows\Logs\CBS\CBS.log
\\?\C:\Windows\Logs\CBS\CbsPersist_20241212045021.cab
\\?\C:\Windows\Logs\CBS\CbsPersist_20241211055400.cab
\\?\C:\Windows\Logs\CBS\CbsPersist_20241205070732.cab
\\?\C:\Windows\servicing\Sessions\Sessions.xml
\\?\C:\Windows\servicing\Sessions\31150547_2890628556.xml
\\?\C:\Windows\WinSxs\poqexec.log
\\?\C:\Windows\Logs\Cbs\FilterList.log
\\?\C:\ProgramData\Microsoft\Windows\WER\Temp\WER.5eb693eb-c82e-4596-8174-0846a31bf7ed.tmp.WERInternalMetadata.xml
\\?\C:\ProgramData\Microsoft\Windows\WER\ReportQueue\Critical_10.0.22621.4539__5786a8336484f9d52bed7ec49262ab2849e359f_00000000_cab_e73be6e4-a6e3-44b0-8ea5-08bd2386e00e\WPR_initiated_DiagTrackMiniLogger_OneTrace_User_Logger_20240808_1_EC_0_inject.etl
\\?\C:\ProgramData\Microsoft\Windows\WER\Temp\WER.6a090ee0-313f-47ac-bf47-b70750b58608.tmp.etl
\\?\C:\ProgramData\Microsoft\Windows\WER\ReportQueue\Critical_10.0.22621.4539__5786a8336484f9d52bed7ec49262ab2849e359f_00000000_cab_e73be6e4-a6e3-44b0-8ea5-08bd2386e00e\WPR_initiated_DiagTrackMiniLogger_WPR System Collector_inject.etl
\\?\C:\ProgramData\Microsoft\Windows\WER\Temp\WER.269474e1-be06-4c45-b0a6-e0a554c7fc77.tmp.etl
\\?\C:\ProgramData\Microsoft\Windows\WER\Temp\WER.dbd2c252-b150-4f91-8c38-47140faf00cd.tmp.csv
\\?\C:\ProgramData\Microsoft\Windows\WER\Temp\WER.608c2928-37da-4e05-9643-083812d2ab2b.tmp.txt
\\?\C:\ProgramData\Microsoft\Windows\WER\Temp\WER.60334267-46aa-4b28-babf-517b294697b5.tmp.xml
\\?\C:\ProgramData\Microsoft\Windows\WER\Temp\WER.2f7aa27d-421f-4d7d-a55a-388b901af3ea.tmp.mdmp
\\?\C:\ProgramData\Microsoft\Windows\WER\ReportQueue\Critical_10.0.22621.4539__5786a8336484f9d52bed7ec49262ab2849e359f_00000000_cab_e73be6e4-a6e3-44b0-8ea5-08bd2386e00e\memory.hdmp
\\?\C:\Windows\SystemTemp\WER.27f49b0b-11da-4ea7-b450-660fdfaaf702.tmp.WERDataCollectionStatus.txt

These files may be available here:
\\?\C:\ProgramData\Microsoft\Windows\WER\ReportQueue\Critical_10.0.22621.4539__5786a8336484f9d52bed7ec49262ab2849e359f_00000000_cab_e73be6e4-a6e3-44b0-8ea5-08bd2386e00e

Analysis symbol: 
Rechecking for solution: 0
Report Id: e73be6e4-a6e3-44b0-8ea5-08bd2386e00e
Report Status: 4
Hashed bucket: 
Cab Guid: 0"
"Information","12/19/2024 1:01:19 PM","Microsoft-Windows-Security-SPP","16384",,"Successfully scheduled Software Protection service for re-start at 2024-12-24T05:41:19Z. Reason: RulesEngine."
"Information","12/19/2024 1:00:28 PM","Microsoft-Windows-Security-SPP","16394",,"Offline downlevel migration succeeded."
"Information","12/19/2024 12:59:58 PM","Microsoft-Windows-Security-SPP","16384",,"Successfully scheduled Software Protection service for re-start at 2024-12-24T05:41:58Z. Reason: RulesEngine."
"Information","12/19/2024 12:59:28 PM","Microsoft-Windows-Security-SPP","16394",,"Offline downlevel migration succeeded."
"Information","12/19/2024 12:59:20 PM","Microsoft-Windows-Security-SPP","16384",,"Successfully scheduled Software Protection service for re-start at 2024-12-24T05:41:20Z. Reason: RulesEngine."
"Information","12/19/2024 12:58:50 PM","Microsoft-Windows-Security-SPP","16394",,"Offline downlevel migration succeeded."
"Information","12/19/2024 12:57:33 PM","Microsoft-Windows-Security-SPP","16384",,"Successfully scheduled Software Protection service for re-start at 2024-12-24T05:41:33Z. Reason: RulesEngine."
"Information","12/19/2024 12:57:12 PM","SecurityCenter","15",,"Updated Windows Defender status successfully to SECURITY_PRODUCT_STATE_ON."
"Information","12/19/2024 12:56:29 PM","Microsoft-Windows-Security-SPP","16394",,"Offline downlevel migration succeeded."
"Information","12/19/2024 12:56:14 PM","edgeupdate","0",,"Service stopped."
"Information","12/19/2024 12:55:58 PM","Microsoft-Windows-Security-SPP","16384",,"Successfully scheduled Software Protection service for re-start at 2024-12-24T05:41:53Z. Reason: RulesEngine."
"Information","12/19/2024 12:55:13 PM","Microsoft-Windows-Security-SPP","8230",,"The rules engine successfully re-evaluated the schedule.
Kernel policies:
Security-SPP-Action-StateData (REG_SZ) =AppId=55c92734-d682-4d71-983e-d6ec3f16059f;GraceEndDate=2025/06/15:05:42:13;LastConsumptionReason=0x00000000;LastNotificationId=Cleanup;LicenseState=SL_LICENSING_STATUS_LICENSED;PartialProductKey=T83GX;ProductKeyType=Volume:GVLK;SkuId=2de67392-b7a7-462a-b1ca-108dd189f588;ruleId=379cccfb-d4e0-48fe-b0f2-0136097be147;uxDifferentiator=ENVIRONMENT;volumeActivationOrder=normal"
"Information","12/19/2024 12:55:12 PM","Microsoft-Windows-Security-SPP","16388",,"The current time is 2024-12-19T04:55:12Z : 2024-12-19T04:55:12Z."
"Information","12/19/2024 12:55:12 PM","Microsoft-Windows-Security-SPP","8230",,"The rules engine successfully re-evaluated the schedule.
Kernel policies:
Security-SPP-Action-StateData (REG_SZ) =AppId=55c92734-d682-4d71-983e-d6ec3f16059f;GraceEndDate=2025/06/15:05:42:11;LastConsumptionReason=0x00000000;LastNotificationId=Cleanup;LicenseState=SL_LICENSING_STATUS_LICENSED;PartialProductKey=T83GX;ProductKeyType=Volume:GVLK;SkuId=2de67392-b7a7-462a-b1ca-108dd189f588;ruleId=379cccfb-d4e0-48fe-b0f2-0136097be147;uxDifferentiator=ENVIRONMENT;volumeActivationOrder=normal"
"Information","12/19/2024 12:55:11 PM","Microsoft-Windows-Security-SPP","1033",,"These policies are being excluded since they are only defined with override-only attribute.
Policy Names=(Security-SPP-Reserved-EnableNotificationMode) 
App Id=0ff1ce15-a989-479d-af46-f275c6370663
Sku Id=85dd8b5f-eaa4-4af3-a628-cce9e77c9a03"
"Information","12/19/2024 12:54:48 PM","Microsoft-Windows-Security-SPP","16388",,"The current time is 2024-12-19T04:54:48Z : 2024-12-19T04:54:48Z."
"Information","12/19/2024 12:54:44 PM","Microsoft-Windows-Security-SPP","1040",,"Hardware has changed from previous boot.
 AppId=55c92734-d682-4d71-983e-d6ec3f16059f, SkuId=2de67392-b7a7-462a-b1ca-108dd189f588."
"Information","12/19/2024 12:54:44 PM","Microsoft-Windows-Security-SPP","1040",,"Hardware has changed from previous boot.
 AppId=55c92734-d682-4d71-983e-d6ec3f16059f, SkuId=2de67392-b7a7-462a-b1ca-108dd189f588."
"Information","12/19/2024 12:54:44 PM","Microsoft-Windows-Security-SPP","1040",,"Hardware has changed from previous boot.
 AppId=55c92734-d682-4d71-983e-d6ec3f16059f, SkuId=2de67392-b7a7-462a-b1ca-108dd189f588."
"Information","12/19/2024 12:54:41 PM","Microsoft-Windows-Security-SPP","16394",,"Offline downlevel migration succeeded."
"Information","12/18/2024 10:04:35 PM","Microsoft-Windows-Winlogon","6000",,"The winlogon notification subscriber <Dot3svc> was unavailable to handle a notification event."
"Information","12/18/2024 10:04:35 PM","Microsoft-Windows-Winlogon","6000",,"The winlogon notification subscriber <SessionEnv> was unavailable to handle a notification event."
"Information","12/18/2024 10:04:35 PM","Microsoft-Windows-Winlogon","6000",,"The winlogon notification subscriber <WSearch> was unavailable to handle a notification event."
"Information","12/18/2024 10:04:33 PM","Desktop Window Manager","9027",,"The Desktop Window Manager has registered the session port."
"Information","12/18/2024 9:52:44 PM","Microsoft-Windows-Security-SPP","16384",,"Successfully scheduled Software Protection service for re-start at 2024-12-24T05:41:44Z. Reason: RulesEngine."
"Information","12/18/2024 9:52:12 PM","Microsoft-Windows-Security-SPP","16394",,"Offline downlevel migration succeeded."
"Error","12/18/2024 9:50:53 PM","Application Hang","1002","Hanging Events","The program Microsoft.Media.Player.exe version 11.2410.8.0 stopped interacting with Windows and was closed. To see if more information about the problem is available, check the problem history in the Security and Maintenance control panel.
"
"Information","12/18/2024 9:50:53 PM","Windows Error Reporting","1001",,"Fault bucket 1365601076245434847, type 5
Event Name: MoAppHangXProc
Response: Not available
Cab Id: 0

Problem signature:
P1: Microsoft.ZuneMusic_11.2410.8.0_x64__8wekyb3d8bbwe
P2: praid:Microsoft.ZuneMusic
P3: 11.2410.8.0
P4: 67239ba8
P5: 4b00
P6: 2097216
P7: Microsoft.ZuneMusic_11.2410.8.0_x64__8wekyb3d8bbwe
P8: praid:runtimebroker07f4358a809ac99a64a67c1
P9: 10.0.22621.4541
P10: 

Attached files:
\\?\C:\ProgramData\Microsoft\Windows\WER\Temp\WER.0e8baf47-1c81-43b0-8fb3-a98c4b9de01d.tmp.WERInternalMetadata.xml
WPR_initiated_DiagTrackMiniLogger_OneTrace_User_Logger_20240808_1_EC_0_inject.etl
\\?\C:\ProgramData\Microsoft\Windows\WER\Temp\WER.4c739aef-8ed9-4608-b41f-fe71b0e630a9.tmp.etl
WPR_initiated_DiagTrackMiniLogger_WPR System Collector_inject.etl
\\?\C:\ProgramData\Microsoft\Windows\WER\Temp\WER.109375e9-7108-4dce-a3b2-2621bbce12d7.tmp.etl
\\?\C:\ProgramData\Microsoft\Windows\WER\Temp\WER.5fa85b26-9228-4a88-933d-d47a6c521db1.tmp.csv
\\?\C:\ProgramData\Microsoft\Windows\WER\Temp\WER.6bfc8def-a0dd-409f-a748-4e360602f083.tmp.txt
\\?\C:\ProgramData\Microsoft\Windows\WER\Temp\WER.f7ddac9e-9cb4-4d7a-b8dc-dcc1d880de41.tmp.xml

These files may be available here:
\\?\C:\ProgramData\Microsoft\Windows\WER\ReportArchive\AppHang_Microsoft.ZuneMu_9472d6ae5a35d486d0d0ed61c71932dc73b3_b9ce853a_1f8bbb80-561e-420a-8d0e-b1bf8b8b1d0c

Analysis symbol: 
Rechecking for solution: 0
Report Id: 0a6a317e-1a20-4ffd-8109-18a692a0faec
Report Status: 268435456
Hashed bucket: 4be1cb8043b1011312f396f18e8011df
Cab Guid: 0"
"Information","12/18/2024 9:46:19 PM","Microsoft-Windows-Security-SPP","16384",,"Successfully scheduled Software Protection service for re-start at 2024-12-24T05:41:19Z. Reason: RulesEngine."
"Information","12/18/2024 9:45:49 PM","Microsoft-Windows-Security-SPP","16394",,"Offline downlevel migration succeeded."
"Information","12/18/2024 8:25:11 PM","Microsoft-Windows-Security-SPP","16384",,"Successfully scheduled Software Protection service for re-start at 2024-12-24T05:41:11Z. Reason: RulesEngine."
"Information","12/18/2024 8:24:41 PM","Microsoft-Windows-Security-SPP","16394",,"Offline downlevel migration succeeded."
"Information","12/18/2024 8:11:59 PM","Microsoft-Windows-Security-SPP","16384",,"Successfully scheduled Software Protection service for re-start at 2024-12-24T05:40:59Z. Reason: RulesEngine."
"Information","12/18/2024 8:11:27 PM","Microsoft-Windows-Security-SPP","16394",,"Offline downlevel migration succeeded."
"Information","12/18/2024 8:10:27 PM","Microsoft-Windows-Security-SPP","16384",,"Successfully scheduled Software Protection service for re-start at 2024-12-24T05:41:27Z. Reason: RulesEngine."
"Information","12/18/2024 8:09:57 PM","Microsoft-Windows-Security-SPP","1040",,"Hardware has changed from previous boot.
 AppId=55c92734-d682-4d71-983e-d6ec3f16059f, SkuId=2de67392-b7a7-462a-b1ca-108dd189f588."
"Information","12/18/2024 8:09:57 PM","Microsoft-Windows-Security-SPP","16394",,"Offline downlevel migration succeeded."
"Information","12/18/2024 7:50:14 PM","Microsoft-Windows-Security-SPP","16384",,"Successfully scheduled Software Protection service for re-start at 2024-12-24T05:41:14Z. Reason: RulesEngine."
"Information","12/18/2024 7:49:42 PM","Microsoft-Windows-Security-SPP","16394",,"Offline downlevel migration succeeded."
"Information","12/18/2024 7:12:26 PM","Microsoft-Windows-Security-SPP","16384",,"Successfully scheduled Software Protection service for re-start at 2024-12-24T05:41:26Z. Reason: RulesEngine."
"Information","12/18/2024 7:11:55 PM","Microsoft-Windows-Security-SPP","16394",,"Offline downlevel migration succeeded."
"Information","12/18/2024 5:47:25 PM","Microsoft-Windows-Security-SPP","16384",,"Successfully scheduled Software Protection service for re-start at 2024-12-24T05:41:25Z. Reason: RulesEngine."
"Information","12/18/2024 5:46:30 PM","Microsoft-Windows-Defrag","258",,"The storage optimizer successfully completed defragmentation on (C:)"
"Information","12/18/2024 5:46:30 PM","Microsoft-Windows-Defrag","258",,"The storage optimizer successfully completed retrim on (C:)"
"Information","12/18/2024 5:46:28 PM","Microsoft-Windows-Security-SPP","16394",,"Offline downlevel migration succeeded."
"Information","12/18/2024 5:21:10 PM","Microsoft-Windows-Security-SPP","16384",,"Successfully scheduled Software Protection service for re-start at 2024-12-24T05:41:10Z. Reason: RulesEngine."
"Information","12/18/2024 5:20:38 PM","Microsoft-Windows-Security-SPP","16394",,"Offline downlevel migration succeeded."
"Warning","12/18/2024 4:23:18 PM","Chrome","256","Browser Events","[15528:13008:1218/162318.370:WARNING:remote_commands_service.cc(221)] Client is not registered."
"Information","12/18/2024 4:12:40 PM","Microsoft-Windows-Security-SPP","16384",,"Successfully scheduled Software Protection service for re-start at 2024-12-24T05:41:40Z. Reason: RulesEngine."
"Information","12/18/2024 4:12:10 PM","Microsoft-Windows-Security-SPP","16394",,"Offline downlevel migration succeeded."
"Information","12/18/2024 3:49:05 PM","Windows Error Reporting","1001",,"Fault bucket 1545001371791819677, type 5
Event Name: RADAR_PRE_LEAK_64
Response: Not available
Cab Id: 0

Problem signature:
P1: msedge.exe
P2: 131.0.2903.99
P3: 10.0.22631.2.0.0
P4: 
P5: 
P6: 
P7: 
P8: 
P9: 
P10: 

Attached files:
\\?\C:\Users\Admin\AppData\Local\Temp\RDR64A3.tmp\empty.txt
\\?\C:\ProgramData\Microsoft\Windows\WER\Temp\WER.73f2d6e7-c596-4f83-9c14-110aa18b4481.tmp.WERInternalMetadata.xml
WPR_initiated_DiagTrackMiniLogger_OneTrace_User_Logger_20240808_1_EC_0_inject.etl
\\?\C:\ProgramData\Microsoft\Windows\WER\Temp\WER.de16c292-fe60-4cc4-ab18-6b4588169672.tmp.etl
WPR_initiated_DiagTrackMiniLogger_WPR System Collector_inject.etl
\\?\C:\ProgramData\Microsoft\Windows\WER\Temp\WER.0a0ddbe2-bdba-4188-bbe6-f6fcca8cca07.tmp.etl
\\?\C:\ProgramData\Microsoft\Windows\WER\Temp\WER.886d3c0a-f8bf-42e3-b3ef-8cc6fce75166.tmp.csv
\\?\C:\ProgramData\Microsoft\Windows\WER\Temp\WER.576a4d4d-8229-40d6-947c-1ab42886c1c3.tmp.txt
\\?\C:\ProgramData\Microsoft\Windows\WER\Temp\WER.c0f7a9f8-ff9f-44c6-8aaa-f448de71e790.tmp.xml

These files may be available here:
NULL

Analysis symbol: 
Rechecking for solution: 0
Report Id: 978ae396-57a3-49c2-8829-f2ff0404c01f
Report Status: 268435456
Hashed bucket: 821fd6ed55b1b3eff570f28fd724839d
Cab Guid: 0"
"Warning","12/18/2024 3:44:02 PM","Chrome","256","Browser Events","[5180:12624:1218/154402.462:WARNING:remote_commands_service.cc(221)] Client is not registered."
"Warning","12/18/2024 3:36:07 PM","Chrome","256","Browser Events","[11096:13672:1218/153607.549:WARNING:remote_commands_service.cc(221)] Client is not registered."
"Information","12/18/2024 3:03:06 PM","Microsoft-Windows-Security-SPP","16384",,"Successfully scheduled Software Protection service for re-start at 2024-12-24T05:41:06Z. Reason: RulesEngine."
"Information","12/18/2024 3:02:36 PM","Microsoft-Windows-Security-SPP","16394",,"Offline downlevel migration succeeded."
"Information","12/18/2024 2:50:56 PM","SecurityCenter","15",,"Updated Windows Defender status successfully to SECURITY_PRODUCT_STATE_ON."
"Information","12/18/2024 2:49:09 PM","SecurityCenter","15",,"Updated Windows Defender status successfully to SECURITY_PRODUCT_STATE_ON."
"Information","12/18/2024 2:01:45 PM","Microsoft-Windows-Security-SPP","16384",,"Successfully scheduled Software Protection service for re-start at 2024-12-24T05:41:45Z. Reason: RulesEngine."
"Information","12/18/2024 2:01:14 PM","Microsoft-Windows-Security-SPP","16394",,"Offline downlevel migration succeeded."
"Information","12/18/2024 1:51:54 PM","Microsoft-Windows-Security-SPP","16384",,"Successfully scheduled Software Protection service for re-start at 2024-12-24T05:41:54Z. Reason: RulesEngine."
"Information","12/18/2024 1:51:20 PM","Microsoft-Windows-Security-SPP","16394",,"Offline downlevel migration succeeded."
"Information","12/18/2024 1:19:25 PM","ESENT","330","General","Video.UI (6916,D,2) {6EE1D30E-5150-4D9B-B459-E5198A5A158D}: The database [C:\Users\Admin\AppData\Local\Packages\Microsoft.ZuneVideo_8wekyb3d8bbwe\LocalState\Database\2a25a7a8b3edf10e\tmp.edb] format version is being held back to 8920 (0x22d8) due to application parameter setting of 0x410022D8 (8920 | JET_efvAllowHigherPersistedFormat). Current default engine version: 9480 (0x2508)."
"Information","12/18/2024 1:19:25 PM","ESENT","326","General","Video.UI (6916,D,50) {6EE1D30E-5150-4D9B-B459-E5198A5A158D}: The database engine attached a database (1, C:\Users\Admin\AppData\Local\Packages\Microsoft.ZuneVideo_8wekyb3d8bbwe\LocalState\Database\2a25a7a8b3edf10e\EntClientDb.edb). (Time=0 seconds) 
 
Saved Cache: 0 0 
Additional Data: lgposAttach = 00000001:01B9:0268,
dbv = 1568.20.0 (8920) 
 
Internal Timing Sequence: 
[1] 0.000002 +J(0)
[2] 0.000377 +J(0) +M(C:0K, Fs:18, WS:8K # 0K, PF:8K # 0K, P:8K)
[3] 0.002177 -0.000875 (5) WT +J(CM:0, PgRf:0, Rd:0/0, Dy:0/0, Lg:3480/2) +M(C:0K, Fs:7, WS:20K # 0K, PF:20K # 0K, P:20K)
[4] 0.000111 +J(0)
[5] -
[6] 0.020260 -0.020193 (2) CM +J(CM:2, PgRf:2, Rd:0/2, Dy:0/0, Lg:0/0) +M(C:0K, Fs:5, WS:20K # 0K, PF:16K # 0K, P:16K)
[7] -
[8] 0.005231 -0.005026 (1) WT +J(CM:1, PgRf:1, Rd:14/1, Dy:0/0, Lg:0/0) +M(C:0K, Fs:24, WS:80K # 0K, PF:304K # 0K, P:304K)
[9] -
[10] -
[11] -
[12] 0.000321 +J(0)
[13] 0.001328 -0.001180 (4) CM +J(CM:4, PgRf:23, Rd:0/4, Dy:0/0, Lg:0/0) +M(C:0K, Fs:24, WS:88K # 0K, PF:8K # 0K, P:8K)
[14] 0.000099 -0.000004 (2) CM +J(CM:2, PgRf:40, Rd:0/2, Dy:0/0, Lg:0/0) +M(C:0K, Fs:6, WS:8K # 0K, PF:64K # 0K, P:64K)
[15] 0.000003 +J(CM:0, PgRf:1, Rd:0/0, Dy:0/0, Lg:0/0)
[16] 0.000006 +J(CM:0, PgRf:1, Rd:0/0, Dy:0/0, Lg:0/0) +M(C:0K, Fs:1, WS:4K # 0K, PF:0K # 0K, P:0K)
[17] 0.000025 +J(CM:0, PgRf:42, Rd:0/0, Dy:0/0, Lg:0/0) +M(C:0K, Fs:1, WS:4K # 0K, PF:0K # 0K, P:0K)
[18] 0.0 +J(0)
[19] 0.0 +J(0)
[20] 0.000003 +J(CM:0, PgRf:1, Rd:0/0, Dy:0/0, Lg:0/0)."
"Information","12/18/2024 1:19:25 PM","ESENT","330","General","Video.UI (6916,D,50) {6EE1D30E-5150-4D9B-B459-E5198A5A158D}: The database [C:\Users\Admin\AppData\Local\Packages\Microsoft.ZuneVideo_8wekyb3d8bbwe\LocalState\Database\2a25a7a8b3edf10e\EntClientDb.edb] format version is being held back to 8920 (0x22d8) due to application parameter setting of 0x410022D8 (8920 | JET_efvAllowHigherPersistedFormat). Current default engine version: 9480 (0x2508)."
"Information","12/18/2024 1:19:25 PM","ESENT","105","General","Video.UI (6916,D,0) {6EE1D30E-5150-4D9B-B459-E5198A5A158D}: The database engine started a new instance (0). (Time=0 seconds) 
 
Additional Data:
 lgposV2[] = 00000001:0001:0000 - 00000001:01B6:002B - 00000001:01B7:0000 - 00000001:01B7:0000 (00000000:0000:0000)
cReInits = 90
RBSOn = 0
 
 
Internal Timing Sequence: 
[1] 0.004974 +J(0) +M(C:0K, Fs:435, WS:1684K # 1684K, PF:4224K # 4224K, P:4224K)
[2] 0.000241 +J(0) +M(C:0K, Fs:101, WS:400K # 400K, PF:340K # 340K, P:340K)
[3] 0.000015 +J(0) +M(C:0K, Fs:3, WS:12K # 12K, PF:64K # 64K, P:64K)
[4] 0.000127 +J(0) +M(C:0K, Fs:44, WS:176K # 176K, PF:184K # 184K, P:184K)
[5] 0.379070 +J(0) +M(C:0K, Fs:6202, WS:22572K # 22628K, PF:15096K # 15568K, P:15096K)
[6] 0.021136 +J(0) +M(C:0K, Fs:23, WS:92K # 36K, PF:12K # 0K, P:12K)
[7] 0.051035 +J(0) +M(C:0K, Fs:535, WS:2132K # 2132K, PF:2052K # 1592K, P:2052K)
[8] 0.028632 -0.001586 (4) WT +J(CM:0, PgRf:0, Rd:0/0, Dy:0/0, Lg:1755744/6744) +M(C:0K, Fs:1715, WS:372K # 380K, PF:204K # 212K, P:204K)
[9] 0.000324 +J(0) +M(C:0K, Fs:1, WS:4K # 0K, PF:0K # 0K, P:0K)
[10] 0.000699 +J(0) +M(C:0K, Fs:8, WS:-2016K # 24K, PF:-2036K # 4K, P:-2036K)
[11] 0.000017 +J(CM:0, PgRf:0, Rd:0/0, Dy:0/0, Lg:49/1) +M(C:0K, Fs:5, WS:20K # 0K, PF:0K # 0K, P:0K)
[12] 0.002935 -0.002892 (2) WT +J(0) +M(C:0K, Fs:1, WS:4K # 0K, PF:0K # 0K, P:0K)
[13] 0.032827 -0.020360 (2) CM -0.007814 (15) WT +J(CM:2, PgRf:2, Rd:0/2, Dy:0/0, Lg:8759/5) +M(C:0K, Fs:557, WS:84K # 112K, PF:112K # 120K, P:112K)
[14] 0.000012 +J(0)
[15] 0.000007 +J(0)
[16] 0.000125 +J(0) +M(C:0K, Fs:2, WS:0K # 0K, PF:0K # 0K, P:0K)."
"Information","12/18/2024 1:19:25 PM","ESENT","302","Logging/Recovery","Video.UI (6916,U,98) {6EE1D30E-5150-4D9B-B459-E5198A5A158D}: The database engine has successfully completed recovery steps."
"Information","12/18/2024 1:19:25 PM","ESENT","301","Logging/Recovery","Video.UI (6916,R,98) {6EE1D30E-5150-4D9B-B459-E5198A5A158D}: The database engine has finished replaying logfile C:\Users\Admin\AppData\Local\Packages\Microsoft.ZuneVideo_8wekyb3d8bbwe\LocalState\Database\2a25a7a8b3edf10e\edb.log. 
 
Processing Stats: 
[1] 0.027159 -0.001586 (4) WT +J(CM:0, PgRf:0, Rd:0/0, Dy:0/0, Lg:1755744/6744) +M(C:0K, Fs:1687, WS:268K # 276K, PF:132K # 140K, P:132K). 
Log record of type 'Insert   ' was seen most frequently (2369 times)"
"Information","12/18/2024 1:19:25 PM","ESENT","330","General","Video.UI (6916,R,98) {6EE1D30E-5150-4D9B-B459-E5198A5A158D}: The database [C:\Users\Admin\AppData\Local\Packages\Microsoft.ZuneVideo_8wekyb3d8bbwe\LocalState\Database\2a25a7a8b3edf10e\EntClientDb.edb] format version is being held back to 8920 (0x22d8) due to application parameter setting of 0x410022D8 (8920 | JET_efvAllowHigherPersistedFormat). Current default engine version: 9480 (0x2508)."
"Information","12/18/2024 1:19:25 PM","ESENT","335","Logging/Recovery","Video.UI (6916,R,98) {6EE1D30E-5150-4D9B-B459-E5198A5A158D}: Replay of a Create for database ""C:\Users\Admin\AppData\Local\Packages\Microsoft.ZuneVideo_8wekyb3d8bbwe\LocalState\Database\2a25a7a8b3edf10e\EntClientDb.edb"" at log position (00000001,0001,0268) was deferred due to AttachFuture.  Additional information:  "
"Information","12/18/2024 1:19:25 PM","ESENT","300","Logging/Recovery","Video.UI (6916,R,98) {6EE1D30E-5150-4D9B-B459-E5198A5A158D}: The database engine is initiating recovery steps."
"Information","12/18/2024 1:19:25 PM","ESENT","102","General","Video.UI (6916,P,98) {6EE1D30E-5150-4D9B-B459-E5198A5A158D}: The database engine (10.00.22631.0000) is starting a new instance (0)."
"Information","12/18/2024 1:10:14 PM","VSS","8224",,"The VSS service is shutting down due to idle timeout. "
"Information","12/18/2024 1:07:39 PM","Microsoft-Windows-Security-SPP","16384",,"Successfully scheduled Software Protection service for re-start at 2024-12-24T05:41:39Z. Reason: RulesEngine."
"Information","12/18/2024 1:07:14 PM","System Restore","8216",,"Skipping creation of restore point (Process = C:\Windows\system32\svchost.exe -k netsvcs -p -s wuauserv; Description = Windows Update) as there is a restore point avaliable which is recent enough for System Restore."
"Information","12/18/2024 1:06:58 PM","Microsoft-Windows-Security-SPP","16394",,"Offline downlevel migration succeeded."
"Information","12/18/2024 1:02:04 PM","Microsoft-Windows-Security-SPP","903",,"The Software Protection service has stopped.
"
"Information","12/18/2024 1:02:04 PM","Microsoft-Windows-Security-SPP","16384",,"Successfully scheduled Software Protection service for re-start at 2024-12-24T05:41:04Z. Reason: RulesEngine."
"Information","12/18/2024 1:01:09 PM","Microsoft-Windows-Security-SPP","12289",,"The client has processed an activation response from the key management service machine.
Info:
0x00000000, 0x00000000, 1, 0, 10, 120, 10080, 2024/12/18 05:00"
"Information","12/18/2024 1:01:00 PM","Microsoft-Windows-Security-SPP","12288",,"The client has sent an activation request to the key management service machine.
Info:
0x00000000, 0x00000000, 172.16.16.16:1688, 1950cbc7-98a4-4ff4-a183-f94154e91993, 2024/12/18 05:00, 0, 1, 249120, 85dd8b5f-eaa4-4af3-a628-cce9e77c9a03, 5"
"Information","12/18/2024 1:00:56 PM","Microsoft-Windows-Security-SPP","8230",,"The rules engine successfully re-evaluated the schedule.
Kernel policies:
Security-SPP-Action-StateData (REG_SZ) =AppId=55c92734-d682-4d71-983e-d6ec3f16059f;GraceEndDate=2025/06/15:05:42:32;LastConsumptionReason=0x00000000;LastNotificationId=Cleanup;LicenseState=SL_LICENSING_STATUS_LICENSED;PartialProductKey=T83GX;ProductKeyType=Volume:GVLK;SkuId=2de67392-b7a7-462a-b1ca-108dd189f588;ruleId=379cccfb-d4e0-48fe-b0f2-0136097be147;uxDifferentiator=ENVIRONMENT;volumeActivationOrder=normal"
"Information","12/18/2024 1:00:31 PM","Microsoft-Windows-Security-SPP","16388",,"The current time is 2024-12-18T05:00:31Z : 2024-12-18T05:00:31Z."
"Information","12/18/2024 1:00:03 PM","ESENT","326","General","svchost (2788,D,50) DS_Token_DB: The database engine attached a database (1, C:\Windows\system32\config\systemprofile\AppData\Local\DataSharing\Storage\DSTokenDB2.dat). (Time=0 seconds) 
 
Saved Cache: 1 0 
Additional Data: lgposAttach = 00000025:0009:0268,
dbv = 1568.230.500 (9480) 
 
Internal Timing Sequence: 
[1] 0.000002 +J(0)
[2] 0.002360 -0.001855 (1) WT +J(0) +M(C:0K, Fs:17, WS:4K # 16K, PF:4K # 8K, P:4K)
[3] 0.009224 -0.003378 (6) WT +J(CM:0, PgRf:0, Rd:0/0, Dy:0/0, Lg:3480/2) +M(C:0K, Fs:6, WS:20K # 0K, PF:20K # 0K, P:20K)
[4] 0.002811 +J(0)
[5] -
[6] 0.002259 -0.002203 (2) CM -0.002146 (2) WT +J(CM:2, PgRf:2, Rd:0/2, Dy:0/0, Lg:0/0)
[7] 0.000004 +J(0) +M(C:0K, Fs:1, WS:4K # 0K, PF:0K # 0K, P:0K)
[8] 0.004390 -0.004264 (1) CM -0.004238 (1) WT +J(CM:1, PgRf:1, Rd:4/1, Dy:0/0, Lg:0/0) +M(C:16K, Fs:20, WS:80K # 40K, PF:208K # 168K, P:208K)
[9] -
[10] -
[11] -
[12] 0.000009 +J(CM:0, PgRf:0, Rd:0/0, Dy:0/0, Lg:54/1) +M(C:0K, Fs:1, WS:4K # 4K, PF:20K # 16K, P:20K)
[13] 0.010644 -0.010490 (2) CM -0.010432 (2) WT +J(CM:2, PgRf:23, Rd:0/2, Dy:0/0, Lg:0/0) +M(C:-8K, Fs:19, WS:68K # 68K, PF:-4K # 0K, P:-4K)
[14] 0.000922 -0.000804 (2) CM -0.000748 (2) WT +J(CM:2, PgRf:40, Rd:0/2, Dy:0/0, Lg:0/0) +M(C:0K, Fs:2, WS:8K # 8K, PF:64K # 60K, P:64K)
[15] 0.000007 +J(CM:0, PgRf:1, Rd:0/0, Dy:0/0, Lg:0/0)
[16] 0.000009 +J(CM:0, PgRf:1, Rd:0/0, Dy:0/0, Lg:0/0) +M(C:0K, Fs:1, WS:4K # 4K, PF:0K # 0K, P:0K)
[17] 0.000039 +J(CM:0, PgRf:42, Rd:0/0, Dy:0/0, Lg:0/0) +M(C:0K, Fs:4, WS:16K # 16K, PF:0K # 0K, P:0K)
[18] 0.0 +J(0)
[19] 0.0 +J(0)
[20] 0.000004 +J(CM:0, PgRf:1, Rd:0/0, Dy:0/0, Lg:0/0)."
"Information","12/18/2024 1:00:03 PM","ESENT","105","General","svchost (2788,D,0) DS_Token_DB: The database engine started a new instance (0). (Time=0 seconds) 
 
Additional Data:
 lgposV2[] = 00000025:0001:0000 - 00000025:0006:0367 - 00000025:0007:0000 - 00000025:0007:0000 (00000000:0000:0000)
cReInits = 2
RBSOn = 0
 
 
Internal Timing Sequence: 
[1] 0.000583 +J(0) +M(C:0K, Fs:155, WS:600K # 600K, PF:3024K # 3024K, P:3024K)
[2] 0.000239 +J(0) +M(C:8K, Fs:130, WS:512K # 512K, PF:1268K # 1268K, P:1268K)
[3] 0.000011 +J(0) +M(C:0K, Fs:5, WS:20K # 20K, PF:64K # 64K, P:64K)
[4] 0.000091 +J(0) +M(C:0K, Fs:78, WS:308K # 308K, PF:192K # 192K, P:192K)
[5] 0.000748 +J(0) +M(C:0K, Fs:150, WS:600K # 600K, PF:20K # 20K, P:20K)
[6] 0.006386 +J(0) +M(C:0K, Fs:67, WS:264K # 264K, PF:56K # 56K, P:56K)
[7] 0.012593 -0.006141 (2) WT +J(0) +M(C:0K, Fs:35, WS:140K # 140K, PF:64K # 64K, P:64K)
[8] 0.039085 -0.023737 (12) WT +J(CM:0, PgRf:0, Rd:0/0, Dy:0/0, Lg:24336/16) +M(C:0K, Fs:137, WS:332K # 336K, PF:224K # 228K, P:224K)
[9] 0.000417 +J(0) +M(C:0K, Fs:8, WS:32K # 28K, PF:8K # 4K, P:8K)
[10] 0.005588 -0.005071 (1) WT +J(0) +M(C:0K, Fs:18, WS:12K # 72K, PF:16K # 76K, P:16K)
[11] 0.000021 +J(CM:0, PgRf:0, Rd:0/0, Dy:0/0, Lg:49/1) +M(C:0K, Fs:5, WS:20K # 0K, PF:0K # 0K, P:0K)
[12] 0.002497 +J(0)
[13] 0.052021 -0.002020 (2) CM -0.011307 (17) WT +J(CM:2, PgRf:2, Rd:0/2, Dy:0/0, Lg:8759/5) +M(C:0K, Fs:53, WS:100K # 124K, PF:160K # 168K, P:160K)
[14] 0.000011 +J(0)
[15] 0.000007 +J(0)
[16] 0.000861 -0.000507 (1) WT +J(0) +M(C:0K, Fs:2, WS:0K # 0K, PF:0K # 0K, P:0K)."
"Information","12/18/2024 1:00:03 PM","ESENT","302","Logging/Recovery","svchost (2788,U,98) DS_Token_DB: The database engine has successfully completed recovery steps."
"Information","12/18/2024 1:00:03 PM","ESENT","301","Logging/Recovery","svchost (2788,R,98) DS_Token_DB: The database engine has finished replaying logfile C:\Windows\system32\config\systemprofile\AppData\Local\DataSharing\Storage\DSS.log. 
 
Processing Stats: 
[1] 0.028997 -0.018297 (8) WT +J(CM:0, PgRf:0, Rd:0/0, Dy:0/0, Lg:24336/16) +M(C:0K, Fs:81, WS:184K # 124K, PF:132K # 68K, P:132K). 
Log record of type 'AttachDB ' was seen most frequently (2 times)"
"Information","12/18/2024 1:00:03 PM","ESENT","300","Logging/Recovery","svchost (2788,R,98) DS_Token_DB: The database engine is initiating recovery steps."
"Information","12/18/2024 1:00:03 PM","ESENT","102","General","svchost (2788,P,98) DS_Token_DB: The database engine (10.00.22631.0000) is starting a new instance (0)."
"Information","12/18/2024 12:59:46 PM","SecurityCenter","15",,"Updated Windows Defender status successfully to SECURITY_PRODUCT_STATE_ON."
"Information","12/18/2024 12:54:42 PM","edgeupdate","0",,"Service stopped."
"Information","12/18/2024 12:51:58 PM","Microsoft-Windows-Winlogon","6000",,"The winlogon notification subscriber <SessionEnv> was unavailable to handle a notification event."
"Information","12/18/2024 12:51:57 PM","Microsoft-Windows-Winlogon","6003",,"The winlogon notification subscriber <SessionEnv> was unavailable to handle a critical notification event."
"Information","12/18/2024 12:51:35 PM","SecurityCenter","15",,"Updated Windows Defender status successfully to SECURITY_PRODUCT_STATE_ON."
"Information","12/18/2024 12:51:33 PM","Microsoft-Windows-Security-SPP","902",,"The Software Protection service has started.
10.0.22621.4601"
"Information","12/18/2024 12:51:33 PM","Microsoft-Windows-Security-SPP","1003",,"The Software Protection service has completed licensing status check.
Application Id=55c92734-d682-4d71-983e-d6ec3f16059f
Licensing Status=
1: 040fa323-92b1-4baf-97a2-5b67feaefddb, 1, 0 [(0 [0xC004F014, 0, 0], [(?)(?)(?)(?)(?)(?)(?)(?)])(1 )(2 )(3 )]
2: 0724cb7d-3437-4cb7-93cb-830375d0079d, 1, 0 [(0 [0xC004F014, 0, 0], [(?)(?)(?)(?)(?)(?)(?)(?)])(1 )(2 )(3 )]
3: 0ad2ac98-7bb9-4201-8d92-312299201369, 1, 0 [(0 [0xC004F014, 0, 0], [(?)(?)(?)(?)(?)(?)(?)(?)])(1 )(2 )(3 )]
4: 1a9a717a-cf13-4ba5-83c3-0fe25fa868d5, 1, 0 [(0 [0xC004F014, 0, 0], [(?)(?)(?)(?)(?)(?)(?)(?)])(1 )(2 )(3 )]
5: 221a02da-e2a1-4b75-864c-0a4410a33fdf, 1, 0 [(0 [0xC004F014, 0, 0], [(?)(?)(?)(?)(?)(?)(?)(?)])(1 )(2 )(3 )]
6: 291ece0e-9c38-40ca-a9e1-32cc7ec19507, 1, 0 [(0 [0xC004F014, 0, 0], [(?)(?)(?)(?)(?)(?)(?)(?)])(1 )(2 )(3 )]
7: 2936d1d2-913a-4542-b54e-ce5a602a2a38, 1, 0 [(0 [0xC004F014, 0, 0], [(?)(?)(?)(?)(?)(?)(?)(?)])(1 )(2 )(3 )]
8: 2c293c26-a45a-4a2a-a350-c69a67097529, 1, 0 [(0 [0xC004F014, 0, 0], [(?)(?)(?)(?)(?)(?)(?)(?)])(1 )(2 )(3 )]
9: 2de67392-b7a7-462a-b1ca-108dd189f588, 1, 1 [(0 [0x00000000, 1, 0], [(?)( 1 0x00000000)(?)( 2 0x00000000 0 0 msft:rm/algorithm/volume/1.0 0x00000000 257811)(?)(?)( 10 0x00000000 msft:rm/algorithm/flags/1.0)(?)])(1 )(2 )(3 )]
10: 2ffd8952-423e-4903-b993-72a1aa44cf82, 1, 0 [(0 [0xC004F014, 0, 0], [(?)(?)(?)(?)(?)(?)(?)(?)])(1 )(2 )(3 )]
11: 30a42c86-b7a0-4a34-8c90-ff177cb2acb7, 1, 0 [(0 [0xC004F014, 0, 0], [(?)(?)(?)(?)(?)(?)(?)(?)])(1 )(2 )(3 )]
12: 345a5db0-d94f-4e3b-a0c0-7c42f7bc3ebf, 1, 0 [(0 [0xC004F014, 0, 0], [(?)(?)(?)(?)(?)(?)(?)(?)])(1 )(2 )(3 )]
13: 3502365a-f88a-4ba4-822a-5769d3073b65, 1, 0 [(0 [0xC004F014, 0, 0], [(?)(?)(?)(?)(?)(?)(?)(?)])(1 )(2 )(3 )]
14: 377333b1-8b5d-48d6-9679-1225c872d37c, 1, 0 [(0 [0xC004F014, 0, 0], [(?)(?)(?)(?)(?)(?)(?)(?)])(1 )(2 )(3 )]
15: 3df374ef-d444-4494-a5a1-4b0d9fd0e203, 1, 0 [(0 [0xC004F014, 0, 0], [(?)(?)(?)(?)(?)(?)(?)(?)])(1 )(2 )(3 )]
16: 3f1afc82-f8ac-4f6c-8005-1d233e606eee, 1, 0 [(0 [0xC004F014, 0, 0], [(?)(?)(?)(?)(?)(?)(?)(?)])(1 )(2 )(3 )]
17: 49cd895b-53b2-4dc4-a5f7-b18aa019ad37, 1, 0 [(0 [0xC004F014, 0, 0], [(?)(?)(?)(?)(?)(?)(?)(?)])(1 )(2 )(3 )]
18: 4de7cb65-cdf1-4de9-8ae8-e3cce27b9f2c, 1, 0 [(0 [0xC004F014, 0, 0], [(?)(?)(?)(?)(?)(?)(?)(?)])(1 )(2 )(3 )]
19: 4f3da0d2-271d-4508-ae81-626b60809a38, 1, 0 [(0 [0xC004F014, 0, 0], [(?)(?)(?)(?)(?)(?)(?)(?)])(1 )(2 )(3 )]
20: 5d78c4e9-aeb3-4b40-8ac2-6a6005e0ad6d, 1, 0 [(0 [0xC004F014, 0, 0], [(?)(?)(?)(?)(?)(?)(?)(?)])(1 )(2 )(3 )]
21: 60b3ec1b-9545-4921-821f-311b129dd6f6, 1, 0 [(0 [0xC004F014, 0, 0], [(?)(?)(?)(?)(?)(?)(?)(?)])(1 )(2 )(3 )]
22: 613d217f-7f13-4268-9907-1662339531cd, 1, 0 [(0 [0xC004F014, 0, 0], [(?)(?)(?)(?)(?)(?)(?)(?)])(1 )(2 )(3 )]
23: 62f0c100-9c53-4e02-b886-a3528ddfe7f6, 1, 0 [(0 [0xC004F014, 0, 0], [(?)(?)(?)(?)(?)(?)(?)(?)])(1 )(2 )(3 )]
24: 6365275e-368d-46ca-a0ef-fc0404119333, 1, 0 [(0 [0xC004F014, 0, 0], [(?)(?)(?)(?)(?)(?)(?)(?)])(1 )(2 )(3 )]
25: 721f9237-9341-4453-a661-09e8baa6cca5, 1, 0 [(0 [0xC004F014, 0, 0], [(?)(?)(?)(?)(?)(?)(?)(?)])(1 )(2 )(3 )]
26: 73111121-5638-40f6-bc11-f1d7b0d64300, 1, 0 [(0 [0xC004F014, 0, 0], [(?)(?)(?)(?)(?)(?)(?)(?)])(1 )(2 )(3 )]
27: 7a802526-4c94-4bd1-ba14-835a1aca2120, 1, 0 [(0 [0xC004F014, 0, 0], [(?)(?)(?)(?)(?)(?)(?)(?)])(1 )(2 )(3 )]
28: 7cb546c0-c7d5-44d8-9a5c-69ecdd782b69, 1, 0 [(0 [0xC004F014, 0, 0], [(?)(?)(?)(?)(?)(?)(?)(?)])(1 )(2 )(3 )]
29: 82bbc092-bc50-4e16-8e18-b74fc486aec3, 1, 0 [(0 [0xC004F014, 0, 0], [(?)(?)(?)(?)(?)(?)(?)(?)])(1 )(2 )(3 )]
30: 8ab9bdd1-1f67-4997-82d9-8878520837d9, 1, 0 [(0 [0xC004F014, 0, 0], [(?)(?)(?)(?)(?)(?)(?)(?)])(1 )(2 )(3 )]
31: 8b351c9c-f398-4515-9900-09df49427262, 1, 0 [(0 [0xC004F014, 0, 0], [(?)(?)(?)(?)(?)(?)(?)(?)])(1 )(2 )(3 )]
32: 90da7373-1c51-430b-bf26-c97e9c5cdc31, 1, 0 [(0 [0xC004F014, 0, 0], [(?)(?)(?)(?)(?)(?)(?)(?)])(1 )(2 )(3 )]
33: 92fb8726-92a8-4ffc-94ce-f82e07444653, 1, 0 [(0 [0xC004F014, 0, 0], [(?)(?)(?)(?)(?)(?)(?)(?)])(1 )(2 )(3 )]
34: 95dca82f-385d-4d39-b85b-5c73fa285d6f, 1, 0 [(0 [0xC004F014, 0, 0], [(?)(?)(?)(?)(?)(?)(?)(?)])(1 )(2 )(3 )]
35: a48938aa-62fa-4966-9d44-9f04da3f72f2, 1, 0 [(0 [0xC004F014, 0, 0], [(?)(?)(?)(?)(?)(?)(?)(?)])(1 )(2 )(3 )]
36: b0773a15-df3a-4312-9ad2-83d69648e356, 1, 0 [(0 [0xC004F014, 0, 0], [(?)(?)(?)(?)(?)(?)(?)(?)])(1 )(2 )(3 )]
37: b4bfe195-541e-4e64-ad23-6177f19e395e, 1, 0 [(0 [0xC004F014, 0, 0], [(?)(?)(?)(?)(?)(?)(?)(?)])(1 )(2 )(3 )]
38: b68e61d2-68ca-4757-be45-0cc2f3e68eee, 1, 0 [(0 [0xC004F014, 0, 0], [(?)(?)(?)(?)(?)(?)(?)(?)])(1 )(2 )(3 )]
39: bd3762d7-270d-4760-8fb3-d829ca45278a, 1, 0 [(0 [0xC004F014, 0, 0], [(?)(?)(?)(?)(?)(?)(?)(?)])(1 )(2 )(3 )]
40: c86d5194-4840-4dae-9c1c-0301003a5ab0, 1, 0 [(0 [0xC004F014, 0, 0], [(?)(?)(?)(?)(?)(?)(?)(?)])(1 )(2 )(3 )]
41: ca7df2e3-5ea0-47b8-9ac1-b1be4d8edd69, 1, 0 [(0 [0xC004F014, 0, 0], [(?)(?)(?)(?)(?)(?)(?)(?)])(1 )(2 )(3 )]
42: d552befb-48cc-4327-8f39-47d2d94f987c, 1, 0 [(0 [0xC004F014, 0, 0], [(?)(?)(?)(?)(?)(?)(?)(?)])(1 )(2 )(3 )]
43: d6eadb3b-5ca8-4a6b-986e-35b550756111, 1, 0 [(0 [0xC004F014, 0, 0], [(?)(?)(?)(?)(?)(?)(?)(?)])(1 )(2 )(3 )]
44: df96023b-dcd9-4be2-afa0-c6c871159ebe, 1, 0 [(0 [0xC004F014, 0, 0], [(?)(?)(?)(?)(?)(?)(?)(?)])(1 )(2 )(3 )]
45: e0c42288-980c-4788-a014-c080d2e1926e, 1, 0 [(0 [0xC004F014, 0, 0], [(?)(?)(?)(?)(?)(?)(?)(?)])(1 )(2 )(3 )]
46: e4db50ea-bda1-4566-b047-0ca50abc6f07, 1, 0 [(0 [0xC004F014, 0, 0], [(?)(?)(?)(?)(?)(?)(?)(?)])(1 )(2 )(3 )]
47: e558417a-5123-4f6f-91e7-385c1c7ca9d4, 1, 0 [(0 [0xC004F014, 0, 0], [(?)(?)(?)(?)(?)(?)(?)(?)])(1 )(2 )(3 )]
48: e7a950a2-e548-4f10-bf16-02ec848e0643, 1, 0 [(0 [0xC004F014, 0, 0], [(?)(?)(?)(?)(?)(?)(?)(?)])(1 )(2 )(3 )]
49: eb6d346f-1c60-4643-b960-40ec31596c45, 1, 0 [(0 [0xC004F014, 0, 0], [(?)(?)(?)(?)(?)(?)(?)(?)])(1 )(2 )(3 )]
50: ec868e65-fadf-4759-b23e-93fe37f2cc29, 1, 0 [(0 [0xC004F014, 0, 0], [(?)(?)(?)(?)(?)(?)(?)(?)])(1 )(2 )(3 )]
51: ef51e000-2659-4f25-8345-3de70a9cf4c4, 1, 0 [(0 [0xC004F014, 0, 0], [(?)(?)(?)(?)(?)(?)(?)(?)])(1 )(2 )(3 )]
52: f7af7d09-40e4-419c-a49b-eae366689ebd, 1, 0 [(0 [0xC004F014, 0, 0], [(?)(?)(?)(?)(?)(?)(?)(?)])(1 )(2 )(3 )]
53: fa755fe6-6739-40b9-8d84-6d0ea3b6d1ab, 1, 0 [(0 [0xC004F014, 0, 0], [(?)(?)(?)(?)(?)(?)(?)(?)])(1 )(2 )(3 )]
54: fe74f55b-0338-41d6-b267-4a201abe7285, 1, 0 [(0 [0xC004F014, 0, 0], [(?)(?)(?)(?)(?)(?)(?)(?)])(1 )(2 )(3 )]

"
"Information","12/18/2024 12:51:33 PM","SecurityCenter","1",,"The Windows Security Center Service has started."
"Information","12/18/2024 12:51:32 PM","Microsoft-Windows-Security-SPP","1066",,"Initialization status for service objects.
C:\Windows\system32\sppwinob.dll, msft:spp/windowsfunctionality/agent/7.0, 0x00000000, 0x00000000
C:\Windows\system32\sppobjs.dll, msft:rm/algorithm/inherited/1.0, 0x00000000, 0x00000000
C:\Windows\system32\sppobjs.dll, msft:rm/algorithm/phone/1.0, 0x00000000, 0x00000000
C:\Windows\system32\sppobjs.dll, msft:rm/algorithm/pkey/detect, 0x00000000, 0x00000000
C:\Windows\system32\sppobjs.dll, msft:spp/ActionScheduler/1.0, 0x00000000, 0x00000000
C:\Windows\system32\sppobjs.dll, msft:spp/TaskScheduler/1.0, 0x00000000, 0x00000000
C:\Windows\system32\sppobjs.dll, msft:spp/statecollector/pkey, 0x00000000, 0x00000000
C:\Windows\system32\sppobjs.dll, msft:spp/volume/services/kms/1.0, 0x00000000, 0x00000000
C:\Windows\system32\sppobjs.dll, msft:spp/volume/services/kms/activationinfo/1.0, 0x00000000, 0x00000000
"
"Information","12/18/2024 12:51:29 PM","Microsoft-Windows-Security-SPP","16394",,"Offline downlevel migration succeeded."
"Information","12/18/2024 12:51:28 PM","Microsoft-Windows-Security-SPP","900",,"The Software Protection service is starting.
Parameters:<explicit>"
"Information","12/18/2024 12:51:09 PM","edgeupdate","0",,"Service stopped."
"Warning","12/18/2024 12:49:07 PM","Microsoft-Windows-WMI","63",,"A provider, IntelMEProv, has been registered in the Windows Management Instrumentation namespace root\Intel_ME to use the LocalSystem account. This account is privileged and the provider may cause a security violation if it does not correctly impersonate user requests."
"Warning","12/18/2024 12:49:07 PM","Microsoft-Windows-WMI","63",,"A provider, IntelMEProv, has been registered in the Windows Management Instrumentation namespace root\Intel_ME to use the LocalSystem account. This account is privileged and the provider may cause a security violation if it does not correctly impersonate user requests."
"Warning","12/18/2024 12:49:07 PM","Microsoft-Windows-WMI","63",,"A provider, IntelMEProv, has been registered in the Windows Management Instrumentation namespace root\Intel_ME to use the LocalSystem account. This account is privileged and the provider may cause a security violation if it does not correctly impersonate user requests."
"Information","12/18/2024 12:49:07 PM","Microsoft-Windows-WMI","5617",,"Windows Management Instrumentation Service subsystems initialized successfully"
"Information","12/18/2024 12:49:07 PM","WMIRegistrationService","2",,"Intel(R) WMI Registration Service has successfully finished WMI Registration."
,"12/18/2024 12:49:07 PM","AsusUpdateCheck","0",,
"Information","12/18/2024 12:49:07 PM","Microsoft-Windows-Search","1003","Search service","The Windows Search Service started.
"
"Information","12/18/2024 12:48:58 PM","Microsoft-Windows-WMI","5615",,"Windows Management Instrumentation Service started sucessfully"
"Information","12/18/2024 12:49:05 PM","OpenVpnService","0",,"Service started successfully."
"Information","12/18/2024 12:48:55 PM","Microsoft-Windows-User Profiles Service","1531",,"The User Profile Service has started successfully.  

"
"Information","12/18/2024 12:49:01 PM","WMIRegistrationService","0",,"Intel(R) WMI Registration Service started."
,"12/18/2024 12:48:58 PM","AsusUpdateCheck","0",,
"Information","12/18/2024 12:48:58 PM","IntelDalJhi","0",,"Intel(R) Dynamic Application Loader Host Interface Service started."
"Information","12/17/2024 9:26:31 PM","Microsoft-Windows-Security-SPP","16384",,"Successfully scheduled Software Protection service for re-start at 2024-12-18T05:00:31Z. Reason: RulesEngine."
"Information","12/17/2024 9:26:01 PM","Microsoft-Windows-Security-SPP","16394",,"Offline downlevel migration succeeded."
"Information","12/17/2024 8:36:46 PM","Microsoft-Windows-Security-SPP","16384",,"Successfully scheduled Software Protection service for re-start at 2024-12-18T04:59:46Z. Reason: RulesEngine."
"Information","12/17/2024 8:36:16 PM","Microsoft-Windows-Security-SPP","16394",,"Offline downlevel migration succeeded."
"Information","12/17/2024 8:23:34 PM","Microsoft-Windows-Security-SPP","16384",,"Successfully scheduled Software Protection service for re-start at 2024-12-18T05:00:34Z. Reason: RulesEngine."
"Information","12/17/2024 8:23:01 PM","Microsoft-Windows-Security-SPP","16394",,"Offline downlevel migration succeeded."
"Information","12/17/2024 8:20:16 PM","Microsoft-Windows-Security-SPP","16384",,"Successfully scheduled Software Protection service for re-start at 2024-12-18T05:00:16Z. Reason: RulesEngine."
"Information","12/17/2024 8:19:45 PM","Microsoft-Windows-Security-SPP","16394",,"Offline downlevel migration succeeded."
"Warning","12/17/2024 8:05:56 PM","Chrome","256","Browser Events","[10360:14580:1217/200556.062:WARNING:remote_commands_service.cc(221)] Client is not registered."
"Information","12/17/2024 7:17:24 PM","Microsoft-Windows-Security-SPP","16384",,"Successfully scheduled Software Protection service for re-start at 2024-12-18T05:00:24Z. Reason: RulesEngine."
"Information","12/17/2024 7:16:53 PM","Microsoft-Windows-Security-SPP","16394",,"Offline downlevel migration succeeded."
"Information","12/17/2024 7:03:16 PM","Microsoft-Windows-Security-SPP","16384",,"Successfully scheduled Software Protection service for re-start at 2024-12-18T05:00:16Z. Reason: RulesEngine."
"Information","12/17/2024 7:02:45 PM","Microsoft-Windows-Security-SPP","16394",,"Offline downlevel migration succeeded."
"Information","12/17/2024 6:06:39 PM","Microsoft-Windows-Security-SPP","16384",,"Successfully scheduled Software Protection service for re-start at 2024-12-18T05:00:39Z. Reason: RulesEngine."
"Information","12/17/2024 6:06:08 PM","Microsoft-Windows-Security-SPP","16394",,"Offline downlevel migration succeeded."
"Information","12/17/2024 6:05:41 PM","Microsoft-Windows-Security-SPP","16384",,"Successfully scheduled Software Protection service for re-start at 2024-12-18T05:00:41Z. Reason: RulesEngine."
"Information","12/17/2024 6:05:10 PM","Microsoft-Windows-Security-SPP","16394",,"Offline downlevel migration succeeded."
"Information","12/17/2024 5:36:14 PM","Microsoft-Windows-Security-SPP","16384",,"Successfully scheduled Software Protection service for re-start at 2024-12-18T05:00:14Z. Reason: RulesEngine."
"Information","12/17/2024 5:35:43 PM","Microsoft-Windows-Security-SPP","16394",,"Offline downlevel migration succeeded."
"Information","12/17/2024 5:17:37 PM","Microsoft-Windows-Security-SPP","16384",,"Successfully scheduled Software Protection service for re-start at 2024-12-18T05:00:37Z. Reason: RulesEngine."
"Information","12/17/2024 5:17:07 PM","Microsoft-Windows-Security-SPP","16394",,"Offline downlevel migration succeeded."
"Information","12/17/2024 4:34:18 PM","Microsoft-Windows-Security-SPP","16384",,"Successfully scheduled Software Protection service for re-start at 2024-12-18T05:00:18Z. Reason: RulesEngine."
"Information","12/17/2024 4:33:48 PM","Microsoft-Windows-Security-SPP","16394",,"Offline downlevel migration succeeded."
"Information","12/17/2024 3:32:13 PM","VSS","8224",,"The VSS service is shutting down due to idle timeout. "
"Information","12/17/2024 3:31:44 PM","Microsoft-Windows-System-Restore","8302",,"Scoping successfully completed for shadowcopy \\?\GLOBALROOT\Device\HarddiskVolumeShadowCopy2."
"Information","12/17/2024 3:31:44 PM","Microsoft-Windows-System-Restore","8301",,"Scoping completed for shadowcopy \\?\GLOBALROOT\Device\HarddiskVolumeShadowCopy2."
"Information","12/17/2024 3:29:13 PM","System Restore","8216",,"Skipping creation of restore point (Process = C:\Windows\system32\svchost.exe -k netsvcs -p -s wuauserv; Description = Windows Update) as there is a restore point avaliable which is recent enough for System Restore."
"Information","12/17/2024 3:29:09 PM","System Restore","8216",,"Skipping creation of restore point (Process = C:\Windows\system32\svchost.exe -k netsvcs -p -s wuauserv; Description = Windows Update) as there is a restore point avaliable which is recent enough for System Restore."
"Information","12/17/2024 3:28:51 PM","Microsoft-Windows-System-Restore","8300",,"Scoping started for shadowcopy \\?\GLOBALROOT\Device\HarddiskVolumeShadowCopy2."
"Information","12/17/2024 3:28:44 PM","Microsoft-Windows-Security-SPP","16384",,"Successfully scheduled Software Protection service for re-start at 2024-12-18T05:00:44Z. Reason: RulesEngine."
"Information","12/17/2024 3:28:40 PM","System Restore","8194",,"Successfully created restore point (Process = C:\Windows\system32\svchost.exe -k netsvcs -p -s wuauserv; Description = Windows Update)."
"Information","12/17/2024 3:28:14 PM","Microsoft-Windows-Security-SPP","16394",,"Offline downlevel migration succeeded."
"Information","12/17/2024 3:20:02 PM","VSS","8224",,"The VSS service is shutting down due to idle timeout. "
"Information","12/17/2024 3:17:54 PM","SecurityCenter","15",,"Updated Windows Defender status successfully to SECURITY_PRODUCT_STATE_ON."
"Information","12/17/2024 3:17:05 PM","SecurityCenter","15",,"Updated Windows Defender status successfully to SECURITY_PRODUCT_STATE_ON."
