"Information","12/12/2024 1:09:17 PM","ESENT","301","Logging/Recovery","svchost (11516,R,98) DS_Token_DB: The database engine has finished replaying logfile C:\Windows\system32\config\systemprofile\AppData\Local\DataSharing\Storage\DSS.log. 
 
Processing Stats: 
[1] 0.132146 -0.079679 (8) WT +J(CM:0, PgRf:0, Rd:0/0, Dy:0/0, Lg:28392/19) +M(C:0K, Fs:84, WS:192K # 132K, PF:140K # 76K, P:140K). 
Log record of type 'AttachDB ' was seen most frequently (2 times)"
"Information","12/12/2024 1:09:17 PM","ESENT","300","Logging/Recovery","svchost (11516,R,98) DS_Token_DB: The database engine is initiating recovery steps."
"Information","12/12/2024 1:09:17 PM","ESENT","102","General","svchost (11516,P,98) DS_Token_DB: The database engine (10.00.22631.0000) is starting a new instance (0)."
"Information","12/12/2024 1:02:33 PM","Microsoft-Windows-Winlogon","6000",,"The winlogon notification subscriber <SessionEnv> was unavailable to handle a notification event."
"Information","12/12/2024 1:02:33 PM","Microsoft-Windows-Winlogon","6003",,"The winlogon notification subscriber <SessionEnv> was unavailable to handle a critical notification event."
"Information","12/12/2024 1:02:21 PM","Microsoft-Windows-Security-SPP","16384",,"Successfully scheduled Software Protection service for re-start at 2024-12-17T05:40:21Z. Reason: RulesEngine."
"Information","12/12/2024 1:01:51 PM","Microsoft-Windows-Security-SPP","16394",,"Offline downlevel migration succeeded."
"Information","12/12/2024 1:00:28 PM","Microsoft-Windows-Security-SPP","16384",,"Successfully scheduled Software Protection service for re-start at 2024-12-17T05:40:28Z. Reason: RulesEngine."
"Information","12/12/2024 1:00:18 PM","SecurityCenter","15",,"Updated Windows Defender status successfully to SECURITY_PRODUCT_STATE_ON."
"Information","12/12/2024 12:59:26 PM","Microsoft-Windows-Security-SPP","16394",,"Offline downlevel migration succeeded."
"Information","12/12/2024 12:58:51 PM","Microsoft-Windows-Security-SPP","16384",,"Successfully scheduled Software Protection service for re-start at 2024-12-17T05:40:50Z. Reason: RulesEngine."
"Information","12/12/2024 12:58:38 PM","edgeupdate","0",,"Service stopped."
"Information","12/12/2024 12:57:59 PM","Microsoft-Windows-Security-SPP","16394",,"Offline downlevel migration succeeded."
"Information","12/12/2024 12:54:14 PM","Microsoft-Windows-Search","1003","Search service","The Windows Search Service started.
"
"Information","12/12/2024 12:53:35 PM","Microsoft-Windows-Security-SPP","903",,"The Software Protection service has stopped.
"
"Information","12/12/2024 12:53:35 PM","Microsoft-Windows-Security-SPP","16384",,"Successfully scheduled Software Protection service for re-start at 2024-12-17T05:40:35Z. Reason: RulesEngine."
"Information","12/12/2024 12:53:05 PM","SecurityCenter","15",,"Updated Windows Defender status successfully to SECURITY_PRODUCT_STATE_ON."
"Information","12/12/2024 12:53:05 PM","Microsoft-Windows-Security-SPP","902",,"The Software Protection service has started.
10.0.22621.4601"
"Information","12/12/2024 12:53:05 PM","Microsoft-Windows-Security-SPP","1003",,"The Software Protection service has completed licensing status check.
Application Id=55c92734-d682-4d71-983e-d6ec3f16059f
Licensing Status=
1: 040fa323-92b1-4baf-97a2-5b67feaefddb, 1, 0 [(0 [0xC004F014, 0, 0], [(?)(?)(?)(?)(?)(?)(?)(?)])(1 )(2 )(3 )]
2: 0724cb7d-3437-4cb7-93cb-830375d0079d, 1, 0 [(0 [0xC004F014, 0, 0], [(?)(?)(?)(?)(?)(?)(?)(?)])(1 )(2 )(3 )]
3: 0ad2ac98-7bb9-4201-8d92-312299201369, 1, 0 [(0 [0xC004F014, 0, 0], [(?)(?)(?)(?)(?)(?)(?)(?)])(1 )(2 )(3 )]
4: 1a9a717a-cf13-4ba5-83c3-0fe25fa868d5, 1, 0 [(0 [0xC004F014, 0, 0], [(?)(?)(?)(?)(?)(?)(?)(?)])(1 )(2 )(3 )]
5: 221a02da-e2a1-4b75-864c-0a4410a33fdf, 1, 0 [(0 [0xC004F014, 0, 0], [(?)(?)(?)(?)(?)(?)(?)(?)])(1 )(2 )(3 )]
6: 291ece0e-9c38-40ca-a9e1-32cc7ec19507, 1, 0 [(0 [0xC004F014, 0, 0], [(?)(?)(?)(?)(?)(?)(?)(?)])(1 )(2 )(3 )]
7: 2936d1d2-913a-4542-b54e-ce5a602a2a38, 1, 0 [(0 [0xC004F014, 0, 0], [(?)(?)(?)(?)(?)(?)(?)(?)])(1 )(2 )(3 )]
8: 2c293c26-a45a-4a2a-a350-c69a67097529, 1, 0 [(0 [0xC004F014, 0, 0], [(?)(?)(?)(?)(?)(?)(?)(?)])(1 )(2 )(3 )]
9: 2de67392-b7a7-462a-b1ca-108dd189f588, 1, 0 [(0 [0x00000000, 1, 0], [(?)( 1 0x00000000)(?)( 2 0x00000000 0 0 msft:rm/algorithm/volume/1.0 0x00000000 256368)(?)(?)( 10 0x00000000 msft:rm/algorithm/flags/1.0)(?)])(1 )(2 )(3 )]
10: 2ffd8952-423e-4903-b993-72a1aa44cf82, 1, 0 [(0 [0xC004F014, 0, 0], [(?)(?)(?)(?)(?)(?)(?)(?)])(1 )(2 )(3 )]
11: 30a42c86-b7a0-4a34-8c90-ff177cb2acb7, 1, 0 [(0 [0xC004F014, 0, 0], [(?)(?)(?)(?)(?)(?)(?)(?)])(1 )(2 )(3 )]
12: 345a5db0-d94f-4e3b-a0c0-7c42f7bc3ebf, 1, 0 [(0 [0xC004F014, 0, 0], [(?)(?)(?)(?)(?)(?)(?)(?)])(1 )(2 )(3 )]
13: 3502365a-f88a-4ba4-822a-5769d3073b65, 1, 0 [(0 [0xC004F014, 0, 0], [(?)(?)(?)(?)(?)(?)(?)(?)])(1 )(2 )(3 )]
14: 377333b1-8b5d-48d6-9679-1225c872d37c, 1, 0 [(0 [0xC004F014, 0, 0], [(?)(?)(?)(?)(?)(?)(?)(?)])(1 )(2 )(3 )]
15: 3df374ef-d444-4494-a5a1-4b0d9fd0e203, 1, 0 [(0 [0xC004F014, 0, 0], [(?)(?)(?)(?)(?)(?)(?)(?)])(1 )(2 )(3 )]
16: 3f1afc82-f8ac-4f6c-8005-1d233e606eee, 1, 0 [(0 [0xC004F014, 0, 0], [(?)(?)(?)(?)(?)(?)(?)(?)])(1 )(2 )(3 )]
17: 49cd895b-53b2-4dc4-a5f7-b18aa019ad37, 1, 0 [(0 [0xC004F014, 0, 0], [(?)(?)(?)(?)(?)(?)(?)(?)])(1 )(2 )(3 )]
18: 4de7cb65-cdf1-4de9-8ae8-e3cce27b9f2c, 1, 0 [(0 [0xC004F014, 0, 0], [(?)(?)(?)(?)(?)(?)(?)(?)])(1 )(2 )(3 )]
19: 4f3da0d2-271d-4508-ae81-626b60809a38, 1, 0 [(0 [0xC004F014, 0, 0], [(?)(?)(?)(?)(?)(?)(?)(?)])(1 )(2 )(3 )]
20: 5d78c4e9-aeb3-4b40-8ac2-6a6005e0ad6d, 1, 0 [(0 [0xC004F014, 0, 0], [(?)(?)(?)(?)(?)(?)(?)(?)])(1 )(2 )(3 )]
21: 60b3ec1b-9545-4921-821f-311b129dd6f6, 1, 0 [(0 [0xC004F014, 0, 0], [(?)(?)(?)(?)(?)(?)(?)(?)])(1 )(2 )(3 )]
22: 613d217f-7f13-4268-9907-1662339531cd, 1, 0 [(0 [0xC004F014, 0, 0], [(?)(?)(?)(?)(?)(?)(?)(?)])(1 )(2 )(3 )]
23: 62f0c100-9c53-4e02-b886-a3528ddfe7f6, 1, 0 [(0 [0xC004F014, 0, 0], [(?)(?)(?)(?)(?)(?)(?)(?)])(1 )(2 )(3 )]
24: 6365275e-368d-46ca-a0ef-fc0404119333, 1, 0 [(0 [0xC004F014, 0, 0], [(?)(?)(?)(?)(?)(?)(?)(?)])(1 )(2 )(3 )]
25: 721f9237-9341-4453-a661-09e8baa6cca5, 1, 0 [(0 [0xC004F014, 0, 0], [(?)(?)(?)(?)(?)(?)(?)(?)])(1 )(2 )(3 )]
26: 73111121-5638-40f6-bc11-f1d7b0d64300, 1, 0 [(0 [0xC004F014, 0, 0], [(?)(?)(?)(?)(?)(?)(?)(?)])(1 )(2 )(3 )]
27: 7a802526-4c94-4bd1-ba14-835a1aca2120, 1, 0 [(0 [0xC004F014, 0, 0], [(?)(?)(?)(?)(?)(?)(?)(?)])(1 )(2 )(3 )]
28: 7cb546c0-c7d5-44d8-9a5c-69ecdd782b69, 1, 0 [(0 [0xC004F014, 0, 0], [(?)(?)(?)(?)(?)(?)(?)(?)])(1 )(2 )(3 )]
29: 82bbc092-bc50-4e16-8e18-b74fc486aec3, 1, 0 [(0 [0xC004F014, 0, 0], [(?)(?)(?)(?)(?)(?)(?)(?)])(1 )(2 )(3 )]
30: 8ab9bdd1-1f67-4997-82d9-8878520837d9, 1, 0 [(0 [0xC004F014, 0, 0], [(?)(?)(?)(?)(?)(?)(?)(?)])(1 )(2 )(3 )]
31: 8b351c9c-f398-4515-9900-09df49427262, 1, 0 [(0 [0xC004F014, 0, 0], [(?)(?)(?)(?)(?)(?)(?)(?)])(1 )(2 )(3 )]
32: 90da7373-1c51-430b-bf26-c97e9c5cdc31, 1, 0 [(0 [0xC004F014, 0, 0], [(?)(?)(?)(?)(?)(?)(?)(?)])(1 )(2 )(3 )]
33: 92fb8726-92a8-4ffc-94ce-f82e07444653, 1, 0 [(0 [0xC004F014, 0, 0], [(?)(?)(?)(?)(?)(?)(?)(?)])(1 )(2 )(3 )]
34: 95dca82f-385d-4d39-b85b-5c73fa285d6f, 1, 0 [(0 [0xC004F014, 0, 0], [(?)(?)(?)(?)(?)(?)(?)(?)])(1 )(2 )(3 )]
35: a48938aa-62fa-4966-9d44-9f04da3f72f2, 1, 0 [(0 [0xC004F014, 0, 0], [(?)(?)(?)(?)(?)(?)(?)(?)])(1 )(2 )(3 )]
36: b0773a15-df3a-4312-9ad2-83d69648e356, 1, 0 [(0 [0xC004F014, 0, 0], [(?)(?)(?)(?)(?)(?)(?)(?)])(1 )(2 )(3 )]
37: b4bfe195-541e-4e64-ad23-6177f19e395e, 1, 0 [(0 [0xC004F014, 0, 0], [(?)(?)(?)(?)(?)(?)(?)(?)])(1 )(2 )(3 )]
38: b68e61d2-68ca-4757-be45-0cc2f3e68eee, 1, 0 [(0 [0xC004F014, 0, 0], [(?)(?)(?)(?)(?)(?)(?)(?)])(1 )(2 )(3 )]
39: bd3762d7-270d-4760-8fb3-d829ca45278a, 1, 0 [(0 [0xC004F014, 0, 0], [(?)(?)(?)(?)(?)(?)(?)(?)])(1 )(2 )(3 )]
40: c86d5194-4840-4dae-9c1c-0301003a5ab0, 1, 0 [(0 [0xC004F014, 0, 0], [(?)(?)(?)(?)(?)(?)(?)(?)])(1 )(2 )(3 )]
41: ca7df2e3-5ea0-47b8-9ac1-b1be4d8edd69, 1, 0 [(0 [0xC004F014, 0, 0], [(?)(?)(?)(?)(?)(?)(?)(?)])(1 )(2 )(3 )]
42: d552befb-48cc-4327-8f39-47d2d94f987c, 1, 0 [(0 [0xC004F014, 0, 0], [(?)(?)(?)(?)(?)(?)(?)(?)])(1 )(2 )(3 )]
43: d6eadb3b-5ca8-4a6b-986e-35b550756111, 1, 0 [(0 [0xC004F014, 0, 0], [(?)(?)(?)(?)(?)(?)(?)(?)])(1 )(2 )(3 )]
44: df96023b-dcd9-4be2-afa0-c6c871159ebe, 1, 0 [(0 [0xC004F014, 0, 0], [(?)(?)(?)(?)(?)(?)(?)(?)])(1 )(2 )(3 )]
45: e0c42288-980c-4788-a014-c080d2e1926e, 1, 0 [(0 [0xC004F014, 0, 0], [(?)(?)(?)(?)(?)(?)(?)(?)])(1 )(2 )(3 )]
46: e4db50ea-bda1-4566-b047-0ca50abc6f07, 1, 0 [(0 [0xC004F014, 0, 0], [(?)(?)(?)(?)(?)(?)(?)(?)])(1 )(2 )(3 )]
47: e558417a-5123-4f6f-91e7-385c1c7ca9d4, 1, 0 [(0 [0xC004F014, 0, 0], [(?)(?)(?)(?)(?)(?)(?)(?)])(1 )(2 )(3 )]
48: e7a950a2-e548-4f10-bf16-02ec848e0643, 1, 0 [(0 [0xC004F014, 0, 0], [(?)(?)(?)(?)(?)(?)(?)(?)])(1 )(2 )(3 )]
49: eb6d346f-1c60-4643-b960-40ec31596c45, 1, 0 [(0 [0xC004F014, 0, 0], [(?)(?)(?)(?)(?)(?)(?)(?)])(1 )(2 )(3 )]
50: ec868e65-fadf-4759-b23e-93fe37f2cc29, 1, 0 [(0 [0xC004F014, 0, 0], [(?)(?)(?)(?)(?)(?)(?)(?)])(1 )(2 )(3 )]
51: ef51e000-2659-4f25-8345-3de70a9cf4c4, 1, 0 [(0 [0xC004F014, 0, 0], [(?)(?)(?)(?)(?)(?)(?)(?)])(1 )(2 )(3 )]
52: f7af7d09-40e4-419c-a49b-eae366689ebd, 1, 0 [(0 [0xC004F014, 0, 0], [(?)(?)(?)(?)(?)(?)(?)(?)])(1 )(2 )(3 )]
53: fa755fe6-6739-40b9-8d84-6d0ea3b6d1ab, 1, 0 [(0 [0xC004F014, 0, 0], [(?)(?)(?)(?)(?)(?)(?)(?)])(1 )(2 )(3 )]
54: fe74f55b-0338-41d6-b267-4a201abe7285, 1, 0 [(0 [0xC004F014, 0, 0], [(?)(?)(?)(?)(?)(?)(?)(?)])(1 )(2 )(3 )]

"
"Information","12/12/2024 12:53:05 PM","Microsoft-Windows-Security-SPP","1033",,"These policies are being excluded since they are only defined with override-only attribute.
Policy Names=(Security-SPP-Reserved-EnableNotificationMode) 
App Id=55c92734-d682-4d71-983e-d6ec3f16059f
Sku Id=2de67392-b7a7-462a-b1ca-108dd189f588"
"Information","12/12/2024 12:53:05 PM","Microsoft-Windows-Security-SPP","1034",,"Duplicate definition of policy found. Policy name=Security-SPP-IgnoreDeferredActivation  Priority=500"
"Information","12/12/2024 12:53:05 PM","Microsoft-Windows-Security-SPP","1034",,"Duplicate definition of policy found. Policy name=AAD-BlockAADWorkplaceJoin-Default  Priority=100"
"Information","12/12/2024 12:53:05 PM","Microsoft-Windows-Security-SPP","1034",,"Duplicate definition of policy found. Policy name=AAD-BlockAADWorkplaceJoin-Default  Priority=100"
"Information","12/12/2024 12:53:05 PM","Microsoft-Windows-Security-SPP","1034",,"Duplicate definition of policy found. Policy name=AAD-BlockAADWorkplaceJoin-Default  Priority=100"
"Information","12/12/2024 12:53:05 PM","Microsoft-Windows-Security-SPP","1034",,"Duplicate definition of policy found. Policy name=AAD-BlockAADWorkplaceJoin-Default  Priority=100"
"Information","12/12/2024 12:53:05 PM","Microsoft-Windows-Security-SPP","1034",,"Duplicate definition of policy found. Policy name=AAD-BlockAADWorkplaceJoin-Default  Priority=100"
"Information","12/12/2024 12:53:05 PM","Microsoft-Windows-Security-SPP","1034",,"Duplicate definition of policy found. Policy name=AAD-BlockAADWorkplaceJoin-Default  Priority=100"
"Information","12/12/2024 12:53:05 PM","Microsoft-Windows-Security-SPP","1034",,"Duplicate definition of policy found. Policy name=AAD-BlockAADWorkplaceJoin-Default  Priority=100"
"Information","12/12/2024 12:53:05 PM","Microsoft-Windows-Security-SPP","1034",,"Duplicate definition of policy found. Policy name=AAD-BlockAADWorkplaceJoin-Default  Priority=100"
"Information","12/12/2024 12:53:05 PM","Microsoft-Windows-Security-SPP","1034",,"Duplicate definition of policy found. Policy name=AAD-BlockAADWorkplaceJoin-Default  Priority=100"
"Information","12/12/2024 12:53:05 PM","Microsoft-Windows-Security-SPP","1034",,"Duplicate definition of policy found. Policy name=AAD-BlockAADWorkplaceJoin-Default  Priority=100"
"Information","12/12/2024 12:53:05 PM","Microsoft-Windows-Security-SPP","1040",,"Hardware has changed from previous boot.
 AppId=55c92734-d682-4d71-983e-d6ec3f16059f, SkuId=2de67392-b7a7-462a-b1ca-108dd189f588."
"Information","12/12/2024 12:53:04 PM","Microsoft-Windows-Security-SPP","1004",,"The Software Protection service has successfully installed the license.
License Title=XrML 2.1 License - Product Key Configuration
License Id=3b67dd0c-521d-4dbb-8c1a-c75d120fc2fb"
"Information","12/12/2024 12:53:03 PM","SecurityCenter","1",,"The Windows Security Center Service has started."
"Information","12/12/2024 12:52:54 PM","Microsoft-Windows-Security-SPP","1066",,"Initialization status for service objects.
C:\Windows\system32\sppwinob.dll, msft:spp/windowsfunctionality/agent/7.0, 0x00000000, 0x00000000
C:\Windows\system32\sppobjs.dll, msft:rm/algorithm/inherited/1.0, 0x00000000, 0x00000000
C:\Windows\system32\sppobjs.dll, msft:rm/algorithm/phone/1.0, 0x00000000, 0x00000000
C:\Windows\system32\sppobjs.dll, msft:rm/algorithm/pkey/detect, 0x00000000, 0x00000000
C:\Windows\system32\sppobjs.dll, msft:spp/ActionScheduler/1.0, 0x00000000, 0x00000000
C:\Windows\system32\sppobjs.dll, msft:spp/TaskScheduler/1.0, 0x00000000, 0x00000000
C:\Windows\system32\sppobjs.dll, msft:spp/statecollector/pkey, 0x00000000, 0x00000000
C:\Windows\system32\sppobjs.dll, msft:spp/volume/services/kms/1.0, 0x00000000, 0x00000000
C:\Windows\system32\sppobjs.dll, msft:spp/volume/services/kms/activationinfo/1.0, 0x00000000, 0x00000000
"
"Information","12/12/2024 12:52:42 PM","Microsoft-Windows-Security-SPP","16394",,"Offline downlevel migration succeeded."
"Information","12/12/2024 12:52:32 PM","Microsoft-Windows-Security-SPP","900",,"The Software Protection service is starting.
Parameters:<explicit>"
"Information","12/12/2024 12:52:27 PM","edgeupdate","0",,"Service stopped."
"Warning","12/12/2024 12:50:26 PM","Microsoft-Windows-WMI","63",,"A provider, IntelMEProv, has been registered in the Windows Management Instrumentation namespace root\Intel_ME to use the LocalSystem account. This account is privileged and the provider may cause a security violation if it does not correctly impersonate user requests."
"Warning","12/12/2024 12:50:26 PM","Microsoft-Windows-WMI","63",,"A provider, IntelMEProv, has been registered in the Windows Management Instrumentation namespace root\Intel_ME to use the LocalSystem account. This account is privileged and the provider may cause a security violation if it does not correctly impersonate user requests."
"Warning","12/12/2024 12:50:26 PM","Microsoft-Windows-WMI","63",,"A provider, IntelMEProv, has been registered in the Windows Management Instrumentation namespace root\Intel_ME to use the LocalSystem account. This account is privileged and the provider may cause a security violation if it does not correctly impersonate user requests."
"Information","12/12/2024 12:50:26 PM","WMIRegistrationService","2",,"Intel(R) WMI Registration Service has successfully finished WMI Registration."
"Information","12/12/2024 12:50:21 PM","OpenVpnService","0",,"Service started successfully."
,"12/12/2024 12:50:18 PM","AsusUpdateCheck","0",,
"Information","12/12/2024 12:50:15 PM","Microsoft-Windows-WMI","5617",,"Windows Management Instrumentation Service subsystems initialized successfully"
"Information","12/12/2024 12:50:08 PM","WMIRegistrationService","0",,"Intel(R) WMI Registration Service started."
"Information","12/12/2024 12:50:00 PM","Microsoft-Windows-WMI","5615",,"Windows Management Instrumentation Service started sucessfully"
,"12/12/2024 12:50:00 PM","AsusUpdateCheck","0",,
"Information","12/12/2024 12:49:59 PM","IntelDalJhi","0",,"Intel(R) Dynamic Application Loader Host Interface Service started."
"Information","12/12/2024 12:49:47 PM","Microsoft-Windows-User Profiles Service","1531",,"The User Profile Service has started successfully.  

"
"Information","12/11/2024 10:04:04 PM","Microsoft-Windows-User Profiles Service","1532",,"The User Profile Service has stopped.  

"
"Information","12/12/2024 12:49:49 PM","Desktop Window Manager","9027",,"The Desktop Window Manager has registered the session port."
"Warning","12/11/2024 10:03:02 PM","Microsoft-Windows-WMI","63",,"A provider, IntelMEProv, has been registered in the Windows Management Instrumentation namespace root\Intel_ME to use the LocalSystem account. This account is privileged and the provider may cause a security violation if it does not correctly impersonate user requests."
"Warning","12/11/2024 10:03:02 PM","Microsoft-Windows-WMI","63",,"A provider, IntelMEProv, has been registered in the Windows Management Instrumentation namespace root\Intel_ME to use the LocalSystem account. This account is privileged and the provider may cause a security violation if it does not correctly impersonate user requests."
"Warning","12/11/2024 10:03:02 PM","Microsoft-Windows-WMI","63",,"A provider, IntelMEProv, has been registered in the Windows Management Instrumentation namespace root\Intel_ME to use the LocalSystem account. This account is privileged and the provider may cause a security violation if it does not correctly impersonate user requests."
"Information","12/11/2024 10:03:02 PM","WMIRegistrationService","2",,"Intel(R) WMI Registration Service has successfully finished WMI Registration."
"Information","12/11/2024 10:03:01 PM","Desktop Window Manager","9027",,"The Desktop Window Manager has registered the session port."
,"12/11/2024 10:03:01 PM","AsusUpdateCheck","0",,
"Information","12/11/2024 10:02:58 PM","OpenVpnService","0",,"Service started successfully."
"Information","12/11/2024 10:02:56 PM","Microsoft-Windows-WMI","5617",,"Windows Management Instrumentation Service subsystems initialized successfully"
"Information","12/11/2024 10:02:56 PM","WMIRegistrationService","0",,"Intel(R) WMI Registration Service started."
"Information","12/11/2024 10:02:53 PM","Microsoft-Windows-WMI","5615",,"Windows Management Instrumentation Service started sucessfully"
"Information","12/11/2024 10:02:50 PM","Microsoft-Windows-User Profiles Service","1531",,"The User Profile Service has started successfully.  

"
,"12/11/2024 10:02:53 PM","AsusUpdateCheck","0",,
"Information","12/11/2024 10:02:53 PM","IntelDalJhi","0",,"Intel(R) Dynamic Application Loader Host Interface Service started."
"Information","12/11/2024 10:02:23 PM","Microsoft-Windows-User Profiles Service","1532",,"The User Profile Service has stopped.  

"
"Information","12/11/2024 10:01:28 PM","Microsoft-Windows-Winlogon","6000",,"The winlogon notification subscriber <Dot3svc> was unavailable to handle a notification event."
"Information","12/11/2024 10:01:28 PM","Microsoft-Windows-Winlogon","6000",,"The winlogon notification subscriber <SessionEnv> was unavailable to handle a notification event."
"Information","12/11/2024 10:01:28 PM","Microsoft-Windows-Winlogon","6000",,"The winlogon notification subscriber <WSearch> was unavailable to handle a notification event."
"Information","12/11/2024 10:01:23 PM","Microsoft-Windows-Winsrv","10002",,"The following application was terminated because it was hung: explorer.exe."
"Information","12/11/2024 10:01:13 PM","Desktop Window Manager","9027",,"The Desktop Window Manager has registered the session port."
"Information","12/11/2024 10:01:13 PM","Microsoft-Windows-Winlogon","6000",,"The winlogon notification subscriber <SessionEnv> was unavailable to handle a notification event."
"Information","12/11/2024 10:01:13 PM","Microsoft-Windows-Winlogon","6003",,"The winlogon notification subscriber <TrustedInstaller> was unavailable to handle a critical notification event."
"Information","12/11/2024 10:00:53 PM","Windows Error Reporting","1001",,"Fault bucket 1459860715194390796, type 5
Event Name: AppHangXProcB1
Response: Not available
Cab Id: 0

Problem signature:
P1: explorer.exe
P2: 10.0.22621.4391
P3: 89d472c9
P4: a588
P5: 134217744
P6: SystemSettings.exe
P7: 10.0.22621.4391
P8: 
P9: 
P10: 

Attached files:
\\?\C:\ProgramData\Microsoft\Windows\WER\Temp\WER.de87c807-30c7-4869-8cbc-ff311c384f4a.tmp.WERInternalMetadata.xml
\\?\C:\ProgramData\Microsoft\Windows\WER\ReportQueue\AppHang_explorer.exe_defecb3e27d89bf5283b903ef41dd58979f1581a_f8bbfbd9_cab_baa6ce72-f5ba-4f90-b213-3a527d05f1c3\WPR_initiated_DiagTrackMiniLogger_OneTrace_User_Logger_20240808_1_EC_0_inject.etl
\\?\C:\ProgramData\Microsoft\Windows\WER\Temp\WER.7bdf0992-ecb0-4da9-8e51-4919952a1d3d.tmp.etl
\\?\C:\ProgramData\Microsoft\Windows\WER\ReportQueue\AppHang_explorer.exe_defecb3e27d89bf5283b903ef41dd58979f1581a_f8bbfbd9_cab_baa6ce72-f5ba-4f90-b213-3a527d05f1c3\WPR_initiated_DiagTrackMiniLogger_WPR System Collector_inject.etl
\\?\C:\ProgramData\Microsoft\Windows\WER\Temp\WER.9b4d25d0-8b53-463e-b185-4e293569c875.tmp.etl
\\?\C:\ProgramData\Microsoft\Windows\WER\Temp\WER.a7d0e998-b2ba-44f9-a4f5-51b0658ba3fd.tmp.csv
\\?\C:\ProgramData\Microsoft\Windows\WER\Temp\WER.312dfa41-0544-4d9a-a4b2-8cfe7da5296a.tmp.txt
\\?\C:\Users\Admin\AppData\Local\Temp\WER.e3e085ee-331a-4e92-9989-51dda6a6cfba.tmp.appcompat.txt
\\?\C:\ProgramData\Microsoft\Windows\WER\Temp\WER.7fc704fe-9876-4130-a925-a7f451fba574.tmp.xml
\\?\C:\Users\Admin\AppData\Local\Temp\WER.64ecb4c2-17e0-420f-b66d-5bc155fefbf1.tmp.xml
\\?\C:\ProgramData\Microsoft\Windows\WER\ReportQueue\AppHang_explorer.exe_defecb3e27d89bf5283b903ef41dd58979f1581a_f8bbfbd9_cab_baa6ce72-f5ba-4f90-b213-3a527d05f1c3\minidump.mdmp
\\?\C:\ProgramData\Microsoft\Windows\WER\ReportQueue\AppHang_explorer.exe_defecb3e27d89bf5283b903ef41dd58979f1581a_f8bbfbd9_cab_baa6ce72-f5ba-4f90-b213-3a527d05f1c3\memory.hdmp

These files may be available here:
\\?\C:\ProgramData\Microsoft\Windows\WER\ReportArchive\AppHang_explorer.exe_defecb3e27d89bf5283b903ef41dd58979f1581a_f8bbfbd9_baa6ce72-f5ba-4f90-b213-3a527d05f1c3

Analysis symbol: 
Rechecking for solution: 0
Report Id: 0fefc431-6ec1-4a1a-aab7-fddda268bc8a
Report Status: 268435456
Hashed bucket: e2c520d4e8d1baf9d4427795f6b5990c
Cab Guid: 0"
"Information","12/11/2024 10:00:53 PM","Microsoft-Windows-Winlogon","1002",,"The shell stopped unexpectedly and C:\Windows\system32\userinit.exe was restarted."
"Error","12/11/2024 10:00:51 PM","Application Hang","1002","Hanging Events","The program explorer.exe version 10.0.22621.4391 stopped interacting with Windows and was closed. To see if more information about the problem is available, check the problem history in the Security and Maintenance control panel.
"
"Information","12/11/2024 10:00:51 PM","Windows Error Reporting","1001",,"Fault bucket , type 0
Event Name: AppHangXProcB1
Response: Not available
Cab Id: 0

Problem signature:
P1: explorer.exe
P2: 10.0.22621.4391
P3: 89d472c9
P4: a588
P5: 134217744
P6: SystemSettings.exe
P7: 10.0.22621.4391
P8: 
P9: 
P10: 

Attached files:
\\?\C:\ProgramData\Microsoft\Windows\WER\Temp\WER.de87c807-30c7-4869-8cbc-ff311c384f4a.tmp.WERInternalMetadata.xml
\\?\C:\ProgramData\Microsoft\Windows\WER\ReportQueue\AppHang_explorer.exe_defecb3e27d89bf5283b903ef41dd58979f1581a_f8bbfbd9_cab_baa6ce72-f5ba-4f90-b213-3a527d05f1c3\WPR_initiated_DiagTrackMiniLogger_OneTrace_User_Logger_20240808_1_EC_0_inject.etl
\\?\C:\ProgramData\Microsoft\Windows\WER\Temp\WER.7bdf0992-ecb0-4da9-8e51-4919952a1d3d.tmp.etl
\\?\C:\ProgramData\Microsoft\Windows\WER\ReportQueue\AppHang_explorer.exe_defecb3e27d89bf5283b903ef41dd58979f1581a_f8bbfbd9_cab_baa6ce72-f5ba-4f90-b213-3a527d05f1c3\WPR_initiated_DiagTrackMiniLogger_WPR System Collector_inject.etl
\\?\C:\ProgramData\Microsoft\Windows\WER\Temp\WER.9b4d25d0-8b53-463e-b185-4e293569c875.tmp.etl
\\?\C:\ProgramData\Microsoft\Windows\WER\Temp\WER.a7d0e998-b2ba-44f9-a4f5-51b0658ba3fd.tmp.csv
\\?\C:\ProgramData\Microsoft\Windows\WER\Temp\WER.312dfa41-0544-4d9a-a4b2-8cfe7da5296a.tmp.txt
\\?\C:\Users\Admin\AppData\Local\Temp\WER.e3e085ee-331a-4e92-9989-51dda6a6cfba.tmp.appcompat.txt
\\?\C:\ProgramData\Microsoft\Windows\WER\Temp\WER.7fc704fe-9876-4130-a925-a7f451fba574.tmp.xml
\\?\C:\Users\Admin\AppData\Local\Temp\WER.64ecb4c2-17e0-420f-b66d-5bc155fefbf1.tmp.xml
\\?\C:\ProgramData\Microsoft\Windows\WER\ReportQueue\AppHang_explorer.exe_defecb3e27d89bf5283b903ef41dd58979f1581a_f8bbfbd9_cab_baa6ce72-f5ba-4f90-b213-3a527d05f1c3\minidump.mdmp
\\?\C:\ProgramData\Microsoft\Windows\WER\ReportQueue\AppHang_explorer.exe_defecb3e27d89bf5283b903ef41dd58979f1581a_f8bbfbd9_cab_baa6ce72-f5ba-4f90-b213-3a527d05f1c3\memory.hdmp

These files may be available here:
\\?\C:\ProgramData\Microsoft\Windows\WER\ReportQueue\AppHang_explorer.exe_defecb3e27d89bf5283b903ef41dd58979f1581a_f8bbfbd9_cab_baa6ce72-f5ba-4f90-b213-3a527d05f1c3

Analysis symbol: 
Rechecking for solution: 0
Report Id: 0fefc431-6ec1-4a1a-aab7-fddda268bc8a
Report Status: 4
Hashed bucket: 
Cab Guid: 0"
"Information","12/11/2024 9:59:58 PM","Microsoft-Windows-Winlogon","1002",,"The shell stopped unexpectedly and C:\Windows\system32\userinit.exe was restarted."
"Information","12/11/2024 9:57:53 PM","Microsoft-Windows-Security-SPP","16384",,"Successfully scheduled Software Protection service for re-start at 2024-12-17T05:40:53Z. Reason: RulesEngine."
"Information","12/11/2024 9:57:23 PM","Microsoft-Windows-Security-SPP","1040",,"Hardware has changed from previous boot.
 AppId=55c92734-d682-4d71-983e-d6ec3f16059f, SkuId=2de67392-b7a7-462a-b1ca-108dd189f588."
"Information","12/11/2024 9:57:23 PM","Microsoft-Windows-Security-SPP","16394",,"Offline downlevel migration succeeded."
"Information","12/11/2024 9:46:23 PM","Windows Error Reporting","1001",,"Fault bucket 1459860715194390796, type 5
Event Name: AppHangXProcB1
Response: Not available
Cab Id: 0

Problem signature:
P1: explorer.exe
P2: 10.0.22621.4391
P3: 89d472c9
P4: a588
P5: 134217744
P6: SystemSettings.exe
P7: 10.0.22621.4391
P8: 
P9: 
P10: 

Attached files:
\\?\C:\ProgramData\Microsoft\Windows\WER\Temp\WER.93b81fcc-c7a1-4971-b4ef-c237c4280212.tmp.WERInternalMetadata.xml
\\?\C:\ProgramData\Microsoft\Windows\WER\ReportQueue\AppHang_explorer.exe_defecb3e27d89bf5283b903ef41dd58979f1581a_f8bbfbd9_cab_4ff491c9-8d34-4e0c-835b-05b9663be54f\WPR_initiated_DiagTrackMiniLogger_OneTrace_User_Logger_20240808_1_EC_0_inject.etl
\\?\C:\ProgramData\Microsoft\Windows\WER\Temp\WER.7d40060e-03d0-47e2-bee2-2b1792549a8a.tmp.etl
\\?\C:\ProgramData\Microsoft\Windows\WER\ReportQueue\AppHang_explorer.exe_defecb3e27d89bf5283b903ef41dd58979f1581a_f8bbfbd9_cab_4ff491c9-8d34-4e0c-835b-05b9663be54f\WPR_initiated_DiagTrackMiniLogger_WPR System Collector_inject.etl
\\?\C:\ProgramData\Microsoft\Windows\WER\Temp\WER.16bc8d41-eba7-43d5-ae28-9fb8d49be72d.tmp.etl
\\?\C:\ProgramData\Microsoft\Windows\WER\Temp\WER.fdec9b32-f961-4a75-939b-d5e8254870da.tmp.csv
\\?\C:\ProgramData\Microsoft\Windows\WER\Temp\WER.9e7bad83-2b39-43b9-b7b5-3dd12d8aa2cd.tmp.txt
\\?\C:\Users\Admin\AppData\Local\Temp\WER.9de0796d-41ca-493b-ac70-03f0453f7cd3.tmp.appcompat.txt
\\?\C:\ProgramData\Microsoft\Windows\WER\Temp\WER.0853b7ce-47e5-4423-af8d-7d3d4962dec6.tmp.xml
\\?\C:\Users\Admin\AppData\Local\Temp\WER.4c90d6d2-aa62-4585-88f5-946d1f12b590.tmp.xml
\\?\C:\ProgramData\Microsoft\Windows\WER\ReportQueue\AppHang_explorer.exe_defecb3e27d89bf5283b903ef41dd58979f1581a_f8bbfbd9_cab_4ff491c9-8d34-4e0c-835b-05b9663be54f\minidump.mdmp
\\?\C:\ProgramData\Microsoft\Windows\WER\ReportQueue\AppHang_explorer.exe_defecb3e27d89bf5283b903ef41dd58979f1581a_f8bbfbd9_cab_4ff491c9-8d34-4e0c-835b-05b9663be54f\memory.hdmp

These files may be available here:
\\?\C:\ProgramData\Microsoft\Windows\WER\ReportArchive\AppHang_explorer.exe_defecb3e27d89bf5283b903ef41dd58979f1581a_f8bbfbd9_4ff491c9-8d34-4e0c-835b-05b9663be54f

Analysis symbol: 
Rechecking for solution: 0
Report Id: e5877160-9d07-4f80-a5ad-b93478455b07
Report Status: 268435456
Hashed bucket: e2c520d4e8d1baf9d4427795f6b5990c
Cab Guid: 0"
"Error","12/11/2024 9:46:20 PM","Application Hang","1002","Hanging Events","The program explorer.exe version 10.0.22621.4391 stopped interacting with Windows and was closed. To see if more information about the problem is available, check the problem history in the Security and Maintenance control panel.
"
"Information","12/11/2024 9:46:20 PM","Windows Error Reporting","1001",,"Fault bucket , type 0
Event Name: AppHangXProcB1
Response: Not available
Cab Id: 0

Problem signature:
P1: explorer.exe
P2: 10.0.22621.4391
P3: 89d472c9
P4: a588
P5: 134217744
P6: SystemSettings.exe
P7: 10.0.22621.4391
P8: 
P9: 
P10: 

Attached files:
\\?\C:\ProgramData\Microsoft\Windows\WER\Temp\WER.93b81fcc-c7a1-4971-b4ef-c237c4280212.tmp.WERInternalMetadata.xml
\\?\C:\ProgramData\Microsoft\Windows\WER\ReportQueue\AppHang_explorer.exe_defecb3e27d89bf5283b903ef41dd58979f1581a_f8bbfbd9_cab_4ff491c9-8d34-4e0c-835b-05b9663be54f\WPR_initiated_DiagTrackMiniLogger_OneTrace_User_Logger_20240808_1_EC_0_inject.etl
\\?\C:\ProgramData\Microsoft\Windows\WER\Temp\WER.7d40060e-03d0-47e2-bee2-2b1792549a8a.tmp.etl
\\?\C:\ProgramData\Microsoft\Windows\WER\ReportQueue\AppHang_explorer.exe_defecb3e27d89bf5283b903ef41dd58979f1581a_f8bbfbd9_cab_4ff491c9-8d34-4e0c-835b-05b9663be54f\WPR_initiated_DiagTrackMiniLogger_WPR System Collector_inject.etl
\\?\C:\ProgramData\Microsoft\Windows\WER\Temp\WER.16bc8d41-eba7-43d5-ae28-9fb8d49be72d.tmp.etl
\\?\C:\ProgramData\Microsoft\Windows\WER\Temp\WER.fdec9b32-f961-4a75-939b-d5e8254870da.tmp.csv
\\?\C:\ProgramData\Microsoft\Windows\WER\Temp\WER.9e7bad83-2b39-43b9-b7b5-3dd12d8aa2cd.tmp.txt
\\?\C:\Users\Admin\AppData\Local\Temp\WER.9de0796d-41ca-493b-ac70-03f0453f7cd3.tmp.appcompat.txt
\\?\C:\ProgramData\Microsoft\Windows\WER\Temp\WER.0853b7ce-47e5-4423-af8d-7d3d4962dec6.tmp.xml
\\?\C:\Users\Admin\AppData\Local\Temp\WER.4c90d6d2-aa62-4585-88f5-946d1f12b590.tmp.xml
\\?\C:\ProgramData\Microsoft\Windows\WER\ReportQueue\AppHang_explorer.exe_defecb3e27d89bf5283b903ef41dd58979f1581a_f8bbfbd9_cab_4ff491c9-8d34-4e0c-835b-05b9663be54f\minidump.mdmp
\\?\C:\ProgramData\Microsoft\Windows\WER\ReportQueue\AppHang_explorer.exe_defecb3e27d89bf5283b903ef41dd58979f1581a_f8bbfbd9_cab_4ff491c9-8d34-4e0c-835b-05b9663be54f\memory.hdmp

These files may be available here:
\\?\C:\ProgramData\Microsoft\Windows\WER\ReportQueue\AppHang_explorer.exe_defecb3e27d89bf5283b903ef41dd58979f1581a_f8bbfbd9_cab_4ff491c9-8d34-4e0c-835b-05b9663be54f

Analysis symbol: 
Rechecking for solution: 0
Report Id: e5877160-9d07-4f80-a5ad-b93478455b07
Report Status: 4
Hashed bucket: 
Cab Guid: 0"
"Information","12/11/2024 9:44:26 PM","Windows Error Reporting","1001",,"Fault bucket 1459860715194390796, type 5
Event Name: AppHangXProcB1
Response: Not available
Cab Id: 0

Problem signature:
P1: explorer.exe
P2: 10.0.22621.4391
P3: 89d472c9
P4: a588
P5: 134217744
P6: SystemSettings.exe
P7: 10.0.22621.4391
P8: 
P9: 
P10: 

Attached files:
\\?\C:\ProgramData\Microsoft\Windows\WER\Temp\WER.77294e32-c02e-4b92-91b5-420a4fa17335.tmp.WERInternalMetadata.xml
\\?\C:\ProgramData\Microsoft\Windows\WER\ReportQueue\AppHang_explorer.exe_defecb3e27d89bf5283b903ef41dd58979f1581a_f8bbfbd9_cab_84db19cf-8ef1-48c8-8ebc-b2077b5d2b0a\WPR_initiated_DiagTrackMiniLogger_OneTrace_User_Logger_20240808_1_EC_0_inject.etl
\\?\C:\ProgramData\Microsoft\Windows\WER\Temp\WER.a868b60a-5971-4161-9f2a-c1179c981064.tmp.etl
\\?\C:\ProgramData\Microsoft\Windows\WER\ReportQueue\AppHang_explorer.exe_defecb3e27d89bf5283b903ef41dd58979f1581a_f8bbfbd9_cab_84db19cf-8ef1-48c8-8ebc-b2077b5d2b0a\WPR_initiated_DiagTrackMiniLogger_WPR System Collector_inject.etl
\\?\C:\ProgramData\Microsoft\Windows\WER\Temp\WER.3ab231a7-29ac-4a97-b921-e71614e4d297.tmp.etl
\\?\C:\ProgramData\Microsoft\Windows\WER\Temp\WER.f9ee0441-160f-4f94-9c2d-4ec7ce67420d.tmp.csv
\\?\C:\ProgramData\Microsoft\Windows\WER\Temp\WER.3a0da9f8-c7e4-423b-a8bc-f58b782ebf5d.tmp.txt
\\?\C:\Users\Admin\AppData\Local\Temp\WER.b320f6cf-b401-46a9-a1b9-d063d55e08d9.tmp.appcompat.txt
\\?\C:\ProgramData\Microsoft\Windows\WER\Temp\WER.b040dd6e-9a19-4938-a9b0-3b58bf73ee72.tmp.xml
\\?\C:\Users\Admin\AppData\Local\Temp\WER.1a536e34-e331-4c63-b3d7-6b4a93e29e0a.tmp.xml
\\?\C:\ProgramData\Microsoft\Windows\WER\ReportQueue\AppHang_explorer.exe_defecb3e27d89bf5283b903ef41dd58979f1581a_f8bbfbd9_cab_84db19cf-8ef1-48c8-8ebc-b2077b5d2b0a\minidump.mdmp
\\?\C:\ProgramData\Microsoft\Windows\WER\ReportQueue\AppHang_explorer.exe_defecb3e27d89bf5283b903ef41dd58979f1581a_f8bbfbd9_cab_84db19cf-8ef1-48c8-8ebc-b2077b5d2b0a\memory.hdmp

These files may be available here:
\\?\C:\ProgramData\Microsoft\Windows\WER\ReportArchive\AppHang_explorer.exe_defecb3e27d89bf5283b903ef41dd58979f1581a_f8bbfbd9_84db19cf-8ef1-48c8-8ebc-b2077b5d2b0a

Analysis symbol: 
Rechecking for solution: 0
Report Id: a5a7ec4f-4a44-4b3a-8d7a-2e14f3b74fa0
Report Status: 268435456
Hashed bucket: e2c520d4e8d1baf9d4427795f6b5990c
Cab Guid: 0"
"Error","12/11/2024 9:44:23 PM","Application Hang","1002","Hanging Events","The program explorer.exe version 10.0.22621.4391 stopped interacting with Windows and was closed. To see if more information about the problem is available, check the problem history in the Security and Maintenance control panel.
"
"Information","12/11/2024 9:44:23 PM","Windows Error Reporting","1001",,"Fault bucket , type 0
Event Name: AppHangXProcB1
Response: Not available
Cab Id: 0

Problem signature:
P1: explorer.exe
P2: 10.0.22621.4391
P3: 89d472c9
P4: a588
P5: 134217744
P6: SystemSettings.exe
P7: 10.0.22621.4391
P8: 
P9: 
P10: 

Attached files:
\\?\C:\ProgramData\Microsoft\Windows\WER\Temp\WER.77294e32-c02e-4b92-91b5-420a4fa17335.tmp.WERInternalMetadata.xml
\\?\C:\ProgramData\Microsoft\Windows\WER\ReportQueue\AppHang_explorer.exe_defecb3e27d89bf5283b903ef41dd58979f1581a_f8bbfbd9_cab_84db19cf-8ef1-48c8-8ebc-b2077b5d2b0a\WPR_initiated_DiagTrackMiniLogger_OneTrace_User_Logger_20240808_1_EC_0_inject.etl
\\?\C:\ProgramData\Microsoft\Windows\WER\Temp\WER.a868b60a-5971-4161-9f2a-c1179c981064.tmp.etl
\\?\C:\ProgramData\Microsoft\Windows\WER\ReportQueue\AppHang_explorer.exe_defecb3e27d89bf5283b903ef41dd58979f1581a_f8bbfbd9_cab_84db19cf-8ef1-48c8-8ebc-b2077b5d2b0a\WPR_initiated_DiagTrackMiniLogger_WPR System Collector_inject.etl
\\?\C:\ProgramData\Microsoft\Windows\WER\Temp\WER.3ab231a7-29ac-4a97-b921-e71614e4d297.tmp.etl
\\?\C:\ProgramData\Microsoft\Windows\WER\Temp\WER.f9ee0441-160f-4f94-9c2d-4ec7ce67420d.tmp.csv
\\?\C:\ProgramData\Microsoft\Windows\WER\Temp\WER.3a0da9f8-c7e4-423b-a8bc-f58b782ebf5d.tmp.txt
\\?\C:\Users\Admin\AppData\Local\Temp\WER.b320f6cf-b401-46a9-a1b9-d063d55e08d9.tmp.appcompat.txt
\\?\C:\ProgramData\Microsoft\Windows\WER\Temp\WER.b040dd6e-9a19-4938-a9b0-3b58bf73ee72.tmp.xml
\\?\C:\Users\Admin\AppData\Local\Temp\WER.1a536e34-e331-4c63-b3d7-6b4a93e29e0a.tmp.xml
\\?\C:\ProgramData\Microsoft\Windows\WER\ReportQueue\AppHang_explorer.exe_defecb3e27d89bf5283b903ef41dd58979f1581a_f8bbfbd9_cab_84db19cf-8ef1-48c8-8ebc-b2077b5d2b0a\minidump.mdmp
\\?\C:\ProgramData\Microsoft\Windows\WER\ReportQueue\AppHang_explorer.exe_defecb3e27d89bf5283b903ef41dd58979f1581a_f8bbfbd9_cab_84db19cf-8ef1-48c8-8ebc-b2077b5d2b0a\memory.hdmp

These files may be available here:
\\?\C:\ProgramData\Microsoft\Windows\WER\ReportQueue\AppHang_explorer.exe_defecb3e27d89bf5283b903ef41dd58979f1581a_f8bbfbd9_cab_84db19cf-8ef1-48c8-8ebc-b2077b5d2b0a

Analysis symbol: 
Rechecking for solution: 0
Report Id: a5a7ec4f-4a44-4b3a-8d7a-2e14f3b74fa0
Report Status: 4
Hashed bucket: 
Cab Guid: 0"
"Information","12/11/2024 9:38:56 PM","Microsoft-Windows-Security-SPP","16384",,"Successfully scheduled Software Protection service for re-start at 2024-12-17T05:40:56Z. Reason: RulesEngine."
"Information","12/11/2024 9:38:25 PM","Microsoft-Windows-Security-SPP","1040",,"Hardware has changed from previous boot.
 AppId=55c92734-d682-4d71-983e-d6ec3f16059f, SkuId=2de67392-b7a7-462a-b1ca-108dd189f588."
"Information","12/11/2024 9:38:24 PM","Microsoft-Windows-Security-SPP","16394",,"Offline downlevel migration succeeded."
"Information","12/11/2024 9:32:11 PM","VSS","8224",,"The VSS service is shutting down due to idle timeout. "
"Information","12/11/2024 9:29:11 PM","Chkdsk","26226",,"Chkdsk was executed in scan mode on a volume snapshot.  

Checking file system on D:

Stage 1: Examining basic file system structure ...
  119808 file records processed.                                                        
File verification completed.
 Phase duration (File record verification): 11.02 seconds.
  3021 large file records processed.                                   
 Phase duration (Orphan file record recovery): 3.54 milliseconds.
  0 bad file records processed.                                     
 Phase duration (Bad file record checking): 2.11 milliseconds.

Stage 2: Examining file name linkage ...
  501 reparse records processed.                                      
  185594 index entries processed.                                                       
Index verification completed.
 Phase duration (Index verification): 30.08 seconds.

 Phase duration (Orphan reconnection): 65.53 milliseconds.

 Phase duration (Orphan recovery to lost and found): 10.01 milliseconds.
  501 reparse records processed.                                      
 Phase duration (Reparse point and Object ID verification): 7.89 milliseconds.

Stage 3: Examining security descriptors ...
Security descriptor verification completed.
 Phase duration (Security descriptor verification): 189.78 milliseconds.
  32894 data files processed.                                           
 Phase duration (Data attribute verification): 1.81 milliseconds.
CHKDSK is verifying Usn Journal...
  40677808 USN bytes processed.                                                           
Usn Journal verification completed.
 Phase duration (USN journal verification): 1.47 seconds.

Windows has scanned the file system and found no problems.
No further action is required.

 124914687 KB total disk space.
  33552332 KB in 83694 files.
     69832 KB in 32895 indexes.
    232047 KB in use by the system.
     65536 KB occupied by the log file.
  91060476 KB available on disk.

      4096 bytes in each allocation unit.
  31228671 total allocation units on disk.
  22765119 allocation units available on disk.
Total duration: 42.86 seconds (42868 ms).

----------------------------------------------------------------------


Stage 1: Examining basic file system structure ...

Stage 2: Examining file name linkage ...

Stage 3: Examining security descriptors ...
"
"Information","12/11/2024 9:25:36 PM","Microsoft-Windows-Security-SPP","16384",,"Successfully scheduled Software Protection service for re-start at 2024-12-17T05:40:36Z. Reason: RulesEngine."
"Information","12/11/2024 9:25:06 PM","Microsoft-Windows-Security-SPP","16394",,"Offline downlevel migration succeeded."
"Error","12/11/2024 9:24:59 PM","Application Hang","1002","Hanging Events","The program explorer.exe version 10.0.22621.4391 stopped interacting with Windows and was closed. To see if more information about the problem is available, check the problem history in the Security and Maintenance control panel.
"
"Error","12/11/2024 9:24:59 PM","Application Hang","1002","Hanging Events","The program explorer.exe version 10.0.22621.4391 stopped interacting with Windows and was closed. To see if more information about the problem is available, check the problem history in the Security and Maintenance control panel.
"
"Information","12/11/2024 8:44:20 PM","Microsoft-Windows-Security-SPP","16384",,"Successfully scheduled Software Protection service for re-start at 2024-12-17T05:40:20Z. Reason: RulesEngine."
"Information","12/11/2024 8:43:49 PM","Microsoft-Windows-Security-SPP","16394",,"Offline downlevel migration succeeded."
"Information","12/11/2024 7:39:46 PM","Microsoft-Windows-Defrag","258",,"The storage optimizer successfully completed defragmentation on (C:)"
"Information","12/11/2024 7:39:46 PM","Microsoft-Windows-Defrag","258",,"The storage optimizer successfully completed retrim on (C:)"
"Information","12/11/2024 6:35:25 PM","ESENT","330","General","Video.UI (21260,D,2) {0386A72E-08F6-4CEE-BD73-268321DAAA62}: The database [C:\Users\Admin\AppData\Local\Packages\Microsoft.ZuneVideo_8wekyb3d8bbwe\LocalState\Database\2a25a7a8b3edf10e\tmp.edb] format version is being held back to 8920 (0x22d8) due to application parameter setting of 0x410022D8 (8920 | JET_efvAllowHigherPersistedFormat). Current default engine version: 9480 (0x2508)."
"Information","12/11/2024 6:35:25 PM","ESENT","326","General","Video.UI (21260,D,50) {0386A72E-08F6-4CEE-BD73-268321DAAA62}: The database engine attached a database (1, C:\Users\Admin\AppData\Local\Packages\Microsoft.ZuneVideo_8wekyb3d8bbwe\LocalState\Database\2a25a7a8b3edf10e\EntClientDb.edb). (Time=0 seconds) 
 
Saved Cache: 0 0 
Additional Data: lgposAttach = 00000001:019D:0268,
dbv = 1568.20.0 (8920) 
 
Internal Timing Sequence: 
[1] 0.000001 +J(0)
[2] 0.000313 +J(0) +M(C:0K, Fs:18, WS:8K # 0K, PF:8K # 0K, P:8K)
[3] 0.003002 -0.001508 (5) WT +J(CM:0, PgRf:0, Rd:0/0, Dy:0/0, Lg:3480/2) +M(C:0K, Fs:8, WS:20K # 0K, PF:24K # 0K, P:24K)
[4] 0.000115 +J(0)
[5] -
[6] 0.020163 -0.020086 (2) CM +J(CM:2, PgRf:2, Rd:0/2, Dy:0/0, Lg:0/0) +M(C:0K, Fs:6, WS:20K # 0K, PF:16K # 0K, P:16K)
[7] -
[8] 0.004658 -0.004475 (1) WT +J(CM:1, PgRf:1, Rd:14/1, Dy:0/0, Lg:0/0) +M(C:0K, Fs:22, WS:80K # 0K, PF:296K # 0K, P:296K)
[9] -
[10] -
[11] -
[12] 0.000321 +J(0)
[13] 0.001249 -0.001099 (4) CM +J(CM:4, PgRf:23, Rd:0/4, Dy:0/0, Lg:0/0) +M(C:0K, Fs:24, WS:96K # 0K, PF:8K # 0K, P:8K)
[14] 0.000077 -0.000002 (1) CM +J(CM:1, PgRf:40, Rd:0/1, Dy:0/0, Lg:0/0) +M(C:0K, Fs:4, WS:8K # 0K, PF:64K # 0K, P:64K)
[15] 0.000004 +J(CM:0, PgRf:1, Rd:0/0, Dy:0/0, Lg:0/0)
[16] 0.000006 +J(CM:0, PgRf:1, Rd:0/0, Dy:0/0, Lg:0/0) +M(C:0K, Fs:1, WS:4K # 0K, PF:0K # 0K, P:0K)
[17] 0.000026 +J(CM:0, PgRf:42, Rd:0/0, Dy:0/0, Lg:0/0) +M(C:0K, Fs:1, WS:4K # 0K, PF:0K # 0K, P:0K)
[18] 0.0 +J(0)
[19] 0.0 +J(0)
[20] 0.000003 +J(CM:0, PgRf:1, Rd:0/0, Dy:0/0, Lg:0/0)."
"Information","12/11/2024 6:35:25 PM","ESENT","330","General","Video.UI (21260,D,50) {0386A72E-08F6-4CEE-BD73-268321DAAA62}: The database [C:\Users\Admin\AppData\Local\Packages\Microsoft.ZuneVideo_8wekyb3d8bbwe\LocalState\Database\2a25a7a8b3edf10e\EntClientDb.edb] format version is being held back to 8920 (0x22d8) due to application parameter setting of 0x410022D8 (8920 | JET_efvAllowHigherPersistedFormat). Current default engine version: 9480 (0x2508)."
"Information","12/11/2024 6:35:25 PM","ESENT","105","General","Video.UI (21260,D,0) {0386A72E-08F6-4CEE-BD73-268321DAAA62}: The database engine started a new instance (0). (Time=0 seconds) 
 
Additional Data:
 lgposV2[] = 00000001:0001:0000 - 00000001:019A:002B - 00000001:019B:0000 - 00000001:019B:0000 (00000000:0000:0000)
cReInits = 84
RBSOn = 0
 
 
Internal Timing Sequence: 
[1] 0.004823 +J(0) +M(C:0K, Fs:306, WS:1176K # 1176K, PF:3120K # 3120K, P:3120K)
[2] 0.000216 +J(0) +M(C:0K, Fs:122, WS:488K # 488K, PF:364K # 364K, P:364K)
[3] 0.000014 +J(0) +M(C:0K, Fs:3, WS:12K # 12K, PF:64K # 64K, P:64K)
[4] 0.000104 +J(0) +M(C:0K, Fs:44, WS:176K # 176K, PF:184K # 184K, P:184K)
[5] 0.396799 +J(0) +M(C:0K, Fs:6306, WS:23016K # 23068K, PF:16308K # 16780K, P:16308K)
[6] 0.023119 +J(0) +M(C:0K, Fs:26, WS:104K # 52K, PF:36K # 0K, P:36K)
[7] 0.069892 -0.000001 (1) WT +J(0) +M(C:0K, Fs:536, WS:2136K # 2136K, PF:2052K # 1616K, P:2052K)
[8] 0.031171 -0.003209 (4) WT +J(CM:0, PgRf:0, Rd:0/0, Dy:0/0, Lg:1642176/6676) +M(C:0K, Fs:1604, WS:356K # 364K, PF:192K # 200K, P:192K)
[9] 0.000312 +J(0) +M(C:0K, Fs:1, WS:4K # 0K, PF:0K # 0K, P:0K)
[10] 0.000681 +J(0) +M(C:0K, Fs:1, WS:-2044K # 0K, PF:-2044K # 0K, P:-2044K)
[11] 0.000016 +J(CM:0, PgRf:0, Rd:0/0, Dy:0/0, Lg:49/1) +M(C:0K, Fs:5, WS:20K # 0K, PF:0K # 0K, P:0K)
[12] 0.001331 -0.001286 (2) WT +J(0) +M(C:0K, Fs:5, WS:20K # 0K, PF:0K # 0K, P:0K)
[13] 0.031459 -0.019904 (2) CM -0.007406 (15) WT +J(CM:2, PgRf:2, Rd:0/2, Dy:0/0, Lg:8759/5) +M(C:0K, Fs:550, WS:68K # 108K, PF:92K # 96K, P:92K)
[14] 0.000010 +J(0)
[15] 0.000007 +J(0)
[16] 0.000128 +J(0) +M(C:0K, Fs:2, WS:0K # 0K, PF:0K # 0K, P:0K)."
"Information","12/11/2024 6:35:25 PM","ESENT","302","Logging/Recovery","Video.UI (21260,U,98) {0386A72E-08F6-4CEE-BD73-268321DAAA62}: The database engine has successfully completed recovery steps."
"Information","12/11/2024 6:35:25 PM","ESENT","301","Logging/Recovery","Video.UI (21260,R,98) {0386A72E-08F6-4CEE-BD73-268321DAAA62}: The database engine has finished replaying logfile C:\Users\Admin\AppData\Local\Packages\Microsoft.ZuneVideo_8wekyb3d8bbwe\LocalState\Database\2a25a7a8b3edf10e\edb.log. 
 
Processing Stats: 
[1] 0.029569 -0.003209 (4) WT +J(CM:0, PgRf:0, Rd:0/0, Dy:0/0, Lg:1642176/6676) +M(C:0K, Fs:1576, WS:252K # 260K, PF:120K # 128K, P:120K). 
Log record of type 'Insert   ' was seen most frequently (2369 times)"
"Information","12/11/2024 6:35:25 PM","ESENT","330","General","Video.UI (21260,R,98) {0386A72E-08F6-4CEE-BD73-268321DAAA62}: The database [C:\Users\Admin\AppData\Local\Packages\Microsoft.ZuneVideo_8wekyb3d8bbwe\LocalState\Database\2a25a7a8b3edf10e\EntClientDb.edb] format version is being held back to 8920 (0x22d8) due to application parameter setting of 0x410022D8 (8920 | JET_efvAllowHigherPersistedFormat). Current default engine version: 9480 (0x2508)."
"Information","12/11/2024 6:35:25 PM","ESENT","335","Logging/Recovery","Video.UI (21260,R,98) {0386A72E-08F6-4CEE-BD73-268321DAAA62}: Replay of a Create for database ""C:\Users\Admin\AppData\Local\Packages\Microsoft.ZuneVideo_8wekyb3d8bbwe\LocalState\Database\2a25a7a8b3edf10e\EntClientDb.edb"" at log position (00000001,0001,0268) was deferred due to AttachFuture.  Additional information:  "
"Information","12/11/2024 6:35:25 PM","ESENT","300","Logging/Recovery","Video.UI (21260,R,98) {0386A72E-08F6-4CEE-BD73-268321DAAA62}: The database engine is initiating recovery steps."
"Information","12/11/2024 6:35:25 PM","ESENT","102","General","Video.UI (21260,P,98) {0386A72E-08F6-4CEE-BD73-268321DAAA62}: The database engine (10.00.22631.0000) is starting a new instance (0)."
"Information","12/11/2024 6:28:01 PM","Microsoft-Windows-Security-SPP","16384",,"Successfully scheduled Software Protection service for re-start at 2024-12-17T05:41:00Z. Reason: RulesEngine."
"Information","12/11/2024 6:27:28 PM","Microsoft-Windows-Security-SPP","16394",,"Offline downlevel migration succeeded."
"Information","12/11/2024 5:43:04 PM","Windows Error Reporting","1001",,"Fault bucket 1459860715194390796, type 5
Event Name: AppHangXProcB1
Response: Not available
Cab Id: 0

Problem signature:
P1: explorer.exe
P2: 10.0.22621.4391
P3: 89d472c9
P4: a588
P5: 134217744
P6: SystemSettings.exe
P7: 10.0.22621.4391
P8: 
P9: 
P10: 

Attached files:
\\?\C:\ProgramData\Microsoft\Windows\WER\Temp\WER.302747d6-65dc-4e51-b8e8-0403b6cf50bf.tmp.WERInternalMetadata.xml
\\?\C:\ProgramData\Microsoft\Windows\WER\ReportQueue\AppHang_explorer.exe_defecb3e27d89bf5283b903ef41dd58979f1581a_f8bbfbd9_cab_ea2a6f12-60fc-4d6a-8c9f-271e042a90e0\WPR_initiated_DiagTrackMiniLogger_OneTrace_User_Logger_20240808_1_EC_0_inject.etl
\\?\C:\ProgramData\Microsoft\Windows\WER\Temp\WER.0fc600af-24bd-4f84-af4a-5a9d13861966.tmp.etl
\\?\C:\ProgramData\Microsoft\Windows\WER\ReportQueue\AppHang_explorer.exe_defecb3e27d89bf5283b903ef41dd58979f1581a_f8bbfbd9_cab_ea2a6f12-60fc-4d6a-8c9f-271e042a90e0\WPR_initiated_DiagTrackMiniLogger_WPR System Collector_inject.etl
\\?\C:\ProgramData\Microsoft\Windows\WER\Temp\WER.094ed663-069d-480b-bd83-92a744ec38b7.tmp.etl
\\?\C:\ProgramData\Microsoft\Windows\WER\Temp\WER.281378b0-da29-4f84-8a6c-7a23da23dc2c.tmp.csv
\\?\C:\ProgramData\Microsoft\Windows\WER\Temp\WER.25a0acc5-62dd-4155-9c1d-31e576532f5e.tmp.txt
\\?\C:\Users\Admin\AppData\Local\Temp\WER.039ce73c-39b2-4f90-af5b-0d5e8cb9f5d5.tmp.appcompat.txt
\\?\C:\ProgramData\Microsoft\Windows\WER\Temp\WER.00879612-c52b-499c-bab0-057e8ab2466e.tmp.xml
\\?\C:\Users\Admin\AppData\Local\Temp\WER.007fb756-8057-48ea-a2cd-91612f208fb6.tmp.xml
\\?\C:\ProgramData\Microsoft\Windows\WER\ReportQueue\AppHang_explorer.exe_defecb3e27d89bf5283b903ef41dd58979f1581a_f8bbfbd9_cab_ea2a6f12-60fc-4d6a-8c9f-271e042a90e0\minidump.mdmp
\\?\C:\ProgramData\Microsoft\Windows\WER\ReportQueue\AppHang_explorer.exe_defecb3e27d89bf5283b903ef41dd58979f1581a_f8bbfbd9_cab_ea2a6f12-60fc-4d6a-8c9f-271e042a90e0\memory.hdmp

These files may be available here:
\\?\C:\ProgramData\Microsoft\Windows\WER\ReportArchive\AppHang_explorer.exe_defecb3e27d89bf5283b903ef41dd58979f1581a_f8bbfbd9_ea2a6f12-60fc-4d6a-8c9f-271e042a90e0

Analysis symbol: 
Rechecking for solution: 0
Report Id: 846ab22f-9758-4fba-831e-37c107fec9dc
Report Status: 268435456
Hashed bucket: e2c520d4e8d1baf9d4427795f6b5990c
Cab Guid: 0"
"Error","12/11/2024 5:43:00 PM","Application Hang","1002","Hanging Events","The program explorer.exe version 10.0.22621.4391 stopped interacting with Windows and was closed. To see if more information about the problem is available, check the problem history in the Security and Maintenance control panel.
"
