"Information","12/2/2024 1:19:39 PM","ESENT","301","Logging/Recovery","Video.UI (8228,R,98) {5822F2A6-7B60-4CAC-B85A-F0E462ABB81D}: The database engine has finished replaying logfile C:\Users\Admin\AppData\Local\Packages\Microsoft.ZuneVideo_8wekyb3d8bbwe\LocalState\Database\2a25a7a8b3edf10e\edb.log. 
 
Processing Stats: 
[1] 0.025883 -0.001617 (4) WT +J(CM:0, PgRf:0, Rd:0/0, Dy:0/0, Lg:1512384/6598) +M(C:0K, Fs:1451, WS:260K # 268K, PF:124K # 132K, P:124K). 
Log record of type 'Insert   ' was seen most frequently (2369 times)"
"Information","12/2/2024 1:19:39 PM","ESENT","330","General","Video.UI (8228,R,98) {5822F2A6-7B60-4CAC-B85A-F0E462ABB81D}: The database [C:\Users\Admin\AppData\Local\Packages\Microsoft.ZuneVideo_8wekyb3d8bbwe\LocalState\Database\2a25a7a8b3edf10e\EntClientDb.edb] format version is being held back to 8920 (0x22d8) due to application parameter setting of 0x410022D8 (8920 | JET_efvAllowHigherPersistedFormat). Current default engine version: 9480 (0x2508)."
"Information","12/2/2024 1:19:39 PM","ESENT","335","Logging/Recovery","Video.UI (8228,R,98) {5822F2A6-7B60-4CAC-B85A-F0E462ABB81D}: Replay of a Create for database ""C:\Users\Admin\AppData\Local\Packages\Microsoft.ZuneVideo_8wekyb3d8bbwe\LocalState\Database\2a25a7a8b3edf10e\EntClientDb.edb"" at log position (00000001,0001,0268) was deferred due to AttachFuture.  Additional information:  "
"Information","12/2/2024 1:19:39 PM","ESENT","300","Logging/Recovery","Video.UI (8228,R,98) {5822F2A6-7B60-4CAC-B85A-F0E462ABB81D}: The database engine is initiating recovery steps."
"Information","12/2/2024 1:19:39 PM","ESENT","102","General","Video.UI (8228,P,98) {5822F2A6-7B60-4CAC-B85A-F0E462ABB81D}: The database engine (10.00.22631.0000) is starting a new instance (0)."
"Information","12/2/2024 1:16:15 PM","Microsoft-Windows-Security-SPP","16384",,"Successfully scheduled Software Protection service for re-start at 2024-12-03T05:38:15Z. Reason: RulesEngine."
"Information","12/2/2024 1:15:45 PM","Microsoft-Windows-Security-SPP","16394",,"Offline downlevel migration succeeded."
"Information","12/2/2024 1:08:21 PM","Microsoft-Windows-Winlogon","6000",,"The winlogon notification subscriber <SessionEnv> was unavailable to handle a notification event."
"Information","12/2/2024 1:08:20 PM","Microsoft-Windows-Winlogon","6003",,"The winlogon notification subscriber <SessionEnv> was unavailable to handle a critical notification event."
"Information","12/2/2024 1:05:12 PM","Microsoft-Windows-Security-SPP","16384",,"Successfully scheduled Software Protection service for re-start at 2024-12-03T05:38:12Z. Reason: RulesEngine."
"Information","12/2/2024 1:04:42 PM","Microsoft-Windows-Security-SPP","16394",,"Offline downlevel migration succeeded."
"Information","12/2/2024 1:04:29 PM","VSS","8224",,"The VSS service is shutting down due to idle timeout. "
"Information","12/2/2024 1:03:23 PM","SecurityCenter","15",,"Updated Windows Defender status successfully to SECURITY_PRODUCT_STATE_ON."
"Information","12/2/2024 1:01:32 PM","SecurityCenter","15",,"Updated Windows Defender status successfully to SECURITY_PRODUCT_STATE_ON."
"Information","12/2/2024 1:01:31 PM","ESENT","326","General","svchost (6300,D,50) DS_Token_DB: The database engine attached a database (1, C:\Windows\system32\config\systemprofile\AppData\Local\DataSharing\Storage\DSTokenDB2.dat). (Time=0 seconds) 
 
Saved Cache: 1 0 
Additional Data: lgposAttach = 00000023:0006:0268,
dbv = 1568.230.500 (9480) 
 
Internal Timing Sequence: 
[1] 0.000003 +J(0)
[2] 0.001813 -0.001172 (1) WT +J(0) +M(C:0K, Fs:17, WS:4K # 16K, PF:4K # 8K, P:4K)
[3] 0.004729 -0.000892 (6) WT +J(CM:0, PgRf:0, Rd:0/0, Dy:0/0, Lg:3480/2) +M(C:0K, Fs:6, WS:20K # 0K, PF:20K # 0K, P:20K)
[4] 0.001075 +J(0) +M(C:0K, Fs:1, WS:4K # 0K, PF:4K # 0K, P:4K)
[5] -
[6] 0.000919 -0.000827 (2) CM -0.000773 (2) WT +J(CM:2, PgRf:2, Rd:0/2, Dy:0/0, Lg:0/0)
[7] 0.000005 +J(0) +M(C:0K, Fs:1, WS:4K # 0K, PF:0K # 0K, P:0K)
[8] 0.000600 -0.000319 (1) CM -0.000272 (1) WT +J(CM:1, PgRf:1, Rd:4/1, Dy:0/0, Lg:0/0) +M(C:16K, Fs:21, WS:84K # 48K, PF:208K # 172K, P:208K)
[9] -
[10] -
[11] -
[12] 0.000010 +J(CM:0, PgRf:0, Rd:0/0, Dy:0/0, Lg:54/1) +M(C:0K, Fs:1, WS:4K # 4K, PF:20K # 16K, P:20K)
[13] 0.000850 -0.000713 (2) CM -0.000666 (2) WT +J(CM:2, PgRf:23, Rd:0/2, Dy:0/0, Lg:0/0) +M(C:-8K, Fs:19, WS:68K # 68K, PF:-4K # 0K, P:-4K)
[14] 0.001885 -0.001761 (2) CM -0.001710 (2) WT +J(CM:2, PgRf:40, Rd:0/2, Dy:0/0, Lg:0/0) +M(C:0K, Fs:2, WS:8K # 8K, PF:64K # 60K, P:64K)
[15] 0.000008 +J(CM:0, PgRf:1, Rd:0/0, Dy:0/0, Lg:0/0)
[16] 0.000008 +J(CM:0, PgRf:1, Rd:0/0, Dy:0/0, Lg:0/0) +M(C:0K, Fs:1, WS:4K # 4K, PF:0K # 0K, P:0K)
[17] 0.000037 +J(CM:0, PgRf:42, Rd:0/0, Dy:0/0, Lg:0/0) +M(C:0K, Fs:4, WS:16K # 16K, PF:0K # 0K, P:0K)
[18] 0.0 +J(0)
[19] 0.0 +J(0)
[20] 0.000004 +J(CM:0, PgRf:1, Rd:0/0, Dy:0/0, Lg:0/0)."
"Information","12/2/2024 1:01:31 PM","ESENT","105","General","svchost (6300,D,0) DS_Token_DB: The database engine started a new instance (0). (Time=0 seconds) 
 
Additional Data:
 lgposV2[] = 00000023:0001:0000 - 00000023:0003:0367 - 00000023:0004:0000 - 00000023:0004:0000 (00000000:0000:0000)
cReInits = 1
RBSOn = 0
 
 
Internal Timing Sequence: 
[1] 0.000466 +J(0) +M(C:0K, Fs:155, WS:600K # 600K, PF:3024K # 3024K, P:3024K)
[2] 0.000217 +J(0) +M(C:8K, Fs:162, WS:640K # 640K, PF:1256K # 1256K, P:1256K)
[3] 0.000016 +J(0) +M(C:0K, Fs:18, WS:64K # 64K, PF:72K # 72K, P:72K)
[4] 0.000108 +J(0) +M(C:0K, Fs:91, WS:364K # 364K, PF:188K # 188K, P:188K)
[5] 0.000764 +J(0) +M(C:0K, Fs:90, WS:360K # 360K, PF:28K # 28K, P:28K)
[6] 0.002956 +J(0) +M(C:0K, Fs:68, WS:268K # 268K, PF:56K # 56K, P:56K)
[7] 0.001652 -0.001077 (2) WT +J(0) +M(C:0K, Fs:36, WS:144K # 144K, PF:68K # 68K, P:68K)
[8] 0.019313 -0.010064 (11) WT +J(CM:0, PgRf:0, Rd:0/0, Dy:0/0, Lg:12168/8) +M(C:0K, Fs:122, WS:336K # 340K, PF:232K # 236K, P:232K)
[9] 0.000517 +J(0) +M(C:0K, Fs:8, WS:32K # 28K, PF:8K # 4K, P:8K)
[10] 0.001291 -0.000700 (1) WT +J(0) +M(C:0K, Fs:18, WS:12K # 72K, PF:16K # 76K, P:16K)
[11] 0.000024 +J(CM:0, PgRf:0, Rd:0/0, Dy:0/0, Lg:49/1) +M(C:0K, Fs:5, WS:20K # 0K, PF:0K # 0K, P:0K)
[12] 0.000344 +J(0)
[13] 0.014869 -0.000613 (2) CM -0.004491 (17) WT +J(CM:2, PgRf:2, Rd:0/2, Dy:0/0, Lg:8759/5) +M(C:0K, Fs:53, WS:100K # 124K, PF:160K # 168K, P:160K)
[14] 0.000017 +J(0)
[15] 0.000014 +J(0)
[16] 0.000739 -0.000173 (1) WT +J(0) +M(C:0K, Fs:2, WS:0K # 0K, PF:0K # 0K, P:0K)."
"Information","12/2/2024 1:01:31 PM","ESENT","302","Logging/Recovery","svchost (6300,U,98) DS_Token_DB: The database engine has successfully completed recovery steps."
"Information","12/2/2024 1:01:31 PM","ESENT","301","Logging/Recovery","svchost (6300,R,98) DS_Token_DB: The database engine has finished replaying logfile C:\Windows\system32\config\systemprofile\AppData\Local\DataSharing\Storage\DSS.log. 
 
Processing Stats: 
[1] 0.012654 -0.007718 (7) WT +J(CM:0, PgRf:0, Rd:0/0, Dy:0/0, Lg:12168/8) +M(C:0K, Fs:66, WS:192K # 132K, PF:140K # 76K, P:140K). 
Log record of type 'AttachDB ' was seen most frequently (1 times)"
"Information","12/2/2024 1:01:31 PM","ESENT","300","Logging/Recovery","svchost (6300,R,98) DS_Token_DB: The database engine is initiating recovery steps."
"Information","12/2/2024 1:01:31 PM","ESENT","102","General","svchost (6300,P,98) DS_Token_DB: The database engine (10.00.22631.0000) is starting a new instance (0)."
"Information","12/2/2024 1:01:29 PM","Microsoft-Windows-System-Restore","8302",,"Scoping successfully completed for shadowcopy \\?\GLOBALROOT\Device\HarddiskVolumeShadowCopy4."
"Information","12/2/2024 1:01:29 PM","Microsoft-Windows-System-Restore","8301",,"Scoping completed for shadowcopy \\?\GLOBALROOT\Device\HarddiskVolumeShadowCopy4."
"Information","12/2/2024 1:00:37 PM","Microsoft-Windows-System-Restore","8300",,"Scoping started for shadowcopy \\?\GLOBALROOT\Device\HarddiskVolumeShadowCopy4."
"Information","12/2/2024 1:00:30 PM","System Restore","8212",,"Successfully created scheduled restore point."
"Information","12/2/2024 1:00:30 PM","System Restore","8194",,"Successfully created restore point (Process = C:\Windows\system32\srtasks.exe ExecuteScheduledSPPCreation; Description = Scheduled Checkpoint)."
"Information","12/2/2024 12:59:05 PM","Microsoft-Windows-Security-SPP","16384",,"Successfully scheduled Software Protection service for re-start at 2024-12-03T05:39:05Z. Reason: RulesEngine."
"Information","12/2/2024 12:58:51 PM","edgeupdate","0",,"Service stopped."
"Information","12/2/2024 12:57:57 PM","SecurityCenter","15",,"Updated Windows Defender status successfully to SECURITY_PRODUCT_STATE_ON."
"Information","12/2/2024 12:57:25 PM","Microsoft-Windows-Security-SPP","16394",,"Offline downlevel migration succeeded."
"Information","12/2/2024 12:51:51 PM","Microsoft-Windows-Security-SPP","16384",,"Successfully scheduled Software Protection service for re-start at 2024-12-03T05:38:51Z. Reason: RulesEngine."
"Information","12/2/2024 12:51:26 PM","Microsoft-Windows-Search","1003","Search service","The Windows Search Service started.
"
"Information","12/2/2024 12:51:23 PM","SecurityCenter","15",,"Updated Windows Defender status successfully to SECURITY_PRODUCT_STATE_ON."
"Information","12/2/2024 12:51:21 PM","SecurityCenter","1",,"The Windows Security Center Service has started."
"Information","12/2/2024 12:51:21 PM","Microsoft-Windows-Security-SPP","16394",,"Offline downlevel migration succeeded."
"Information","12/2/2024 12:51:21 PM","Microsoft-Windows-Security-SPP","900",,"The Software Protection service is starting.
Parameters:<explicit>"
"Information","12/2/2024 12:51:19 PM","edgeupdate","0",,"Service stopped."
"Information","12/2/2024 12:50:35 PM","Microsoft-Windows-Security-SPP","903",,"The Software Protection service has stopped.
"
"Information","12/2/2024 12:50:35 PM","Microsoft-Windows-Security-SPP","16384",,"Successfully scheduled Software Protection service for re-start at 2024-12-03T05:38:35Z. Reason: RulesEngine."
"Information","12/2/2024 12:49:59 PM","Microsoft-Windows-Security-SPP","902",,"The Software Protection service has started.
10.0.22621.4391"
"Information","12/2/2024 12:49:59 PM","Microsoft-Windows-Security-SPP","1003",,"The Software Protection service has completed licensing status check.
Application Id=55c92734-d682-4d71-983e-d6ec3f16059f
Licensing Status=
1: 040fa323-92b1-4baf-97a2-5b67feaefddb, 1, 0 [(0 [0xC004F014, 0, 0], [(?)(?)(?)(?)(?)(?)(?)(?)])(1 )(2 )(3 )]
2: 0724cb7d-3437-4cb7-93cb-830375d0079d, 1, 0 [(0 [0xC004F014, 0, 0], [(?)(?)(?)(?)(?)(?)(?)(?)])(1 )(2 )(3 )]
3: 0ad2ac98-7bb9-4201-8d92-312299201369, 1, 0 [(0 [0xC004F014, 0, 0], [(?)(?)(?)(?)(?)(?)(?)(?)])(1 )(2 )(3 )]
4: 1a9a717a-cf13-4ba5-83c3-0fe25fa868d5, 1, 0 [(0 [0xC004F014, 0, 0], [(?)(?)(?)(?)(?)(?)(?)(?)])(1 )(2 )(3 )]
5: 221a02da-e2a1-4b75-864c-0a4410a33fdf, 1, 0 [(0 [0xC004F014, 0, 0], [(?)(?)(?)(?)(?)(?)(?)(?)])(1 )(2 )(3 )]
6: 291ece0e-9c38-40ca-a9e1-32cc7ec19507, 1, 0 [(0 [0xC004F014, 0, 0], [(?)(?)(?)(?)(?)(?)(?)(?)])(1 )(2 )(3 )]
7: 2936d1d2-913a-4542-b54e-ce5a602a2a38, 1, 0 [(0 [0xC004F014, 0, 0], [(?)(?)(?)(?)(?)(?)(?)(?)])(1 )(2 )(3 )]
8: 2c293c26-a45a-4a2a-a350-c69a67097529, 1, 0 [(0 [0xC004F014, 0, 0], [(?)(?)(?)(?)(?)(?)(?)(?)])(1 )(2 )(3 )]
9: 2de67392-b7a7-462a-b1ca-108dd189f588, 1, 1 [(0 [0x00000000, 1, 0], [(?)( 1 0x00000000)(?)( 2 0x00000000 0 0 msft:rm/algorithm/volume/1.0 0x00000000 250609)(?)(?)( 10 0x00000000 msft:rm/algorithm/flags/1.0)(?)])(1 )(2 )(3 )]
10: 2ffd8952-423e-4903-b993-72a1aa44cf82, 1, 0 [(0 [0xC004F014, 0, 0], [(?)(?)(?)(?)(?)(?)(?)(?)])(1 )(2 )(3 )]
11: 30a42c86-b7a0-4a34-8c90-ff177cb2acb7, 1, 0 [(0 [0xC004F014, 0, 0], [(?)(?)(?)(?)(?)(?)(?)(?)])(1 )(2 )(3 )]
12: 345a5db0-d94f-4e3b-a0c0-7c42f7bc3ebf, 1, 0 [(0 [0xC004F014, 0, 0], [(?)(?)(?)(?)(?)(?)(?)(?)])(1 )(2 )(3 )]
13: 3502365a-f88a-4ba4-822a-5769d3073b65, 1, 0 [(0 [0xC004F014, 0, 0], [(?)(?)(?)(?)(?)(?)(?)(?)])(1 )(2 )(3 )]
14: 377333b1-8b5d-48d6-9679-1225c872d37c, 1, 0 [(0 [0xC004F014, 0, 0], [(?)(?)(?)(?)(?)(?)(?)(?)])(1 )(2 )(3 )]
15: 3df374ef-d444-4494-a5a1-4b0d9fd0e203, 1, 0 [(0 [0xC004F014, 0, 0], [(?)(?)(?)(?)(?)(?)(?)(?)])(1 )(2 )(3 )]
16: 3f1afc82-f8ac-4f6c-8005-1d233e606eee, 1, 0 [(0 [0xC004F014, 0, 0], [(?)(?)(?)(?)(?)(?)(?)(?)])(1 )(2 )(3 )]
17: 49cd895b-53b2-4dc4-a5f7-b18aa019ad37, 1, 0 [(0 [0xC004F014, 0, 0], [(?)(?)(?)(?)(?)(?)(?)(?)])(1 )(2 )(3 )]
18: 4de7cb65-cdf1-4de9-8ae8-e3cce27b9f2c, 1, 0 [(0 [0xC004F014, 0, 0], [(?)(?)(?)(?)(?)(?)(?)(?)])(1 )(2 )(3 )]
19: 4f3da0d2-271d-4508-ae81-626b60809a38, 1, 0 [(0 [0xC004F014, 0, 0], [(?)(?)(?)(?)(?)(?)(?)(?)])(1 )(2 )(3 )]
20: 5d78c4e9-aeb3-4b40-8ac2-6a6005e0ad6d, 1, 0 [(0 [0xC004F014, 0, 0], [(?)(?)(?)(?)(?)(?)(?)(?)])(1 )(2 )(3 )]
21: 60b3ec1b-9545-4921-821f-311b129dd6f6, 1, 0 [(0 [0xC004F014, 0, 0], [(?)(?)(?)(?)(?)(?)(?)(?)])(1 )(2 )(3 )]
22: 613d217f-7f13-4268-9907-1662339531cd, 1, 0 [(0 [0xC004F014, 0, 0], [(?)(?)(?)(?)(?)(?)(?)(?)])(1 )(2 )(3 )]
23: 62f0c100-9c53-4e02-b886-a3528ddfe7f6, 1, 0 [(0 [0xC004F014, 0, 0], [(?)(?)(?)(?)(?)(?)(?)(?)])(1 )(2 )(3 )]
24: 6365275e-368d-46ca-a0ef-fc0404119333, 1, 0 [(0 [0xC004F014, 0, 0], [(?)(?)(?)(?)(?)(?)(?)(?)])(1 )(2 )(3 )]
25: 721f9237-9341-4453-a661-09e8baa6cca5, 1, 0 [(0 [0xC004F014, 0, 0], [(?)(?)(?)(?)(?)(?)(?)(?)])(1 )(2 )(3 )]
26: 73111121-5638-40f6-bc11-f1d7b0d64300, 1, 0 [(0 [0xC004F014, 0, 0], [(?)(?)(?)(?)(?)(?)(?)(?)])(1 )(2 )(3 )]
27: 7a802526-4c94-4bd1-ba14-835a1aca2120, 1, 0 [(0 [0xC004F014, 0, 0], [(?)(?)(?)(?)(?)(?)(?)(?)])(1 )(2 )(3 )]
28: 7cb546c0-c7d5-44d8-9a5c-69ecdd782b69, 1, 0 [(0 [0xC004F014, 0, 0], [(?)(?)(?)(?)(?)(?)(?)(?)])(1 )(2 )(3 )]
29: 82bbc092-bc50-4e16-8e18-b74fc486aec3, 1, 0 [(0 [0xC004F014, 0, 0], [(?)(?)(?)(?)(?)(?)(?)(?)])(1 )(2 )(3 )]
30: 8ab9bdd1-1f67-4997-82d9-8878520837d9, 1, 0 [(0 [0xC004F014, 0, 0], [(?)(?)(?)(?)(?)(?)(?)(?)])(1 )(2 )(3 )]
31: 8b351c9c-f398-4515-9900-09df49427262, 1, 0 [(0 [0xC004F014, 0, 0], [(?)(?)(?)(?)(?)(?)(?)(?)])(1 )(2 )(3 )]
32: 90da7373-1c51-430b-bf26-c97e9c5cdc31, 1, 0 [(0 [0xC004F014, 0, 0], [(?)(?)(?)(?)(?)(?)(?)(?)])(1 )(2 )(3 )]
33: 92fb8726-92a8-4ffc-94ce-f82e07444653, 1, 0 [(0 [0xC004F014, 0, 0], [(?)(?)(?)(?)(?)(?)(?)(?)])(1 )(2 )(3 )]
34: 95dca82f-385d-4d39-b85b-5c73fa285d6f, 1, 0 [(0 [0xC004F014, 0, 0], [(?)(?)(?)(?)(?)(?)(?)(?)])(1 )(2 )(3 )]
35: a48938aa-62fa-4966-9d44-9f04da3f72f2, 1, 0 [(0 [0xC004F014, 0, 0], [(?)(?)(?)(?)(?)(?)(?)(?)])(1 )(2 )(3 )]
36: b0773a15-df3a-4312-9ad2-83d69648e356, 1, 0 [(0 [0xC004F014, 0, 0], [(?)(?)(?)(?)(?)(?)(?)(?)])(1 )(2 )(3 )]
37: b4bfe195-541e-4e64-ad23-6177f19e395e, 1, 0 [(0 [0xC004F014, 0, 0], [(?)(?)(?)(?)(?)(?)(?)(?)])(1 )(2 )(3 )]
38: b68e61d2-68ca-4757-be45-0cc2f3e68eee, 1, 0 [(0 [0xC004F014, 0, 0], [(?)(?)(?)(?)(?)(?)(?)(?)])(1 )(2 )(3 )]
39: bd3762d7-270d-4760-8fb3-d829ca45278a, 1, 0 [(0 [0xC004F014, 0, 0], [(?)(?)(?)(?)(?)(?)(?)(?)])(1 )(2 )(3 )]
40: c86d5194-4840-4dae-9c1c-0301003a5ab0, 1, 0 [(0 [0xC004F014, 0, 0], [(?)(?)(?)(?)(?)(?)(?)(?)])(1 )(2 )(3 )]
41: ca7df2e3-5ea0-47b8-9ac1-b1be4d8edd69, 1, 0 [(0 [0xC004F014, 0, 0], [(?)(?)(?)(?)(?)(?)(?)(?)])(1 )(2 )(3 )]
42: d552befb-48cc-4327-8f39-47d2d94f987c, 1, 0 [(0 [0xC004F014, 0, 0], [(?)(?)(?)(?)(?)(?)(?)(?)])(1 )(2 )(3 )]
43: d6eadb3b-5ca8-4a6b-986e-35b550756111, 1, 0 [(0 [0xC004F014, 0, 0], [(?)(?)(?)(?)(?)(?)(?)(?)])(1 )(2 )(3 )]
44: df96023b-dcd9-4be2-afa0-c6c871159ebe, 1, 0 [(0 [0xC004F014, 0, 0], [(?)(?)(?)(?)(?)(?)(?)(?)])(1 )(2 )(3 )]
45: e0c42288-980c-4788-a014-c080d2e1926e, 1, 0 [(0 [0xC004F014, 0, 0], [(?)(?)(?)(?)(?)(?)(?)(?)])(1 )(2 )(3 )]
46: e4db50ea-bda1-4566-b047-0ca50abc6f07, 1, 0 [(0 [0xC004F014, 0, 0], [(?)(?)(?)(?)(?)(?)(?)(?)])(1 )(2 )(3 )]
47: e558417a-5123-4f6f-91e7-385c1c7ca9d4, 1, 0 [(0 [0xC004F014, 0, 0], [(?)(?)(?)(?)(?)(?)(?)(?)])(1 )(2 )(3 )]
48: e7a950a2-e548-4f10-bf16-02ec848e0643, 1, 0 [(0 [0xC004F014, 0, 0], [(?)(?)(?)(?)(?)(?)(?)(?)])(1 )(2 )(3 )]
49: eb6d346f-1c60-4643-b960-40ec31596c45, 1, 0 [(0 [0xC004F014, 0, 0], [(?)(?)(?)(?)(?)(?)(?)(?)])(1 )(2 )(3 )]
50: ec868e65-fadf-4759-b23e-93fe37f2cc29, 1, 0 [(0 [0xC004F014, 0, 0], [(?)(?)(?)(?)(?)(?)(?)(?)])(1 )(2 )(3 )]
51: ef51e000-2659-4f25-8345-3de70a9cf4c4, 1, 0 [(0 [0xC004F014, 0, 0], [(?)(?)(?)(?)(?)(?)(?)(?)])(1 )(2 )(3 )]
52: f7af7d09-40e4-419c-a49b-eae366689ebd, 1, 0 [(0 [0xC004F014, 0, 0], [(?)(?)(?)(?)(?)(?)(?)(?)])(1 )(2 )(3 )]
53: fa755fe6-6739-40b9-8d84-6d0ea3b6d1ab, 1, 0 [(0 [0xC004F014, 0, 0], [(?)(?)(?)(?)(?)(?)(?)(?)])(1 )(2 )(3 )]
54: fe74f55b-0338-41d6-b267-4a201abe7285, 1, 0 [(0 [0xC004F014, 0, 0], [(?)(?)(?)(?)(?)(?)(?)(?)])(1 )(2 )(3 )]

"
"Information","12/2/2024 12:49:58 PM","Microsoft-Windows-Security-SPP","1066",,"Initialization status for service objects.
C:\Windows\system32\sppwinob.dll, msft:spp/windowsfunctionality/agent/7.0, 0x00000000, 0x00000000
C:\Windows\system32\sppobjs.dll, msft:rm/algorithm/inherited/1.0, 0x00000000, 0x00000000
C:\Windows\system32\sppobjs.dll, msft:rm/algorithm/phone/1.0, 0x00000000, 0x00000000
C:\Windows\system32\sppobjs.dll, msft:rm/algorithm/pkey/detect, 0x00000000, 0x00000000
C:\Windows\system32\sppobjs.dll, msft:spp/ActionScheduler/1.0, 0x00000000, 0x00000000
C:\Windows\system32\sppobjs.dll, msft:spp/TaskScheduler/1.0, 0x00000000, 0x00000000
C:\Windows\system32\sppobjs.dll, msft:spp/statecollector/pkey, 0x00000000, 0x00000000
C:\Windows\system32\sppobjs.dll, msft:spp/volume/services/kms/1.0, 0x00000000, 0x00000000
C:\Windows\system32\sppobjs.dll, msft:spp/volume/services/kms/activationinfo/1.0, 0x00000000, 0x00000000
"
"Information","12/2/2024 12:49:58 PM","Microsoft-Windows-Security-SPP","16394",,"Offline downlevel migration succeeded."
"Information","12/2/2024 12:49:58 PM","Microsoft-Windows-Security-SPP","900",,"The Software Protection service is starting.
Parameters:TriggerStarted:6"
"Warning","12/2/2024 12:49:30 PM","Microsoft-Windows-WMI","63",,"A provider, IntelMEProv, has been registered in the Windows Management Instrumentation namespace root\Intel_ME to use the LocalSystem account. This account is privileged and the provider may cause a security violation if it does not correctly impersonate user requests."
"Warning","12/2/2024 12:49:30 PM","Microsoft-Windows-WMI","63",,"A provider, IntelMEProv, has been registered in the Windows Management Instrumentation namespace root\Intel_ME to use the LocalSystem account. This account is privileged and the provider may cause a security violation if it does not correctly impersonate user requests."
"Warning","12/2/2024 12:49:30 PM","Microsoft-Windows-WMI","63",,"A provider, IntelMEProv, has been registered in the Windows Management Instrumentation namespace root\Intel_ME to use the LocalSystem account. This account is privileged and the provider may cause a security violation if it does not correctly impersonate user requests."
"Information","12/2/2024 12:49:30 PM","WMIRegistrationService","2",,"Intel(R) WMI Registration Service has successfully finished WMI Registration."
"Information","12/2/2024 12:49:29 PM","Microsoft-Windows-WMI","5617",,"Windows Management Instrumentation Service subsystems initialized successfully"
,"12/2/2024 12:49:30 PM","AsusUpdateCheck","0",,
"Information","12/2/2024 12:49:12 PM","Microsoft-Windows-WMI","5615",,"Windows Management Instrumentation Service started sucessfully"
"Information","12/2/2024 12:49:20 PM","OpenVpnService","0",,"Service started successfully."
"Information","12/2/2024 12:49:09 PM","Microsoft-Windows-User Profiles Service","1531",,"The User Profile Service has started successfully.  

"
"Information","12/2/2024 12:49:16 PM","WMIRegistrationService","0",,"Intel(R) WMI Registration Service started."
,"12/2/2024 12:49:15 PM","AsusUpdateCheck","0",,
"Information","12/2/2024 12:49:15 PM","IntelDalJhi","0",,"Intel(R) Dynamic Application Loader Host Interface Service started."
"Information","11/29/2024 9:57:35 PM","Microsoft-Windows-Security-SPP","16384",,"Successfully scheduled Software Protection service for re-start at 2024-12-03T05:38:35Z. Reason: RulesEngine."
"Information","11/29/2024 9:57:04 PM","Microsoft-Windows-Security-SPP","1003",,"The Software Protection service has completed licensing status check.
Application Id=0ff1ce15-a989-479d-af46-f275c6370663
Licensing Status=
1: 85dd8b5f-eaa4-4af3-a628-cce9e77c9a03, 1, 1 [(0 [0x00000000, 1, 0], [(?)( 1 0x00000000)(?)( 2 0x00000000 0 0 msft:rm/algorithm/volume/1.0 0x00000000 255747)(?)(?)(?)(?)])(1 )(2 )(3 )]

"
"Information","11/29/2024 9:57:04 PM","Microsoft-Windows-Security-SPP","1003",,"The Software Protection service has completed licensing status check.
Application Id=0ff1ce15-a989-479d-af46-f275c6370663
Licensing Status=
1: 0b4e6cfa-3072-434c-b702-bd1836e6887c, 1, 0 [(0 [0xC004F014, 0, 0], [(?)(?)(?)(?)(?)(?)(?)(?)])(1 )(2 )(3 )]
2: 0bc88885-718c-491d-921f-6f214349e79c, 1, 0 [(0 [0xC004F014, 0, 0], [(?)(?)(?)(?)(?)(?)(?)(?)])(1 )(2 )(3 )]
3: 6755c7a7-4dfe-46f5-bce8-427be8e9dc62, 1, 0 [(0 [0xC004F014, 0, 0], [(?)(?)(?)(?)(?)(?)(?)(?)])(1 )(2 )(3 )]
4: 85dd8b5f-eaa4-4af3-a628-cce9e77c9a03, 1, 1 [(0 [0x00000000, 1, 0], [(?)( 1 0x00000000)(?)( 2 0x00000000 0 0 msft:rm/algorithm/volume/1.0 0x00000000 255747)(?)(?)(?)(?)])(1 )(2 )(3 )]

"
"Information","11/29/2024 9:57:04 PM","Microsoft-Windows-Security-SPP","1040",,"Hardware has changed from previous boot.
 AppId=0ff1ce15-a989-479d-af46-f275c6370663, SkuId=85dd8b5f-eaa4-4af3-a628-cce9e77c9a03."
"Information","11/29/2024 9:57:03 PM","Microsoft-Windows-Security-SPP","16394",,"Offline downlevel migration succeeded."
"Warning","11/29/2024 9:07:27 PM","Chrome","256","Browser Events","[14804:5600:1129/210727.671:WARNING:remote_commands_service.cc(221)] Client is not registered."
"Information","11/29/2024 8:13:07 PM","Microsoft-Windows-Security-SPP","16384",,"Successfully scheduled Software Protection service for re-start at 2024-12-03T05:39:06Z. Reason: RulesEngine."
"Information","11/29/2024 8:12:35 PM","Microsoft-Windows-Security-SPP","16394",,"Offline downlevel migration succeeded."
"Warning","11/29/2024 8:03:50 PM","Chrome","256","Browser Events","[14804:5600:1129/200350.507:WARNING:remote_commands_service.cc(221)] Client is not registered."
"Information","11/29/2024 6:59:07 PM","Microsoft-Windows-Security-SPP","16384",,"Successfully scheduled Software Protection service for re-start at 2024-12-03T05:39:07Z. Reason: RulesEngine."
"Information","11/29/2024 6:58:35 PM","Microsoft-Windows-Security-SPP","16394",,"Offline downlevel migration succeeded."
"Warning","11/29/2024 6:53:31 PM","Chrome","256","Browser Events","[14804:5600:1129/185331.558:WARNING:remote_commands_service.cc(221)] Client is not registered."
"Information","11/29/2024 6:36:45 PM","Microsoft-Windows-Security-SPP","16384",,"Successfully scheduled Software Protection service for re-start at 2024-12-03T05:38:45Z. Reason: RulesEngine."
"Information","11/29/2024 6:36:12 PM","Microsoft-Windows-Security-SPP","16394",,"Offline downlevel migration succeeded."
"Information","11/29/2024 5:39:51 PM","Microsoft-Windows-Security-SPP","16384",,"Successfully scheduled Software Protection service for re-start at 2024-12-03T05:38:51Z. Reason: RulesEngine."
"Information","11/29/2024 5:39:21 PM","Microsoft-Windows-Security-SPP","1040",,"Hardware has changed from previous boot.
 AppId=55c92734-d682-4d71-983e-d6ec3f16059f, SkuId=2de67392-b7a7-462a-b1ca-108dd189f588."
"Information","11/29/2024 5:39:20 PM","Microsoft-Windows-Security-SPP","16394",,"Offline downlevel migration succeeded."
"Warning","11/29/2024 5:28:58 PM","Chrome","256","Browser Events","[6708:18232:1129/172858.951:WARNING:remote_commands_service.cc(221)] Client is not registered."
"Warning","11/29/2024 5:09:00 PM","Chrome","256","Browser Events","[6572:4760:1129/170900.154:WARNING:remote_commands_service.cc(221)] Client is not registered."
"Information","11/29/2024 3:21:22 PM","SecurityCenter","15",,"Updated Windows Defender status successfully to SECURITY_PRODUCT_STATE_ON."
"Information","11/29/2024 3:20:50 PM","SecurityCenter","15",,"Updated Windows Defender status successfully to SECURITY_PRODUCT_STATE_ON."
"Information","11/29/2024 3:18:20 PM","Microsoft-Windows-Security-SPP","16384",,"Successfully scheduled Software Protection service for re-start at 2024-12-03T05:38:20Z. Reason: RulesEngine."
"Information","11/29/2024 3:17:49 PM","Microsoft-Windows-Security-SPP","1040",,"Hardware has changed from previous boot.
 AppId=55c92734-d682-4d71-983e-d6ec3f16059f, SkuId=2de67392-b7a7-462a-b1ca-108dd189f588."
"Information","11/29/2024 3:17:49 PM","Microsoft-Windows-Security-SPP","16394",,"Offline downlevel migration succeeded."
"Information","11/29/2024 3:11:28 PM","SecurityCenter","15",,"Updated Windows Defender status successfully to SECURITY_PRODUCT_STATE_ON."
"Information","11/29/2024 3:11:13 PM","SecurityCenter","15",,"Updated Windows Defender status successfully to SECURITY_PRODUCT_STATE_ON."
"Information","11/29/2024 2:22:24 PM","SecurityCenter","15",,"Updated Windows Defender status successfully to SECURITY_PRODUCT_STATE_ON."
"Information","11/29/2024 2:20:41 PM","SecurityCenter","15",,"Updated Windows Defender status successfully to SECURITY_PRODUCT_STATE_ON."
"Information","11/29/2024 2:19:42 PM","Microsoft-Windows-Security-SPP","16384",,"Successfully scheduled Software Protection service for re-start at 2024-12-03T05:38:42Z. Reason: RulesEngine."
"Information","11/29/2024 2:19:12 PM","Microsoft-Windows-Security-SPP","16394",,"Offline downlevel migration succeeded."
"Information","11/29/2024 1:40:16 PM","VSS","8224",,"The VSS service is shutting down due to idle timeout. "
"Information","11/29/2024 1:37:17 PM","ESENT","326","General","svchost (9936,D,50) DS_Token_DB: The database engine attached a database (1, C:\Windows\system32\config\systemprofile\AppData\Local\DataSharing\Storage\DSTokenDB2.dat). (Time=0 seconds) 
 
Saved Cache: 1 0 
Additional Data: lgposAttach = 00000023:0003:0268,
dbv = 1568.230.500 (9480) 
 
Internal Timing Sequence: 
[1] 0.000003 +J(0)
[2] 0.002021 -0.001511 (1) WT +J(0) +M(C:0K, Fs:17, WS:4K # 8K, PF:4K # 0K, P:4K)
[3] 0.004407 -0.000747 (6) WT +J(CM:0, PgRf:0, Rd:0/0, Dy:0/0, Lg:3480/2) +M(C:0K, Fs:6, WS:20K # 0K, PF:20K # 0K, P:20K)
[4] 0.001291 +J(0)
[5] -
[6] 0.000481 -0.000424 (2) CM -0.000373 (2) WT +J(CM:2, PgRf:2, Rd:0/2, Dy:0/0, Lg:0/0)
[7] 0.000006 +J(0) +M(C:0K, Fs:1, WS:4K # 0K, PF:0K # 0K, P:0K)
[8] 0.000372 -0.000202 (1) CM -0.000177 (1) WT +J(CM:1, PgRf:1, Rd:4/1, Dy:0/0, Lg:0/0) +M(C:16K, Fs:20, WS:80K # 40K, PF:208K # 168K, P:208K)
[9] -
[10] -
[11] -
[12] 0.000011 +J(CM:0, PgRf:0, Rd:0/0, Dy:0/0, Lg:54/1) +M(C:0K, Fs:1, WS:4K # 4K, PF:20K # 16K, P:20K)
[13] 0.000979 -0.000854 (3) CM -0.000800 (3) WT +J(CM:3, PgRf:23, Rd:0/2, Dy:0/0, Lg:0/0) +M(C:-8K, Fs:19, WS:68K # 68K, PF:-4K # 0K, P:-4K)
[14] 0.000803 -0.000679 (2) CM -0.000592 (2) WT +J(CM:2, PgRf:40, Rd:0/2, Dy:0/0, Lg:0/0) +M(C:0K, Fs:2, WS:8K # 8K, PF:64K # 60K, P:64K)
[15] 0.000009 +J(CM:0, PgRf:1, Rd:0/0, Dy:0/0, Lg:0/0)
[16] 0.000011 +J(CM:0, PgRf:1, Rd:0/0, Dy:0/0, Lg:0/0) +M(C:0K, Fs:1, WS:4K # 4K, PF:0K # 0K, P:0K)
[17] 0.000057 +J(CM:0, PgRf:42, Rd:0/0, Dy:0/0, Lg:0/0) +M(C:0K, Fs:4, WS:16K # 16K, PF:0K # 0K, P:0K)
[18] 0.000001 +J(0)
[19] 0.0 +J(0)
[20] 0.000008 +J(CM:0, PgRf:1, Rd:0/0, Dy:0/0, Lg:0/0)."
"Information","11/29/2024 1:37:17 PM","ESENT","105","General","svchost (9936,D,0) DS_Token_DB: The database engine started a new instance (0). (Time=0 seconds) 
 
Additional Data:
 lgposV2[] = 00000022:0001:0000 - 00000022:000E:0268 - 00000023:0001:0000 - 00000023:0001:0000 (00000023:0001:0000)
ForwardLogsV2 = 0.054873 s - 1 lgens
cReInits = 4
RBSOn = 0
 
 
Internal Timing Sequence: 
[1] 0.000432 +J(0) +M(C:0K, Fs:158, WS:612K # 612K, PF:3028K # 3028K, P:3028K)
[2] 0.000245 +J(0) +M(C:8K, Fs:128, WS:504K # 504K, PF:1260K # 1260K, P:1260K)
[3] 0.000015 +J(0) +M(C:0K, Fs:8, WS:28K # 28K, PF:68K # 68K, P:68K)
[4] 0.000098 +J(0) +M(C:0K, Fs:77, WS:308K # 308K, PF:188K # 188K, P:188K)
[5] 0.000876 +J(0) +M(C:0K, Fs:149, WS:596K # 596K, PF:24K # 24K, P:24K)
[6] 0.016117 +J(0) +M(C:0K, Fs:67, WS:268K # 268K, PF:56K # 56K, P:56K)
[7] 0.006407 -0.005772 (2) WT +J(0) +M(C:0K, Fs:35, WS:140K # 140K, PF:64K # 64K, P:64K)
[8] 0.044326 -0.024683 (14) WT +J(CM:0, PgRf:0, Rd:0/0, Dy:0/0, Lg:53559/37) +M(C:0K, Fs:173, WS:336K # 340K, PF:228K # 232K, P:228K)
[9] 0.005651 -0.001405 (6) WT +J(CM:0, PgRf:0, Rd:0/0, Dy:0/0, Lg:1/1) +M(C:0K, Fs:33, WS:124K # 120K, PF:88K # 84K, P:88K) + 1 lgens
[10] 0.001538 -0.000905 (1) WT +J(0) +M(C:0K, Fs:0, WS:-60K # 0K, PF:-60K # 0K, P:-60K)
[11] 0.000032 +J(CM:0, PgRf:0, Rd:0/0, Dy:0/0, Lg:49/1) +M(C:0K, Fs:5, WS:20K # 0K, PF:0K # 0K, P:0K)
[12] 0.000414 +J(0)
[13] 0.022873 -0.000917 (2) CM -0.002523 (17) WT +J(CM:2, PgRf:2, Rd:0/2, Dy:0/0, Lg:8759/5) +M(C:0K, Fs:54, WS:104K # 128K, PF:164K # 172K, P:164K)
[14] 0.000019 +J(0)
[15] 0.000012 +J(0)
[16] 0.001239 -0.000708 (1) WT +J(0) +M(C:0K, Fs:2, WS:0K # 0K, PF:0K # 0K, P:0K)."
"Information","11/29/2024 1:37:17 PM","ESENT","302","Logging/Recovery","svchost (9936,U,98) DS_Token_DB: The database engine has successfully completed recovery steps."
"Information","11/29/2024 1:37:17 PM","ESENT","301","Logging/Recovery","svchost (9936,R,98) DS_Token_DB: The database engine has finished replaying logfile C:\Windows\system32\config\systemprofile\AppData\Local\DataSharing\Storage\DSS.log. 
 
Processing Stats: 
[1] 0.001386 -0.000087 (2) WT +J(CM:0, PgRf:0, Rd:0/0, Dy:0/0, Lg:1/1) +M(C:0K, Fs:6, WS:20K # 20K, PF:52K # 52K, P:52K). 
Log record of type 'NOP      ' was seen most frequently (1 times)"
"Information","11/29/2024 1:37:17 PM","ESENT","301","Logging/Recovery","svchost (9936,R,98) DS_Token_DB: The database engine has finished replaying logfile C:\Windows\system32\config\systemprofile\AppData\Local\DataSharing\Storage\DSS00022.log. 
 
Processing Stats: 
[1] 0.022217 -0.013185 (10) WT +J(CM:0, PgRf:0, Rd:0/0, Dy:0/0, Lg:53559/37) +M(C:0K, Fs:116, WS:188K # 128K, PF:132K # 68K, P:132K). 
Log record of type 'AttachDB ' was seen most frequently (4 times)"
"Information","11/29/2024 1:37:17 PM","ESENT","300","Logging/Recovery","svchost (9936,R,98) DS_Token_DB: The database engine is initiating recovery steps."
"Information","11/29/2024 1:37:17 PM","ESENT","102","General","svchost (9936,P,98) DS_Token_DB: The database engine (10.00.22631.0000) is starting a new instance (0)."
"Information","11/29/2024 1:36:15 PM","ESENT","330","General","Video.UI (5184,D,2) {DE1CDD7E-F38C-46DA-8704-47EE921AD44E}: The database [C:\Users\Admin\AppData\Local\Packages\Microsoft.ZuneVideo_8wekyb3d8bbwe\LocalState\Database\2a25a7a8b3edf10e\tmp.edb] format version is being held back to 8920 (0x22d8) due to application parameter setting of 0x410022D8 (8920 | JET_efvAllowHigherPersistedFormat). Current default engine version: 9480 (0x2508)."
"Information","11/29/2024 1:36:15 PM","ESENT","326","General","Video.UI (5184,D,50) {DE1CDD7E-F38C-46DA-8704-47EE921AD44E}: The database engine attached a database (1, C:\Users\Admin\AppData\Local\Packages\Microsoft.ZuneVideo_8wekyb3d8bbwe\LocalState\Database\2a25a7a8b3edf10e\EntClientDb.edb). (Time=0 seconds) 
 
Saved Cache: 0 0 
Additional Data: lgposAttach = 00000001:0178:0268,
dbv = 1568.20.0 (8920) 
 
Internal Timing Sequence: 
[1] 0.000001 +J(0)
[2] 0.000251 +J(0) +M(C:0K, Fs:18, WS:8K # 0K, PF:8K # 0K, P:8K)
[3] 0.002006 -0.001073 (5) WT +J(CM:0, PgRf:0, Rd:0/0, Dy:0/0, Lg:3480/2) +M(C:0K, Fs:7, WS:20K # 0K, PF:20K # 0K, P:20K)
[4] 0.000107 +J(0)
[5] -
[6] 0.018497 -0.018440 (2) CM +J(CM:2, PgRf:2, Rd:0/2, Dy:0/0, Lg:0/0) +M(C:0K, Fs:5, WS:16K # 0K, PF:12K # 0K, P:12K)
[7] -
[8] 0.016376 -0.016212 (1) WT +J(CM:1, PgRf:1, Rd:14/1, Dy:0/0, Lg:0/0) +M(C:0K, Fs:23, WS:80K # 0K, PF:300K # 0K, P:300K)
[9] -
[10] -
[11] -
[12] 0.000275 +J(0)
[13] 0.004436 -0.004309 (4) CM +J(CM:4, PgRf:23, Rd:0/4, Dy:0/0, Lg:0/0) +M(C:0K, Fs:24, WS:88K # 0K, PF:8K # 0K, P:8K)
[14] 0.000084 -0.000003 (2) CM +J(CM:2, PgRf:40, Rd:0/2, Dy:0/0, Lg:0/0) +M(C:0K, Fs:6, WS:8K # 0K, PF:64K # 0K, P:64K)
[15] 0.000003 +J(CM:0, PgRf:1, Rd:0/0, Dy:0/0, Lg:0/0)
[16] 0.000006 +J(CM:0, PgRf:1, Rd:0/0, Dy:0/0, Lg:0/0) +M(C:0K, Fs:1, WS:4K # 0K, PF:0K # 0K, P:0K)
[17] 0.000024 +J(CM:0, PgRf:42, Rd:0/0, Dy:0/0, Lg:0/0) +M(C:0K, Fs:1, WS:4K # 0K, PF:0K # 0K, P:0K)
[18] 0.0 +J(0)
[19] 0.0 +J(0)
[20] 0.000003 +J(CM:0, PgRf:1, Rd:0/0, Dy:0/0, Lg:0/0)."
"Information","11/29/2024 1:36:15 PM","ESENT","330","General","Video.UI (5184,D,50) {DE1CDD7E-F38C-46DA-8704-47EE921AD44E}: The database [C:\Users\Admin\AppData\Local\Packages\Microsoft.ZuneVideo_8wekyb3d8bbwe\LocalState\Database\2a25a7a8b3edf10e\EntClientDb.edb] format version is being held back to 8920 (0x22d8) due to application parameter setting of 0x410022D8 (8920 | JET_efvAllowHigherPersistedFormat). Current default engine version: 9480 (0x2508)."
"Information","11/29/2024 1:36:15 PM","ESENT","105","General","Video.UI (5184,D,0) {DE1CDD7E-F38C-46DA-8704-47EE921AD44E}: The database engine started a new instance (0). (Time=0 seconds) 
 
Additional Data:
 lgposV2[] = 00000001:0001:0000 - 00000001:0175:002B - 00000001:0176:0000 - 00000001:0176:0000 (00000000:0000:0000)
cReInits = 76
RBSOn = 0
 
 
Internal Timing Sequence: 
[1] 0.004791 +J(0) +M(C:0K, Fs:374, WS:1452K # 1452K, PF:4180K # 4180K, P:4180K)
[2] 0.000201 +J(0) +M(C:0K, Fs:126, WS:500K # 500K, PF:376K # 376K, P:376K)
[3] 0.000012 +J(0) +M(C:0K, Fs:5, WS:16K # 16K, PF:64K # 64K, P:64K)
[4] 0.000106 +J(0) +M(C:0K, Fs:51, WS:204K # 204K, PF:188K # 188K, P:188K)
[5] 0.357147 +J(0) +M(C:0K, Fs:6141, WS:22080K # 22416K, PF:14720K # 15472K, P:14720K)
[6] 0.019530 +J(0) +M(C:0K, Fs:26, WS:104K # 0K, PF:24K # 0K, P:24K)
[7] 0.044124 +J(0) +M(C:0K, Fs:535, WS:2132K # 1900K, PF:2052K # 1324K, P:2052K)
[8] 0.023609 -0.001526 (4) WT +J(CM:0, PgRf:0, Rd:0/0, Dy:0/0, Lg:1492104/6586) +M(C:0K, Fs:1519, WS:596K # 604K, PF:436K # 444K, P:436K)
[9] 0.000261 +J(0) +M(C:0K, Fs:1, WS:4K # 0K, PF:0K # 0K, P:0K)
[10] 0.000586 +J(0) +M(C:0K, Fs:1, WS:-2044K # 0K, PF:-2044K # 0K, P:-2044K)
[11] 0.000016 +J(CM:0, PgRf:0, Rd:0/0, Dy:0/0, Lg:49/1) +M(C:0K, Fs:5, WS:20K # 0K, PF:0K # 0K, P:0K)
[12] 0.001204 -0.001165 (2) WT +J(0) +M(C:0K, Fs:5, WS:20K # 0K, PF:0K # 0K, P:0K)
[13] 0.028326 -0.018701 (2) CM -0.005280 (15) WT +J(CM:2, PgRf:2, Rd:0/2, Dy:0/0, Lg:8759/5) +M(C:0K, Fs:560, WS:104K # 144K, PF:136K # 136K, P:136K)
[14] 0.000010 +J(0)
[15] 0.000007 +J(0)
[16] 0.000118 +J(0) +M(C:0K, Fs:2, WS:0K # 0K, PF:0K # 0K, P:0K)."
"Information","11/29/2024 1:36:15 PM","ESENT","302","Logging/Recovery","Video.UI (5184,U,98) {DE1CDD7E-F38C-46DA-8704-47EE921AD44E}: The database engine has successfully completed recovery steps."
"Information","11/29/2024 1:36:15 PM","ESENT","301","Logging/Recovery","Video.UI (5184,R,98) {DE1CDD7E-F38C-46DA-8704-47EE921AD44E}: The database engine has finished replaying logfile C:\Users\Admin\AppData\Local\Packages\Microsoft.ZuneVideo_8wekyb3d8bbwe\LocalState\Database\2a25a7a8b3edf10e\edb.log. 
 
Processing Stats: 
[1] 0.022120 -0.001526 (4) WT +J(CM:0, PgRf:0, Rd:0/0, Dy:0/0, Lg:1492104/6586) +M(C:0K, Fs:1434, WS:264K # 272K, PF:136K # 144K, P:136K). 
Log record of type 'Insert   ' was seen most frequently (2369 times)"
"Information","11/29/2024 1:36:15 PM","ESENT","330","General","Video.UI (5184,R,98) {DE1CDD7E-F38C-46DA-8704-47EE921AD44E}: The database [C:\Users\Admin\AppData\Local\Packages\Microsoft.ZuneVideo_8wekyb3d8bbwe\LocalState\Database\2a25a7a8b3edf10e\EntClientDb.edb] format version is being held back to 8920 (0x22d8) due to application parameter setting of 0x410022D8 (8920 | JET_efvAllowHigherPersistedFormat). Current default engine version: 9480 (0x2508)."
"Information","11/29/2024 1:36:15 PM","ESENT","335","Logging/Recovery","Video.UI (5184,R,98) {DE1CDD7E-F38C-46DA-8704-47EE921AD44E}: Replay of a Create for database ""C:\Users\Admin\AppData\Local\Packages\Microsoft.ZuneVideo_8wekyb3d8bbwe\LocalState\Database\2a25a7a8b3edf10e\EntClientDb.edb"" at log position (00000001,0001,0268) was deferred due to AttachFuture.  Additional information:  "
"Information","11/29/2024 1:36:15 PM","ESENT","300","Logging/Recovery","Video.UI (5184,R,98) {DE1CDD7E-F38C-46DA-8704-47EE921AD44E}: The database engine is initiating recovery steps."
"Information","11/29/2024 1:36:15 PM","ESENT","102","General","Video.UI (5184,P,98) {DE1CDD7E-F38C-46DA-8704-47EE921AD44E}: The database engine (10.00.22631.0000) is starting a new instance (0)."
"Information","11/29/2024 1:23:58 PM","Microsoft-Windows-Security-SPP","16384",,"Successfully scheduled Software Protection service for re-start at 2024-12-03T05:38:58Z. Reason: RulesEngine."
"Information","11/29/2024 1:23:46 PM","SecurityCenter","15",,"Updated Windows Defender status successfully to SECURITY_PRODUCT_STATE_ON."
"Information","11/29/2024 1:23:12 PM","Microsoft-Windows-Security-SPP","16394",,"Offline downlevel migration succeeded."
"Information","11/29/2024 1:17:33 PM","SecurityCenter","15",,"Updated Windows Defender status successfully to SECURITY_PRODUCT_STATE_ON."
"Information","11/29/2024 1:17:13 PM","Microsoft-Windows-Security-SPP","16384",,"Successfully scheduled Software Protection service for re-start at 2024-12-03T05:38:13Z. Reason: RulesEngine."
"Information","11/29/2024 1:16:43 PM","Microsoft-Windows-Security-SPP","16394",,"Offline downlevel migration succeeded."
"Information","11/29/2024 1:14:08 PM","Microsoft-Windows-Security-SPP","16384",,"Successfully scheduled Software Protection service for re-start at 2024-12-03T05:38:08Z. Reason: RulesEngine."
"Information","11/29/2024 1:13:14 PM","Microsoft-Windows-Security-SPP","16394",,"Offline downlevel migration succeeded."
"Information","11/29/2024 1:11:18 PM","Microsoft-Windows-Security-SPP","16384",,"Successfully scheduled Software Protection service for re-start at 2024-12-03T05:38:18Z. Reason: RulesEngine."
"Information","11/29/2024 1:11:13 PM","edgeupdate","0",,"Service stopped."
"Information","11/29/2024 1:10:22 PM","Microsoft-Windows-Security-SPP","16394",,"Offline downlevel migration succeeded."
"Information","11/29/2024 1:09:20 PM","Microsoft-Windows-Security-SPP","903",,"The Software Protection service has stopped.
"
"Information","11/29/2024 1:09:20 PM","Microsoft-Windows-Security-SPP","16384",,"Successfully scheduled Software Protection service for re-start at 2024-12-03T05:38:20Z. Reason: RulesEngine."
"Information","11/29/2024 1:08:52 PM","SecurityCenter","15",,"Updated Windows Defender status successfully to SECURITY_PRODUCT_STATE_ON."
"Information","11/29/2024 1:08:50 PM","SecurityCenter","1",,"The Windows Security Center Service has started."
"Information","11/29/2024 1:08:43 PM","Microsoft-Windows-Security-SPP","902",,"The Software Protection service has started.
10.0.22621.4391"
"Information","11/29/2024 1:08:42 PM","Microsoft-Windows-Security-SPP","1003",,"The Software Protection service has completed licensing status check.
Application Id=55c92734-d682-4d71-983e-d6ec3f16059f
Licensing Status=
1: 040fa323-92b1-4baf-97a2-5b67feaefddb, 1, 0 [(0 [0xC004F014, 0, 0], [(?)(?)(?)(?)(?)(?)(?)(?)])(1 )(2 )(3 )]
2: 0724cb7d-3437-4cb7-93cb-830375d0079d, 1, 0 [(0 [0xC004F014, 0, 0], [(?)(?)(?)(?)(?)(?)(?)(?)])(1 )(2 )(3 )]
3: 0ad2ac98-7bb9-4201-8d92-312299201369, 1, 0 [(0 [0xC004F014, 0, 0], [(?)(?)(?)(?)(?)(?)(?)(?)])(1 )(2 )(3 )]
4: 1a9a717a-cf13-4ba5-83c3-0fe25fa868d5, 1, 0 [(0 [0xC004F014, 0, 0], [(?)(?)(?)(?)(?)(?)(?)(?)])(1 )(2 )(3 )]
5: 221a02da-e2a1-4b75-864c-0a4410a33fdf, 1, 0 [(0 [0xC004F014, 0, 0], [(?)(?)(?)(?)(?)(?)(?)(?)])(1 )(2 )(3 )]
6: 291ece0e-9c38-40ca-a9e1-32cc7ec19507, 1, 0 [(0 [0xC004F014, 0, 0], [(?)(?)(?)(?)(?)(?)(?)(?)])(1 )(2 )(3 )]
7: 2936d1d2-913a-4542-b54e-ce5a602a2a38, 1, 0 [(0 [0xC004F014, 0, 0], [(?)(?)(?)(?)(?)(?)(?)(?)])(1 )(2 )(3 )]
8: 2c293c26-a45a-4a2a-a350-c69a67097529, 1, 0 [(0 [0xC004F014, 0, 0], [(?)(?)(?)(?)(?)(?)(?)(?)])(1 )(2 )(3 )]
9: 2de67392-b7a7-462a-b1ca-108dd189f588, 1, 1 [(0 [0x00000000, 1, 0], [(?)( 1 0x00000000)(?)( 2 0x00000000 0 0 msft:rm/algorithm/volume/1.0 0x00000000 254911)(?)(?)( 10 0x00000000 msft:rm/algorithm/flags/1.0)(?)])(1 )(2 )(3 )]
10: 2ffd8952-423e-4903-b993-72a1aa44cf82, 1, 0 [(0 [0xC004F014, 0, 0], [(?)(?)(?)(?)(?)(?)(?)(?)])(1 )(2 )(3 )]
11: 30a42c86-b7a0-4a34-8c90-ff177cb2acb7, 1, 0 [(0 [0xC004F014, 0, 0], [(?)(?)(?)(?)(?)(?)(?)(?)])(1 )(2 )(3 )]
12: 345a5db0-d94f-4e3b-a0c0-7c42f7bc3ebf, 1, 0 [(0 [0xC004F014, 0, 0], [(?)(?)(?)(?)(?)(?)(?)(?)])(1 )(2 )(3 )]
13: 3502365a-f88a-4ba4-822a-5769d3073b65, 1, 0 [(0 [0xC004F014, 0, 0], [(?)(?)(?)(?)(?)(?)(?)(?)])(1 )(2 )(3 )]
14: 377333b1-8b5d-48d6-9679-1225c872d37c, 1, 0 [(0 [0xC004F014, 0, 0], [(?)(?)(?)(?)(?)(?)(?)(?)])(1 )(2 )(3 )]
15: 3df374ef-d444-4494-a5a1-4b0d9fd0e203, 1, 0 [(0 [0xC004F014, 0, 0], [(?)(?)(?)(?)(?)(?)(?)(?)])(1 )(2 )(3 )]
16: 3f1afc82-f8ac-4f6c-8005-1d233e606eee, 1, 0 [(0 [0xC004F014, 0, 0], [(?)(?)(?)(?)(?)(?)(?)(?)])(1 )(2 )(3 )]
17: 49cd895b-53b2-4dc4-a5f7-b18aa019ad37, 1, 0 [(0 [0xC004F014, 0, 0], [(?)(?)(?)(?)(?)(?)(?)(?)])(1 )(2 )(3 )]
18: 4de7cb65-cdf1-4de9-8ae8-e3cce27b9f2c, 1, 0 [(0 [0xC004F014, 0, 0], [(?)(?)(?)(?)(?)(?)(?)(?)])(1 )(2 )(3 )]
19: 4f3da0d2-271d-4508-ae81-626b60809a38, 1, 0 [(0 [0xC004F014, 0, 0], [(?)(?)(?)(?)(?)(?)(?)(?)])(1 )(2 )(3 )]
20: 5d78c4e9-aeb3-4b40-8ac2-6a6005e0ad6d, 1, 0 [(0 [0xC004F014, 0, 0], [(?)(?)(?)(?)(?)(?)(?)(?)])(1 )(2 )(3 )]
21: 60b3ec1b-9545-4921-821f-311b129dd6f6, 1, 0 [(0 [0xC004F014, 0, 0], [(?)(?)(?)(?)(?)(?)(?)(?)])(1 )(2 )(3 )]
22: 613d217f-7f13-4268-9907-1662339531cd, 1, 0 [(0 [0xC004F014, 0, 0], [(?)(?)(?)(?)(?)(?)(?)(?)])(1 )(2 )(3 )]
23: 62f0c100-9c53-4e02-b886-a3528ddfe7f6, 1, 0 [(0 [0xC004F014, 0, 0], [(?)(?)(?)(?)(?)(?)(?)(?)])(1 )(2 )(3 )]
24: 6365275e-368d-46ca-a0ef-fc0404119333, 1, 0 [(0 [0xC004F014, 0, 0], [(?)(?)(?)(?)(?)(?)(?)(?)])(1 )(2 )(3 )]
25: 721f9237-9341-4453-a661-09e8baa6cca5, 1, 0 [(0 [0xC004F014, 0, 0], [(?)(?)(?)(?)(?)(?)(?)(?)])(1 )(2 )(3 )]
26: 73111121-5638-40f6-bc11-f1d7b0d64300, 1, 0 [(0 [0xC004F014, 0, 0], [(?)(?)(?)(?)(?)(?)(?)(?)])(1 )(2 )(3 )]
27: 7a802526-4c94-4bd1-ba14-835a1aca2120, 1, 0 [(0 [0xC004F014, 0, 0], [(?)(?)(?)(?)(?)(?)(?)(?)])(1 )(2 )(3 )]
28: 7cb546c0-c7d5-44d8-9a5c-69ecdd782b69, 1, 0 [(0 [0xC004F014, 0, 0], [(?)(?)(?)(?)(?)(?)(?)(?)])(1 )(2 )(3 )]
29: 82bbc092-bc50-4e16-8e18-b74fc486aec3, 1, 0 [(0 [0xC004F014, 0, 0], [(?)(?)(?)(?)(?)(?)(?)(?)])(1 )(2 )(3 )]
30: 8ab9bdd1-1f67-4997-82d9-8878520837d9, 1, 0 [(0 [0xC004F014, 0, 0], [(?)(?)(?)(?)(?)(?)(?)(?)])(1 )(2 )(3 )]
31: 8b351c9c-f398-4515-9900-09df49427262, 1, 0 [(0 [0xC004F014, 0, 0], [(?)(?)(?)(?)(?)(?)(?)(?)])(1 )(2 )(3 )]
32: 90da7373-1c51-430b-bf26-c97e9c5cdc31, 1, 0 [(0 [0xC004F014, 0, 0], [(?)(?)(?)(?)(?)(?)(?)(?)])(1 )(2 )(3 )]
33: 92fb8726-92a8-4ffc-94ce-f82e07444653, 1, 0 [(0 [0xC004F014, 0, 0], [(?)(?)(?)(?)(?)(?)(?)(?)])(1 )(2 )(3 )]
34: 95dca82f-385d-4d39-b85b-5c73fa285d6f, 1, 0 [(0 [0xC004F014, 0, 0], [(?)(?)(?)(?)(?)(?)(?)(?)])(1 )(2 )(3 )]
35: a48938aa-62fa-4966-9d44-9f04da3f72f2, 1, 0 [(0 [0xC004F014, 0, 0], [(?)(?)(?)(?)(?)(?)(?)(?)])(1 )(2 )(3 )]
36: b0773a15-df3a-4312-9ad2-83d69648e356, 1, 0 [(0 [0xC004F014, 0, 0], [(?)(?)(?)(?)(?)(?)(?)(?)])(1 )(2 )(3 )]
37: b4bfe195-541e-4e64-ad23-6177f19e395e, 1, 0 [(0 [0xC004F014, 0, 0], [(?)(?)(?)(?)(?)(?)(?)(?)])(1 )(2 )(3 )]
38: b68e61d2-68ca-4757-be45-0cc2f3e68eee, 1, 0 [(0 [0xC004F014, 0, 0], [(?)(?)(?)(?)(?)(?)(?)(?)])(1 )(2 )(3 )]
39: bd3762d7-270d-4760-8fb3-d829ca45278a, 1, 0 [(0 [0xC004F014, 0, 0], [(?)(?)(?)(?)(?)(?)(?)(?)])(1 )(2 )(3 )]
40: c86d5194-4840-4dae-9c1c-0301003a5ab0, 1, 0 [(0 [0xC004F014, 0, 0], [(?)(?)(?)(?)(?)(?)(?)(?)])(1 )(2 )(3 )]
41: ca7df2e3-5ea0-47b8-9ac1-b1be4d8edd69, 1, 0 [(0 [0xC004F014, 0, 0], [(?)(?)(?)(?)(?)(?)(?)(?)])(1 )(2 )(3 )]
42: d552befb-48cc-4327-8f39-47d2d94f987c, 1, 0 [(0 [0xC004F014, 0, 0], [(?)(?)(?)(?)(?)(?)(?)(?)])(1 )(2 )(3 )]
43: d6eadb3b-5ca8-4a6b-986e-35b550756111, 1, 0 [(0 [0xC004F014, 0, 0], [(?)(?)(?)(?)(?)(?)(?)(?)])(1 )(2 )(3 )]
44: df96023b-dcd9-4be2-afa0-c6c871159ebe, 1, 0 [(0 [0xC004F014, 0, 0], [(?)(?)(?)(?)(?)(?)(?)(?)])(1 )(2 )(3 )]
45: e0c42288-980c-4788-a014-c080d2e1926e, 1, 0 [(0 [0xC004F014, 0, 0], [(?)(?)(?)(?)(?)(?)(?)(?)])(1 )(2 )(3 )]
46: e4db50ea-bda1-4566-b047-0ca50abc6f07, 1, 0 [(0 [0xC004F014, 0, 0], [(?)(?)(?)(?)(?)(?)(?)(?)])(1 )(2 )(3 )]
47: e558417a-5123-4f6f-91e7-385c1c7ca9d4, 1, 0 [(0 [0xC004F014, 0, 0], [(?)(?)(?)(?)(?)(?)(?)(?)])(1 )(2 )(3 )]
48: e7a950a2-e548-4f10-bf16-02ec848e0643, 1, 0 [(0 [0xC004F014, 0, 0], [(?)(?)(?)(?)(?)(?)(?)(?)])(1 )(2 )(3 )]
49: eb6d346f-1c60-4643-b960-40ec31596c45, 1, 0 [(0 [0xC004F014, 0, 0], [(?)(?)(?)(?)(?)(?)(?)(?)])(1 )(2 )(3 )]
50: ec868e65-fadf-4759-b23e-93fe37f2cc29, 1, 0 [(0 [0xC004F014, 0, 0], [(?)(?)(?)(?)(?)(?)(?)(?)])(1 )(2 )(3 )]
51: ef51e000-2659-4f25-8345-3de70a9cf4c4, 1, 0 [(0 [0xC004F014, 0, 0], [(?)(?)(?)(?)(?)(?)(?)(?)])(1 )(2 )(3 )]
52: f7af7d09-40e4-419c-a49b-eae366689ebd, 1, 0 [(0 [0xC004F014, 0, 0], [(?)(?)(?)(?)(?)(?)(?)(?)])(1 )(2 )(3 )]
53: fa755fe6-6739-40b9-8d84-6d0ea3b6d1ab, 1, 0 [(0 [0xC004F014, 0, 0], [(?)(?)(?)(?)(?)(?)(?)(?)])(1 )(2 )(3 )]
54: fe74f55b-0338-41d6-b267-4a201abe7285, 1, 0 [(0 [0xC004F014, 0, 0], [(?)(?)(?)(?)(?)(?)(?)(?)])(1 )(2 )(3 )]

"
"Information","11/29/2024 1:08:41 PM","Microsoft-Windows-Security-SPP","1040",,"Hardware has changed from previous boot.
 AppId=55c92734-d682-4d71-983e-d6ec3f16059f, SkuId=2de67392-b7a7-462a-b1ca-108dd189f588."
"Information","11/29/2024 1:08:41 PM","Microsoft-Windows-Security-SPP","1066",,"Initialization status for service objects.
C:\Windows\system32\sppwinob.dll, msft:spp/windowsfunctionality/agent/7.0, 0x00000000, 0x00000000
C:\Windows\system32\sppobjs.dll, msft:rm/algorithm/inherited/1.0, 0x00000000, 0x00000000
C:\Windows\system32\sppobjs.dll, msft:rm/algorithm/phone/1.0, 0x00000000, 0x00000000
C:\Windows\system32\sppobjs.dll, msft:rm/algorithm/pkey/detect, 0x00000000, 0x00000000
C:\Windows\system32\sppobjs.dll, msft:spp/ActionScheduler/1.0, 0x00000000, 0x00000000
C:\Windows\system32\sppobjs.dll, msft:spp/TaskScheduler/1.0, 0x00000000, 0x00000000
C:\Windows\system32\sppobjs.dll, msft:spp/statecollector/pkey, 0x00000000, 0x00000000
C:\Windows\system32\sppobjs.dll, msft:spp/volume/services/kms/1.0, 0x00000000, 0x00000000
C:\Windows\system32\sppobjs.dll, msft:spp/volume/services/kms/activationinfo/1.0, 0x00000000, 0x00000000
"
"Information","11/29/2024 1:08:41 PM","Microsoft-Windows-Security-SPP","16394",,"Offline downlevel migration succeeded."
"Information","11/29/2024 1:08:40 PM","Microsoft-Windows-Security-SPP","900",,"The Software Protection service is starting.
Parameters:<explicit>"
"Information","11/29/2024 1:08:26 PM","edgeupdate","0",,"Service stopped."
"Information","11/29/2024 1:08:11 PM","Microsoft-Windows-Winlogon","6000",,"The winlogon notification subscriber <SessionEnv> was unavailable to handle a notification event."
"Information","11/29/2024 1:08:11 PM","Microsoft-Windows-Winlogon","6003",,"The winlogon notification subscriber <SessionEnv> was unavailable to handle a critical notification event."
,"11/29/2024 1:07:00 PM","AsusUpdateCheck","0",,
"Warning","11/29/2024 1:06:58 PM","Microsoft-Windows-WMI","63",,"A provider, IntelMEProv, has been registered in the Windows Management Instrumentation namespace root\Intel_ME to use the LocalSystem account. This account is privileged and the provider may cause a security violation if it does not correctly impersonate user requests."
"Warning","11/29/2024 1:06:58 PM","Microsoft-Windows-WMI","63",,"A provider, IntelMEProv, has been registered in the Windows Management Instrumentation namespace root\Intel_ME to use the LocalSystem account. This account is privileged and the provider may cause a security violation if it does not correctly impersonate user requests."
"Warning","11/29/2024 1:06:58 PM","Microsoft-Windows-WMI","63",,"A provider, IntelMEProv, has been registered in the Windows Management Instrumentation namespace root\Intel_ME to use the LocalSystem account. This account is privileged and the provider may cause a security violation if it does not correctly impersonate user requests."
"Information","11/29/2024 1:06:58 PM","WMIRegistrationService","2",,"Intel(R) WMI Registration Service has successfully finished WMI Registration."
"Information","11/29/2024 1:06:55 PM","Microsoft-Windows-WMI","5617",,"Windows Management Instrumentation Service subsystems initialized successfully"
"Information","11/29/2024 1:06:47 PM","Microsoft-Windows-Search","1003","Search service","The Windows Search Service started.
"
"Information","11/29/2024 1:06:13 PM","Microsoft-Windows-WMI","5615",,"Windows Management Instrumentation Service started sucessfully"
"Information","11/29/2024 1:06:30 PM","OpenVpnService","0",,"Service started successfully."
"Information","11/29/2024 1:06:07 PM","Microsoft-Windows-User Profiles Service","1531",,"The User Profile Service has started successfully.  

"
"Information","11/29/2024 1:06:20 PM","WMIRegistrationService","0",,"Intel(R) WMI Registration Service started."
,"11/29/2024 1:06:13 PM","AsusUpdateCheck","0",,
"Information","11/29/2024 1:06:13 PM","IntelDalJhi","0",,"Intel(R) Dynamic Application Loader Host Interface Service started."
"Information","11/28/2024 9:21:47 PM","Microsoft-Windows-Security-SPP","16384",,"Successfully scheduled Software Protection service for re-start at 2024-12-03T05:38:47Z. Reason: RulesEngine."
"Information","11/28/2024 9:21:14 PM","Microsoft-Windows-Security-SPP","1003",,"The Software Protection service has completed licensing status check.
Application Id=0ff1ce15-a989-479d-af46-f275c6370663
Licensing Status=
1: 85dd8b5f-eaa4-4af3-a628-cce9e77c9a03, 1, 1 [(0 [0x00000000, 1, 0], [(?)( 1 0x00000000)(?)( 2 0x00000000 0 0 msft:rm/algorithm/volume/1.0 0x00000000 257223)(?)(?)(?)(?)])(1 )(2 )(3 )]

"
