"Information","12/9/2024 12:13:28 PM","ESENT","330","General","Video.UI (368,R,98) {254E66EA-D1F1-49FE-BC81-A1058418AC59}: The database [C:\Users\Admin\AppData\Local\Packages\Microsoft.ZuneVideo_8wekyb3d8bbwe\LocalState\Database\2a25a7a8b3edf10e\EntClientDb.edb] format version is being held back to 8920 (0x22d8) due to application parameter setting of 0x410022D8 (8920 | JET_efvAllowHigherPersistedFormat). Current default engine version: 9480 (0x2508)."
"Information","12/9/2024 12:13:28 PM","ESENT","335","Logging/Recovery","Video.UI (368,R,98) {254E66EA-D1F1-49FE-BC81-A1058418AC59}: Replay of a Create for database ""C:\Users\Admin\AppData\Local\Packages\Microsoft.ZuneVideo_8wekyb3d8bbwe\LocalState\Database\2a25a7a8b3edf10e\EntClientDb.edb"" at log position (00000001,0001,0268) was deferred due to AttachFuture.  Additional information:  "
"Information","12/9/2024 12:13:28 PM","ESENT","300","Logging/Recovery","Video.UI (368,R,98) {254E66EA-D1F1-49FE-BC81-A1058418AC59}: The database engine is initiating recovery steps."
"Information","12/9/2024 12:13:28 PM","ESENT","102","General","Video.UI (368,P,98) {254E66EA-D1F1-49FE-BC81-A1058418AC59}: The database engine (10.00.22631.0000) is starting a new instance (0)."
"Information","12/9/2024 12:12:57 PM","VSS","8224",,"The VSS service is shutting down due to idle timeout. "
"Information","12/9/2024 12:09:17 PM","SecurityCenter","15",,"Updated Windows Defender status successfully to SECURITY_PRODUCT_STATE_ON."
"Information","12/9/2024 12:07:40 PM","Microsoft-Windows-Security-SPP","16384",,"Successfully scheduled Software Protection service for re-start at 2024-12-10T05:39:40Z. Reason: RulesEngine."
"Information","12/9/2024 12:07:10 PM","Microsoft-Windows-Security-SPP","16394",,"Offline downlevel migration succeeded."
"Information","12/9/2024 12:06:56 PM","SecurityCenter","15",,"Updated Windows Defender status successfully to SECURITY_PRODUCT_STATE_ON."
"Information","12/9/2024 12:06:54 PM","ESENT","326","General","svchost (6924,D,50) DS_Token_DB: The database engine attached a database (1, C:\Windows\system32\config\systemprofile\AppData\Local\DataSharing\Storage\DSTokenDB2.dat). (Time=0 seconds) 
 
Saved Cache: 1 0 
Additional Data: lgposAttach = 00000024:0002:0268,
dbv = 1568.230.500 (9480) 
 
Internal Timing Sequence: 
[1] 0.000004 +J(0)
[2] 0.002159 -0.001411 (1) WT +J(0) +M(C:0K, Fs:17, WS:4K # 12K, PF:4K # 4K, P:4K)
[3] 0.013291 -0.005818 (6) WT +J(CM:0, PgRf:0, Rd:0/0, Dy:0/0, Lg:3480/2) +M(C:0K, Fs:6, WS:20K # 0K, PF:20K # 0K, P:20K)
[4] 0.001129 +J(0)
[5] -
[6] 0.000579 -0.000524 (2) CM -0.000473 (2) WT +J(CM:2, PgRf:2, Rd:0/2, Dy:0/0, Lg:0/0)
[7] 0.000005 +J(0) +M(C:0K, Fs:1, WS:4K # 0K, PF:0K # 0K, P:0K)
[8] 0.000355 -0.000220 (1) CM -0.000199 (1) WT +J(CM:1, PgRf:1, Rd:4/1, Dy:0/0, Lg:0/0) +M(C:16K, Fs:21, WS:84K # 44K, PF:208K # 168K, P:208K)
[9] -
[10] -
[11] -
[12] 0.000010 +J(CM:0, PgRf:0, Rd:0/0, Dy:0/0, Lg:54/1) +M(C:0K, Fs:1, WS:4K # 4K, PF:20K # 16K, P:20K)
[13] 0.001280 -0.001111 (3) CM -0.001041 (3) WT +J(CM:3, PgRf:23, Rd:0/2, Dy:0/0, Lg:0/0) +M(C:-8K, Fs:18, WS:64K # 64K, PF:-4K # 0K, P:-4K)
[14] 0.000733 -0.000594 (2) CM -0.000532 (2) WT +J(CM:2, PgRf:40, Rd:0/2, Dy:0/0, Lg:0/0) +M(C:0K, Fs:3, WS:12K # 12K, PF:68K # 64K, P:68K)
[15] 0.000007 +J(CM:0, PgRf:1, Rd:0/0, Dy:0/0, Lg:0/0)
[16] 0.000011 +J(CM:0, PgRf:1, Rd:0/0, Dy:0/0, Lg:0/0) +M(C:0K, Fs:1, WS:4K # 4K, PF:0K # 0K, P:0K)
[17] 0.000041 +J(CM:0, PgRf:42, Rd:0/0, Dy:0/0, Lg:0/0) +M(C:0K, Fs:4, WS:16K # 16K, PF:0K # 0K, P:0K)
[18] 0.0 +J(0)
[19] 0.0 +J(0)
[20] 0.000005 +J(CM:0, PgRf:1, Rd:0/0, Dy:0/0, Lg:0/0)."
"Information","12/9/2024 12:06:54 PM","ESENT","105","General","svchost (6924,D,0) DS_Token_DB: The database engine started a new instance (0). (Time=0 seconds) 
 
Additional Data:
 lgposV2[] = 00000023:0001:0000 - 00000023:000D:0367 - 00000023:000E:0000 - 00000023:000E:0000 (00000000:0000:0000)
cReInits = 4
RBSOn = 0
 
 
Internal Timing Sequence: 
[1] 0.000550 +J(0) +M(C:0K, Fs:156, WS:600K # 600K, PF:3028K # 3028K, P:3028K)
[2] 0.000257 +J(0) +M(C:8K, Fs:134, WS:528K # 528K, PF:1260K # 1260K, P:1260K)
[3] 0.000013 +J(0) +M(C:0K, Fs:13, WS:48K # 48K, PF:68K # 68K, P:68K)
[4] 0.000096 +J(0) +M(C:0K, Fs:86, WS:344K # 344K, PF:188K # 188K, P:188K)
[5] 0.000945 +J(0) +M(C:0K, Fs:128, WS:512K # 512K, PF:28K # 28K, P:28K)
[6] 0.015704 +J(0) +M(C:0K, Fs:67, WS:268K # 268K, PF:52K # 52K, P:52K)
[7] 0.011853 -0.011329 (2) WT +J(0) +M(C:0K, Fs:35, WS:140K # 140K, PF:64K # 64K, P:64K)
[8] 0.062139 -0.043219 (14) WT +J(CM:0, PgRf:0, Rd:0/0, Dy:0/0, Lg:52728/35) +M(C:0K, Fs:170, WS:328K # 332K, PF:220K # 224K, P:220K)
[9] 0.000368 +J(0) +M(C:0K, Fs:7, WS:28K # 24K, PF:4K # 0K, P:4K)
[10] 0.002806 -0.002375 (1) WT +J(0) +M(C:0K, Fs:20, WS:16K # 76K, PF:24K # 84K, P:24K)
[11] 0.000020 +J(CM:0, PgRf:0, Rd:0/0, Dy:0/0, Lg:49/1) +M(C:0K, Fs:5, WS:20K # 0K, PF:0K # 0K, P:0K)
[12] 0.007342 +J(0)
[13] 0.032132 -0.002941 (2) CM -0.005120 (21) WT +J(CM:2, PgRf:2, Rd:0/2, Dy:0/0, Lg:4713/4) +M(C:0K, Fs:79, WS:196K # 220K, PF:160K # 168K, P:160K)
[14] 0.000014 +J(0)
[15] 0.000008 +J(0)
[16] 0.000719 -0.000383 (1) WT +J(0) +M(C:0K, Fs:2, WS:0K # 0K, PF:0K # 0K, P:0K)."
"Information","12/9/2024 12:06:54 PM","ESENT","302","Logging/Recovery","svchost (6924,U,98) DS_Token_DB: The database engine has successfully completed recovery steps."
"Information","12/9/2024 12:06:54 PM","ESENT","301","Logging/Recovery","svchost (6924,R,98) DS_Token_DB: The database engine has finished replaying logfile C:\Windows\system32\config\systemprofile\AppData\Local\DataSharing\Storage\DSS.log. 
 
Processing Stats: 
[1] 0.037853 -0.023594 (10) WT +J(CM:0, PgRf:0, Rd:0/0, Dy:0/0, Lg:52728/35) +M(C:0K, Fs:116, WS:188K # 128K, PF:136K # 72K, P:136K). 
Log record of type 'AttachDB ' was seen most frequently (4 times)"
"Information","12/9/2024 12:06:54 PM","ESENT","300","Logging/Recovery","svchost (6924,R,98) DS_Token_DB: The database engine is initiating recovery steps."
"Information","12/9/2024 12:06:54 PM","ESENT","102","General","svchost (6924,P,98) DS_Token_DB: The database engine (10.00.22631.0000) is starting a new instance (0)."
"Information","12/9/2024 12:00:14 PM","Microsoft-Windows-Security-SPP","16384",,"Successfully scheduled Software Protection service for re-start at 2024-12-10T05:39:14Z. Reason: RulesEngine."
"Information","12/9/2024 11:59:40 AM","Microsoft-Windows-Security-SPP","16394",,"Offline downlevel migration succeeded."
"Information","12/9/2024 11:58:50 AM","Microsoft-Windows-Security-SPP","16384",,"Successfully scheduled Software Protection service for re-start at 2024-12-10T05:39:50Z. Reason: RulesEngine."
"Information","12/9/2024 11:58:19 AM","Microsoft-Windows-Security-SPP","16394",,"Offline downlevel migration succeeded."
"Information","12/9/2024 11:54:20 AM","SecurityCenter","15",,"Updated Windows Defender status successfully to SECURITY_PRODUCT_STATE_ON."
"Warning","12/9/2024 11:53:51 AM","Chrome","256","Browser Events","[6960:6868:1209/115351.879:WARNING:remote_commands_service.cc(221)] Client is not registered."
"Information","12/9/2024 11:53:46 AM","edgeupdate","0",,"Service stopped."
"Information","12/9/2024 11:53:20 AM","Microsoft-Windows-Security-SPP","16384",,"Successfully scheduled Software Protection service for re-start at 2024-12-10T05:39:20Z. Reason: RulesEngine."
"Information","12/9/2024 11:52:07 AM","Microsoft-Windows-Security-SPP","16394",,"Offline downlevel migration succeeded."
"Information","12/9/2024 11:50:12 AM","Microsoft-Windows-Security-SPP","16384",,"Successfully scheduled Software Protection service for re-start at 2024-12-10T05:39:12Z. Reason: RulesEngine."
"Information","12/9/2024 11:49:42 AM","Microsoft-Windows-Security-SPP","16394",,"Offline downlevel migration succeeded."
"Information","12/9/2024 11:48:06 AM","Microsoft-Windows-Security-SPP","16384",,"Successfully scheduled Software Protection service for re-start at 2024-12-10T05:39:06Z. Reason: RulesEngine."
"Information","12/9/2024 11:47:36 AM","Microsoft-Windows-Security-SPP","1040",,"Hardware has changed from previous boot.
 AppId=55c92734-d682-4d71-983e-d6ec3f16059f, SkuId=2de67392-b7a7-462a-b1ca-108dd189f588."
"Information","12/9/2024 11:47:36 AM","Microsoft-Windows-Security-SPP","16394",,"Offline downlevel migration succeeded."
"Information","12/9/2024 11:47:35 AM","SecurityCenter","15",,"Updated Windows Defender status successfully to SECURITY_PRODUCT_STATE_ON."
"Information","12/9/2024 11:47:33 AM","SecurityCenter","1",,"The Windows Security Center Service has started."
"Information","12/9/2024 11:46:11 AM","Microsoft-Windows-Security-SPP","903",,"The Software Protection service has stopped.
"
"Information","12/9/2024 11:46:11 AM","Microsoft-Windows-Security-SPP","16384",,"Successfully scheduled Software Protection service for re-start at 2024-12-10T05:39:09Z. Reason: RulesEngine."
"Information","12/9/2024 11:45:39 AM","Microsoft-Windows-Security-SPP","902",,"The Software Protection service has started.
10.0.22621.4391"
"Information","12/9/2024 11:45:35 AM","Microsoft-Windows-Security-SPP","1003",,"The Software Protection service has completed licensing status check.
Application Id=55c92734-d682-4d71-983e-d6ec3f16059f
Licensing Status=
1: 040fa323-92b1-4baf-97a2-5b67feaefddb, 1, 0 [(0 [0xC004F014, 0, 0], [(?)(?)(?)(?)(?)(?)(?)(?)])(1 )(2 )(3 )]
2: 0724cb7d-3437-4cb7-93cb-830375d0079d, 1, 0 [(0 [0xC004F014, 0, 0], [(?)(?)(?)(?)(?)(?)(?)(?)])(1 )(2 )(3 )]
3: 0ad2ac98-7bb9-4201-8d92-312299201369, 1, 0 [(0 [0xC004F014, 0, 0], [(?)(?)(?)(?)(?)(?)(?)(?)])(1 )(2 )(3 )]
4: 1a9a717a-cf13-4ba5-83c3-0fe25fa868d5, 1, 0 [(0 [0xC004F014, 0, 0], [(?)(?)(?)(?)(?)(?)(?)(?)])(1 )(2 )(3 )]
5: 221a02da-e2a1-4b75-864c-0a4410a33fdf, 1, 0 [(0 [0xC004F014, 0, 0], [(?)(?)(?)(?)(?)(?)(?)(?)])(1 )(2 )(3 )]
6: 291ece0e-9c38-40ca-a9e1-32cc7ec19507, 1, 0 [(0 [0xC004F014, 0, 0], [(?)(?)(?)(?)(?)(?)(?)(?)])(1 )(2 )(3 )]
7: 2936d1d2-913a-4542-b54e-ce5a602a2a38, 1, 0 [(0 [0xC004F014, 0, 0], [(?)(?)(?)(?)(?)(?)(?)(?)])(1 )(2 )(3 )]
8: 2c293c26-a45a-4a2a-a350-c69a67097529, 1, 0 [(0 [0xC004F014, 0, 0], [(?)(?)(?)(?)(?)(?)(?)(?)])(1 )(2 )(3 )]
9: 2de67392-b7a7-462a-b1ca-108dd189f588, 1, 1 [(0 [0x00000000, 1, 0], [(?)( 1 0x00000000)(?)( 2 0x00000000 0 0 msft:rm/algorithm/volume/1.0 0x00000000 250675)(?)(?)( 10 0x00000000 msft:rm/algorithm/flags/1.0)(?)])(1 )(2 )(3 )]
10: 2ffd8952-423e-4903-b993-72a1aa44cf82, 1, 0 [(0 [0xC004F014, 0, 0], [(?)(?)(?)(?)(?)(?)(?)(?)])(1 )(2 )(3 )]
11: 30a42c86-b7a0-4a34-8c90-ff177cb2acb7, 1, 0 [(0 [0xC004F014, 0, 0], [(?)(?)(?)(?)(?)(?)(?)(?)])(1 )(2 )(3 )]
12: 345a5db0-d94f-4e3b-a0c0-7c42f7bc3ebf, 1, 0 [(0 [0xC004F014, 0, 0], [(?)(?)(?)(?)(?)(?)(?)(?)])(1 )(2 )(3 )]
13: 3502365a-f88a-4ba4-822a-5769d3073b65, 1, 0 [(0 [0xC004F014, 0, 0], [(?)(?)(?)(?)(?)(?)(?)(?)])(1 )(2 )(3 )]
14: 377333b1-8b5d-48d6-9679-1225c872d37c, 1, 0 [(0 [0xC004F014, 0, 0], [(?)(?)(?)(?)(?)(?)(?)(?)])(1 )(2 )(3 )]
15: 3df374ef-d444-4494-a5a1-4b0d9fd0e203, 1, 0 [(0 [0xC004F014, 0, 0], [(?)(?)(?)(?)(?)(?)(?)(?)])(1 )(2 )(3 )]
16: 3f1afc82-f8ac-4f6c-8005-1d233e606eee, 1, 0 [(0 [0xC004F014, 0, 0], [(?)(?)(?)(?)(?)(?)(?)(?)])(1 )(2 )(3 )]
17: 49cd895b-53b2-4dc4-a5f7-b18aa019ad37, 1, 0 [(0 [0xC004F014, 0, 0], [(?)(?)(?)(?)(?)(?)(?)(?)])(1 )(2 )(3 )]
18: 4de7cb65-cdf1-4de9-8ae8-e3cce27b9f2c, 1, 0 [(0 [0xC004F014, 0, 0], [(?)(?)(?)(?)(?)(?)(?)(?)])(1 )(2 )(3 )]
19: 4f3da0d2-271d-4508-ae81-626b60809a38, 1, 0 [(0 [0xC004F014, 0, 0], [(?)(?)(?)(?)(?)(?)(?)(?)])(1 )(2 )(3 )]
20: 5d78c4e9-aeb3-4b40-8ac2-6a6005e0ad6d, 1, 0 [(0 [0xC004F014, 0, 0], [(?)(?)(?)(?)(?)(?)(?)(?)])(1 )(2 )(3 )]
21: 60b3ec1b-9545-4921-821f-311b129dd6f6, 1, 0 [(0 [0xC004F014, 0, 0], [(?)(?)(?)(?)(?)(?)(?)(?)])(1 )(2 )(3 )]
22: 613d217f-7f13-4268-9907-1662339531cd, 1, 0 [(0 [0xC004F014, 0, 0], [(?)(?)(?)(?)(?)(?)(?)(?)])(1 )(2 )(3 )]
23: 62f0c100-9c53-4e02-b886-a3528ddfe7f6, 1, 0 [(0 [0xC004F014, 0, 0], [(?)(?)(?)(?)(?)(?)(?)(?)])(1 )(2 )(3 )]
24: 6365275e-368d-46ca-a0ef-fc0404119333, 1, 0 [(0 [0xC004F014, 0, 0], [(?)(?)(?)(?)(?)(?)(?)(?)])(1 )(2 )(3 )]
25: 721f9237-9341-4453-a661-09e8baa6cca5, 1, 0 [(0 [0xC004F014, 0, 0], [(?)(?)(?)(?)(?)(?)(?)(?)])(1 )(2 )(3 )]
26: 73111121-5638-40f6-bc11-f1d7b0d64300, 1, 0 [(0 [0xC004F014, 0, 0], [(?)(?)(?)(?)(?)(?)(?)(?)])(1 )(2 )(3 )]
27: 7a802526-4c94-4bd1-ba14-835a1aca2120, 1, 0 [(0 [0xC004F014, 0, 0], [(?)(?)(?)(?)(?)(?)(?)(?)])(1 )(2 )(3 )]
28: 7cb546c0-c7d5-44d8-9a5c-69ecdd782b69, 1, 0 [(0 [0xC004F014, 0, 0], [(?)(?)(?)(?)(?)(?)(?)(?)])(1 )(2 )(3 )]
29: 82bbc092-bc50-4e16-8e18-b74fc486aec3, 1, 0 [(0 [0xC004F014, 0, 0], [(?)(?)(?)(?)(?)(?)(?)(?)])(1 )(2 )(3 )]
30: 8ab9bdd1-1f67-4997-82d9-8878520837d9, 1, 0 [(0 [0xC004F014, 0, 0], [(?)(?)(?)(?)(?)(?)(?)(?)])(1 )(2 )(3 )]
31: 8b351c9c-f398-4515-9900-09df49427262, 1, 0 [(0 [0xC004F014, 0, 0], [(?)(?)(?)(?)(?)(?)(?)(?)])(1 )(2 )(3 )]
32: 90da7373-1c51-430b-bf26-c97e9c5cdc31, 1, 0 [(0 [0xC004F014, 0, 0], [(?)(?)(?)(?)(?)(?)(?)(?)])(1 )(2 )(3 )]
33: 92fb8726-92a8-4ffc-94ce-f82e07444653, 1, 0 [(0 [0xC004F014, 0, 0], [(?)(?)(?)(?)(?)(?)(?)(?)])(1 )(2 )(3 )]
34: 95dca82f-385d-4d39-b85b-5c73fa285d6f, 1, 0 [(0 [0xC004F014, 0, 0], [(?)(?)(?)(?)(?)(?)(?)(?)])(1 )(2 )(3 )]
35: a48938aa-62fa-4966-9d44-9f04da3f72f2, 1, 0 [(0 [0xC004F014, 0, 0], [(?)(?)(?)(?)(?)(?)(?)(?)])(1 )(2 )(3 )]
36: b0773a15-df3a-4312-9ad2-83d69648e356, 1, 0 [(0 [0xC004F014, 0, 0], [(?)(?)(?)(?)(?)(?)(?)(?)])(1 )(2 )(3 )]
37: b4bfe195-541e-4e64-ad23-6177f19e395e, 1, 0 [(0 [0xC004F014, 0, 0], [(?)(?)(?)(?)(?)(?)(?)(?)])(1 )(2 )(3 )]
38: b68e61d2-68ca-4757-be45-0cc2f3e68eee, 1, 0 [(0 [0xC004F014, 0, 0], [(?)(?)(?)(?)(?)(?)(?)(?)])(1 )(2 )(3 )]
39: bd3762d7-270d-4760-8fb3-d829ca45278a, 1, 0 [(0 [0xC004F014, 0, 0], [(?)(?)(?)(?)(?)(?)(?)(?)])(1 )(2 )(3 )]
40: c86d5194-4840-4dae-9c1c-0301003a5ab0, 1, 0 [(0 [0xC004F014, 0, 0], [(?)(?)(?)(?)(?)(?)(?)(?)])(1 )(2 )(3 )]
41: ca7df2e3-5ea0-47b8-9ac1-b1be4d8edd69, 1, 0 [(0 [0xC004F014, 0, 0], [(?)(?)(?)(?)(?)(?)(?)(?)])(1 )(2 )(3 )]
42: d552befb-48cc-4327-8f39-47d2d94f987c, 1, 0 [(0 [0xC004F014, 0, 0], [(?)(?)(?)(?)(?)(?)(?)(?)])(1 )(2 )(3 )]
43: d6eadb3b-5ca8-4a6b-986e-35b550756111, 1, 0 [(0 [0xC004F014, 0, 0], [(?)(?)(?)(?)(?)(?)(?)(?)])(1 )(2 )(3 )]
44: df96023b-dcd9-4be2-afa0-c6c871159ebe, 1, 0 [(0 [0xC004F014, 0, 0], [(?)(?)(?)(?)(?)(?)(?)(?)])(1 )(2 )(3 )]
45: e0c42288-980c-4788-a014-c080d2e1926e, 1, 0 [(0 [0xC004F014, 0, 0], [(?)(?)(?)(?)(?)(?)(?)(?)])(1 )(2 )(3 )]
46: e4db50ea-bda1-4566-b047-0ca50abc6f07, 1, 0 [(0 [0xC004F014, 0, 0], [(?)(?)(?)(?)(?)(?)(?)(?)])(1 )(2 )(3 )]
47: e558417a-5123-4f6f-91e7-385c1c7ca9d4, 1, 0 [(0 [0xC004F014, 0, 0], [(?)(?)(?)(?)(?)(?)(?)(?)])(1 )(2 )(3 )]
48: e7a950a2-e548-4f10-bf16-02ec848e0643, 1, 0 [(0 [0xC004F014, 0, 0], [(?)(?)(?)(?)(?)(?)(?)(?)])(1 )(2 )(3 )]
49: eb6d346f-1c60-4643-b960-40ec31596c45, 1, 0 [(0 [0xC004F014, 0, 0], [(?)(?)(?)(?)(?)(?)(?)(?)])(1 )(2 )(3 )]
50: ec868e65-fadf-4759-b23e-93fe37f2cc29, 1, 0 [(0 [0xC004F014, 0, 0], [(?)(?)(?)(?)(?)(?)(?)(?)])(1 )(2 )(3 )]
51: ef51e000-2659-4f25-8345-3de70a9cf4c4, 1, 0 [(0 [0xC004F014, 0, 0], [(?)(?)(?)(?)(?)(?)(?)(?)])(1 )(2 )(3 )]
52: f7af7d09-40e4-419c-a49b-eae366689ebd, 1, 0 [(0 [0xC004F014, 0, 0], [(?)(?)(?)(?)(?)(?)(?)(?)])(1 )(2 )(3 )]
53: fa755fe6-6739-40b9-8d84-6d0ea3b6d1ab, 1, 0 [(0 [0xC004F014, 0, 0], [(?)(?)(?)(?)(?)(?)(?)(?)])(1 )(2 )(3 )]
54: fe74f55b-0338-41d6-b267-4a201abe7285, 1, 0 [(0 [0xC004F014, 0, 0], [(?)(?)(?)(?)(?)(?)(?)(?)])(1 )(2 )(3 )]

"
"Information","12/9/2024 11:45:32 AM","Microsoft-Windows-Security-SPP","1040",,"Hardware has changed from previous boot.
 AppId=55c92734-d682-4d71-983e-d6ec3f16059f, SkuId=2de67392-b7a7-462a-b1ca-108dd189f588."
"Information","12/9/2024 11:45:32 AM","Microsoft-Windows-Security-SPP","1066",,"Initialization status for service objects.
C:\Windows\system32\sppwinob.dll, msft:spp/windowsfunctionality/agent/7.0, 0x00000000, 0x00000000
C:\Windows\system32\sppobjs.dll, msft:rm/algorithm/inherited/1.0, 0x00000000, 0x00000000
C:\Windows\system32\sppobjs.dll, msft:rm/algorithm/phone/1.0, 0x00000000, 0x00000000
C:\Windows\system32\sppobjs.dll, msft:rm/algorithm/pkey/detect, 0x00000000, 0x00000000
C:\Windows\system32\sppobjs.dll, msft:spp/ActionScheduler/1.0, 0x00000000, 0x00000000
C:\Windows\system32\sppobjs.dll, msft:spp/TaskScheduler/1.0, 0x00000000, 0x00000000
C:\Windows\system32\sppobjs.dll, msft:spp/statecollector/pkey, 0x00000000, 0x00000000
C:\Windows\system32\sppobjs.dll, msft:spp/volume/services/kms/1.0, 0x00000000, 0x00000000
C:\Windows\system32\sppobjs.dll, msft:spp/volume/services/kms/activationinfo/1.0, 0x00000000, 0x00000000
"
"Information","12/9/2024 11:45:32 AM","Microsoft-Windows-Security-SPP","16394",,"Offline downlevel migration succeeded."
"Information","12/9/2024 11:45:31 AM","Microsoft-Windows-Security-SPP","900",,"The Software Protection service is starting.
Parameters:<explicit>"
"Information","12/9/2024 11:45:21 AM","Microsoft-Windows-Search","1003","Search service","The Windows Search Service started.
"
"Information","12/9/2024 11:45:09 AM","edgeupdate","0",,"Service stopped."
"Information","12/9/2024 11:44:38 AM","Microsoft-Windows-Winlogon","6000",,"The winlogon notification subscriber <SessionEnv> was unavailable to handle a notification event."
"Information","12/9/2024 11:44:37 AM","Microsoft-Windows-Winlogon","6003",,"The winlogon notification subscriber <SessionEnv> was unavailable to handle a critical notification event."
"Warning","12/9/2024 11:43:19 AM","Microsoft-Windows-WMI","63",,"A provider, IntelMEProv, has been registered in the Windows Management Instrumentation namespace root\Intel_ME to use the LocalSystem account. This account is privileged and the provider may cause a security violation if it does not correctly impersonate user requests."
"Warning","12/9/2024 11:43:19 AM","Microsoft-Windows-WMI","63",,"A provider, IntelMEProv, has been registered in the Windows Management Instrumentation namespace root\Intel_ME to use the LocalSystem account. This account is privileged and the provider may cause a security violation if it does not correctly impersonate user requests."
"Warning","12/9/2024 11:43:19 AM","Microsoft-Windows-WMI","63",,"A provider, IntelMEProv, has been registered in the Windows Management Instrumentation namespace root\Intel_ME to use the LocalSystem account. This account is privileged and the provider may cause a security violation if it does not correctly impersonate user requests."
"Information","12/9/2024 11:43:19 AM","WMIRegistrationService","2",,"Intel(R) WMI Registration Service has successfully finished WMI Registration."
"Information","12/9/2024 11:43:18 AM","Microsoft-Windows-WMI","5617",,"Windows Management Instrumentation Service subsystems initialized successfully"
,"12/9/2024 11:43:19 AM","AsusUpdateCheck","0",,
"Information","12/9/2024 11:43:02 AM","Microsoft-Windows-WMI","5615",,"Windows Management Instrumentation Service started sucessfully"
"Information","12/9/2024 11:43:12 AM","OpenVpnService","0",,"Service started successfully."
"Information","12/9/2024 11:42:58 AM","Microsoft-Windows-User Profiles Service","1531",,"The User Profile Service has started successfully.  

"
"Information","12/9/2024 11:43:06 AM","WMIRegistrationService","0",,"Intel(R) WMI Registration Service started."
"Information","12/9/2024 11:43:02 AM","IntelDalJhi","0",,"Intel(R) Dynamic Application Loader Host Interface Service started."
,"12/9/2024 11:43:02 AM","AsusUpdateCheck","0",,
"Information","12/6/2024 8:57:21 PM","Microsoft-Windows-Security-SPP","16384",,"Successfully scheduled Software Protection service for re-start at 2024-12-10T05:39:21Z. Reason: RulesEngine."
"Information","12/6/2024 8:56:48 PM","Microsoft-Windows-Security-SPP","16394",,"Offline downlevel migration succeeded."
"Information","12/6/2024 7:57:03 PM","Microsoft-Windows-Security-SPP","16384",,"Successfully scheduled Software Protection service for re-start at 2024-12-10T05:40:03Z. Reason: RulesEngine."
"Information","12/6/2024 7:56:32 PM","Microsoft-Windows-Security-SPP","1003",,"The Software Protection service has completed licensing status check.
Application Id=0ff1ce15-a989-479d-af46-f275c6370663
Licensing Status=
1: 85dd8b5f-eaa4-4af3-a628-cce9e77c9a03, 1, 1 [(0 [0x00000000, 1, 0], [(?)( 1 0x00000000)(?)( 2 0x00000000 0 0 msft:rm/algorithm/volume/1.0 0x00000000 255868)(?)(?)(?)(?)])(1 )(2 )(3 )]

"
"Information","12/6/2024 7:56:32 PM","Microsoft-Windows-Security-SPP","1003",,"The Software Protection service has completed licensing status check.
Application Id=0ff1ce15-a989-479d-af46-f275c6370663
Licensing Status=
1: 0b4e6cfa-3072-434c-b702-bd1836e6887c, 1, 0 [(0 [0xC004F014, 0, 0], [(?)(?)(?)(?)(?)(?)(?)(?)])(1 )(2 )(3 )]
2: 0bc88885-718c-491d-921f-6f214349e79c, 1, 0 [(0 [0xC004F014, 0, 0], [(?)(?)(?)(?)(?)(?)(?)(?)])(1 )(2 )(3 )]
3: 6755c7a7-4dfe-46f5-bce8-427be8e9dc62, 1, 0 [(0 [0xC004F014, 0, 0], [(?)(?)(?)(?)(?)(?)(?)(?)])(1 )(2 )(3 )]
4: 85dd8b5f-eaa4-4af3-a628-cce9e77c9a03, 1, 1 [(0 [0x00000000, 1, 0], [(?)( 1 0x00000000)(?)( 2 0x00000000 0 0 msft:rm/algorithm/volume/1.0 0x00000000 255868)(?)(?)(?)(?)])(1 )(2 )(3 )]

"
"Information","12/6/2024 7:56:31 PM","Microsoft-Windows-Security-SPP","16394",,"Offline downlevel migration succeeded."
"Warning","12/6/2024 7:32:45 PM","Chrome","256","Browser Events","[20720:8932:1206/193245.176:WARNING:remote_commands_service.cc(221)] Client is not registered."
"Information","12/6/2024 6:43:48 PM","Microsoft-Windows-Security-SPP","16384",,"Successfully scheduled Software Protection service for re-start at 2024-12-10T05:39:48Z. Reason: RulesEngine."
"Information","12/6/2024 6:43:17 PM","Microsoft-Windows-Security-SPP","16394",,"Offline downlevel migration succeeded."
"Information","12/6/2024 6:38:37 PM","Microsoft-Windows-Security-SPP","16384",,"Successfully scheduled Software Protection service for re-start at 2024-12-10T05:39:36Z. Reason: RulesEngine."
"Information","12/6/2024 6:38:05 PM","Microsoft-Windows-Security-SPP","1003",,"The Software Protection service has completed licensing status check.
Application Id=0ff1ce15-a989-479d-af46-f275c6370663
Licensing Status=
1: 85dd8b5f-eaa4-4af3-a628-cce9e77c9a03, 1, 1 [(0 [0x00000000, 1, 0], [(?)( 1 0x00000000)(?)( 2 0x00000000 0 0 msft:rm/algorithm/volume/1.0 0x00000000 255947)(?)(?)(?)(?)])(1 )(2 )(3 )]

"
"Information","12/6/2024 6:38:05 PM","Microsoft-Windows-Security-SPP","1003",,"The Software Protection service has completed licensing status check.
Application Id=0ff1ce15-a989-479d-af46-f275c6370663
Licensing Status=
1: 0b4e6cfa-3072-434c-b702-bd1836e6887c, 1, 0 [(0 [0xC004F014, 0, 0], [(?)(?)(?)(?)(?)(?)(?)(?)])(1 )(2 )(3 )]
2: 0bc88885-718c-491d-921f-6f214349e79c, 1, 0 [(0 [0xC004F014, 0, 0], [(?)(?)(?)(?)(?)(?)(?)(?)])(1 )(2 )(3 )]
3: 6755c7a7-4dfe-46f5-bce8-427be8e9dc62, 1, 0 [(0 [0xC004F014, 0, 0], [(?)(?)(?)(?)(?)(?)(?)(?)])(1 )(2 )(3 )]
4: 85dd8b5f-eaa4-4af3-a628-cce9e77c9a03, 1, 1 [(0 [0x00000000, 1, 0], [(?)( 1 0x00000000)(?)( 2 0x00000000 0 0 msft:rm/algorithm/volume/1.0 0x00000000 255947)(?)(?)(?)(?)])(1 )(2 )(3 )]

"
"Information","12/6/2024 6:38:05 PM","Microsoft-Windows-Security-SPP","16394",,"Offline downlevel migration succeeded."
"Information","12/6/2024 6:27:55 PM","ESENT","330","General","Video.UI (18292,D,2) {12D8E475-0E20-4481-8DDA-1EED017E0E12}: The database [C:\Users\Admin\AppData\Local\Packages\Microsoft.ZuneVideo_8wekyb3d8bbwe\LocalState\Database\2a25a7a8b3edf10e\tmp.edb] format version is being held back to 8920 (0x22d8) due to application parameter setting of 0x410022D8 (8920 | JET_efvAllowHigherPersistedFormat). Current default engine version: 9480 (0x2508)."
"Information","12/6/2024 6:27:55 PM","ESENT","326","General","Video.UI (18292,D,50) {12D8E475-0E20-4481-8DDA-1EED017E0E12}: The database engine attached a database (1, C:\Users\Admin\AppData\Local\Packages\Microsoft.ZuneVideo_8wekyb3d8bbwe\LocalState\Database\2a25a7a8b3edf10e\EntClientDb.edb). (Time=0 seconds) 
 
Saved Cache: 0 0 
Additional Data: lgposAttach = 00000001:018C:0268,
dbv = 1568.20.0 (8920) 
 
Internal Timing Sequence: 
[1] 0.000001 +J(0)
[2] 0.000260 +J(0) +M(C:0K, Fs:18, WS:8K # 0K, PF:8K # 0K, P:8K)
[3] 0.002162 -0.001247 (5) WT +J(CM:0, PgRf:0, Rd:0/0, Dy:0/0, Lg:3480/2) +M(C:0K, Fs:7, WS:20K # 0K, PF:20K # 0K, P:20K)
[4] 0.000087 +J(0)
[5] -
[6] 0.018937 -0.018871 (2) CM +J(CM:2, PgRf:2, Rd:0/2, Dy:0/0, Lg:0/0) +M(C:0K, Fs:5, WS:20K # 0K, PF:16K # 0K, P:16K)
[7] -
[8] 0.019172 -0.018998 (1) WT +J(CM:1, PgRf:1, Rd:14/1, Dy:0/0, Lg:0/0) +M(C:0K, Fs:23, WS:80K # 0K, PF:300K # 0K, P:300K)
[9] -
[10] -
[11] -
[12] 0.000302 +J(0)
[13] 0.026913 -0.026755 (4) CM +J(CM:4, PgRf:23, Rd:0/4, Dy:0/0, Lg:0/0) +M(C:0K, Fs:24, WS:96K # 0K, PF:8K # 0K, P:8K)
[14] 0.000084 -0.000002 (1) CM +J(CM:1, PgRf:40, Rd:0/1, Dy:0/0, Lg:0/0) +M(C:0K, Fs:4, WS:8K # 0K, PF:64K # 0K, P:64K)
[15] 0.000004 +J(CM:0, PgRf:1, Rd:0/0, Dy:0/0, Lg:0/0)
[16] 0.000006 +J(CM:0, PgRf:1, Rd:0/0, Dy:0/0, Lg:0/0) +M(C:0K, Fs:1, WS:4K # 0K, PF:0K # 0K, P:0K)
[17] 0.000026 +J(CM:0, PgRf:42, Rd:0/0, Dy:0/0, Lg:0/0) +M(C:0K, Fs:1, WS:4K # 0K, PF:0K # 0K, P:0K)
[18] 0.0 +J(0)
[19] 0.0 +J(0)
[20] 0.000003 +J(CM:0, PgRf:1, Rd:0/0, Dy:0/0, Lg:0/0)."
"Information","12/6/2024 6:27:55 PM","ESENT","330","General","Video.UI (18292,D,50) {12D8E475-0E20-4481-8DDA-1EED017E0E12}: The database [C:\Users\Admin\AppData\Local\Packages\Microsoft.ZuneVideo_8wekyb3d8bbwe\LocalState\Database\2a25a7a8b3edf10e\EntClientDb.edb] format version is being held back to 8920 (0x22d8) due to application parameter setting of 0x410022D8 (8920 | JET_efvAllowHigherPersistedFormat). Current default engine version: 9480 (0x2508)."
"Information","12/6/2024 6:27:55 PM","ESENT","105","General","Video.UI (18292,D,0) {12D8E475-0E20-4481-8DDA-1EED017E0E12}: The database engine started a new instance (0). (Time=0 seconds) 
 
Additional Data:
 lgposV2[] = 00000001:0001:0000 - 00000001:0189:002B - 00000001:018A:0000 - 00000001:018A:0000 (00000000:0000:0000)
cReInits = 80
RBSOn = 0
 
 
Internal Timing Sequence: 
[1] 0.004606 +J(0) +M(C:0K, Fs:403, WS:1556K # 1556K, PF:4220K # 4220K, P:4220K)
[2] 0.000188 +J(0) +M(C:0K, Fs:131, WS:520K # 520K, PF:360K # 360K, P:360K)
[3] 0.000011 +J(0) +M(C:0K, Fs:3, WS:12K # 12K, PF:64K # 64K, P:64K)
[4] 0.000140 +J(0) +M(C:0K, Fs:44, WS:176K # 176K, PF:180K # 180K, P:180K)
[5] 0.336949 +J(0) +M(C:0K, Fs:6229, WS:22736K # 22792K, PF:15220K # 15692K, P:15220K)
[6] 0.021603 +J(0) +M(C:0K, Fs:23, WS:92K # 36K, PF:12K # 0K, P:12K)
[7] 0.042297 +J(0) +M(C:0K, Fs:535, WS:2132K # 2132K, PF:2052K # 1592K, P:2052K)
[8] 0.030899 -0.001472 (7) WT +J(CM:0, PgRf:0, Rd:0/0, Dy:0/0, Lg:1573224/6634) +M(C:0K, Fs:1532, WS:360K # 368K, PF:192K # 200K, P:192K)
[9] 0.000277 +J(0) +M(C:0K, Fs:1, WS:4K # 0K, PF:0K # 0K, P:0K)
[10] 0.000655 +J(0) +M(C:0K, Fs:1, WS:-2044K # 0K, PF:-2044K # 0K, P:-2044K)
[11] 0.000015 +J(CM:0, PgRf:0, Rd:0/0, Dy:0/0, Lg:49/1) +M(C:0K, Fs:5, WS:20K # 0K, PF:0K # 0K, P:0K)
[12] 0.003214 -0.003173 (2) WT +J(0) +M(C:0K, Fs:5, WS:20K # 0K, PF:0K # 0K, P:0K)
[13] 0.039575 -0.018443 (2) CM -0.015531 (15) WT +J(CM:2, PgRf:2, Rd:0/2, Dy:0/0, Lg:8759/5) +M(C:0K, Fs:549, WS:68K # 108K, PF:96K # 96K, P:96K)
[14] 0.000011 +J(0)
[15] 0.000007 +J(0)
[16] 0.000109 +J(0) +M(C:0K, Fs:2, WS:0K # 0K, PF:0K # 0K, P:0K)."
"Information","12/6/2024 6:27:55 PM","ESENT","302","Logging/Recovery","Video.UI (18292,U,98) {12D8E475-0E20-4481-8DDA-1EED017E0E12}: The database engine has successfully completed recovery steps."
"Information","12/6/2024 6:27:55 PM","ESENT","301","Logging/Recovery","Video.UI (18292,R,98) {12D8E475-0E20-4481-8DDA-1EED017E0E12}: The database engine has finished replaying logfile C:\Users\Admin\AppData\Local\Packages\Microsoft.ZuneVideo_8wekyb3d8bbwe\LocalState\Database\2a25a7a8b3edf10e\edb.log. 
 
Processing Stats: 
[1] 0.029288 -0.001471 (6) WT +J(CM:0, PgRf:0, Rd:0/0, Dy:0/0, Lg:1573224/6634) +M(C:0K, Fs:1503, WS:252K # 260K, PF:116K # 124K, P:116K). 
Log record of type 'Insert   ' was seen most frequently (2369 times)"
"Information","12/6/2024 6:27:55 PM","ESENT","330","General","Video.UI (18292,R,98) {12D8E475-0E20-4481-8DDA-1EED017E0E12}: The database [C:\Users\Admin\AppData\Local\Packages\Microsoft.ZuneVideo_8wekyb3d8bbwe\LocalState\Database\2a25a7a8b3edf10e\EntClientDb.edb] format version is being held back to 8920 (0x22d8) due to application parameter setting of 0x410022D8 (8920 | JET_efvAllowHigherPersistedFormat). Current default engine version: 9480 (0x2508)."
"Information","12/6/2024 6:27:55 PM","ESENT","335","Logging/Recovery","Video.UI (18292,R,98) {12D8E475-0E20-4481-8DDA-1EED017E0E12}: Replay of a Create for database ""C:\Users\Admin\AppData\Local\Packages\Microsoft.ZuneVideo_8wekyb3d8bbwe\LocalState\Database\2a25a7a8b3edf10e\EntClientDb.edb"" at log position (00000001,0001,0268) was deferred due to AttachFuture.  Additional information:  "
"Information","12/6/2024 6:27:55 PM","ESENT","300","Logging/Recovery","Video.UI (18292,R,98) {12D8E475-0E20-4481-8DDA-1EED017E0E12}: The database engine is initiating recovery steps."
"Information","12/6/2024 6:27:55 PM","ESENT","102","General","Video.UI (18292,P,98) {12D8E475-0E20-4481-8DDA-1EED017E0E12}: The database engine (10.00.22631.0000) is starting a new instance (0)."
"Information","12/6/2024 6:18:40 PM","Microsoft-Windows-Security-SPP","16384",,"Successfully scheduled Software Protection service for re-start at 2024-12-10T05:39:40Z. Reason: RulesEngine."
"Information","12/6/2024 6:18:08 PM","Microsoft-Windows-Security-SPP","1003",,"The Software Protection service has completed licensing status check.
Application Id=0ff1ce15-a989-479d-af46-f275c6370663
Licensing Status=
1: 85dd8b5f-eaa4-4af3-a628-cce9e77c9a03, 1, 1 [(0 [0x00000000, 1, 0], [(?)( 1 0x00000000)(?)( 2 0x00000000 0 0 msft:rm/algorithm/volume/1.0 0x00000000 255967)(?)(?)(?)(?)])(1 )(2 )(3 )]

"
"Information","12/6/2024 6:18:08 PM","Microsoft-Windows-Security-SPP","1003",,"The Software Protection service has completed licensing status check.
Application Id=0ff1ce15-a989-479d-af46-f275c6370663
Licensing Status=
1: 0b4e6cfa-3072-434c-b702-bd1836e6887c, 1, 0 [(0 [0xC004F014, 0, 0], [(?)(?)(?)(?)(?)(?)(?)(?)])(1 )(2 )(3 )]
2: 0bc88885-718c-491d-921f-6f214349e79c, 1, 0 [(0 [0xC004F014, 0, 0], [(?)(?)(?)(?)(?)(?)(?)(?)])(1 )(2 )(3 )]
3: 6755c7a7-4dfe-46f5-bce8-427be8e9dc62, 1, 0 [(0 [0xC004F014, 0, 0], [(?)(?)(?)(?)(?)(?)(?)(?)])(1 )(2 )(3 )]
4: 85dd8b5f-eaa4-4af3-a628-cce9e77c9a03, 1, 1 [(0 [0x00000000, 1, 0], [(?)( 1 0x00000000)(?)( 2 0x00000000 0 0 msft:rm/algorithm/volume/1.0 0x00000000 255967)(?)(?)(?)(?)])(1 )(2 )(3 )]

"
"Information","12/6/2024 6:18:08 PM","Microsoft-Windows-Security-SPP","1040",,"Hardware has changed from previous boot.
 AppId=0ff1ce15-a989-479d-af46-f275c6370663, SkuId=85dd8b5f-eaa4-4af3-a628-cce9e77c9a03."
"Information","12/6/2024 6:18:08 PM","Microsoft-Windows-Security-SPP","16394",,"Offline downlevel migration succeeded."
"Information","12/6/2024 6:15:59 PM","SecurityCenter","15",,"Updated Windows Defender status successfully to SECURITY_PRODUCT_STATE_ON."
"Information","12/6/2024 6:15:57 PM","SecurityCenter","15",,"Updated Windows Defender status successfully to SECURITY_PRODUCT_STATE_ON."
"Information","12/6/2024 5:38:50 PM","Microsoft-Windows-Security-SPP","16384",,"Successfully scheduled Software Protection service for re-start at 2024-12-10T05:39:50Z. Reason: RulesEngine."
"Information","12/6/2024 5:38:17 PM","Microsoft-Windows-Security-SPP","16394",,"Offline downlevel migration succeeded."
,"12/6/2024 5:24:12 PM","FVSDK","0",,
,"12/6/2024 5:24:11 PM","FVSDK","0",,
,"12/6/2024 5:24:11 PM","FVSDK","0",,
"Warning","12/6/2024 5:16:23 PM","Microsoft-Windows-Perflib","1008",,"The Open procedure for service ""WmiApRpl"" in DLL ""C:\Windows\system32\wbem\wmiaprpl.dll"" failed with error code The device is not ready.. Performance data for this service will not be available."
,"12/6/2024 5:16:22 PM","FVSDK","0",,
,"12/6/2024 5:16:22 PM","FVSDK","0",,
,"12/6/2024 5:16:22 PM","FVSDK","0",,
,"12/6/2024 5:16:22 PM","FVSDK","0",,
,"12/6/2024 5:16:22 PM","FVSDK","0",,
,"12/6/2024 5:16:22 PM","FVSDK","0",,
,"12/6/2024 5:16:22 PM","FVSDK","0",,
,"12/6/2024 4:47:05 PM","FVSDK","0",,
,"12/6/2024 4:47:04 PM","FVSDK","0",,
,"12/6/2024 4:47:04 PM","FVSDK","0",,
"Warning","12/6/2024 4:34:14 PM","Microsoft-Windows-Perflib","1008",,"The Open procedure for service ""WmiApRpl"" in DLL ""C:\Windows\system32\wbem\wmiaprpl.dll"" failed with error code The device is not ready.. Performance data for this service will not be available."
,"12/6/2024 4:34:14 PM","FVSDK","0",,
,"12/6/2024 4:34:13 PM","FVSDK","0",,
,"12/6/2024 4:34:13 PM","FVSDK","0",,
,"12/6/2024 4:34:13 PM","FVSDK","0",,
,"12/6/2024 4:34:13 PM","FVSDK","0",,
,"12/6/2024 4:34:13 PM","FVSDK","0",,
,"12/6/2024 4:34:13 PM","FVSDK","0",,
,"12/6/2024 4:33:46 PM","FVSDK","0",,
,"12/6/2024 4:33:45 PM","FVSDK","0",,
,"12/6/2024 4:33:45 PM","FVSDK","0",,
"Warning","12/6/2024 4:33:10 PM","Microsoft-Windows-Perflib","1008",,"The Open procedure for service ""WmiApRpl"" in DLL ""C:\Windows\system32\wbem\wmiaprpl.dll"" failed with error code The device is not ready.. Performance data for this service will not be available."
,"12/6/2024 4:33:09 PM","FVSDK","0",,
,"12/6/2024 4:33:09 PM","FVSDK","0",,
,"12/6/2024 4:33:09 PM","FVSDK","0",,
,"12/6/2024 4:33:09 PM","FVSDK","0",,
,"12/6/2024 4:33:09 PM","FVSDK","0",,
,"12/6/2024 4:33:09 PM","FVSDK","0",,
,"12/6/2024 4:33:09 PM","FVSDK","0",,
"Warning","12/6/2024 4:32:39 PM","Chrome","256","Browser Events","[15532:19908:1206/163239.482:WARNING:remote_commands_service.cc(221)] Client is not registered."
"Information","12/6/2024 4:21:24 PM","Microsoft-Windows-Security-SPP","16384",,"Successfully scheduled Software Protection service for re-start at 2024-12-10T05:39:24Z. Reason: RulesEngine."
"Information","12/6/2024 4:20:54 PM","Microsoft-Windows-Security-SPP","16394",,"Offline downlevel migration succeeded."
"Warning","12/6/2024 4:08:44 PM","Chrome","256","Browser Events","[18236:14576:1206/160844.549:WARNING:remote_commands_service.cc(221)] Client is not registered."
"Information","12/6/2024 2:51:14 PM","Microsoft-Windows-Security-SPP","16384",,"Successfully scheduled Software Protection service for re-start at 2024-12-10T05:39:14Z. Reason: RulesEngine."
"Information","12/6/2024 2:50:44 PM","Microsoft-Windows-Security-SPP","1040",,"Hardware has changed from previous boot.
 AppId=55c92734-d682-4d71-983e-d6ec3f16059f, SkuId=2de67392-b7a7-462a-b1ca-108dd189f588."
"Information","12/6/2024 2:50:44 PM","Microsoft-Windows-Security-SPP","16394",,"Offline downlevel migration succeeded."
"Information","12/6/2024 2:42:24 PM","Microsoft-Windows-RestartManager","10001",,"Ending session 0 started ?2024?-?12?-?06T06:42:22.740180800Z."
"Information","12/6/2024 2:42:24 PM","MsiInstaller","1042",,"Ending a Windows Installer transaction: C:\Program Files\WindowsApps\MSTeams_24295.605.3225.8804_x64__8wekyb3d8bbwe\MicrosoftTeamsMeetingAddinInstaller.msi. Client Process Id: 1256."
"Information","12/6/2024 2:42:24 PM","MsiInstaller","1033",,"Windows Installer installed the product. Product Name: Microsoft Teams Meeting Add-in for Microsoft Office. Product Version: 1.24.28402. Product Language: 1033. Manufacturer: Microsoft. Installation success or error status: 0."
"Information","12/6/2024 2:42:24 PM","MsiInstaller","11707",,"Product: Microsoft Teams Meeting Add-in for Microsoft Office -- Installation completed successfully."
"Information","12/6/2024 2:42:22 PM","Microsoft-Windows-RestartManager","10000",,"Starting session 0 - ?2024?-?12?-?06T06:42:22.740180800Z."
"Information","12/6/2024 2:42:22 PM","MsiInstaller","1040",,"Beginning a Windows Installer transaction: C:\Program Files\WindowsApps\MSTeams_24295.605.3225.8804_x64__8wekyb3d8bbwe\MicrosoftTeamsMeetingAddinInstaller.msi. Client Process Id: 1256."
"Warning","12/6/2024 2:40:53 PM","Chrome","256","Browser Events","[14268:19344:1206/144053.511:WARNING:remote_commands_service.cc(221)] Client is not registered."
"Information","12/6/2024 2:00:13 PM","Microsoft-Windows-Security-SPP","16384",,"Successfully scheduled Software Protection service for re-start at 2024-12-10T05:39:13Z. Reason: RulesEngine."
"Information","12/6/2024 1:59:43 PM","Microsoft-Windows-Security-SPP","16394",,"Offline downlevel migration succeeded."
"Warning","12/6/2024 1:34:47 PM","Chrome","256","Browser Events","[14268:19344:1206/133447.204:WARNING:remote_commands_service.cc(221)] Client is not registered."
"Information","12/6/2024 1:23:12 PM","VSS","8224",,"The VSS service is shutting down due to idle timeout. "
"Information","12/6/2024 1:20:53 PM","Microsoft-Windows-Security-SPP","16384",,"Successfully scheduled Software Protection service for re-start at 2024-12-10T05:39:53Z. Reason: RulesEngine."
"Information","12/6/2024 1:20:37 PM","SecurityCenter","15",,"Updated Windows Defender status successfully to SECURITY_PRODUCT_STATE_ON."
"Information","12/6/2024 1:20:12 PM","System Restore","8216",,"Skipping creation of restore point (Process = C:\Windows\system32\svchost.exe -k netsvcs -p -s wuauserv; Description = Windows Update) as there is a restore point avaliable which is recent enough for System Restore."
"Information","12/6/2024 1:20:08 PM","System Restore","8216",,"Skipping creation of restore point (Process = C:\Windows\system32\svchost.exe -k netsvcs -p -s wuauserv; Description = Windows Update) as there is a restore point avaliable which is recent enough for System Restore."
"Information","12/6/2024 1:19:57 PM","Microsoft-Windows-Security-SPP","16394",,"Offline downlevel migration succeeded."
"Information","12/6/2024 1:10:40 PM","Microsoft-Windows-Security-SPP","16384",,"Successfully scheduled Software Protection service for re-start at 2024-12-10T05:39:40Z. Reason: RulesEngine."
"Information","12/6/2024 1:09:59 PM","Microsoft-Windows-Security-SPP","16394",,"Offline downlevel migration succeeded."
"Information","12/6/2024 1:09:31 PM","Microsoft-Windows-Security-SPP","16384",,"Successfully scheduled Software Protection service for re-start at 2024-12-10T05:39:30Z. Reason: RulesEngine."
"Information","12/6/2024 1:08:35 PM","Microsoft-Windows-Security-SPP","16394",,"Offline downlevel migration succeeded."
"Information","12/6/2024 1:04:56 PM","Microsoft-Windows-Winlogon","6000",,"The winlogon notification subscriber <SessionEnv> was unavailable to handle a notification event."
"Information","12/6/2024 1:04:55 PM","Microsoft-Windows-Winlogon","6003",,"The winlogon notification subscriber <SessionEnv> was unavailable to handle a critical notification event."
"Information","12/6/2024 1:03:37 PM","Microsoft-Windows-CAPI2","4112",,"Successful auto update of disallowed certificate list with effective date: ?Thursday, ?December ?5, ?2024 2:00:14 AM."
"Information","12/6/2024 1:02:54 PM","edgeupdate","0",,"Service stopped."
"Information","12/5/2024 10:05:34 PM","Microsoft-Windows-Winlogon","6000",,"The winlogon notification subscriber <Dot3svc> was unavailable to handle a notification event."
"Information","12/5/2024 10:05:34 PM","Microsoft-Windows-Winlogon","6000",,"The winlogon notification subscriber <SessionEnv> was unavailable to handle a notification event."
"Information","12/5/2024 10:05:34 PM","Microsoft-Windows-Winlogon","6000",,"The winlogon notification subscriber <WSearch> was unavailable to handle a notification event."
"Information","12/5/2024 10:05:32 PM","Desktop Window Manager","9027",,"The Desktop Window Manager has registered the session port."
"Information","12/5/2024 9:42:34 PM","Microsoft-Windows-Security-SPP","16384",,"Successfully scheduled Software Protection service for re-start at 2024-12-10T05:39:34Z. Reason: RulesEngine."
"Information","12/5/2024 9:42:02 PM","Microsoft-Windows-Security-SPP","16394",,"Offline downlevel migration succeeded."
"Warning","12/5/2024 8:53:45 PM","Chrome","256","Browser Events","[8916:10260:1205/205345.123:WARNING:remote_commands_service.cc(221)] Client is not registered."
"Information","12/5/2024 7:49:47 PM","Windows Error Reporting","1001",,"Fault bucket 1567277648963604589, type 4
Event Name: APPCRASH
Response: Not available
Cab Id: 0

Problem signature:
P1: Acrobat.exe
P2: 24.2.20857.0
P3: 666cd3b1
P4: Acrobat.dll
P5: 24.2.20857.0
P6: 666cd3aa
P7: c0000005
P8: 00000000004d0568
P9: 
P10: 

Attached files:
\\?\C:\ProgramData\Microsoft\Windows\WER\Temp\WER.e376df27-b559-47f2-882f-bd6d1a9ae578.tmp.mdmp
\\?\C:\ProgramData\Microsoft\Windows\WER\Temp\WER.0823d75c-db3b-4b1b-8975-ec46a5d80a8c.tmp.WERInternalMetadata.xml
WPR_initiated_DiagTrackMiniLogger_OneTrace_User_Logger_20241008_1_EC_0_inject.etl
\\?\C:\ProgramData\Microsoft\Windows\WER\Temp\WER.549c0e2a-f87d-4911-8195-40068b2ffb69.tmp.etl
WPR_initiated_DiagTrackMiniLogger_WPR System Collector_inject.etl
\\?\C:\ProgramData\Microsoft\Windows\WER\Temp\WER.243b9e88-4a73-4c92-9cd1-18399b69b957.tmp.etl
\\?\C:\ProgramData\Microsoft\Windows\WER\Temp\WER.2d535221-73db-4d13-b1e5-33a5707063a7.tmp.csv
\\?\C:\ProgramData\Microsoft\Windows\WER\Temp\WER.24719da0-427a-4cb5-8ed0-52ea527dbc06.tmp.txt
\\?\C:\ProgramData\Microsoft\Windows\WER\Temp\WER.6771edb0-a958-4c8b-9e29-688ffe49e526.tmp.xml

These files may be available here:
\\?\C:\ProgramData\Microsoft\Windows\WER\ReportArchive\AppCrash_Acrobat.exe_9206e3aa17e9585c73c8c22b289dd3ebf58736_5a88fdc7_ccb50721-5d25-4ef2-9c71-db2727e1a000

Analysis symbol: 
Rechecking for solution: 0
Report Id: c59c8f87-eecc-4722-8718-ce0cd21dce84
Report Status: 268435456
Hashed bucket: bb6cf02653c508a435c016b7cae2906d
Cab Guid: 0"
"Error","12/5/2024 7:49:42 PM","Application Error","1000","Application Crashing Events","Faulting application name: Acrobat.exe, version: 24.2.20857.0, time stamp: 0x666cd3b1
Faulting module name: Acrobat.dll, version: 24.2.20857.0, time stamp: 0x666cd3aa
Exception code: 0xc0000005
Fault offset: 0x00000000004d0568
Faulting process id: 0x0x9B8
Faulting application start time: 0x0x1DB46F7093CCD82
Faulting application path: C:\Program Files\Adobe\Acrobat DC\Acrobat\Acrobat.exe
Faulting module path: C:\Program Files\Adobe\Acrobat DC\Acrobat\Acrobat.dll
Report Id: c59c8f87-eecc-4722-8718-ce0cd21dce84
Faulting package full name: 
Faulting package-relative application ID: "
"Information","12/5/2024 7:17:30 PM","Microsoft-Windows-Security-SPP","16384",,"Successfully scheduled Software Protection service for re-start at 2024-12-10T05:39:30Z. Reason: RulesEngine."
"Information","12/5/2024 7:16:58 PM","Microsoft-Windows-Security-SPP","16394",,"Offline downlevel migration succeeded."
"Information","12/5/2024 4:51:41 PM","Microsoft-Windows-Security-SPP","16384",,"Successfully scheduled Software Protection service for re-start at 2024-12-10T05:39:41Z. Reason: RulesEngine."
"Information","12/5/2024 4:51:10 PM","Microsoft-Windows-Security-SPP","16394",,"Offline downlevel migration succeeded."
"Information","12/5/2024 2:47:28 PM","SecurityCenter","15",,"Updated Windows Defender status successfully to SECURITY_PRODUCT_STATE_ON."
"Information","12/5/2024 2:46:05 PM","SecurityCenter","15",,"Updated Windows Defender status successfully to SECURITY_PRODUCT_STATE_ON."
"Information","12/5/2024 2:44:04 PM","Microsoft-Windows-Security-SPP","16384",,"Successfully scheduled Software Protection service for re-start at 2024-12-10T05:40:04Z. Reason: RulesEngine."
"Information","12/5/2024 2:43:33 PM","Microsoft-Windows-Security-SPP","16394",,"Offline downlevel migration succeeded."
"Information","12/5/2024 2:18:08 PM","Microsoft-Windows-Security-SPP","16384",,"Successfully scheduled Software Protection service for re-start at 2024-12-10T05:39:08Z. Reason: RulesEngine."
"Information","12/5/2024 2:17:37 PM","Microsoft-Windows-Security-SPP","16394",,"Offline downlevel migration succeeded."
"Information","12/5/2024 2:15:55 PM","VSS","8224",,"The VSS service is shutting down due to idle timeout. "
"Information","12/5/2024 2:14:09 PM","Microsoft-Windows-Security-SPP","16384",,"Successfully scheduled Software Protection service for re-start at 2024-12-10T05:39:09Z. Reason: RulesEngine."
"Information","12/5/2024 2:13:39 PM","Microsoft-Windows-Security-SPP","16394",,"Offline downlevel migration succeeded."
"Information","12/5/2024 1:33:30 PM","ESENT","330","General","Video.UI (4884,D,2) {DC871DB0-FAAA-4407-8DCA-F903B633B430}: The database [C:\Users\Admin\AppData\Local\Packages\Microsoft.ZuneVideo_8wekyb3d8bbwe\LocalState\Database\2a25a7a8b3edf10e\tmp.edb] format version is being held back to 8920 (0x22d8) due to application parameter setting of 0x410022D8 (8920 | JET_efvAllowHigherPersistedFormat). Current default engine version: 9480 (0x2508)."
"Information","12/5/2024 1:33:30 PM","ESENT","326","General","Video.UI (4884,D,50) {DC871DB0-FAAA-4407-8DCA-F903B633B430}: The database engine attached a database (1, C:\Users\Admin\AppData\Local\Packages\Microsoft.ZuneVideo_8wekyb3d8bbwe\LocalState\Database\2a25a7a8b3edf10e\EntClientDb.edb). (Time=0 seconds) 
 
Saved Cache: 0 0 
Additional Data: lgposAttach = 00000001:0187:0268,
dbv = 1568.20.0 (8920) 
 
Internal Timing Sequence: 
[1] 0.000001 +J(0)
[2] 0.000291 +J(0) +M(C:0K, Fs:18, WS:8K # 0K, PF:8K # 0K, P:8K)
[3] 0.003094 -0.002095 (5) WT +J(CM:0, PgRf:0, Rd:0/0, Dy:0/0, Lg:3480/2) +M(C:0K, Fs:7, WS:20K # 0K, PF:20K # 0K, P:20K)
[4] 0.000099 +J(0)
[5] -
[6] 0.018732 -0.018665 (2) CM +J(CM:2, PgRf:2, Rd:0/2, Dy:0/0, Lg:0/0) +M(C:0K, Fs:8, WS:28K # 0K, PF:24K # 0K, P:24K)
[7] -
[8] 0.005206 -0.000003 (1) CM -0.005027 (1) WT +J(CM:1, PgRf:1, Rd:14/1, Dy:0/0, Lg:0/0) +M(C:0K, Fs:24, WS:80K # 0K, PF:304K # 0K, P:304K)
[9] -
[10] -
[11] -
[12] 0.000303 +J(0)
[13] 0.022424 -0.022272 (4) CM +J(CM:4, PgRf:23, Rd:0/4, Dy:0/0, Lg:0/0) +M(C:0K, Fs:24, WS:96K # 0K, PF:8K # 0K, P:8K)
[14] 0.000088 -0.000002 (1) CM +J(CM:1, PgRf:40, Rd:0/1, Dy:0/0, Lg:0/0) +M(C:0K, Fs:4, WS:8K # 0K, PF:64K # 0K, P:64K)
[15] 0.000004 +J(CM:0, PgRf:1, Rd:0/0, Dy:0/0, Lg:0/0)
[16] 0.000006 +J(CM:0, PgRf:1, Rd:0/0, Dy:0/0, Lg:0/0) +M(C:0K, Fs:1, WS:4K # 0K, PF:0K # 0K, P:0K)
[17] 0.000027 +J(CM:0, PgRf:42, Rd:0/0, Dy:0/0, Lg:0/0) +M(C:0K, Fs:1, WS:4K # 0K, PF:0K # 0K, P:0K)
[18] 0.0 +J(0)
[19] 0.0 +J(0)
[20] 0.000003 +J(CM:0, PgRf:1, Rd:0/0, Dy:0/0, Lg:0/0)."
"Information","12/5/2024 1:33:30 PM","ESENT","330","General","Video.UI (4884,D,50) {DC871DB0-FAAA-4407-8DCA-F903B633B430}: The database [C:\Users\Admin\AppData\Local\Packages\Microsoft.ZuneVideo_8wekyb3d8bbwe\LocalState\Database\2a25a7a8b3edf10e\EntClientDb.edb] format version is being held back to 8920 (0x22d8) due to application parameter setting of 0x410022D8 (8920 | JET_efvAllowHigherPersistedFormat). Current default engine version: 9480 (0x2508)."
"Information","12/5/2024 1:33:30 PM","ESENT","105","General","Video.UI (4884,D,0) {DC871DB0-FAAA-4407-8DCA-F903B633B430}: The database engine started a new instance (0). (Time=0 seconds) 
 
Additional Data:
 lgposV2[] = 00000001:0001:0000 - 00000001:0184:002B - 00000001:0185:0000 - 00000001:0185:0000 (00000000:0000:0000)
cReInits = 79
RBSOn = 0
 
 
Internal Timing Sequence: 
[1] 0.000583 +J(0) +M(C:0K, Fs:180, WS:696K # 696K, PF:3092K # 3092K, P:3092K)
[2] 0.000215 +J(0) +M(C:0K, Fs:106, WS:416K # 416K, PF:360K # 360K, P:360K)
[3] 0.000013 +J(0) +M(C:0K, Fs:3, WS:12K # 12K, PF:64K # 64K, P:64K)
[4] 0.000141 +J(0) +M(C:0K, Fs:45, WS:180K # 180K, PF:188K # 188K, P:188K)
[5] 0.315457 +J(0) +M(C:0K, Fs:5615, WS:20496K # 20552K, PF:14556K # 15024K, P:14556K)
[6] 0.019494 +J(0) +M(C:0K, Fs:24, WS:96K # 40K, PF:16K # 0K, P:16K)
[7] 0.047755 +J(0) +M(C:0K, Fs:534, WS:2132K # 2132K, PF:2052K # 1600K, P:2052K)
[8] 0.026862 -0.002806 (4) WT +J(CM:0, PgRf:0, Rd:0/0, Dy:0/0, Lg:1552944/6622) +M(C:0K, Fs:1516, WS:368K # 376K, PF:200K # 208K, P:200K)
[9] 0.000316 +J(0) +M(C:0K, Fs:1, WS:4K # 0K, PF:0K # 0K, P:0K)
[10] 0.000681 +J(0) +M(C:0K, Fs:8, WS:-2012K # 28K, PF:-2032K # 8K, P:-2032K)
[11] 0.000016 +J(CM:0, PgRf:0, Rd:0/0, Dy:0/0, Lg:49/1) +M(C:0K, Fs:5, WS:20K # 0K, PF:0K # 0K, P:0K)
[12] 0.003680 -0.003648 (1) WT +J(0) +M(C:0K, Fs:1, WS:4K # 0K, PF:0K # 0K, P:0K)
[13] 0.029863 -0.018607 (2) CM -0.007152 (15) WT +J(CM:2, PgRf:2, Rd:0/2, Dy:0/0, Lg:8759/5) +M(C:0K, Fs:558, WS:96K # 124K, PF:120K # 128K, P:120K)
[14] 0.000011 +J(0)
[15] 0.000007 +J(0)
[16] 0.000104 +J(0) +M(C:0K, Fs:2, WS:0K # 0K, PF:0K # 0K, P:0K)."
"Information","12/5/2024 1:33:30 PM","ESENT","302","Logging/Recovery","Video.UI (4884,U,98) {DC871DB0-FAAA-4407-8DCA-F903B633B430}: The database engine has successfully completed recovery steps."
"Information","12/5/2024 1:33:30 PM","ESENT","301","Logging/Recovery","Video.UI (4884,R,98) {DC871DB0-FAAA-4407-8DCA-F903B633B430}: The database engine has finished replaying logfile C:\Users\Admin\AppData\Local\Packages\Microsoft.ZuneVideo_8wekyb3d8bbwe\LocalState\Database\2a25a7a8b3edf10e\edb.log. 
 
Processing Stats: 
[1] 0.025493 -0.002806 (4) WT +J(CM:0, PgRf:0, Rd:0/0, Dy:0/0, Lg:1552944/6622) +M(C:0K, Fs:1488, WS:264K # 272K, PF:128K # 136K, P:128K). 
Log record of type 'Insert   ' was seen most frequently (2369 times)"
"Information","12/5/2024 1:33:30 PM","ESENT","330","General","Video.UI (4884,R,98) {DC871DB0-FAAA-4407-8DCA-F903B633B430}: The database [C:\Users\Admin\AppData\Local\Packages\Microsoft.ZuneVideo_8wekyb3d8bbwe\LocalState\Database\2a25a7a8b3edf10e\EntClientDb.edb] format version is being held back to 8920 (0x22d8) due to application parameter setting of 0x410022D8 (8920 | JET_efvAllowHigherPersistedFormat). Current default engine version: 9480 (0x2508)."
"Information","12/5/2024 1:33:30 PM","ESENT","335","Logging/Recovery","Video.UI (4884,R,98) {DC871DB0-FAAA-4407-8DCA-F903B633B430}: Replay of a Create for database ""C:\Users\Admin\AppData\Local\Packages\Microsoft.ZuneVideo_8wekyb3d8bbwe\LocalState\Database\2a25a7a8b3edf10e\EntClientDb.edb"" at log position (00000001,0001,0268) was deferred due to AttachFuture.  Additional information:  "
