"Information","12/3/2024 1:40:16 PM","Microsoft-Windows-Security-SPP","16384",,"Successfully scheduled Software Protection service for re-start at 2024-12-04T04:23:16Z. Reason: RulesEngine."
"Information","12/3/2024 1:39:46 PM","Microsoft-Windows-Security-SPP","8197",,"SLUI.exe was launched with the following command-line parameters:
RuleId=379cccfb-d4e0-48fe-b0f2-0136097be147;Action=CleanupState;AppId=55c92734-d682-4d71-983e-d6ec3f16059f;SkuId=2de67392-b7a7-462a-b1ca-108dd189f588;Trigger=TimerEvent"
"Information","12/3/2024 1:39:46 PM","Microsoft-Windows-Security-SPP","8230",,"The rules engine successfully re-evaluated the schedule.
Kernel policies:
Security-SPP-Action-StateData (REG_SZ) =AppId=55c92734-d682-4d71-983e-d6ec3f16059f;GraceEndDate=2025/06/01:05:39:46;LastConsumptionReason=0x00000000;LastNotificationId=Cleanup;LicenseState=SL_LICENSING_STATUS_LICENSED;PartialProductKey=T83GX;ProductKeyType=Volume:GVLK;SkuId=2de67392-b7a7-462a-b1ca-108dd189f588;ruleId=379cccfb-d4e0-48fe-b0f2-0136097be147;uxDifferentiator=ENVIRONMENT;volumeActivationOrder=normal"
"Information","12/3/2024 1:39:46 PM","Microsoft-Windows-Security-SPP","8197",,"SLUI.exe was launched with the following command-line parameters:
RuleId=502ff3ba-669a-4674-bbb1-601f34a3b968;Action=AutoActivateSilent;AppId=55c92734-d682-4d71-983e-d6ec3f16059f;SkuId=2de67392-b7a7-462a-b1ca-108dd189f588;NotificationInterval=1440;Trigger=TimerEvent"
"Information","12/3/2024 1:39:46 PM","Microsoft-Windows-Security-SPP","1003",,"The Software Protection service has completed licensing status check.
Application Id=55c92734-d682-4d71-983e-d6ec3f16059f
Licensing Status=
1: 040fa323-92b1-4baf-97a2-5b67feaefddb, 1, 0 [(0 [0xC004F014, 0, 0], [(?)(?)(?)(?)(?)(?)(?)(?)])(1 )(2 )(3 )]
2: 0724cb7d-3437-4cb7-93cb-830375d0079d, 1, 0 [(0 [0xC004F014, 0, 0], [(?)(?)(?)(?)(?)(?)(?)(?)])(1 )(2 )(3 )]
3: 0ad2ac98-7bb9-4201-8d92-312299201369, 1, 0 [(0 [0xC004F014, 0, 0], [(?)(?)(?)(?)(?)(?)(?)(?)])(1 )(2 )(3 )]
4: 1a9a717a-cf13-4ba5-83c3-0fe25fa868d5, 1, 0 [(0 [0xC004F014, 0, 0], [(?)(?)(?)(?)(?)(?)(?)(?)])(1 )(2 )(3 )]
5: 221a02da-e2a1-4b75-864c-0a4410a33fdf, 1, 0 [(0 [0xC004F014, 0, 0], [(?)(?)(?)(?)(?)(?)(?)(?)])(1 )(2 )(3 )]
6: 291ece0e-9c38-40ca-a9e1-32cc7ec19507, 1, 0 [(0 [0xC004F014, 0, 0], [(?)(?)(?)(?)(?)(?)(?)(?)])(1 )(2 )(3 )]
7: 2936d1d2-913a-4542-b54e-ce5a602a2a38, 1, 0 [(0 [0xC004F014, 0, 0], [(?)(?)(?)(?)(?)(?)(?)(?)])(1 )(2 )(3 )]
8: 2c293c26-a45a-4a2a-a350-c69a67097529, 1, 0 [(0 [0xC004F014, 0, 0], [(?)(?)(?)(?)(?)(?)(?)(?)])(1 )(2 )(3 )]
9: 2de67392-b7a7-462a-b1ca-108dd189f588, 1, 1 [(0 [0x00000000, 1, 0], [(?)( 1 0x00000000)(?)( 2 0x00000000 0 0 msft:rm/algorithm/volume/1.0 0x00000000 259200)(?)(?)( 10 0x00000000 msft:rm/algorithm/flags/1.0)(?)])(1 )(2 )(3 )]
10: 2ffd8952-423e-4903-b993-72a1aa44cf82, 1, 0 [(0 [0xC004F014, 0, 0], [(?)(?)(?)(?)(?)(?)(?)(?)])(1 )(2 )(3 )]
11: 30a42c86-b7a0-4a34-8c90-ff177cb2acb7, 1, 0 [(0 [0xC004F014, 0, 0], [(?)(?)(?)(?)(?)(?)(?)(?)])(1 )(2 )(3 )]
12: 345a5db0-d94f-4e3b-a0c0-7c42f7bc3ebf, 1, 0 [(0 [0xC004F014, 0, 0], [(?)(?)(?)(?)(?)(?)(?)(?)])(1 )(2 )(3 )]
13: 3502365a-f88a-4ba4-822a-5769d3073b65, 1, 0 [(0 [0xC004F014, 0, 0], [(?)(?)(?)(?)(?)(?)(?)(?)])(1 )(2 )(3 )]
14: 377333b1-8b5d-48d6-9679-1225c872d37c, 1, 0 [(0 [0xC004F014, 0, 0], [(?)(?)(?)(?)(?)(?)(?)(?)])(1 )(2 )(3 )]
15: 3df374ef-d444-4494-a5a1-4b0d9fd0e203, 1, 0 [(0 [0xC004F014, 0, 0], [(?)(?)(?)(?)(?)(?)(?)(?)])(1 )(2 )(3 )]
16: 3f1afc82-f8ac-4f6c-8005-1d233e606eee, 1, 0 [(0 [0xC004F014, 0, 0], [(?)(?)(?)(?)(?)(?)(?)(?)])(1 )(2 )(3 )]
17: 49cd895b-53b2-4dc4-a5f7-b18aa019ad37, 1, 0 [(0 [0xC004F014, 0, 0], [(?)(?)(?)(?)(?)(?)(?)(?)])(1 )(2 )(3 )]
18: 4de7cb65-cdf1-4de9-8ae8-e3cce27b9f2c, 1, 0 [(0 [0xC004F014, 0, 0], [(?)(?)(?)(?)(?)(?)(?)(?)])(1 )(2 )(3 )]
19: 4f3da0d2-271d-4508-ae81-626b60809a38, 1, 0 [(0 [0xC004F014, 0, 0], [(?)(?)(?)(?)(?)(?)(?)(?)])(1 )(2 )(3 )]
20: 5d78c4e9-aeb3-4b40-8ac2-6a6005e0ad6d, 1, 0 [(0 [0xC004F014, 0, 0], [(?)(?)(?)(?)(?)(?)(?)(?)])(1 )(2 )(3 )]
21: 60b3ec1b-9545-4921-821f-311b129dd6f6, 1, 0 [(0 [0xC004F014, 0, 0], [(?)(?)(?)(?)(?)(?)(?)(?)])(1 )(2 )(3 )]
22: 613d217f-7f13-4268-9907-1662339531cd, 1, 0 [(0 [0xC004F014, 0, 0], [(?)(?)(?)(?)(?)(?)(?)(?)])(1 )(2 )(3 )]
23: 62f0c100-9c53-4e02-b886-a3528ddfe7f6, 1, 0 [(0 [0xC004F014, 0, 0], [(?)(?)(?)(?)(?)(?)(?)(?)])(1 )(2 )(3 )]
24: 6365275e-368d-46ca-a0ef-fc0404119333, 1, 0 [(0 [0xC004F014, 0, 0], [(?)(?)(?)(?)(?)(?)(?)(?)])(1 )(2 )(3 )]
25: 721f9237-9341-4453-a661-09e8baa6cca5, 1, 0 [(0 [0xC004F014, 0, 0], [(?)(?)(?)(?)(?)(?)(?)(?)])(1 )(2 )(3 )]
26: 73111121-5638-40f6-bc11-f1d7b0d64300, 1, 0 [(0 [0xC004F014, 0, 0], [(?)(?)(?)(?)(?)(?)(?)(?)])(1 )(2 )(3 )]
27: 7a802526-4c94-4bd1-ba14-835a1aca2120, 1, 0 [(0 [0xC004F014, 0, 0], [(?)(?)(?)(?)(?)(?)(?)(?)])(1 )(2 )(3 )]
28: 7cb546c0-c7d5-44d8-9a5c-69ecdd782b69, 1, 0 [(0 [0xC004F014, 0, 0], [(?)(?)(?)(?)(?)(?)(?)(?)])(1 )(2 )(3 )]
29: 82bbc092-bc50-4e16-8e18-b74fc486aec3, 1, 0 [(0 [0xC004F014, 0, 0], [(?)(?)(?)(?)(?)(?)(?)(?)])(1 )(2 )(3 )]
30: 8ab9bdd1-1f67-4997-82d9-8878520837d9, 1, 0 [(0 [0xC004F014, 0, 0], [(?)(?)(?)(?)(?)(?)(?)(?)])(1 )(2 )(3 )]
31: 8b351c9c-f398-4515-9900-09df49427262, 1, 0 [(0 [0xC004F014, 0, 0], [(?)(?)(?)(?)(?)(?)(?)(?)])(1 )(2 )(3 )]
32: 90da7373-1c51-430b-bf26-c97e9c5cdc31, 1, 0 [(0 [0xC004F014, 0, 0], [(?)(?)(?)(?)(?)(?)(?)(?)])(1 )(2 )(3 )]
33: 92fb8726-92a8-4ffc-94ce-f82e07444653, 1, 0 [(0 [0xC004F014, 0, 0], [(?)(?)(?)(?)(?)(?)(?)(?)])(1 )(2 )(3 )]
34: 95dca82f-385d-4d39-b85b-5c73fa285d6f, 1, 0 [(0 [0xC004F014, 0, 0], [(?)(?)(?)(?)(?)(?)(?)(?)])(1 )(2 )(3 )]
35: a48938aa-62fa-4966-9d44-9f04da3f72f2, 1, 0 [(0 [0xC004F014, 0, 0], [(?)(?)(?)(?)(?)(?)(?)(?)])(1 )(2 )(3 )]
36: b0773a15-df3a-4312-9ad2-83d69648e356, 1, 0 [(0 [0xC004F014, 0, 0], [(?)(?)(?)(?)(?)(?)(?)(?)])(1 )(2 )(3 )]
37: b4bfe195-541e-4e64-ad23-6177f19e395e, 1, 0 [(0 [0xC004F014, 0, 0], [(?)(?)(?)(?)(?)(?)(?)(?)])(1 )(2 )(3 )]
38: b68e61d2-68ca-4757-be45-0cc2f3e68eee, 1, 0 [(0 [0xC004F014, 0, 0], [(?)(?)(?)(?)(?)(?)(?)(?)])(1 )(2 )(3 )]
39: bd3762d7-270d-4760-8fb3-d829ca45278a, 1, 0 [(0 [0xC004F014, 0, 0], [(?)(?)(?)(?)(?)(?)(?)(?)])(1 )(2 )(3 )]
40: c86d5194-4840-4dae-9c1c-0301003a5ab0, 1, 0 [(0 [0xC004F014, 0, 0], [(?)(?)(?)(?)(?)(?)(?)(?)])(1 )(2 )(3 )]
41: ca7df2e3-5ea0-47b8-9ac1-b1be4d8edd69, 1, 0 [(0 [0xC004F014, 0, 0], [(?)(?)(?)(?)(?)(?)(?)(?)])(1 )(2 )(3 )]
42: d552befb-48cc-4327-8f39-47d2d94f987c, 1, 0 [(0 [0xC004F014, 0, 0], [(?)(?)(?)(?)(?)(?)(?)(?)])(1 )(2 )(3 )]
43: d6eadb3b-5ca8-4a6b-986e-35b550756111, 1, 0 [(0 [0xC004F014, 0, 0], [(?)(?)(?)(?)(?)(?)(?)(?)])(1 )(2 )(3 )]
44: df96023b-dcd9-4be2-afa0-c6c871159ebe, 1, 0 [(0 [0xC004F014, 0, 0], [(?)(?)(?)(?)(?)(?)(?)(?)])(1 )(2 )(3 )]
45: e0c42288-980c-4788-a014-c080d2e1926e, 1, 0 [(0 [0xC004F014, 0, 0], [(?)(?)(?)(?)(?)(?)(?)(?)])(1 )(2 )(3 )]
46: e4db50ea-bda1-4566-b047-0ca50abc6f07, 1, 0 [(0 [0xC004F014, 0, 0], [(?)(?)(?)(?)(?)(?)(?)(?)])(1 )(2 )(3 )]
47: e558417a-5123-4f6f-91e7-385c1c7ca9d4, 1, 0 [(0 [0xC004F014, 0, 0], [(?)(?)(?)(?)(?)(?)(?)(?)])(1 )(2 )(3 )]
48: e7a950a2-e548-4f10-bf16-02ec848e0643, 1, 0 [(0 [0xC004F014, 0, 0], [(?)(?)(?)(?)(?)(?)(?)(?)])(1 )(2 )(3 )]
49: eb6d346f-1c60-4643-b960-40ec31596c45, 1, 0 [(0 [0xC004F014, 0, 0], [(?)(?)(?)(?)(?)(?)(?)(?)])(1 )(2 )(3 )]
50: ec868e65-fadf-4759-b23e-93fe37f2cc29, 1, 0 [(0 [0xC004F014, 0, 0], [(?)(?)(?)(?)(?)(?)(?)(?)])(1 )(2 )(3 )]
51: ef51e000-2659-4f25-8345-3de70a9cf4c4, 1, 0 [(0 [0xC004F014, 0, 0], [(?)(?)(?)(?)(?)(?)(?)(?)])(1 )(2 )(3 )]
52: f7af7d09-40e4-419c-a49b-eae366689ebd, 1, 0 [(0 [0xC004F014, 0, 0], [(?)(?)(?)(?)(?)(?)(?)(?)])(1 )(2 )(3 )]
53: fa755fe6-6739-40b9-8d84-6d0ea3b6d1ab, 1, 0 [(0 [0xC004F014, 0, 0], [(?)(?)(?)(?)(?)(?)(?)(?)])(1 )(2 )(3 )]
54: fe74f55b-0338-41d6-b267-4a201abe7285, 1, 0 [(0 [0xC004F014, 0, 0], [(?)(?)(?)(?)(?)(?)(?)(?)])(1 )(2 )(3 )]

"
"Information","12/3/2024 1:39:46 PM","Microsoft-Windows-Security-SPP","16388",,"The current time is 2024-12-03T05:39:46Z : 2024-12-03T05:39:46Z."
"Information","12/3/2024 1:39:46 PM","Microsoft-Windows-Security-SPP","1003",,"The Software Protection service has completed licensing status check.
Application Id=55c92734-d682-4d71-983e-d6ec3f16059f
Licensing Status=
1: 040fa323-92b1-4baf-97a2-5b67feaefddb, 1, 0 [(0 [0xC004F014, 0, 0], [(?)(?)(?)(?)(?)(?)(?)(?)])(1 )(2 )(3 )]
2: 0724cb7d-3437-4cb7-93cb-830375d0079d, 1, 0 [(0 [0xC004F014, 0, 0], [(?)(?)(?)(?)(?)(?)(?)(?)])(1 )(2 )(3 )]
3: 0ad2ac98-7bb9-4201-8d92-312299201369, 1, 0 [(0 [0xC004F014, 0, 0], [(?)(?)(?)(?)(?)(?)(?)(?)])(1 )(2 )(3 )]
4: 1a9a717a-cf13-4ba5-83c3-0fe25fa868d5, 1, 0 [(0 [0xC004F014, 0, 0], [(?)(?)(?)(?)(?)(?)(?)(?)])(1 )(2 )(3 )]
5: 221a02da-e2a1-4b75-864c-0a4410a33fdf, 1, 0 [(0 [0xC004F014, 0, 0], [(?)(?)(?)(?)(?)(?)(?)(?)])(1 )(2 )(3 )]
6: 291ece0e-9c38-40ca-a9e1-32cc7ec19507, 1, 0 [(0 [0xC004F014, 0, 0], [(?)(?)(?)(?)(?)(?)(?)(?)])(1 )(2 )(3 )]
7: 2936d1d2-913a-4542-b54e-ce5a602a2a38, 1, 0 [(0 [0xC004F014, 0, 0], [(?)(?)(?)(?)(?)(?)(?)(?)])(1 )(2 )(3 )]
8: 2c293c26-a45a-4a2a-a350-c69a67097529, 1, 0 [(0 [0xC004F014, 0, 0], [(?)(?)(?)(?)(?)(?)(?)(?)])(1 )(2 )(3 )]
9: 2de67392-b7a7-462a-b1ca-108dd189f588, 1, 1 [(0 [0x00000000, 1, 0], [(?)( 1 0x00000000)(?)( 2 0x00000000 0 0 msft:rm/algorithm/volume/1.0 0x00000000 259200)(?)(?)( 10 0x00000000 msft:rm/algorithm/flags/1.0)(?)])(1 )(2 )(3 )]
10: 2ffd8952-423e-4903-b993-72a1aa44cf82, 1, 0 [(0 [0xC004F014, 0, 0], [(?)(?)(?)(?)(?)(?)(?)(?)])(1 )(2 )(3 )]
11: 30a42c86-b7a0-4a34-8c90-ff177cb2acb7, 1, 0 [(0 [0xC004F014, 0, 0], [(?)(?)(?)(?)(?)(?)(?)(?)])(1 )(2 )(3 )]
12: 345a5db0-d94f-4e3b-a0c0-7c42f7bc3ebf, 1, 0 [(0 [0xC004F014, 0, 0], [(?)(?)(?)(?)(?)(?)(?)(?)])(1 )(2 )(3 )]
13: 3502365a-f88a-4ba4-822a-5769d3073b65, 1, 0 [(0 [0xC004F014, 0, 0], [(?)(?)(?)(?)(?)(?)(?)(?)])(1 )(2 )(3 )]
14: 377333b1-8b5d-48d6-9679-1225c872d37c, 1, 0 [(0 [0xC004F014, 0, 0], [(?)(?)(?)(?)(?)(?)(?)(?)])(1 )(2 )(3 )]
15: 3df374ef-d444-4494-a5a1-4b0d9fd0e203, 1, 0 [(0 [0xC004F014, 0, 0], [(?)(?)(?)(?)(?)(?)(?)(?)])(1 )(2 )(3 )]
16: 3f1afc82-f8ac-4f6c-8005-1d233e606eee, 1, 0 [(0 [0xC004F014, 0, 0], [(?)(?)(?)(?)(?)(?)(?)(?)])(1 )(2 )(3 )]
17: 49cd895b-53b2-4dc4-a5f7-b18aa019ad37, 1, 0 [(0 [0xC004F014, 0, 0], [(?)(?)(?)(?)(?)(?)(?)(?)])(1 )(2 )(3 )]
18: 4de7cb65-cdf1-4de9-8ae8-e3cce27b9f2c, 1, 0 [(0 [0xC004F014, 0, 0], [(?)(?)(?)(?)(?)(?)(?)(?)])(1 )(2 )(3 )]
19: 4f3da0d2-271d-4508-ae81-626b60809a38, 1, 0 [(0 [0xC004F014, 0, 0], [(?)(?)(?)(?)(?)(?)(?)(?)])(1 )(2 )(3 )]
20: 5d78c4e9-aeb3-4b40-8ac2-6a6005e0ad6d, 1, 0 [(0 [0xC004F014, 0, 0], [(?)(?)(?)(?)(?)(?)(?)(?)])(1 )(2 )(3 )]
21: 60b3ec1b-9545-4921-821f-311b129dd6f6, 1, 0 [(0 [0xC004F014, 0, 0], [(?)(?)(?)(?)(?)(?)(?)(?)])(1 )(2 )(3 )]
22: 613d217f-7f13-4268-9907-1662339531cd, 1, 0 [(0 [0xC004F014, 0, 0], [(?)(?)(?)(?)(?)(?)(?)(?)])(1 )(2 )(3 )]
23: 62f0c100-9c53-4e02-b886-a3528ddfe7f6, 1, 0 [(0 [0xC004F014, 0, 0], [(?)(?)(?)(?)(?)(?)(?)(?)])(1 )(2 )(3 )]
24: 6365275e-368d-46ca-a0ef-fc0404119333, 1, 0 [(0 [0xC004F014, 0, 0], [(?)(?)(?)(?)(?)(?)(?)(?)])(1 )(2 )(3 )]
25: 721f9237-9341-4453-a661-09e8baa6cca5, 1, 0 [(0 [0xC004F014, 0, 0], [(?)(?)(?)(?)(?)(?)(?)(?)])(1 )(2 )(3 )]
26: 73111121-5638-40f6-bc11-f1d7b0d64300, 1, 0 [(0 [0xC004F014, 0, 0], [(?)(?)(?)(?)(?)(?)(?)(?)])(1 )(2 )(3 )]
27: 7a802526-4c94-4bd1-ba14-835a1aca2120, 1, 0 [(0 [0xC004F014, 0, 0], [(?)(?)(?)(?)(?)(?)(?)(?)])(1 )(2 )(3 )]
28: 7cb546c0-c7d5-44d8-9a5c-69ecdd782b69, 1, 0 [(0 [0xC004F014, 0, 0], [(?)(?)(?)(?)(?)(?)(?)(?)])(1 )(2 )(3 )]
29: 82bbc092-bc50-4e16-8e18-b74fc486aec3, 1, 0 [(0 [0xC004F014, 0, 0], [(?)(?)(?)(?)(?)(?)(?)(?)])(1 )(2 )(3 )]
30: 8ab9bdd1-1f67-4997-82d9-8878520837d9, 1, 0 [(0 [0xC004F014, 0, 0], [(?)(?)(?)(?)(?)(?)(?)(?)])(1 )(2 )(3 )]
31: 8b351c9c-f398-4515-9900-09df49427262, 1, 0 [(0 [0xC004F014, 0, 0], [(?)(?)(?)(?)(?)(?)(?)(?)])(1 )(2 )(3 )]
32: 90da7373-1c51-430b-bf26-c97e9c5cdc31, 1, 0 [(0 [0xC004F014, 0, 0], [(?)(?)(?)(?)(?)(?)(?)(?)])(1 )(2 )(3 )]
33: 92fb8726-92a8-4ffc-94ce-f82e07444653, 1, 0 [(0 [0xC004F014, 0, 0], [(?)(?)(?)(?)(?)(?)(?)(?)])(1 )(2 )(3 )]
34: 95dca82f-385d-4d39-b85b-5c73fa285d6f, 1, 0 [(0 [0xC004F014, 0, 0], [(?)(?)(?)(?)(?)(?)(?)(?)])(1 )(2 )(3 )]
35: a48938aa-62fa-4966-9d44-9f04da3f72f2, 1, 0 [(0 [0xC004F014, 0, 0], [(?)(?)(?)(?)(?)(?)(?)(?)])(1 )(2 )(3 )]
36: b0773a15-df3a-4312-9ad2-83d69648e356, 1, 0 [(0 [0xC004F014, 0, 0], [(?)(?)(?)(?)(?)(?)(?)(?)])(1 )(2 )(3 )]
37: b4bfe195-541e-4e64-ad23-6177f19e395e, 1, 0 [(0 [0xC004F014, 0, 0], [(?)(?)(?)(?)(?)(?)(?)(?)])(1 )(2 )(3 )]
38: b68e61d2-68ca-4757-be45-0cc2f3e68eee, 1, 0 [(0 [0xC004F014, 0, 0], [(?)(?)(?)(?)(?)(?)(?)(?)])(1 )(2 )(3 )]
39: bd3762d7-270d-4760-8fb3-d829ca45278a, 1, 0 [(0 [0xC004F014, 0, 0], [(?)(?)(?)(?)(?)(?)(?)(?)])(1 )(2 )(3 )]
40: c86d5194-4840-4dae-9c1c-0301003a5ab0, 1, 0 [(0 [0xC004F014, 0, 0], [(?)(?)(?)(?)(?)(?)(?)(?)])(1 )(2 )(3 )]
41: ca7df2e3-5ea0-47b8-9ac1-b1be4d8edd69, 1, 0 [(0 [0xC004F014, 0, 0], [(?)(?)(?)(?)(?)(?)(?)(?)])(1 )(2 )(3 )]
42: d552befb-48cc-4327-8f39-47d2d94f987c, 1, 0 [(0 [0xC004F014, 0, 0], [(?)(?)(?)(?)(?)(?)(?)(?)])(1 )(2 )(3 )]
43: d6eadb3b-5ca8-4a6b-986e-35b550756111, 1, 0 [(0 [0xC004F014, 0, 0], [(?)(?)(?)(?)(?)(?)(?)(?)])(1 )(2 )(3 )]
44: df96023b-dcd9-4be2-afa0-c6c871159ebe, 1, 0 [(0 [0xC004F014, 0, 0], [(?)(?)(?)(?)(?)(?)(?)(?)])(1 )(2 )(3 )]
45: e0c42288-980c-4788-a014-c080d2e1926e, 1, 0 [(0 [0xC004F014, 0, 0], [(?)(?)(?)(?)(?)(?)(?)(?)])(1 )(2 )(3 )]
46: e4db50ea-bda1-4566-b047-0ca50abc6f07, 1, 0 [(0 [0xC004F014, 0, 0], [(?)(?)(?)(?)(?)(?)(?)(?)])(1 )(2 )(3 )]
47: e558417a-5123-4f6f-91e7-385c1c7ca9d4, 1, 0 [(0 [0xC004F014, 0, 0], [(?)(?)(?)(?)(?)(?)(?)(?)])(1 )(2 )(3 )]
48: e7a950a2-e548-4f10-bf16-02ec848e0643, 1, 0 [(0 [0xC004F014, 0, 0], [(?)(?)(?)(?)(?)(?)(?)(?)])(1 )(2 )(3 )]
49: eb6d346f-1c60-4643-b960-40ec31596c45, 1, 0 [(0 [0xC004F014, 0, 0], [(?)(?)(?)(?)(?)(?)(?)(?)])(1 )(2 )(3 )]
50: ec868e65-fadf-4759-b23e-93fe37f2cc29, 1, 0 [(0 [0xC004F014, 0, 0], [(?)(?)(?)(?)(?)(?)(?)(?)])(1 )(2 )(3 )]
51: ef51e000-2659-4f25-8345-3de70a9cf4c4, 1, 0 [(0 [0xC004F014, 0, 0], [(?)(?)(?)(?)(?)(?)(?)(?)])(1 )(2 )(3 )]
52: f7af7d09-40e4-419c-a49b-eae366689ebd, 1, 0 [(0 [0xC004F014, 0, 0], [(?)(?)(?)(?)(?)(?)(?)(?)])(1 )(2 )(3 )]
53: fa755fe6-6739-40b9-8d84-6d0ea3b6d1ab, 1, 0 [(0 [0xC004F014, 0, 0], [(?)(?)(?)(?)(?)(?)(?)(?)])(1 )(2 )(3 )]
54: fe74f55b-0338-41d6-b267-4a201abe7285, 1, 0 [(0 [0xC004F014, 0, 0], [(?)(?)(?)(?)(?)(?)(?)(?)])(1 )(2 )(3 )]

"
"Information","12/3/2024 1:39:45 PM","Microsoft-Windows-Security-SPP","1033",,"These policies are being excluded since they are only defined with override-only attribute.
Policy Names=(Security-SPP-Reserved-EnableNotificationMode) 
App Id=55c92734-d682-4d71-983e-d6ec3f16059f
Sku Id=2de67392-b7a7-462a-b1ca-108dd189f588"
"Information","12/3/2024 1:39:45 PM","Microsoft-Windows-Security-SPP","1034",,"Duplicate definition of policy found. Policy name=Security-SPP-IgnoreDeferredActivation  Priority=500"
"Information","12/3/2024 1:39:45 PM","Microsoft-Windows-Security-SPP","1034",,"Duplicate definition of policy found. Policy name=AAD-BlockAADWorkplaceJoin-Default  Priority=100"
"Information","12/3/2024 1:39:45 PM","Microsoft-Windows-Security-SPP","1034",,"Duplicate definition of policy found. Policy name=AAD-BlockAADWorkplaceJoin-Default  Priority=100"
"Information","12/3/2024 1:39:45 PM","Microsoft-Windows-Security-SPP","1034",,"Duplicate definition of policy found. Policy name=AAD-BlockAADWorkplaceJoin-Default  Priority=100"
"Information","12/3/2024 1:39:45 PM","Microsoft-Windows-Security-SPP","1034",,"Duplicate definition of policy found. Policy name=AAD-BlockAADWorkplaceJoin-Default  Priority=100"
"Information","12/3/2024 1:39:45 PM","Microsoft-Windows-Security-SPP","1034",,"Duplicate definition of policy found. Policy name=AAD-BlockAADWorkplaceJoin-Default  Priority=100"
"Information","12/3/2024 1:39:45 PM","Microsoft-Windows-Security-SPP","1034",,"Duplicate definition of policy found. Policy name=AAD-BlockAADWorkplaceJoin-Default  Priority=100"
"Information","12/3/2024 1:39:45 PM","Microsoft-Windows-Security-SPP","1034",,"Duplicate definition of policy found. Policy name=AAD-BlockAADWorkplaceJoin-Default  Priority=100"
"Information","12/3/2024 1:39:45 PM","Microsoft-Windows-Security-SPP","1034",,"Duplicate definition of policy found. Policy name=AAD-BlockAADWorkplaceJoin-Default  Priority=100"
"Information","12/3/2024 1:39:45 PM","Microsoft-Windows-Security-SPP","1034",,"Duplicate definition of policy found. Policy name=AAD-BlockAADWorkplaceJoin-Default  Priority=100"
"Information","12/3/2024 1:39:45 PM","Microsoft-Windows-Security-SPP","1034",,"Duplicate definition of policy found. Policy name=AAD-BlockAADWorkplaceJoin-Default  Priority=100"
"Information","12/3/2024 1:39:45 PM","Microsoft-Windows-Security-SPP","12289",,"The client has processed an activation response from the key management service machine.
Info:
0x00000000, 0x00000000, 1, 0, 50, 120, 10080, 2024/12/03 05:39"
"Information","12/3/2024 1:39:45 PM","Microsoft-Windows-Security-SPP","12288",,"The client has sent an activation request to the key management service machine.
Info:
0x00000000, 0x00000000, 172.16.16.16:1688, 1950cbc7-98a4-4ff4-a183-f94154e91993, 2024/12/03 05:39, 1, 1, 249120, 2de67392-b7a7-462a-b1ca-108dd189f588, 25"
"Information","12/3/2024 1:39:40 PM","Microsoft-Windows-Security-SPP","8230",,"The rules engine successfully re-evaluated the schedule.
Kernel policies:
Security-SPP-Action-StateData (REG_SZ) =AppId=55c92734-d682-4d71-983e-d6ec3f16059f;GraceEndDate=2025/05/25:05:39:40;LastConsumptionReason=0x00000000;LastNotificationId=VolumeRenewalRequired;LicenseState=SL_LICENSING_STATUS_LICENSED;PartialProductKey=T83GX;ProductKeyType=Volume:GVLK;SkuId=2de67392-b7a7-462a-b1ca-108dd189f588;ruleId=502ff3ba-669a-4674-bbb1-601f34a3b968;uxDifferentiator=ENVIRONMENT;volumeActivationOrder=normal"
"Information","12/3/2024 1:39:40 PM","Microsoft-Windows-Security-SPP","16388",,"The current time is 2024-12-03T05:39:40Z : 2024-12-03T05:39:40Z."
"Information","12/3/2024 1:38:42 PM","Microsoft-Windows-Security-SPP","8230",,"The rules engine successfully re-evaluated the schedule.
Kernel policies:
Security-SPP-Action-StateData (REG_SZ) =AppId=55c92734-d682-4d71-983e-d6ec3f16059f;GraceEndDate=2025/05/25:05:39:41;LastConsumptionReason=0x00000000;LastNotificationId=Cleanup;LicenseState=SL_LICENSING_STATUS_LICENSED;PartialProductKey=T83GX;ProductKeyType=Volume:GVLK;SkuId=2de67392-b7a7-462a-b1ca-108dd189f588;ruleId=379cccfb-d4e0-48fe-b0f2-0136097be147;uxDifferentiator=ENVIRONMENT;volumeActivationOrder=normal"
"Information","12/3/2024 1:38:41 PM","Microsoft-Windows-Security-SPP","16388",,"The current time is 2024-12-03T05:38:41Z : 2024-12-03T05:38:41Z."
"Information","12/3/2024 1:38:41 PM","Microsoft-Windows-Security-SPP","16394",,"Offline downlevel migration succeeded."
"Information","12/3/2024 1:29:10 PM","ESENT","330","General","Video.UI (1524,D,2) {100FBD50-89CD-4D1F-9FFF-DDB578ABF3FF}: The database [C:\Users\Admin\AppData\Local\Packages\Microsoft.ZuneVideo_8wekyb3d8bbwe\LocalState\Database\2a25a7a8b3edf10e\tmp.edb] format version is being held back to 8920 (0x22d8) due to application parameter setting of 0x410022D8 (8920 | JET_efvAllowHigherPersistedFormat). Current default engine version: 9480 (0x2508)."
"Information","12/3/2024 1:29:10 PM","ESENT","326","General","Video.UI (1524,D,50) {100FBD50-89CD-4D1F-9FFF-DDB578ABF3FF}: The database engine attached a database (1, C:\Users\Admin\AppData\Local\Packages\Microsoft.ZuneVideo_8wekyb3d8bbwe\LocalState\Database\2a25a7a8b3edf10e\EntClientDb.edb). (Time=0 seconds) 
 
Saved Cache: 0 0 
Additional Data: lgposAttach = 00000001:0182:0268,
dbv = 1568.20.0 (8920) 
 
Internal Timing Sequence: 
[1] 0.000001 +J(0)
[2] 0.000547 +J(0) +M(C:0K, Fs:18, WS:8K # 0K, PF:8K # 0K, P:8K)
[3] 0.001694 -0.000697 (5) WT +J(CM:0, PgRf:0, Rd:0/0, Dy:0/0, Lg:3480/2) +M(C:0K, Fs:7, WS:20K # 0K, PF:20K # 0K, P:20K)
[4] 0.000094 +J(0)
[5] -
[6] 0.017939 -0.017878 (2) CM +J(CM:2, PgRf:2, Rd:0/2, Dy:0/0, Lg:0/0) +M(C:0K, Fs:6, WS:20K # 0K, PF:12K # 0K, P:12K)
[7] -
[8] 0.005647 -0.005480 (1) WT +J(CM:1, PgRf:1, Rd:14/1, Dy:0/0, Lg:0/0) +M(C:0K, Fs:22, WS:80K # 0K, PF:296K # 0K, P:296K)
[9] -
[10] -
[11] -
[12] 0.000302 +J(0)
[13] 0.007536 -0.007389 (4) CM +J(CM:4, PgRf:23, Rd:0/4, Dy:0/0, Lg:0/0) +M(C:0K, Fs:24, WS:96K # 0K, PF:8K # 0K, P:8K)
[14] 0.000081 -0.000002 (1) CM +J(CM:1, PgRf:40, Rd:0/1, Dy:0/0, Lg:0/0) +M(C:0K, Fs:4, WS:8K # 0K, PF:64K # 0K, P:64K)
[15] 0.000003 +J(CM:0, PgRf:1, Rd:0/0, Dy:0/0, Lg:0/0)
[16] 0.000006 +J(CM:0, PgRf:1, Rd:0/0, Dy:0/0, Lg:0/0) +M(C:0K, Fs:1, WS:4K # 0K, PF:0K # 0K, P:0K)
[17] 0.000026 +J(CM:0, PgRf:42, Rd:0/0, Dy:0/0, Lg:0/0) +M(C:0K, Fs:1, WS:4K # 0K, PF:0K # 0K, P:0K)
[18] 0.0 +J(0)
[19] 0.0 +J(0)
[20] 0.000003 +J(CM:0, PgRf:1, Rd:0/0, Dy:0/0, Lg:0/0)."
"Information","12/3/2024 1:29:10 PM","ESENT","330","General","Video.UI (1524,D,50) {100FBD50-89CD-4D1F-9FFF-DDB578ABF3FF}: The database [C:\Users\Admin\AppData\Local\Packages\Microsoft.ZuneVideo_8wekyb3d8bbwe\LocalState\Database\2a25a7a8b3edf10e\EntClientDb.edb] format version is being held back to 8920 (0x22d8) due to application parameter setting of 0x410022D8 (8920 | JET_efvAllowHigherPersistedFormat). Current default engine version: 9480 (0x2508)."
"Information","12/3/2024 1:29:10 PM","ESENT","105","General","Video.UI (1524,D,0) {100FBD50-89CD-4D1F-9FFF-DDB578ABF3FF}: The database engine started a new instance (0). (Time=0 seconds) 
 
Additional Data:
 lgposV2[] = 00000001:0001:0000 - 00000001:017F:002B - 00000001:0180:0000 - 00000001:0180:0000 (00000000:0000:0000)
cReInits = 78
RBSOn = 0
 
 
Internal Timing Sequence: 
[1] 0.005205 +J(0) +M(C:0K, Fs:417, WS:1620K # 1620K, PF:4212K # 4212K, P:4212K)
[2] 0.000183 +J(0) +M(C:0K, Fs:118, WS:468K # 468K, PF:348K # 348K, P:348K)
[3] 0.000012 +J(0) +M(C:0K, Fs:3, WS:12K # 12K, PF:64K # 64K, P:64K)
[4] 0.000093 +J(0) +M(C:0K, Fs:45, WS:176K # 176K, PF:188K # 188K, P:188K)
[5] 0.335825 +J(0) +M(C:0K, Fs:6092, WS:22184K # 22184K, PF:15016K # 15160K, P:15016K)
[6] 0.020794 +J(0) +M(C:0K, Fs:25, WS:100K # 100K, PF:20K # 0K, P:20K)
[7] 0.067485 -0.000003 (3) WT +J(0) +M(C:0K, Fs:535, WS:2132K # 2132K, PF:2052K # 1928K, P:2052K)
[8] 0.022406 -0.000927 (4) WT +J(CM:0, PgRf:0, Rd:0/0, Dy:0/0, Lg:1532664/6610) +M(C:0K, Fs:1505, WS:388K # 396K, PF:228K # 236K, P:228K)
[9] 0.000289 +J(0) +M(C:0K, Fs:1, WS:4K # 0K, PF:0K # 0K, P:0K)
[10] 0.000664 +J(0) +M(C:0K, Fs:5, WS:-2028K # 12K, PF:-2044K # 0K, P:-2044K)
[11] 0.000016 +J(CM:0, PgRf:0, Rd:0/0, Dy:0/0, Lg:49/1) +M(C:0K, Fs:5, WS:20K # 0K, PF:0K # 0K, P:0K)
[12] 0.002329 -0.002286 (2) WT +J(0) +M(C:0K, Fs:1, WS:4K # 0K, PF:0K # 0K, P:0K)
[13] 0.027039 -0.017793 (2) CM -0.005235 (15) WT +J(CM:2, PgRf:2, Rd:0/2, Dy:0/0, Lg:8759/5) +M(C:0K, Fs:558, WS:100K # 128K, PF:132K # 132K, P:132K)
[14] 0.000011 +J(0)
[15] 0.000007 +J(0)
[16] 0.000101 +J(0) +M(C:0K, Fs:2, WS:0K # 0K, PF:0K # 0K, P:0K)."
"Information","12/3/2024 1:29:10 PM","ESENT","302","Logging/Recovery","Video.UI (1524,U,98) {100FBD50-89CD-4D1F-9FFF-DDB578ABF3FF}: The database engine has successfully completed recovery steps."
"Information","12/3/2024 1:29:10 PM","ESENT","301","Logging/Recovery","Video.UI (1524,R,98) {100FBD50-89CD-4D1F-9FFF-DDB578ABF3FF}: The database engine has finished replaying logfile C:\Users\Admin\AppData\Local\Packages\Microsoft.ZuneVideo_8wekyb3d8bbwe\LocalState\Database\2a25a7a8b3edf10e\edb.log. 
 
Processing Stats: 
[1] 0.021006 -0.000927 (4) WT +J(CM:0, PgRf:0, Rd:0/0, Dy:0/0, Lg:1532664/6610) +M(C:0K, Fs:1472, WS:264K # 272K, PF:136K # 144K, P:136K). 
Log record of type 'Insert   ' was seen most frequently (2369 times)"
"Information","12/3/2024 1:29:10 PM","ESENT","330","General","Video.UI (1524,R,98) {100FBD50-89CD-4D1F-9FFF-DDB578ABF3FF}: The database [C:\Users\Admin\AppData\Local\Packages\Microsoft.ZuneVideo_8wekyb3d8bbwe\LocalState\Database\2a25a7a8b3edf10e\EntClientDb.edb] format version is being held back to 8920 (0x22d8) due to application parameter setting of 0x410022D8 (8920 | JET_efvAllowHigherPersistedFormat). Current default engine version: 9480 (0x2508)."
"Information","12/3/2024 1:29:10 PM","ESENT","335","Logging/Recovery","Video.UI (1524,R,98) {100FBD50-89CD-4D1F-9FFF-DDB578ABF3FF}: Replay of a Create for database ""C:\Users\Admin\AppData\Local\Packages\Microsoft.ZuneVideo_8wekyb3d8bbwe\LocalState\Database\2a25a7a8b3edf10e\EntClientDb.edb"" at log position (00000001,0001,0268) was deferred due to AttachFuture.  Additional information:  "
"Information","12/3/2024 1:29:10 PM","ESENT","300","Logging/Recovery","Video.UI (1524,R,98) {100FBD50-89CD-4D1F-9FFF-DDB578ABF3FF}: The database engine is initiating recovery steps."
"Information","12/3/2024 1:29:10 PM","ESENT","102","General","Video.UI (1524,P,98) {100FBD50-89CD-4D1F-9FFF-DDB578ABF3FF}: The database engine (10.00.22631.0000) is starting a new instance (0)."
"Information","12/3/2024 1:20:40 PM","Microsoft-Windows-Security-SPP","16384",,"Successfully scheduled Software Protection service for re-start at 2024-12-03T05:38:40Z. Reason: RulesEngine."
"Information","12/3/2024 1:20:10 PM","Microsoft-Windows-Security-SPP","16394",,"Offline downlevel migration succeeded."
"Information","12/3/2024 1:19:43 PM","Microsoft-Windows-Security-SPP","16384",,"Successfully scheduled Software Protection service for re-start at 2024-12-03T05:38:43Z. Reason: RulesEngine."
"Information","12/3/2024 1:19:12 PM","Microsoft-Windows-Security-SPP","16394",,"Offline downlevel migration succeeded."
"Information","12/3/2024 1:17:43 PM","Microsoft-Windows-Security-SPP","16384",,"Successfully scheduled Software Protection service for re-start at 2024-12-03T05:38:43Z. Reason: RulesEngine."
"Information","12/3/2024 1:17:06 PM","Microsoft-Windows-Security-SPP","16394",,"Offline downlevel migration succeeded."
"Information","12/3/2024 1:13:10 PM","ESENT","326","General","svchost (16020,D,50) DS_Token_DB: The database engine attached a database (1, C:\Windows\system32\config\systemprofile\AppData\Local\DataSharing\Storage\DSTokenDB2.dat). (Time=0 seconds) 
 
Saved Cache: 1 0 
Additional Data: lgposAttach = 00000023:000A:0268,
dbv = 1568.230.500 (9480) 
 
Internal Timing Sequence: 
[1] 0.000003 +J(0)
[2] 0.001635 -0.001142 (1) WT +J(0) +M(C:0K, Fs:17, WS:4K # 8K, PF:4K # 0K, P:4K)
[3] 0.006873 -0.000827 (6) WT +J(CM:0, PgRf:0, Rd:0/0, Dy:0/0, Lg:3480/2) +M(C:0K, Fs:6, WS:20K # 0K, PF:20K # 0K, P:20K)
[4] 0.002195 +J(0)
[5] -
[6] 0.001374 -0.001309 (2) CM -0.001253 (2) WT +J(CM:2, PgRf:2, Rd:0/2, Dy:0/0, Lg:0/0)
[7] 0.000007 +J(0) +M(C:0K, Fs:1, WS:4K # 0K, PF:0K # 0K, P:0K)
[8] 0.000615 -0.000456 (1) CM -0.000427 (1) WT +J(CM:1, PgRf:1, Rd:4/1, Dy:0/0, Lg:0/0) +M(C:16K, Fs:20, WS:80K # 40K, PF:208K # 168K, P:208K)
[9] -
[10] -
[11] -
[12] 0.000009 +J(CM:0, PgRf:0, Rd:0/0, Dy:0/0, Lg:54/1) +M(C:0K, Fs:1, WS:4K # 4K, PF:20K # 16K, P:20K)
[13] 0.001020 -0.000899 (2) CM -0.000858 (2) WT +J(CM:2, PgRf:23, Rd:0/2, Dy:0/0, Lg:0/0) +M(C:-8K, Fs:19, WS:68K # 76K, PF:-4K # 4K, P:-4K)
[14] 0.000852 -0.000724 (2) CM -0.000664 (2) WT +J(CM:2, PgRf:40, Rd:0/2, Dy:0/0, Lg:0/0) +M(C:0K, Fs:2, WS:8K # 0K, PF:64K # 56K, P:64K)
[15] 0.000006 +J(CM:0, PgRf:1, Rd:0/0, Dy:0/0, Lg:0/0)
[16] 0.000008 +J(CM:0, PgRf:1, Rd:0/0, Dy:0/0, Lg:0/0) +M(C:0K, Fs:1, WS:4K # 4K, PF:0K # 0K, P:0K)
[17] 0.000028 +J(CM:0, PgRf:42, Rd:0/0, Dy:0/0, Lg:0/0) +M(C:0K, Fs:4, WS:16K # 16K, PF:0K # 0K, P:0K)
[18] 0.0 +J(0)
[19] 0.0 +J(0)
[20] 0.000003 +J(CM:0, PgRf:1, Rd:0/0, Dy:0/0, Lg:0/0)."
"Information","12/3/2024 1:13:10 PM","ESENT","105","General","svchost (16020,D,0) DS_Token_DB: The database engine started a new instance (0). (Time=0 seconds) 
 
Additional Data:
 lgposV2[] = 00000023:0001:0000 - 00000023:0007:0039 - 00000023:0008:0000 - 00000023:0008:0000 (00000000:0000:0000)
cReInits = 2
RBSOn = 0
 
 
Internal Timing Sequence: 
[1] 0.001254 +J(0) +M(C:0K, Fs:354, WS:1392K # 1392K, PF:3908K # 3908K, P:3908K)
[2] 0.000248 +J(0) +M(C:8K, Fs:111, WS:436K # 436K, PF:372K # 372K, P:372K)
[3] 0.000016 +J(0) +M(C:0K, Fs:4, WS:12K # 12K, PF:68K # 68K, P:68K)
[4] 0.000110 +J(0) +M(C:0K, Fs:35, WS:140K # 140K, PF:188K # 188K, P:188K)
[5] 0.001033 +J(0) +M(C:0K, Fs:12, WS:48K # 48K, PF:32K # 32K, P:32K)
[6] 0.023709 +J(0) +M(C:0K, Fs:67, WS:264K # 264K, PF:48K # 52K, P:48K)
[7] 0.008985 -0.008449 (2) WT +J(0) +M(C:0K, Fs:35, WS:140K # 140K, PF:64K # 60K, P:64K)
[8] 0.034474 -0.018570 (12) WT +J(CM:0, PgRf:0, Rd:0/0, Dy:0/0, Lg:28392/19) +M(C:0K, Fs:138, WS:332K # 336K, PF:228K # 232K, P:228K)
[9] 0.000319 +J(0) +M(C:0K, Fs:8, WS:32K # 28K, PF:8K # 4K, P:8K)
[10] 0.002694 -0.002292 (1) WT +J(0) +M(C:0K, Fs:19, WS:16K # 76K, PF:20K # 80K, P:20K)
[11] 0.000026 +J(CM:0, PgRf:0, Rd:0/0, Dy:0/0, Lg:49/1) +M(C:0K, Fs:5, WS:20K # 0K, PF:0K # 0K, P:0K)
[12] 0.001912 +J(0)
[13] 0.019496 -0.001194 (2) CM -0.004945 (17) WT +J(CM:2, PgRf:2, Rd:0/2, Dy:0/0, Lg:8759/5) +M(C:0K, Fs:53, WS:100K # 124K, PF:160K # 168K, P:160K)
[14] 0.000014 +J(0)
[15] 0.000008 +J(0)
[16] 0.000844 -0.000320 (1) WT +J(0) +M(C:0K, Fs:2, WS:0K # 0K, PF:0K # 0K, P:0K)."
"Information","12/3/2024 1:13:10 PM","ESENT","302","Logging/Recovery","svchost (16020,U,98) DS_Token_DB: The database engine has successfully completed recovery steps."
"Information","12/3/2024 1:13:10 PM","ESENT","301","Logging/Recovery","svchost (16020,R,98) DS_Token_DB: The database engine has finished replaying logfile C:\Windows\system32\config\systemprofile\AppData\Local\DataSharing\Storage\DSS.log. 
 
Processing Stats: 
[1] 0.024190 -0.012064 (8) WT +J(CM:0, PgRf:0, Rd:0/0, Dy:0/0, Lg:28392/19) +M(C:0K, Fs:81, WS:180K # 120K, PF:132K # 68K, P:132K). 
Log record of type 'AttachDB ' was seen most frequently (2 times)"
"Information","12/3/2024 1:13:10 PM","ESENT","300","Logging/Recovery","svchost (16020,R,98) DS_Token_DB: The database engine is initiating recovery steps."
"Information","12/3/2024 1:13:10 PM","ESENT","102","General","svchost (16020,P,98) DS_Token_DB: The database engine (10.00.22631.0000) is starting a new instance (0)."
"Information","12/3/2024 1:09:53 PM","SecurityCenter","15",,"Updated Windows Defender status successfully to SECURITY_PRODUCT_STATE_ON."
"Information","12/3/2024 1:07:37 PM","VSS","8224",,"The VSS service is shutting down due to idle timeout. "
"Information","12/3/2024 1:04:37 PM","System Restore","8216",,"Skipping creation of restore point (Process = C:\Windows\system32\svchost.exe -k netsvcs -p -s wuauserv; Description = Windows Update) as there is a restore point avaliable which is recent enough for System Restore."
"Information","12/3/2024 1:04:00 PM","edgeupdate","0",,"Service stopped."
"Information","12/3/2024 1:03:47 PM","Microsoft-Windows-Security-SPP","903",,"The Software Protection service has stopped.
"
"Information","12/3/2024 1:03:47 PM","Microsoft-Windows-Security-SPP","16384",,"Successfully scheduled Software Protection service for re-start at 2024-12-03T05:38:46Z. Reason: RulesEngine."
"Information","12/3/2024 1:03:16 PM","SecurityCenter","15",,"Updated Windows Defender status successfully to SECURITY_PRODUCT_STATE_ON."
"Information","12/3/2024 1:03:14 PM","SecurityCenter","1",,"The Windows Security Center Service has started."
"Information","12/3/2024 1:02:37 PM","Microsoft-Windows-Search","1003","Search service","The Windows Search Service started.
"
"Information","12/3/2024 1:02:31 PM","Microsoft-Windows-Security-SPP","902",,"The Software Protection service has started.
10.0.22621.4391"
"Information","12/3/2024 1:02:31 PM","Microsoft-Windows-Security-SPP","1003",,"The Software Protection service has completed licensing status check.
Application Id=55c92734-d682-4d71-983e-d6ec3f16059f
Licensing Status=
1: 040fa323-92b1-4baf-97a2-5b67feaefddb, 1, 0 [(0 [0xC004F014, 0, 0], [(?)(?)(?)(?)(?)(?)(?)(?)])(1 )(2 )(3 )]
2: 0724cb7d-3437-4cb7-93cb-830375d0079d, 1, 0 [(0 [0xC004F014, 0, 0], [(?)(?)(?)(?)(?)(?)(?)(?)])(1 )(2 )(3 )]
3: 0ad2ac98-7bb9-4201-8d92-312299201369, 1, 0 [(0 [0xC004F014, 0, 0], [(?)(?)(?)(?)(?)(?)(?)(?)])(1 )(2 )(3 )]
4: 1a9a717a-cf13-4ba5-83c3-0fe25fa868d5, 1, 0 [(0 [0xC004F014, 0, 0], [(?)(?)(?)(?)(?)(?)(?)(?)])(1 )(2 )(3 )]
5: 221a02da-e2a1-4b75-864c-0a4410a33fdf, 1, 0 [(0 [0xC004F014, 0, 0], [(?)(?)(?)(?)(?)(?)(?)(?)])(1 )(2 )(3 )]
6: 291ece0e-9c38-40ca-a9e1-32cc7ec19507, 1, 0 [(0 [0xC004F014, 0, 0], [(?)(?)(?)(?)(?)(?)(?)(?)])(1 )(2 )(3 )]
7: 2936d1d2-913a-4542-b54e-ce5a602a2a38, 1, 0 [(0 [0xC004F014, 0, 0], [(?)(?)(?)(?)(?)(?)(?)(?)])(1 )(2 )(3 )]
8: 2c293c26-a45a-4a2a-a350-c69a67097529, 1, 0 [(0 [0xC004F014, 0, 0], [(?)(?)(?)(?)(?)(?)(?)(?)])(1 )(2 )(3 )]
9: 2de67392-b7a7-462a-b1ca-108dd189f588, 1, 1 [(0 [0x00000000, 1, 0], [(?)( 1 0x00000000)(?)( 2 0x00000000 0 0 msft:rm/algorithm/volume/1.0 0x00000000 249157)(?)(?)( 10 0x00000000 msft:rm/algorithm/flags/1.0)(?)])(1 )(2 )(3 )]
10: 2ffd8952-423e-4903-b993-72a1aa44cf82, 1, 0 [(0 [0xC004F014, 0, 0], [(?)(?)(?)(?)(?)(?)(?)(?)])(1 )(2 )(3 )]
11: 30a42c86-b7a0-4a34-8c90-ff177cb2acb7, 1, 0 [(0 [0xC004F014, 0, 0], [(?)(?)(?)(?)(?)(?)(?)(?)])(1 )(2 )(3 )]
12: 345a5db0-d94f-4e3b-a0c0-7c42f7bc3ebf, 1, 0 [(0 [0xC004F014, 0, 0], [(?)(?)(?)(?)(?)(?)(?)(?)])(1 )(2 )(3 )]
13: 3502365a-f88a-4ba4-822a-5769d3073b65, 1, 0 [(0 [0xC004F014, 0, 0], [(?)(?)(?)(?)(?)(?)(?)(?)])(1 )(2 )(3 )]
14: 377333b1-8b5d-48d6-9679-1225c872d37c, 1, 0 [(0 [0xC004F014, 0, 0], [(?)(?)(?)(?)(?)(?)(?)(?)])(1 )(2 )(3 )]
15: 3df374ef-d444-4494-a5a1-4b0d9fd0e203, 1, 0 [(0 [0xC004F014, 0, 0], [(?)(?)(?)(?)(?)(?)(?)(?)])(1 )(2 )(3 )]
16: 3f1afc82-f8ac-4f6c-8005-1d233e606eee, 1, 0 [(0 [0xC004F014, 0, 0], [(?)(?)(?)(?)(?)(?)(?)(?)])(1 )(2 )(3 )]
17: 49cd895b-53b2-4dc4-a5f7-b18aa019ad37, 1, 0 [(0 [0xC004F014, 0, 0], [(?)(?)(?)(?)(?)(?)(?)(?)])(1 )(2 )(3 )]
18: 4de7cb65-cdf1-4de9-8ae8-e3cce27b9f2c, 1, 0 [(0 [0xC004F014, 0, 0], [(?)(?)(?)(?)(?)(?)(?)(?)])(1 )(2 )(3 )]
19: 4f3da0d2-271d-4508-ae81-626b60809a38, 1, 0 [(0 [0xC004F014, 0, 0], [(?)(?)(?)(?)(?)(?)(?)(?)])(1 )(2 )(3 )]
20: 5d78c4e9-aeb3-4b40-8ac2-6a6005e0ad6d, 1, 0 [(0 [0xC004F014, 0, 0], [(?)(?)(?)(?)(?)(?)(?)(?)])(1 )(2 )(3 )]
21: 60b3ec1b-9545-4921-821f-311b129dd6f6, 1, 0 [(0 [0xC004F014, 0, 0], [(?)(?)(?)(?)(?)(?)(?)(?)])(1 )(2 )(3 )]
22: 613d217f-7f13-4268-9907-1662339531cd, 1, 0 [(0 [0xC004F014, 0, 0], [(?)(?)(?)(?)(?)(?)(?)(?)])(1 )(2 )(3 )]
23: 62f0c100-9c53-4e02-b886-a3528ddfe7f6, 1, 0 [(0 [0xC004F014, 0, 0], [(?)(?)(?)(?)(?)(?)(?)(?)])(1 )(2 )(3 )]
24: 6365275e-368d-46ca-a0ef-fc0404119333, 1, 0 [(0 [0xC004F014, 0, 0], [(?)(?)(?)(?)(?)(?)(?)(?)])(1 )(2 )(3 )]
25: 721f9237-9341-4453-a661-09e8baa6cca5, 1, 0 [(0 [0xC004F014, 0, 0], [(?)(?)(?)(?)(?)(?)(?)(?)])(1 )(2 )(3 )]
26: 73111121-5638-40f6-bc11-f1d7b0d64300, 1, 0 [(0 [0xC004F014, 0, 0], [(?)(?)(?)(?)(?)(?)(?)(?)])(1 )(2 )(3 )]
27: 7a802526-4c94-4bd1-ba14-835a1aca2120, 1, 0 [(0 [0xC004F014, 0, 0], [(?)(?)(?)(?)(?)(?)(?)(?)])(1 )(2 )(3 )]
28: 7cb546c0-c7d5-44d8-9a5c-69ecdd782b69, 1, 0 [(0 [0xC004F014, 0, 0], [(?)(?)(?)(?)(?)(?)(?)(?)])(1 )(2 )(3 )]
29: 82bbc092-bc50-4e16-8e18-b74fc486aec3, 1, 0 [(0 [0xC004F014, 0, 0], [(?)(?)(?)(?)(?)(?)(?)(?)])(1 )(2 )(3 )]
30: 8ab9bdd1-1f67-4997-82d9-8878520837d9, 1, 0 [(0 [0xC004F014, 0, 0], [(?)(?)(?)(?)(?)(?)(?)(?)])(1 )(2 )(3 )]
31: 8b351c9c-f398-4515-9900-09df49427262, 1, 0 [(0 [0xC004F014, 0, 0], [(?)(?)(?)(?)(?)(?)(?)(?)])(1 )(2 )(3 )]
32: 90da7373-1c51-430b-bf26-c97e9c5cdc31, 1, 0 [(0 [0xC004F014, 0, 0], [(?)(?)(?)(?)(?)(?)(?)(?)])(1 )(2 )(3 )]
33: 92fb8726-92a8-4ffc-94ce-f82e07444653, 1, 0 [(0 [0xC004F014, 0, 0], [(?)(?)(?)(?)(?)(?)(?)(?)])(1 )(2 )(3 )]
34: 95dca82f-385d-4d39-b85b-5c73fa285d6f, 1, 0 [(0 [0xC004F014, 0, 0], [(?)(?)(?)(?)(?)(?)(?)(?)])(1 )(2 )(3 )]
35: a48938aa-62fa-4966-9d44-9f04da3f72f2, 1, 0 [(0 [0xC004F014, 0, 0], [(?)(?)(?)(?)(?)(?)(?)(?)])(1 )(2 )(3 )]
36: b0773a15-df3a-4312-9ad2-83d69648e356, 1, 0 [(0 [0xC004F014, 0, 0], [(?)(?)(?)(?)(?)(?)(?)(?)])(1 )(2 )(3 )]
37: b4bfe195-541e-4e64-ad23-6177f19e395e, 1, 0 [(0 [0xC004F014, 0, 0], [(?)(?)(?)(?)(?)(?)(?)(?)])(1 )(2 )(3 )]
38: b68e61d2-68ca-4757-be45-0cc2f3e68eee, 1, 0 [(0 [0xC004F014, 0, 0], [(?)(?)(?)(?)(?)(?)(?)(?)])(1 )(2 )(3 )]
39: bd3762d7-270d-4760-8fb3-d829ca45278a, 1, 0 [(0 [0xC004F014, 0, 0], [(?)(?)(?)(?)(?)(?)(?)(?)])(1 )(2 )(3 )]
40: c86d5194-4840-4dae-9c1c-0301003a5ab0, 1, 0 [(0 [0xC004F014, 0, 0], [(?)(?)(?)(?)(?)(?)(?)(?)])(1 )(2 )(3 )]
41: ca7df2e3-5ea0-47b8-9ac1-b1be4d8edd69, 1, 0 [(0 [0xC004F014, 0, 0], [(?)(?)(?)(?)(?)(?)(?)(?)])(1 )(2 )(3 )]
42: d552befb-48cc-4327-8f39-47d2d94f987c, 1, 0 [(0 [0xC004F014, 0, 0], [(?)(?)(?)(?)(?)(?)(?)(?)])(1 )(2 )(3 )]
43: d6eadb3b-5ca8-4a6b-986e-35b550756111, 1, 0 [(0 [0xC004F014, 0, 0], [(?)(?)(?)(?)(?)(?)(?)(?)])(1 )(2 )(3 )]
44: df96023b-dcd9-4be2-afa0-c6c871159ebe, 1, 0 [(0 [0xC004F014, 0, 0], [(?)(?)(?)(?)(?)(?)(?)(?)])(1 )(2 )(3 )]
45: e0c42288-980c-4788-a014-c080d2e1926e, 1, 0 [(0 [0xC004F014, 0, 0], [(?)(?)(?)(?)(?)(?)(?)(?)])(1 )(2 )(3 )]
46: e4db50ea-bda1-4566-b047-0ca50abc6f07, 1, 0 [(0 [0xC004F014, 0, 0], [(?)(?)(?)(?)(?)(?)(?)(?)])(1 )(2 )(3 )]
47: e558417a-5123-4f6f-91e7-385c1c7ca9d4, 1, 0 [(0 [0xC004F014, 0, 0], [(?)(?)(?)(?)(?)(?)(?)(?)])(1 )(2 )(3 )]
48: e7a950a2-e548-4f10-bf16-02ec848e0643, 1, 0 [(0 [0xC004F014, 0, 0], [(?)(?)(?)(?)(?)(?)(?)(?)])(1 )(2 )(3 )]
49: eb6d346f-1c60-4643-b960-40ec31596c45, 1, 0 [(0 [0xC004F014, 0, 0], [(?)(?)(?)(?)(?)(?)(?)(?)])(1 )(2 )(3 )]
50: ec868e65-fadf-4759-b23e-93fe37f2cc29, 1, 0 [(0 [0xC004F014, 0, 0], [(?)(?)(?)(?)(?)(?)(?)(?)])(1 )(2 )(3 )]
51: ef51e000-2659-4f25-8345-3de70a9cf4c4, 1, 0 [(0 [0xC004F014, 0, 0], [(?)(?)(?)(?)(?)(?)(?)(?)])(1 )(2 )(3 )]
52: f7af7d09-40e4-419c-a49b-eae366689ebd, 1, 0 [(0 [0xC004F014, 0, 0], [(?)(?)(?)(?)(?)(?)(?)(?)])(1 )(2 )(3 )]
53: fa755fe6-6739-40b9-8d84-6d0ea3b6d1ab, 1, 0 [(0 [0xC004F014, 0, 0], [(?)(?)(?)(?)(?)(?)(?)(?)])(1 )(2 )(3 )]
54: fe74f55b-0338-41d6-b267-4a201abe7285, 1, 0 [(0 [0xC004F014, 0, 0], [(?)(?)(?)(?)(?)(?)(?)(?)])(1 )(2 )(3 )]

"
"Information","12/3/2024 1:02:30 PM","Microsoft-Windows-Security-SPP","1066",,"Initialization status for service objects.
C:\Windows\system32\sppwinob.dll, msft:spp/windowsfunctionality/agent/7.0, 0x00000000, 0x00000000
C:\Windows\system32\sppobjs.dll, msft:rm/algorithm/inherited/1.0, 0x00000000, 0x00000000
C:\Windows\system32\sppobjs.dll, msft:rm/algorithm/phone/1.0, 0x00000000, 0x00000000
C:\Windows\system32\sppobjs.dll, msft:rm/algorithm/pkey/detect, 0x00000000, 0x00000000
C:\Windows\system32\sppobjs.dll, msft:spp/ActionScheduler/1.0, 0x00000000, 0x00000000
C:\Windows\system32\sppobjs.dll, msft:spp/TaskScheduler/1.0, 0x00000000, 0x00000000
C:\Windows\system32\sppobjs.dll, msft:spp/statecollector/pkey, 0x00000000, 0x00000000
C:\Windows\system32\sppobjs.dll, msft:spp/volume/services/kms/1.0, 0x00000000, 0x00000000
C:\Windows\system32\sppobjs.dll, msft:spp/volume/services/kms/activationinfo/1.0, 0x00000000, 0x00000000
"
"Information","12/3/2024 1:02:30 PM","Microsoft-Windows-Security-SPP","16394",,"Offline downlevel migration succeeded."
"Information","12/3/2024 1:02:06 PM","Microsoft-Windows-Winlogon","6000",,"The winlogon notification subscriber <SessionEnv> was unavailable to handle a notification event."
"Information","12/3/2024 1:02:05 PM","Microsoft-Windows-Winlogon","6003",,"The winlogon notification subscriber <SessionEnv> was unavailable to handle a critical notification event."
"Information","12/3/2024 1:02:03 PM","Microsoft-Windows-Security-SPP","900",,"The Software Protection service is starting.
Parameters:<explicit>"
"Information","12/3/2024 1:01:16 PM","edgeupdate","0",,"Service stopped."
"Warning","12/3/2024 12:59:08 PM","Microsoft-Windows-WMI","63",,"A provider, IntelMEProv, has been registered in the Windows Management Instrumentation namespace root\Intel_ME to use the LocalSystem account. This account is privileged and the provider may cause a security violation if it does not correctly impersonate user requests."
"Warning","12/3/2024 12:59:08 PM","Microsoft-Windows-WMI","63",,"A provider, IntelMEProv, has been registered in the Windows Management Instrumentation namespace root\Intel_ME to use the LocalSystem account. This account is privileged and the provider may cause a security violation if it does not correctly impersonate user requests."
"Warning","12/3/2024 12:59:08 PM","Microsoft-Windows-WMI","63",,"A provider, IntelMEProv, has been registered in the Windows Management Instrumentation namespace root\Intel_ME to use the LocalSystem account. This account is privileged and the provider may cause a security violation if it does not correctly impersonate user requests."
"Information","12/3/2024 12:59:08 PM","WMIRegistrationService","2",,"Intel(R) WMI Registration Service has successfully finished WMI Registration."
"Information","12/3/2024 12:59:02 PM","OpenVpnService","0",,"Service started successfully."
,"12/3/2024 12:58:58 PM","AsusUpdateCheck","0",,
"Information","12/3/2024 12:58:55 PM","Microsoft-Windows-WMI","5617",,"Windows Management Instrumentation Service subsystems initialized successfully"
"Information","12/3/2024 12:58:52 PM","WMIRegistrationService","0",,"Intel(R) WMI Registration Service started."
"Information","12/3/2024 12:58:47 PM","Microsoft-Windows-WMI","5615",,"Windows Management Instrumentation Service started sucessfully"
,"12/3/2024 12:58:47 PM","AsusUpdateCheck","0",,
"Information","12/3/2024 12:58:47 PM","IntelDalJhi","0",,"Intel(R) Dynamic Application Loader Host Interface Service started."
"Information","12/3/2024 12:58:40 PM","Microsoft-Windows-User Profiles Service","1531",,"The User Profile Service has started successfully.  

"
"Information","12/2/2024 10:09:51 PM","Microsoft-Windows-User Profiles Service","1532",,"The User Profile Service has stopped.  

"
"Information","12/3/2024 12:58:42 PM","Desktop Window Manager","9027",,"The Desktop Window Manager has registered the session port."
"Information","12/2/2024 10:09:50 PM","Microsoft-Windows-Winlogon","6000",,"The winlogon notification subscriber <Dot3svc> was unavailable to handle a notification event."
"Information","12/2/2024 10:09:50 PM","Microsoft-Windows-Winlogon","6000",,"The winlogon notification subscriber <SessionEnv> was unavailable to handle a notification event."
"Information","12/2/2024 10:09:50 PM","Microsoft-Windows-Winlogon","6000",,"The winlogon notification subscriber <WSearch> was unavailable to handle a notification event."
"Information","12/2/2024 9:16:23 PM","Microsoft-Windows-Security-SPP","16384",,"Successfully scheduled Software Protection service for re-start at 2024-12-03T05:38:23Z. Reason: RulesEngine."
"Information","12/2/2024 9:15:51 PM","Microsoft-Windows-Security-SPP","16394",,"Offline downlevel migration succeeded."
"Information","12/2/2024 7:36:58 PM","Microsoft-Windows-Security-SPP","16384",,"Successfully scheduled Software Protection service for re-start at 2024-12-03T05:38:58Z. Reason: RulesEngine."
"Information","12/2/2024 7:36:27 PM","Microsoft-Windows-Security-SPP","16394",,"Offline downlevel migration succeeded."
"Information","12/2/2024 7:13:19 PM","Microsoft-Windows-RestartManager","10001",,"Ending session 1 started ?2024?-?12?-?02T11:13:19.798051700Z."
"Information","12/2/2024 7:13:19 PM","Microsoft-Windows-RestartManager","10000",,"Starting session 1 - ?2024?-?12?-?02T11:13:19.798051700Z."
"Information","12/2/2024 5:18:36 PM","Microsoft-Windows-Security-SPP","16384",,"Successfully scheduled Software Protection service for re-start at 2024-12-03T05:38:36Z. Reason: RulesEngine."
"Information","12/2/2024 5:18:05 PM","Microsoft-Windows-Security-SPP","16394",,"Offline downlevel migration succeeded."
"Information","12/2/2024 2:59:28 PM","SecurityCenter","15",,"Updated Windows Defender status successfully to SECURITY_PRODUCT_STATE_ON."
"Information","12/2/2024 2:59:26 PM","SecurityCenter","15",,"Updated Windows Defender status successfully to SECURITY_PRODUCT_STATE_ON."
"Warning","12/2/2024 2:18:20 PM","Chrome","256","Browser Events","[3472:11936:1202/141820.921:WARNING:remote_commands_service.cc(221)] Client is not registered."
"Information","12/2/2024 2:09:18 PM","Windows Error Reporting","1001",,"Fault bucket 1484401062111488750, type 5
Event Name: RADAR_PRE_LEAK_64
Response: Not available
Cab Id: 0

Problem signature:
P1: chrome.exe
P2: 131.0.6778.86
P3: 10.0.22631.2.0.0
P4: 
P5: 
P6: 
P7: 
P8: 
P9: 
P10: 

Attached files:
\\?\C:\Users\Admin\AppData\Local\Temp\RDRF1CA.tmp\empty.txt
\\?\C:\ProgramData\Microsoft\Windows\WER\Temp\WER.23ce0d9f-e9c0-4bf5-b7ae-68da537e97d8.tmp.WERInternalMetadata.xml
WPR_initiated_DiagTrackMiniLogger_OneTrace_User_Logger_20240808_1_EC_0_inject.etl
\\?\C:\ProgramData\Microsoft\Windows\WER\Temp\WER.483cfc5e-475b-4764-b7d5-95347377f1c3.tmp.etl
WPR_initiated_DiagTrackMiniLogger_WPR System Collector_inject.etl
\\?\C:\ProgramData\Microsoft\Windows\WER\Temp\WER.caf1fd04-4837-4b1e-80e3-6682dbaf2059.tmp.etl
\\?\C:\ProgramData\Microsoft\Windows\WER\Temp\WER.f4eb56d8-0b29-4a90-987e-584ee117f7d7.tmp.csv
\\?\C:\ProgramData\Microsoft\Windows\WER\Temp\WER.869a7832-feae-430d-bf66-5d63149f488c.tmp.txt
\\?\C:\ProgramData\Microsoft\Windows\WER\Temp\WER.af644293-c324-46ed-a35d-24a713de60d2.tmp.xml

These files may be available here:
NULL

Analysis symbol: 
Rechecking for solution: 0
Report Id: ada7e4f1-c729-45ca-a6fb-32e483177eea
Report Status: 268435456
Hashed bucket: 6c79636cbbd9e09c3499a6e6bb5e2aee
Cab Guid: 0"
"Information","12/2/2024 1:19:40 PM","ESENT","330","General","Video.UI (8228,D,2) {5822F2A6-7B60-4CAC-B85A-F0E462ABB81D}: The database [C:\Users\Admin\AppData\Local\Packages\Microsoft.ZuneVideo_8wekyb3d8bbwe\LocalState\Database\2a25a7a8b3edf10e\tmp.edb] format version is being held back to 8920 (0x22d8) due to application parameter setting of 0x410022D8 (8920 | JET_efvAllowHigherPersistedFormat). Current default engine version: 9480 (0x2508)."
"Information","12/2/2024 1:19:40 PM","ESENT","326","General","Video.UI (8228,D,50) {5822F2A6-7B60-4CAC-B85A-F0E462ABB81D}: The database engine attached a database (1, C:\Users\Admin\AppData\Local\Packages\Microsoft.ZuneVideo_8wekyb3d8bbwe\LocalState\Database\2a25a7a8b3edf10e\EntClientDb.edb). (Time=0 seconds) 
 
Saved Cache: 0 0 
Additional Data: lgposAttach = 00000001:017D:0268,
dbv = 1568.20.0 (8920) 
 
Internal Timing Sequence: 
[1] 0.000001 +J(0)
[2] 0.000588 +J(0) +M(C:0K, Fs:18, WS:8K # 0K, PF:8K # 0K, P:8K)
[3] 0.001944 -0.000841 (5) WT +J(CM:0, PgRf:0, Rd:0/0, Dy:0/0, Lg:3480/2) +M(C:0K, Fs:7, WS:20K # 0K, PF:20K # 0K, P:20K)
[4] 0.000093 +J(0)
[5] -
[6] 0.018641 -0.018494 (2) CM +J(CM:2, PgRf:2, Rd:0/2, Dy:0/0, Lg:0/0) +M(C:0K, Fs:7, WS:24K # 0K, PF:20K # 0K, P:20K)
[7] -
[8] 0.005665 -0.000003 (1) CM -0.005485 (1) WT +J(CM:1, PgRf:1, Rd:14/1, Dy:0/0, Lg:0/0) +M(C:0K, Fs:23, WS:80K # 0K, PF:300K # 0K, P:300K)
[9] -
[10] -
[11] -
[12] 0.000300 +J(0)
[13] 0.001492 -0.001358 (4) CM +J(CM:4, PgRf:23, Rd:0/4, Dy:0/0, Lg:0/0) +M(C:0K, Fs:24, WS:88K # 0K, PF:8K # 0K, P:8K)
[14] 0.000088 -0.000003 (2) CM +J(CM:2, PgRf:40, Rd:0/2, Dy:0/0, Lg:0/0) +M(C:0K, Fs:6, WS:8K # 0K, PF:64K # 0K, P:64K)
[15] 0.000018 -0.000001 (1) CM +J(CM:1, PgRf:1, Rd:0/1, Dy:0/0, Lg:0/0) +M(C:0K, Fs:2, WS:0K # 0K, PF:0K # 0K, P:0K)
[16] 0.000007 +J(CM:0, PgRf:1, Rd:0/0, Dy:0/0, Lg:0/0) +M(C:0K, Fs:1, WS:4K # 0K, PF:0K # 0K, P:0K)
[17] 0.000040 -0.000002 (1) CM +J(CM:1, PgRf:42, Rd:0/1, Dy:0/0, Lg:0/0) +M(C:0K, Fs:3, WS:4K # 0K, PF:0K # 0K, P:0K)
[18] 0.0 +J(0)
[19] 0.0 +J(0)
[20] 0.000018 -0.000001 (1) CM +J(CM:1, PgRf:1, Rd:0/1, Dy:0/0, Lg:0/0) +M(C:0K, Fs:2, WS:0K # 0K, PF:0K # 0K, P:0K)."
"Information","12/2/2024 1:19:40 PM","ESENT","330","General","Video.UI (8228,D,50) {5822F2A6-7B60-4CAC-B85A-F0E462ABB81D}: The database [C:\Users\Admin\AppData\Local\Packages\Microsoft.ZuneVideo_8wekyb3d8bbwe\LocalState\Database\2a25a7a8b3edf10e\EntClientDb.edb] format version is being held back to 8920 (0x22d8) due to application parameter setting of 0x410022D8 (8920 | JET_efvAllowHigherPersistedFormat). Current default engine version: 9480 (0x2508)."
"Information","12/2/2024 1:19:39 PM","ESENT","105","General","Video.UI (8228,D,0) {5822F2A6-7B60-4CAC-B85A-F0E462ABB81D}: The database engine started a new instance (0). (Time=0 seconds) 
 
Additional Data:
 lgposV2[] = 00000001:0001:0000 - 00000001:017A:002B - 00000001:017B:0000 - 00000001:017B:0000 (00000000:0000:0000)
cReInits = 77
RBSOn = 0
 
 
Internal Timing Sequence: 
[1] 0.002357 +J(0) +M(C:0K, Fs:258, WS:992K # 992K, PF:3012K # 3076K, P:3012K)
[2] 0.000193 +J(0) +M(C:0K, Fs:121, WS:224K # 224K, PF:324K # 260K, P:324K)
[3] 0.000010 +J(0) +M(C:0K, Fs:3, WS:12K # 12K, PF:64K # 64K, P:64K)
[4] 0.000089 +J(0) +M(C:0K, Fs:46, WS:184K # 184K, PF:188K # 188K, P:188K)
[5] 0.302494 +J(0) +M(C:0K, Fs:5922, WS:21796K # 21852K, PF:14980K # 15448K, P:14980K)
[6] 0.018749 +J(0) +M(C:0K, Fs:23, WS:92K # 36K, PF:12K # 0K, P:12K)
[7] 0.037521 -0.000001 (1) WT +J(0) +M(C:0K, Fs:535, WS:2132K # 2132K, PF:2052K # 1596K, P:2052K)
[8] 0.027274 -0.001617 (4) WT +J(CM:0, PgRf:0, Rd:0/0, Dy:0/0, Lg:1512384/6598) +M(C:0K, Fs:1479, WS:364K # 372K, PF:196K # 204K, P:196K)
[9] 0.000278 +J(0) +M(C:0K, Fs:1, WS:4K # 0K, PF:0K # 0K, P:0K)
[10] 0.000649 +J(0) +M(C:0K, Fs:1, WS:-2044K # 0K, PF:-2044K # 0K, P:-2044K)
[11] 0.000016 +J(CM:0, PgRf:0, Rd:0/0, Dy:0/0, Lg:49/1) +M(C:0K, Fs:5, WS:20K # 0K, PF:0K # 0K, P:0K)
[12] 0.000622 -0.000593 (1) WT +J(0) +M(C:0K, Fs:5, WS:20K # 0K, PF:0K # 0K, P:0K)
[13] 0.040468 -0.018524 (2) CM -0.017695 (15) WT +J(CM:2, PgRf:2, Rd:0/2, Dy:0/0, Lg:8759/5) +M(C:0K, Fs:563, WS:116K # 156K, PF:148K # 148K, P:148K)
[14] 0.000012 +J(0)
[15] 0.000008 +J(0)
[16] 0.000104 +J(0) +M(C:0K, Fs:2, WS:0K # 0K, PF:0K # 0K, P:0K)."
"Information","12/2/2024 1:19:39 PM","ESENT","302","Logging/Recovery","Video.UI (8228,U,98) {5822F2A6-7B60-4CAC-B85A-F0E462ABB81D}: The database engine has successfully completed recovery steps."
