"Information","12/17/2024 3:06:43 PM","Windows Error Reporting","1001",,"Fault bucket 1687635837733058437, type 4
Event Name: APPCRASH
Response: Not available
Cab Id: 0

Problem signature:
P1: Acrobat.exe
P2: 24.2.20857.0
P3: 666cd3b1
P4: Acrobat.dll
P5: 24.2.20857.0
P6: 666cd3aa
P7: c000041d
P8: 000000000066cab0
P9: 
P10: 

Attached files:
\\?\C:\ProgramData\Microsoft\Windows\WER\Temp\WER.c490bd97-e3d5-41ab-8ed8-02bf01e57872.tmp.mdmp
\\?\C:\ProgramData\Microsoft\Windows\WER\Temp\WER.5ba89bd4-a263-4b86-b758-95a18bbf33c6.tmp.WERInternalMetadata.xml
WPR_initiated_DiagTrackMiniLogger_OneTrace_User_Logger_20240808_1_EC_0_inject.etl
\\?\C:\ProgramData\Microsoft\Windows\WER\Temp\WER.7638a1fc-1469-4970-99b6-7dafaf0d53fe.tmp.etl
WPR_initiated_DiagTrackMiniLogger_WPR System Collector_inject.etl
\\?\C:\ProgramData\Microsoft\Windows\WER\Temp\WER.ed2edb2b-181f-499e-bf45-10968b261716.tmp.etl
\\?\C:\ProgramData\Microsoft\Windows\WER\Temp\WER.8b3bcca7-ab98-462f-9cd9-bbbb8ce7e3cb.tmp.csv
\\?\C:\ProgramData\Microsoft\Windows\WER\Temp\WER.5ec859a6-994e-410e-91b5-7efde00cdd24.tmp.txt
\\?\C:\ProgramData\Microsoft\Windows\WER\Temp\WER.8ead5504-eda7-41e5-ab9d-f847d6dcb6ff.tmp.xml

These files may be available here:
\\?\C:\ProgramData\Microsoft\Windows\WER\ReportArchive\AppCrash_Acrobat.exe_14119d4350bb75bbc5ec7f83dfc944cd565ecc6f_5a88fdc7_8b5ed791-8964-46f2-ac5e-92234fd441bb

Analysis symbol: 
Rechecking for solution: 0
Report Id: ef3769de-4a60-4b4c-8ada-71739c171958
Report Status: 268435456
Hashed bucket: 816fda5fd4a8a6cb376bafda5a4c3785
Cab Guid: 0"
"Error","12/17/2024 3:06:36 PM","Application Error","1000","Application Crashing Events","Faulting application name: Acrobat.exe, version: 24.2.20857.0, time stamp: 0x666cd3b1
Faulting module name: Acrobat.dll, version: 24.2.20857.0, time stamp: 0x666cd3aa
Exception code: 0xc000041d
Fault offset: 0x000000000066cab0
Faulting process id: 0x0x40BC
Faulting application start time: 0x0x1DB5051C034603D
Faulting application path: C:\Program Files\Adobe\Acrobat DC\Acrobat\Acrobat.exe
Faulting module path: C:\Program Files\Adobe\Acrobat DC\Acrobat\Acrobat.dll
Report Id: ef3769de-4a60-4b4c-8ada-71739c171958
Faulting package full name: 
Faulting package-relative application ID: "
"Information","12/17/2024 3:06:36 PM","Windows Error Reporting","1001",,"Fault bucket 1807677623746811813, type 4
Event Name: APPCRASH
Response: Not available
Cab Id: 0

Problem signature:
P1: Acrobat.exe
P2: 24.2.20857.0
P3: 666cd3b1
P4: Acrobat.dll
P5: 24.2.20857.0
P6: 666cd3aa
P7: c0000005
P8: 000000000066cab0
P9: 
P10: 

Attached files:
\\?\C:\ProgramData\Microsoft\Windows\WER\Temp\WER.b4cd4b8a-9261-4edb-8e62-502fb4948c3a.tmp.mdmp
\\?\C:\ProgramData\Microsoft\Windows\WER\Temp\WER.471c8f22-2bd9-430d-9cdf-4487c2a9441c.tmp.WERInternalMetadata.xml
WPR_initiated_DiagTrackMiniLogger_OneTrace_User_Logger_20240808_1_EC_0_inject.etl
\\?\C:\ProgramData\Microsoft\Windows\WER\Temp\WER.b529e5c6-eba8-4331-a427-e0931dbeda23.tmp.etl
WPR_initiated_DiagTrackMiniLogger_WPR System Collector_inject.etl
\\?\C:\ProgramData\Microsoft\Windows\WER\Temp\WER.68e8ac78-abb2-4c98-9d87-98be1651bf06.tmp.etl
\\?\C:\ProgramData\Microsoft\Windows\WER\Temp\WER.326e2eec-0225-49b8-8398-549a253f35b8.tmp.csv
\\?\C:\ProgramData\Microsoft\Windows\WER\Temp\WER.f10db3aa-cdbb-4bcc-9100-993d9853c371.tmp.txt
\\?\C:\ProgramData\Microsoft\Windows\WER\Temp\WER.5432c77d-b8bb-40f3-9c67-0fca91b143c6.tmp.xml

These files may be available here:
\\?\C:\ProgramData\Microsoft\Windows\WER\ReportArchive\AppCrash_Acrobat.exe_c72d9270d1c4502109f48c39b9172792e37a99_5a88fdc7_3b1effd5-377a-4e69-8d42-bf41501acc9c

Analysis symbol: 
Rechecking for solution: 0
Report Id: eae377d0-7362-4615-891c-a69f6530a524
Report Status: 268435456
Hashed bucket: 4c5869dbe38bd80909162938a7d9d7a5
Cab Guid: 0"
"Error","12/17/2024 3:06:30 PM","Application Error","1000","Application Crashing Events","Faulting application name: Acrobat.exe, version: 24.2.20857.0, time stamp: 0x666cd3b1
Faulting module name: Acrobat.dll, version: 24.2.20857.0, time stamp: 0x666cd3aa
Exception code: 0xc0000005
Fault offset: 0x000000000066cab0
Faulting process id: 0x0x40BC
Faulting application start time: 0x0x1DB5051C034603D
Faulting application path: C:\Program Files\Adobe\Acrobat DC\Acrobat\Acrobat.exe
Faulting module path: C:\Program Files\Adobe\Acrobat DC\Acrobat\Acrobat.dll
Report Id: eae377d0-7362-4615-891c-a69f6530a524
Faulting package full name: 
Faulting package-relative application ID: "
"Information","12/17/2024 3:03:14 PM","Windows Error Reporting","1001",,"Fault bucket 2122091426578100090, type 4
Event Name: APPCRASH
Response: Not available
Cab Id: 0

Problem signature:
P1: Acrobat.exe
P2: 24.2.20857.0
P3: 666cd3b1
P4: TouchUp.api
P5: 24.2.20857.0
P6: 666cd2fe
P7: c0000005
P8: 00000000000b9e5c
P9: 
P10: 

Attached files:
\\?\C:\ProgramData\Microsoft\Windows\WER\Temp\WER.c942d9cf-05ad-4f54-97e7-489a9c05d637.tmp.mdmp
\\?\C:\ProgramData\Microsoft\Windows\WER\Temp\WER.45f79bd6-628b-4f82-ae5a-da27fc7c709d.tmp.WERInternalMetadata.xml
WPR_initiated_DiagTrackMiniLogger_OneTrace_User_Logger_20240808_1_EC_0_inject.etl
\\?\C:\ProgramData\Microsoft\Windows\WER\Temp\WER.87a61f24-2a0b-4573-97f9-931908056849.tmp.etl
WPR_initiated_DiagTrackMiniLogger_WPR System Collector_inject.etl
\\?\C:\ProgramData\Microsoft\Windows\WER\Temp\WER.332cf863-48ed-4976-9c28-4034ca80e61e.tmp.etl
\\?\C:\ProgramData\Microsoft\Windows\WER\Temp\WER.538bde34-cd82-4e36-a2a8-5defc5b36ac0.tmp.csv
\\?\C:\ProgramData\Microsoft\Windows\WER\Temp\WER.c198dc7c-79bf-4bef-81d5-8a68dad19123.tmp.txt
\\?\C:\ProgramData\Microsoft\Windows\WER\Temp\WER.b198b4f6-783d-475c-b3ee-5aeb16b3ff05.tmp.xml

These files may be available here:
\\?\C:\ProgramData\Microsoft\Windows\WER\ReportArchive\AppCrash_Acrobat.exe_15cf4e1410807180c445e5257c72431fc5ceb_5a88fdc7_c5f20e91-92e7-4217-be2a-08e7663a9a10

Analysis symbol: 
Rechecking for solution: 0
Report Id: d6e81ddf-7525-4aa3-83d3-827e8cccb2fd
Report Status: 268435456
Hashed bucket: e5cf164404ae0e538d732ee8be16ef7a
Cab Guid: 0"
"Error","12/17/2024 3:03:10 PM","Application Error","1000","Application Crashing Events","Faulting application name: Acrobat.exe, version: 24.2.20857.0, time stamp: 0x666cd3b1
Faulting module name: TouchUp.api, version: 24.2.20857.0, time stamp: 0x666cd2fe
Exception code: 0xc0000005
Fault offset: 0x00000000000b9e5c
Faulting process id: 0x0x18E4
Faulting application start time: 0x0x1DB5050B0AF7CFB
Faulting application path: C:\Program Files\Adobe\Acrobat DC\Acrobat\Acrobat.exe
Faulting module path: C:\Program Files\Adobe\Acrobat DC\Acrobat\plug_ins\TouchUp.api
Report Id: d6e81ddf-7525-4aa3-83d3-827e8cccb2fd
Faulting package full name: 
Faulting package-relative application ID: "
"Information","12/17/2024 3:02:02 PM","SecurityCenter","15",,"Updated Windows Defender status successfully to SECURITY_PRODUCT_STATE_ON."
"Information","12/17/2024 3:01:19 PM","SecurityCenter","15",,"Updated Windows Defender status successfully to SECURITY_PRODUCT_STATE_ON."
"Information","12/17/2024 3:01:17 PM","ESENT","326","General","svchost (13472,D,50) DS_Token_DB: The database engine attached a database (1, C:\Windows\system32\config\systemprofile\AppData\Local\DataSharing\Storage\DSTokenDB2.dat). (Time=0 seconds) 
 
Saved Cache: 1 0 
Additional Data: lgposAttach = 00000025:0006:0268,
dbv = 1568.230.500 (9480) 
 
Internal Timing Sequence: 
[1] 0.000003 +J(0)
[2] 0.001749 -0.001214 (1) WT +J(0) +M(C:0K, Fs:17, WS:4K # 8K, PF:4K # 0K, P:4K)
[3] 0.006434 -0.003498 (6) WT +J(CM:0, PgRf:0, Rd:0/0, Dy:0/0, Lg:3480/2) +M(C:0K, Fs:6, WS:20K # 0K, PF:20K # 0K, P:20K)
[4] 0.000762 +J(0)
[5] -
[6] 0.000630 -0.000583 (2) CM -0.000534 (2) WT +J(CM:2, PgRf:2, Rd:0/2, Dy:0/0, Lg:0/0)
[7] 0.000005 +J(0) +M(C:0K, Fs:1, WS:4K # 0K, PF:0K # 0K, P:0K)
[8] 0.000574 -0.000427 (1) CM -0.000395 (1) WT +J(CM:1, PgRf:1, Rd:4/1, Dy:0/0, Lg:0/0) +M(C:16K, Fs:21, WS:84K # 44K, PF:208K # 168K, P:208K)
[9] -
[10] -
[11] -
[12] 0.000008 +J(CM:0, PgRf:0, Rd:0/0, Dy:0/0, Lg:54/1) +M(C:0K, Fs:1, WS:4K # 4K, PF:20K # 16K, P:20K)
[13] 0.000721 -0.000594 (3) CM -0.000538 (2) WT +J(CM:3, PgRf:23, Rd:0/2, Dy:0/0, Lg:0/0) +M(C:-8K, Fs:19, WS:68K # 68K, PF:-4K # 0K, P:-4K)
[14] 0.000706 -0.000594 (2) CM -0.000545 (2) WT +J(CM:2, PgRf:40, Rd:0/2, Dy:0/0, Lg:0/0) +M(C:0K, Fs:2, WS:8K # 8K, PF:64K # 60K, P:64K)
[15] 0.000006 +J(CM:0, PgRf:1, Rd:0/0, Dy:0/0, Lg:0/0)
[16] 0.000009 +J(CM:0, PgRf:1, Rd:0/0, Dy:0/0, Lg:0/0) +M(C:0K, Fs:1, WS:4K # 4K, PF:0K # 0K, P:0K)
[17] 0.000032 +J(CM:0, PgRf:42, Rd:0/0, Dy:0/0, Lg:0/0) +M(C:0K, Fs:4, WS:16K # 16K, PF:0K # 0K, P:0K)
[18] 0.0 +J(0)
[19] 0.0 +J(0)
[20] 0.000003 +J(CM:0, PgRf:1, Rd:0/0, Dy:0/0, Lg:0/0)."
"Information","12/17/2024 3:01:17 PM","ESENT","105","General","svchost (13472,D,0) DS_Token_DB: The database engine started a new instance (0). (Time=0 seconds) 
 
Additional Data:
 lgposV2[] = 00000025:0001:0000 - 00000025:0003:0367 - 00000025:0004:0000 - 00000025:0004:0000 (00000000:0000:0000)
cReInits = 1
RBSOn = 0
 
 
Internal Timing Sequence: 
[1] 0.000849 +J(0) +M(C:0K, Fs:252, WS:988K # 988K, PF:3916K # 3916K, P:3916K)
[2] 0.000309 +J(0) +M(C:8K, Fs:214, WS:848K # 848K, PF:372K # 372K, P:372K)
[3] 0.000013 +J(0) +M(C:0K, Fs:4, WS:12K # 12K, PF:68K # 68K, P:68K)
[4] 0.000085 +J(0) +M(C:0K, Fs:35, WS:140K # 140K, PF:188K # 188K, P:188K)
[5] 0.000901 +J(0) +M(C:0K, Fs:10, WS:40K # 40K, PF:24K # 24K, P:24K)
[6] 0.003248 +J(0) +M(C:0K, Fs:67, WS:268K # 268K, PF:48K # 48K, P:48K)
[7] 0.001688 -0.001139 (2) WT +J(0) +M(C:0K, Fs:37, WS:148K # 148K, PF:68K # 68K, P:68K)
[8] 0.018785 -0.008920 (11) WT +J(CM:0, PgRf:0, Rd:0/0, Dy:0/0, Lg:12168/8) +M(C:0K, Fs:123, WS:340K # 344K, PF:236K # 240K, P:236K)
[9] 0.000362 +J(0) +M(C:0K, Fs:7, WS:28K # 24K, PF:4K # 0K, P:4K)
[10] 0.001281 -0.000787 (1) WT +J(0) +M(C:0K, Fs:17, WS:8K # 68K, PF:12K # 72K, P:12K)
[11] 0.000021 +J(CM:0, PgRf:0, Rd:0/0, Dy:0/0, Lg:49/1) +M(C:0K, Fs:5, WS:20K # 0K, PF:0K # 0K, P:0K)
[12] 0.000740 +J(0)
[13] 0.019999 -0.000820 (2) CM -0.003024 (17) WT +J(CM:2, PgRf:2, Rd:0/2, Dy:0/0, Lg:8759/5) +M(C:0K, Fs:53, WS:100K # 124K, PF:160K # 168K, P:160K)
[14] 0.000013 +J(0)
[15] 0.000008 +J(0)
[16] 0.000553 -0.000185 (1) WT +J(0) +M(C:0K, Fs:2, WS:0K # 0K, PF:0K # 0K, P:0K)."
"Information","12/17/2024 3:01:17 PM","ESENT","302","Logging/Recovery","svchost (13472,U,98) DS_Token_DB: The database engine has successfully completed recovery steps."
"Information","12/17/2024 3:01:17 PM","ESENT","301","Logging/Recovery","svchost (13472,R,98) DS_Token_DB: The database engine has finished replaying logfile C:\Windows\system32\config\systemprofile\AppData\Local\DataSharing\Storage\DSS.log. 
 
Processing Stats: 
[1] 0.010572 -0.005822 (7) WT +J(CM:0, PgRf:0, Rd:0/0, Dy:0/0, Lg:12168/8) +M(C:0K, Fs:67, WS:192K # 132K, PF:144K # 80K, P:144K). 
Log record of type 'AttachDB ' was seen most frequently (1 times)"
"Information","12/17/2024 3:01:17 PM","ESENT","300","Logging/Recovery","svchost (13472,R,98) DS_Token_DB: The database engine is initiating recovery steps."
"Information","12/17/2024 3:01:17 PM","ESENT","102","General","svchost (13472,P,98) DS_Token_DB: The database engine (10.00.22631.0000) is starting a new instance (0)."
"Information","12/17/2024 3:01:17 PM","Microsoft-Windows-Security-SPP","16384",,"Successfully scheduled Software Protection service for re-start at 2024-12-18T05:00:17Z. Reason: RulesEngine."
"Information","12/17/2024 3:00:47 PM","Microsoft-Windows-Security-SPP","16394",,"Offline downlevel migration succeeded."
"Information","12/17/2024 2:40:10 PM","Microsoft-Windows-Security-SPP","16384",,"Successfully scheduled Software Protection service for re-start at 2024-12-18T05:00:10Z. Reason: RulesEngine."
"Information","12/17/2024 2:39:40 PM","Microsoft-Windows-Security-SPP","16394",,"Offline downlevel migration succeeded."
"Warning","12/17/2024 2:16:46 PM","Chrome","256","Browser Events","[16032:2424:1217/141646.042:WARNING:remote_commands_service.cc(221)] Client is not registered."
"Information","12/17/2024 1:57:45 PM","ESENT","330","General","Video.UI (8264,D,2) {5A59AEAC-FF10-45CF-B456-D0B66BF1521F}: The database [C:\Users\Admin\AppData\Local\Packages\Microsoft.ZuneVideo_8wekyb3d8bbwe\LocalState\Database\2a25a7a8b3edf10e\tmp.edb] format version is being held back to 8920 (0x22d8) due to application parameter setting of 0x410022D8 (8920 | JET_efvAllowHigherPersistedFormat). Current default engine version: 9480 (0x2508)."
"Information","12/17/2024 1:57:45 PM","ESENT","326","General","Video.UI (8264,D,50) {5A59AEAC-FF10-45CF-B456-D0B66BF1521F}: The database engine attached a database (1, C:\Users\Admin\AppData\Local\Packages\Microsoft.ZuneVideo_8wekyb3d8bbwe\LocalState\Database\2a25a7a8b3edf10e\EntClientDb.edb). (Time=0 seconds) 
 
Saved Cache: 0 0 
Additional Data: lgposAttach = 00000001:01B4:0268,
dbv = 1568.20.0 (8920) 
 
Internal Timing Sequence: 
[1] 0.000002 +J(0)
[2] 0.000310 +J(0) +M(C:0K, Fs:18, WS:8K # 0K, PF:8K # 0K, P:8K)
[3] 0.003667 -0.002371 (5) WT +J(CM:0, PgRf:0, Rd:0/0, Dy:0/0, Lg:3480/2) +M(C:0K, Fs:7, WS:20K # 0K, PF:20K # 0K, P:20K)
[4] 0.000169 +J(0)
[5] -
[6] 0.027502 -0.027401 (2) CM +J(CM:2, PgRf:2, Rd:0/2, Dy:0/0, Lg:0/0) +M(C:0K, Fs:5, WS:16K # 0K, PF:12K # 0K, P:12K)
[7] -
[8] 0.005100 -0.004897 (1) WT +J(CM:1, PgRf:1, Rd:14/1, Dy:0/0, Lg:0/0) +M(C:0K, Fs:23, WS:80K # 0K, PF:300K # 0K, P:300K)
[9] -
[10] -
[11] -
[12] 0.000337 +J(0)
[13] 0.001312 -0.001151 (4) CM +J(CM:4, PgRf:23, Rd:0/4, Dy:0/0, Lg:0/0) +M(C:0K, Fs:24, WS:88K # 0K, PF:8K # 0K, P:8K)
[14] 0.000093 -0.000004 (2) CM +J(CM:2, PgRf:40, Rd:0/2, Dy:0/0, Lg:0/0) +M(C:0K, Fs:6, WS:8K # 0K, PF:64K # 0K, P:64K)
[15] 0.000003 +J(CM:0, PgRf:1, Rd:0/0, Dy:0/0, Lg:0/0)
[16] 0.000006 +J(CM:0, PgRf:1, Rd:0/0, Dy:0/0, Lg:0/0) +M(C:0K, Fs:1, WS:4K # 0K, PF:0K # 0K, P:0K)
[17] 0.000027 +J(CM:0, PgRf:42, Rd:0/0, Dy:0/0, Lg:0/0) +M(C:0K, Fs:1, WS:4K # 0K, PF:0K # 0K, P:0K)
[18] 0.0 +J(0)
[19] 0.0 +J(0)
[20] 0.000003 +J(CM:0, PgRf:1, Rd:0/0, Dy:0/0, Lg:0/0)."
"Information","12/17/2024 1:57:45 PM","ESENT","330","General","Video.UI (8264,D,50) {5A59AEAC-FF10-45CF-B456-D0B66BF1521F}: The database [C:\Users\Admin\AppData\Local\Packages\Microsoft.ZuneVideo_8wekyb3d8bbwe\LocalState\Database\2a25a7a8b3edf10e\EntClientDb.edb] format version is being held back to 8920 (0x22d8) due to application parameter setting of 0x410022D8 (8920 | JET_efvAllowHigherPersistedFormat). Current default engine version: 9480 (0x2508)."
"Information","12/17/2024 1:57:45 PM","ESENT","105","General","Video.UI (8264,D,0) {5A59AEAC-FF10-45CF-B456-D0B66BF1521F}: The database engine started a new instance (0). (Time=0 seconds) 
 
Additional Data:
 lgposV2[] = 00000001:0001:0000 - 00000001:01B1:002B - 00000001:01B2:0000 - 00000001:01B2:0000 (00000000:0000:0000)
cReInits = 89
RBSOn = 0
 
 
Internal Timing Sequence: 
[1] 0.004927 +J(0) +M(C:0K, Fs:312, WS:1220K # 1220K, PF:3176K # 3176K, P:3176K)
[2] 0.000282 +J(0) +M(C:0K, Fs:110, WS:440K # 440K, PF:368K # 368K, P:368K)
[3] 0.000020 +J(0) +M(C:0K, Fs:4, WS:12K # 12K, PF:68K # 68K, P:68K)
[4] 0.000142 +J(0) +M(C:0K, Fs:47, WS:188K # 188K, PF:188K # 188K, P:188K)
[5] 0.417034 +J(0) +M(C:0K, Fs:6301, WS:23032K # 23088K, PF:16084K # 16552K, P:16084K)
[6] 0.021615 +J(0) +M(C:0K, Fs:23, WS:92K # 36K, PF:12K # 0K, P:12K)
[7] 0.073721 -0.000003 (3) WT +J(0) +M(C:0K, Fs:535, WS:2136K # 2136K, PF:2052K # 1596K, P:2052K)
[8] 0.030196 -0.001263 (4) WT +J(CM:0, PgRf:0, Rd:0/0, Dy:0/0, Lg:1735464/6732) +M(C:0K, Fs:1695, WS:360K # 368K, PF:196K # 204K, P:196K)
[9] 0.000322 +J(0) +M(C:0K, Fs:1, WS:4K # 0K, PF:0K # 0K, P:0K)
[10] 0.000723 +J(0) +M(C:0K, Fs:1, WS:-2044K # 0K, PF:-2044K # 0K, P:-2044K)
[11] 0.000019 +J(CM:0, PgRf:0, Rd:0/0, Dy:0/0, Lg:49/1) +M(C:0K, Fs:5, WS:20K # 0K, PF:0K # 0K, P:0K)
[12] 0.013103 -0.013062 (1) WT +J(0) +M(C:0K, Fs:6, WS:24K # 0K, PF:4K # 0K, P:4K)
[13] 0.031207 -0.020849 (2) CM -0.005733 (15) WT +J(CM:2, PgRf:2, Rd:0/2, Dy:0/0, Lg:8759/5) +M(C:0K, Fs:549, WS:68K # 112K, PF:96K # 100K, P:96K)
[14] 0.000011 +J(0)
[15] 0.000007 +J(0)
[16] 0.000125 +J(0) +M(C:0K, Fs:2, WS:0K # 0K, PF:0K # 0K, P:0K)."
"Information","12/17/2024 1:57:45 PM","ESENT","302","Logging/Recovery","Video.UI (8264,U,98) {5A59AEAC-FF10-45CF-B456-D0B66BF1521F}: The database engine has successfully completed recovery steps."
"Information","12/17/2024 1:57:45 PM","ESENT","301","Logging/Recovery","Video.UI (8264,R,98) {5A59AEAC-FF10-45CF-B456-D0B66BF1521F}: The database engine has finished replaying logfile C:\Users\Admin\AppData\Local\Packages\Microsoft.ZuneVideo_8wekyb3d8bbwe\LocalState\Database\2a25a7a8b3edf10e\edb.log. 
 
Processing Stats: 
[1] 0.028694 -0.001263 (4) WT +J(CM:0, PgRf:0, Rd:0/0, Dy:0/0, Lg:1735464/6732) +M(C:0K, Fs:1666, WS:256K # 264K, PF:120K # 128K, P:120K). 
Log record of type 'Insert   ' was seen most frequently (2369 times)"
"Information","12/17/2024 1:57:45 PM","ESENT","330","General","Video.UI (8264,R,98) {5A59AEAC-FF10-45CF-B456-D0B66BF1521F}: The database [C:\Users\Admin\AppData\Local\Packages\Microsoft.ZuneVideo_8wekyb3d8bbwe\LocalState\Database\2a25a7a8b3edf10e\EntClientDb.edb] format version is being held back to 8920 (0x22d8) due to application parameter setting of 0x410022D8 (8920 | JET_efvAllowHigherPersistedFormat). Current default engine version: 9480 (0x2508)."
"Information","12/17/2024 1:57:45 PM","ESENT","335","Logging/Recovery","Video.UI (8264,R,98) {5A59AEAC-FF10-45CF-B456-D0B66BF1521F}: Replay of a Create for database ""C:\Users\Admin\AppData\Local\Packages\Microsoft.ZuneVideo_8wekyb3d8bbwe\LocalState\Database\2a25a7a8b3edf10e\EntClientDb.edb"" at log position (00000001,0001,0268) was deferred due to AttachFuture.  Additional information:  "
"Information","12/17/2024 1:57:45 PM","ESENT","300","Logging/Recovery","Video.UI (8264,R,98) {5A59AEAC-FF10-45CF-B456-D0B66BF1521F}: The database engine is initiating recovery steps."
"Information","12/17/2024 1:57:45 PM","ESENT","102","General","Video.UI (8264,P,98) {5A59AEAC-FF10-45CF-B456-D0B66BF1521F}: The database engine (10.00.22631.0000) is starting a new instance (0)."
"Information","12/17/2024 1:46:37 PM","Microsoft-Windows-Security-SPP","16384",,"Successfully scheduled Software Protection service for re-start at 2024-12-18T05:00:36Z. Reason: RulesEngine."
"Information","12/17/2024 1:46:05 PM","Microsoft-Windows-Security-SPP","16394",,"Offline downlevel migration succeeded."
"Information","12/17/2024 1:45:42 PM","Microsoft-Windows-Security-SPP","16384",,"Successfully scheduled Software Protection service for re-start at 2024-12-18T05:00:42Z. Reason: RulesEngine."
"Information","12/17/2024 1:44:54 PM","Microsoft-Windows-Security-SPP","16394",,"Offline downlevel migration succeeded."
"Warning","12/17/2024 1:43:03 PM","Chrome","256","Browser Events","[6424:5648:1217/134303.114:WARNING:remote_commands_service.cc(221)] Client is not registered."
"Information","12/17/2024 1:42:49 PM","Microsoft-Windows-Security-SPP","16384",,"Successfully scheduled Software Protection service for re-start at 2024-12-18T04:59:49Z. Reason: RulesEngine."
"Information","12/17/2024 1:42:19 PM","MsiInstaller","1042",,"Ending a Windows Installer transaction: c:\program files\microsoft office\root\integration\sppredist.msi. Client Process Id: 12856."
"Information","12/17/2024 1:42:19 PM","MsiInstaller","1029",,"Product: Office 16 Click-to-Run Licensing Component. Restart required. The installation or update for the product required a restart for all changes to take effect.  The restart was deferred to a later time."
"Information","12/17/2024 1:42:19 PM","MsiInstaller","1038",,"Windows Installer requires a system restart. Product Name: Office 16 Click-to-Run Licensing Component. Product Version: 16.0.18227.20162. Product Language: 0. Manufacturer: Microsoft Corporation. Type of System Restart: 2. Reason for Restart: 1."
"Information","12/17/2024 1:42:19 PM","MsiInstaller","1033",,"Windows Installer installed the product. Product Name: Office 16 Click-to-Run Licensing Component. Product Version: 16.0.18227.20162. Product Language: 0. Manufacturer: Microsoft Corporation. Installation success or error status: 0."
"Information","12/17/2024 1:42:19 PM","MsiInstaller","11707",,"Product: Office 16 Click-to-Run Licensing Component -- Installation operation completed successfully."
"Information","12/17/2024 1:42:19 PM","Microsoft-Windows-Security-SPP","1003",,"The Software Protection service has completed licensing status check.
Application Id=0ff1ce15-a989-479d-af46-f275c6370663
Licensing Status=
1: 0b4e6cfa-3072-434c-b702-bd1836e6887c, 1, 0 [(0 [0xC004F014, 0, 0], [(?)(?)(?)(?)(?)(?)(?)(?)])(1 )(2 )(3 )]
2: 0bc88885-718c-491d-921f-6f214349e79c, 1, 0 [(0 [0xC004F014, 0, 0], [(?)(?)(?)(?)(?)(?)(?)(?)])(1 )(2 )(3 )]
3: 6755c7a7-4dfe-46f5-bce8-427be8e9dc62, 1, 0 [(0 [0xC004F014, 0, 0], [(?)(?)(?)(?)(?)(?)(?)(?)])(1 )(2 )(3 )]
4: 85dd8b5f-eaa4-4af3-a628-cce9e77c9a03, 1, 1 [(0 [0x00000000, 1, 0], [(?)( 1 0x00000000)(?)( 2 0x00000000 0 0 msft:rm/algorithm/volume/1.0 0x00000000 250518)(?)(?)(?)(?)])(1 )(2 )(3 )]

"
"Information","12/17/2024 1:42:19 PM","Microsoft-Windows-Security-SPP","16394",,"Offline downlevel migration succeeded."
"Information","12/17/2024 1:42:18 PM","MsiInstaller","1025",,"Product: Office 16 Click-to-Run Licensing Component. The file c:\Windows\SysWOW64\vcruntime140.dll is being used by the following process: Name: Integrator , Id 12856."
"Information","12/17/2024 1:42:18 PM","MsiInstaller","1025",,"Product: Office 16 Click-to-Run Licensing Component. The file c:\Windows\SysWOW64\vcruntime140.dll is being used by the following process: Name: AppVShNotify , Id 5164."
"Information","12/17/2024 1:42:18 PM","MsiInstaller","1025",,"Product: Office 16 Click-to-Run Licensing Component. The file c:\Windows\SysWOW64\vcruntime140.dll is being used by the following process: Name: OfficeClickToRun , Id 5972."
"Information","12/17/2024 1:42:18 PM","MsiInstaller","1025",,"Product: Office 16 Click-to-Run Licensing Component. The file c:\Windows\SysWOW64\vcruntime140.dll is being used by the following process: Name: PhoneExperienceHost , Id 14368."
"Information","12/17/2024 1:42:18 PM","MsiInstaller","1025",,"Product: Office 16 Click-to-Run Licensing Component. The file c:\Windows\SysWOW64\vcruntime140.dll is being used by the following process: Name: OfficeClickToRun , Id 12076."
"Information","12/17/2024 1:42:18 PM","MsiInstaller","1025",,"Product: Office 16 Click-to-Run Licensing Component. The file c:\Windows\SysWOW64\vcruntime140.dll is being used by the following process: Name: NVIDIA Share , Id 13384."
"Information","12/17/2024 1:42:18 PM","MsiInstaller","1025",,"Product: Office 16 Click-to-Run Licensing Component. The file c:\Windows\SysWOW64\vcruntime140.dll is being used by the following process: Name: nvsphelper64 , Id 13368."
"Information","12/17/2024 1:42:18 PM","MsiInstaller","1025",,"Product: Office 16 Click-to-Run Licensing Component. The file c:\Windows\SysWOW64\vcruntime140.dll is being used by the following process: Name: CrossDeviceService , Id 12656."
"Information","12/17/2024 1:42:18 PM","MsiInstaller","1025",,"Product: Office 16 Click-to-Run Licensing Component. The file c:\Windows\SysWOW64\vcruntime140.dll is being used by the following process: Name: Skype , Id 11364."
"Information","12/17/2024 1:42:18 PM","MsiInstaller","1025",,"Product: Office 16 Click-to-Run Licensing Component. The file c:\Windows\SysWOW64\vcruntime140.dll is being used by the following process: Name: msedgewebview2 , Id 10716."
"Information","12/17/2024 1:42:18 PM","MsiInstaller","1025",,"Product: Office 16 Click-to-Run Licensing Component. The file c:\Windows\SysWOW64\vcruntime140.dll is being used by the following process: Name: Skype , Id 10644."
"Information","12/17/2024 1:42:18 PM","MsiInstaller","1025",,"Product: Office 16 Click-to-Run Licensing Component. The file c:\Windows\SysWOW64\vcruntime140.dll is being used by the following process: Name: OneDrive , Id 4904."
"Information","12/17/2024 1:42:18 PM","MsiInstaller","1025",,"Product: Office 16 Click-to-Run Licensing Component. The file c:\Windows\SysWOW64\vcruntime140.dll is being used by the following process: Name: nvcontainer , Id 4544."
"Information","12/17/2024 1:42:18 PM","MsiInstaller","1025",,"Product: Office 16 Click-to-Run Licensing Component. The file c:\Windows\SysWOW64\vcruntime140.dll is being used by the following process: Name: VBoxSDS , Id 4224."
"Information","12/17/2024 1:42:18 PM","MsiInstaller","1025",,"Product: Office 16 Click-to-Run Licensing Component. The file c:\Windows\SysWOW64\vcruntime140.dll is being used by the following process: Name: nvcontainer , Id 4548."
"Information","12/17/2024 1:42:18 PM","MsiInstaller","1025",,"Product: Office 16 Click-to-Run Licensing Component. The file c:\Windows\SysWOW64\vcruntime140.dll is being used by the following process: Name: openvpnserv , Id 4516."
"Information","12/17/2024 1:42:18 PM","MsiInstaller","1025",,"Product: Office 16 Click-to-Run Licensing Component. The file c:\Windows\SysWOW64\msvcp140.dll is being used by the following process: Name: AppVShNotify , Id 5164."
"Information","12/17/2024 1:42:18 PM","MsiInstaller","1025",,"Product: Office 16 Click-to-Run Licensing Component. The file c:\Windows\SysWOW64\msvcp140.dll is being used by the following process: Name: OfficeClickToRun , Id 5972."
"Information","12/17/2024 1:42:18 PM","MsiInstaller","1025",,"Product: Office 16 Click-to-Run Licensing Component. The file c:\Windows\SysWOW64\msvcp140.dll is being used by the following process: Name: PhoneExperienceHost , Id 14368."
"Information","12/17/2024 1:42:18 PM","MsiInstaller","1025",,"Product: Office 16 Click-to-Run Licensing Component. The file c:\Windows\SysWOW64\msvcp140.dll is being used by the following process: Name: OfficeClickToRun , Id 12076."
"Information","12/17/2024 1:42:18 PM","MsiInstaller","1025",,"Product: Office 16 Click-to-Run Licensing Component. The file c:\Windows\SysWOW64\msvcp140.dll is being used by the following process: Name: NVIDIA Share , Id 13384."
"Information","12/17/2024 1:42:18 PM","MsiInstaller","1025",,"Product: Office 16 Click-to-Run Licensing Component. The file c:\Windows\SysWOW64\msvcp140.dll is being used by the following process: Name: nvsphelper64 , Id 13368."
"Information","12/17/2024 1:42:18 PM","MsiInstaller","1025",,"Product: Office 16 Click-to-Run Licensing Component. The file c:\Windows\SysWOW64\msvcp140.dll is being used by the following process: Name: CrossDeviceService , Id 12656."
"Information","12/17/2024 1:42:18 PM","MsiInstaller","1025",,"Product: Office 16 Click-to-Run Licensing Component. The file c:\Windows\SysWOW64\msvcp140.dll is being used by the following process: Name: Skype , Id 11364."
"Information","12/17/2024 1:42:18 PM","MsiInstaller","1025",,"Product: Office 16 Click-to-Run Licensing Component. The file c:\Windows\SysWOW64\msvcp140.dll is being used by the following process: Name: Skype , Id 10644."
"Information","12/17/2024 1:42:18 PM","MsiInstaller","1025",,"Product: Office 16 Click-to-Run Licensing Component. The file c:\Windows\SysWOW64\msvcp140.dll is being used by the following process: Name: OneDrive , Id 4904."
"Information","12/17/2024 1:42:18 PM","MsiInstaller","1025",,"Product: Office 16 Click-to-Run Licensing Component. The file c:\Windows\SysWOW64\msvcp140.dll is being used by the following process: Name: nvcontainer , Id 4544."
"Information","12/17/2024 1:42:18 PM","MsiInstaller","1025",,"Product: Office 16 Click-to-Run Licensing Component. The file c:\Windows\SysWOW64\msvcp140.dll is being used by the following process: Name: VBoxSDS , Id 4224."
"Information","12/17/2024 1:42:18 PM","MsiInstaller","1025",,"Product: Office 16 Click-to-Run Licensing Component. The file c:\Windows\SysWOW64\msvcp140.dll is being used by the following process: Name: nvcontainer , Id 4548."
"Information","12/17/2024 1:42:18 PM","MsiInstaller","1025",,"Product: Office 16 Click-to-Run Licensing Component. The file c:\Windows\system32\vcruntime140_1.dll is being used by the following process: Name: Integrator , Id 12856."
"Information","12/17/2024 1:42:18 PM","MsiInstaller","1025",,"Product: Office 16 Click-to-Run Licensing Component. The file c:\Windows\system32\vcruntime140_1.dll is being used by the following process: Name: AppVShNotify , Id 5164."
"Information","12/17/2024 1:42:18 PM","MsiInstaller","1025",,"Product: Office 16 Click-to-Run Licensing Component. The file c:\Windows\system32\vcruntime140_1.dll is being used by the following process: Name: OfficeClickToRun , Id 5972."
"Information","12/17/2024 1:42:18 PM","MsiInstaller","1025",,"Product: Office 16 Click-to-Run Licensing Component. The file c:\Windows\system32\vcruntime140_1.dll is being used by the following process: Name: PhoneExperienceHost , Id 14368."
"Information","12/17/2024 1:42:18 PM","MsiInstaller","1025",,"Product: Office 16 Click-to-Run Licensing Component. The file c:\Windows\system32\vcruntime140_1.dll is being used by the following process: Name: OfficeClickToRun , Id 12076."
"Information","12/17/2024 1:42:18 PM","MsiInstaller","1025",,"Product: Office 16 Click-to-Run Licensing Component. The file c:\Windows\system32\vcruntime140_1.dll is being used by the following process: Name: NVIDIA Share , Id 13384."
"Information","12/17/2024 1:42:18 PM","MsiInstaller","1025",,"Product: Office 16 Click-to-Run Licensing Component. The file c:\Windows\system32\vcruntime140_1.dll is being used by the following process: Name: nvsphelper64 , Id 13368."
"Information","12/17/2024 1:42:18 PM","MsiInstaller","1025",,"Product: Office 16 Click-to-Run Licensing Component. The file c:\Windows\system32\vcruntime140_1.dll is being used by the following process: Name: CrossDeviceService , Id 12656."
"Information","12/17/2024 1:42:18 PM","MsiInstaller","1025",,"Product: Office 16 Click-to-Run Licensing Component. The file c:\Windows\system32\vcruntime140_1.dll is being used by the following process: Name: Skype , Id 11364."
"Information","12/17/2024 1:42:18 PM","MsiInstaller","1025",,"Product: Office 16 Click-to-Run Licensing Component. The file c:\Windows\system32\vcruntime140_1.dll is being used by the following process: Name: msedgewebview2 , Id 10716."
"Information","12/17/2024 1:42:18 PM","MsiInstaller","1025",,"Product: Office 16 Click-to-Run Licensing Component. The file c:\Windows\system32\vcruntime140_1.dll is being used by the following process: Name: Skype , Id 10644."
"Information","12/17/2024 1:42:18 PM","MsiInstaller","1025",,"Product: Office 16 Click-to-Run Licensing Component. The file c:\Windows\system32\vcruntime140_1.dll is being used by the following process: Name: OneDrive , Id 4904."
"Information","12/17/2024 1:42:18 PM","MsiInstaller","1025",,"Product: Office 16 Click-to-Run Licensing Component. The file c:\Windows\system32\vcruntime140_1.dll is being used by the following process: Name: nvcontainer , Id 4544."
"Information","12/17/2024 1:42:18 PM","MsiInstaller","1025",,"Product: Office 16 Click-to-Run Licensing Component. The file c:\Windows\system32\vcruntime140_1.dll is being used by the following process: Name: VBoxSDS , Id 4224."
"Information","12/17/2024 1:42:18 PM","MsiInstaller","1025",,"Product: Office 16 Click-to-Run Licensing Component. The file c:\Windows\system32\vcruntime140_1.dll is being used by the following process: Name: nvcontainer , Id 4548."
"Information","12/17/2024 1:42:18 PM","MsiInstaller","1025",,"Product: Office 16 Click-to-Run Licensing Component. The file c:\Windows\system32\vcruntime140.dll is being used by the following process: Name: Integrator , Id 12856."
"Information","12/17/2024 1:42:18 PM","MsiInstaller","1025",,"Product: Office 16 Click-to-Run Licensing Component. The file c:\Windows\system32\vcruntime140.dll is being used by the following process: Name: AppVShNotify , Id 5164."
"Information","12/17/2024 1:42:18 PM","MsiInstaller","1025",,"Product: Office 16 Click-to-Run Licensing Component. The file c:\Windows\system32\vcruntime140.dll is being used by the following process: Name: OfficeClickToRun , Id 5972."
"Information","12/17/2024 1:42:18 PM","MsiInstaller","1025",,"Product: Office 16 Click-to-Run Licensing Component. The file c:\Windows\system32\vcruntime140.dll is being used by the following process: Name: PhoneExperienceHost , Id 14368."
"Information","12/17/2024 1:42:18 PM","MsiInstaller","1025",,"Product: Office 16 Click-to-Run Licensing Component. The file c:\Windows\system32\vcruntime140.dll is being used by the following process: Name: OfficeClickToRun , Id 12076."
"Information","12/17/2024 1:42:18 PM","MsiInstaller","1025",,"Product: Office 16 Click-to-Run Licensing Component. The file c:\Windows\system32\vcruntime140.dll is being used by the following process: Name: NVIDIA Share , Id 13384."
"Information","12/17/2024 1:42:18 PM","MsiInstaller","1025",,"Product: Office 16 Click-to-Run Licensing Component. The file c:\Windows\system32\vcruntime140.dll is being used by the following process: Name: nvsphelper64 , Id 13368."
"Information","12/17/2024 1:42:18 PM","MsiInstaller","1025",,"Product: Office 16 Click-to-Run Licensing Component. The file c:\Windows\system32\vcruntime140.dll is being used by the following process: Name: CrossDeviceService , Id 12656."
"Information","12/17/2024 1:42:18 PM","MsiInstaller","1025",,"Product: Office 16 Click-to-Run Licensing Component. The file c:\Windows\system32\vcruntime140.dll is being used by the following process: Name: Skype , Id 11364."
"Information","12/17/2024 1:42:18 PM","MsiInstaller","1025",,"Product: Office 16 Click-to-Run Licensing Component. The file c:\Windows\system32\vcruntime140.dll is being used by the following process: Name: msedgewebview2 , Id 10716."
"Information","12/17/2024 1:42:18 PM","MsiInstaller","1025",,"Product: Office 16 Click-to-Run Licensing Component. The file c:\Windows\system32\vcruntime140.dll is being used by the following process: Name: Skype , Id 10644."
"Information","12/17/2024 1:42:18 PM","MsiInstaller","1025",,"Product: Office 16 Click-to-Run Licensing Component. The file c:\Windows\system32\vcruntime140.dll is being used by the following process: Name: OneDrive , Id 4904."
"Information","12/17/2024 1:42:18 PM","MsiInstaller","1025",,"Product: Office 16 Click-to-Run Licensing Component. The file c:\Windows\system32\vcruntime140.dll is being used by the following process: Name: nvcontainer , Id 4544."
"Information","12/17/2024 1:42:18 PM","MsiInstaller","1025",,"Product: Office 16 Click-to-Run Licensing Component. The file c:\Windows\system32\vcruntime140.dll is being used by the following process: Name: VBoxSDS , Id 4224."
"Information","12/17/2024 1:42:18 PM","MsiInstaller","1025",,"Product: Office 16 Click-to-Run Licensing Component. The file c:\Windows\system32\vcruntime140.dll is being used by the following process: Name: nvcontainer , Id 4548."
"Information","12/17/2024 1:42:18 PM","MsiInstaller","1025",,"Product: Office 16 Click-to-Run Licensing Component. The file c:\Windows\system32\vcruntime140.dll is being used by the following process: Name: openvpnserv , Id 4516."
"Information","12/17/2024 1:42:18 PM","MsiInstaller","1025",,"Product: Office 16 Click-to-Run Licensing Component. The file c:\Windows\system32\msvcp140_1.dll is being used by the following process: Name: PhoneExperienceHost , Id 14368."
"Information","12/17/2024 1:42:18 PM","MsiInstaller","1025",,"Product: Office 16 Click-to-Run Licensing Component. The file c:\Windows\system32\msvcp140_1.dll is being used by the following process: Name: CrossDeviceService , Id 12656."
"Information","12/17/2024 1:42:18 PM","MsiInstaller","1025",,"Product: Office 16 Click-to-Run Licensing Component. The file c:\Windows\system32\msvcp140_1.dll is being used by the following process: Name: OneDrive , Id 4904."
"Information","12/17/2024 1:42:18 PM","MsiInstaller","1025",,"Product: Office 16 Click-to-Run Licensing Component. The file c:\Windows\system32\msvcp140.dll is being used by the following process: Name: AppVShNotify , Id 5164."
"Information","12/17/2024 1:42:18 PM","MsiInstaller","1025",,"Product: Office 16 Click-to-Run Licensing Component. The file c:\Windows\system32\msvcp140.dll is being used by the following process: Name: OfficeClickToRun , Id 5972."
"Information","12/17/2024 1:42:18 PM","MsiInstaller","1025",,"Product: Office 16 Click-to-Run Licensing Component. The file c:\Windows\system32\msvcp140.dll is being used by the following process: Name: PhoneExperienceHost , Id 14368."
"Information","12/17/2024 1:42:18 PM","MsiInstaller","1025",,"Product: Office 16 Click-to-Run Licensing Component. The file c:\Windows\system32\msvcp140.dll is being used by the following process: Name: OfficeClickToRun , Id 12076."
"Information","12/17/2024 1:42:18 PM","MsiInstaller","1025",,"Product: Office 16 Click-to-Run Licensing Component. The file c:\Windows\system32\msvcp140.dll is being used by the following process: Name: NVIDIA Share , Id 13384."
"Information","12/17/2024 1:42:18 PM","MsiInstaller","1025",,"Product: Office 16 Click-to-Run Licensing Component. The file c:\Windows\system32\msvcp140.dll is being used by the following process: Name: nvsphelper64 , Id 13368."
"Information","12/17/2024 1:42:18 PM","MsiInstaller","1025",,"Product: Office 16 Click-to-Run Licensing Component. The file c:\Windows\system32\msvcp140.dll is being used by the following process: Name: CrossDeviceService , Id 12656."
"Information","12/17/2024 1:42:18 PM","MsiInstaller","1025",,"Product: Office 16 Click-to-Run Licensing Component. The file c:\Windows\system32\msvcp140.dll is being used by the following process: Name: Skype , Id 11364."
"Information","12/17/2024 1:42:18 PM","MsiInstaller","1025",,"Product: Office 16 Click-to-Run Licensing Component. The file c:\Windows\system32\msvcp140.dll is being used by the following process: Name: Skype , Id 10644."
"Information","12/17/2024 1:42:18 PM","MsiInstaller","1025",,"Product: Office 16 Click-to-Run Licensing Component. The file c:\Windows\system32\msvcp140.dll is being used by the following process: Name: OneDrive , Id 4904."
"Information","12/17/2024 1:42:18 PM","MsiInstaller","1025",,"Product: Office 16 Click-to-Run Licensing Component. The file c:\Windows\system32\msvcp140.dll is being used by the following process: Name: nvcontainer , Id 4544."
"Information","12/17/2024 1:42:18 PM","MsiInstaller","1025",,"Product: Office 16 Click-to-Run Licensing Component. The file c:\Windows\system32\msvcp140.dll is being used by the following process: Name: VBoxSDS , Id 4224."
"Information","12/17/2024 1:42:18 PM","MsiInstaller","1025",,"Product: Office 16 Click-to-Run Licensing Component. The file c:\Windows\system32\msvcp140.dll is being used by the following process: Name: nvcontainer , Id 4548."
"Information","12/17/2024 1:42:16 PM","Microsoft-Windows-Security-SPP","903",,"The Software Protection service has stopped.
"
"Information","12/17/2024 1:42:16 PM","Microsoft-Windows-Security-SPP","16384",,"Successfully scheduled Software Protection service for re-start at 2024-12-18T05:00:16Z. Reason: RulesEngine."
"Information","12/17/2024 1:42:03 PM","MsiInstaller","1040",,"Beginning a Windows Installer transaction: c:\program files\microsoft office\root\integration\sppredist.msi. Client Process Id: 12856."
"Information","12/17/2024 1:42:03 PM","Microsoft-Windows-Search","1003","Search service","The Windows Search Service started.
"
"Information","12/17/2024 1:42:02 PM","MsiInstaller","1042",,"Ending a Windows Installer transaction: c:\program files\microsoft office\root\integration\c2rint.16.msi. Client Process Id: 12856."
"Information","12/17/2024 1:42:02 PM","MsiInstaller","1035",,"Windows Installer reconfigured the product. Product Name: Office 16 Click-to-Run Extensibility Component. Product Version: 16.0.18227.20082. Product Language: 0. Manufacturer: Microsoft Corporation. Reconfiguration success or error status: 0."
"Information","12/17/2024 1:42:02 PM","MsiInstaller","11728",,"Product: Office 16 Click-to-Run Extensibility Component -- Configuration completed successfully."
"Information","12/17/2024 1:42:02 PM","MsiInstaller","1040",,"Beginning a Windows Installer transaction: c:\program files\microsoft office\root\integration\c2rint.16.msi. Client Process Id: 12856."
"Information","12/17/2024 1:41:59 PM","Microsoft-Windows-Search","1013","Search service","Windows Search Service stopped normally.
"
"Information","12/17/2024 1:41:58 PM","MsiInstaller","1042",,"Ending a Windows Installer transaction: c:\program files\microsoft office\root\integration\c2rint.16.msi. Client Process Id: 12856."
"Information","12/17/2024 1:41:58 PM","MsiInstaller","1035",,"Windows Installer reconfigured the product. Product Name: Office 16 Click-to-Run Extensibility Component. Product Version: 16.0.18227.20082. Product Language: 0. Manufacturer: Microsoft Corporation. Reconfiguration success or error status: 0."
"Information","12/17/2024 1:41:58 PM","MsiInstaller","11728",,"Product: Office 16 Click-to-Run Extensibility Component -- Configuration completed successfully."
"Information","12/17/2024 1:41:50 PM","MsiInstaller","1040",,"Beginning a Windows Installer transaction: c:\program files\microsoft office\root\integration\c2rint.16.msi. Client Process Id: 12856."
"Information","12/17/2024 1:41:46 PM","Microsoft-Windows-Security-SPP","8197",,"SLUI.exe was launched with the following command-line parameters:
RuleId=379cccfb-d4e0-48fe-b0f2-0136097be147;Action=CleanupState;AppId=55c92734-d682-4d71-983e-d6ec3f16059f;SkuId=2de67392-b7a7-462a-b1ca-108dd189f588;Trigger=TimerEvent"
"Information","12/17/2024 1:41:45 PM","Microsoft-Windows-Security-SPP","8230",,"The rules engine successfully re-evaluated the schedule.
Kernel policies:
Security-SPP-Action-StateData (REG_SZ) =AppId=55c92734-d682-4d71-983e-d6ec3f16059f;GraceEndDate=2025/06/15:05:41:45;LastConsumptionReason=0x00000000;LastNotificationId=Cleanup;LicenseState=SL_LICENSING_STATUS_LICENSED;PartialProductKey=T83GX;ProductKeyType=Volume:GVLK;SkuId=2de67392-b7a7-462a-b1ca-108dd189f588;ruleId=379cccfb-d4e0-48fe-b0f2-0136097be147;uxDifferentiator=ENVIRONMENT;volumeActivationOrder=normal"
"Information","12/17/2024 1:41:45 PM","Microsoft-Windows-Security-SPP","1033",,"These policies are being excluded since they are only defined with override-only attribute.
Policy Names=(Security-SPP-Reserved-EnableNotificationMode) 
App Id=0ff1ce15-a989-479d-af46-f275c6370663
Sku Id=85dd8b5f-eaa4-4af3-a628-cce9e77c9a03"
"Information","12/17/2024 1:41:45 PM","Microsoft-Windows-Security-SPP","8197",,"SLUI.exe was launched with the following command-line parameters:
RuleId=502ff3ba-669a-4674-bbb1-601f34a3b968;Action=AutoActivateSilent;AppId=55c92734-d682-4d71-983e-d6ec3f16059f;SkuId=2de67392-b7a7-462a-b1ca-108dd189f588;NotificationInterval=1440;Trigger=TimerEvent"
"Information","12/17/2024 1:41:45 PM","Microsoft-Windows-Security-SPP","1003",,"The Software Protection service has completed licensing status check.
Application Id=55c92734-d682-4d71-983e-d6ec3f16059f
Licensing Status=
1: 040fa323-92b1-4baf-97a2-5b67feaefddb, 1, 0 [(0 [0xC004F014, 0, 0], [(?)(?)(?)(?)(?)(?)(?)(?)])(1 )(2 )(3 )]
2: 0724cb7d-3437-4cb7-93cb-830375d0079d, 1, 0 [(0 [0xC004F014, 0, 0], [(?)(?)(?)(?)(?)(?)(?)(?)])(1 )(2 )(3 )]
3: 0ad2ac98-7bb9-4201-8d92-312299201369, 1, 0 [(0 [0xC004F014, 0, 0], [(?)(?)(?)(?)(?)(?)(?)(?)])(1 )(2 )(3 )]
4: 1a9a717a-cf13-4ba5-83c3-0fe25fa868d5, 1, 0 [(0 [0xC004F014, 0, 0], [(?)(?)(?)(?)(?)(?)(?)(?)])(1 )(2 )(3 )]
5: 221a02da-e2a1-4b75-864c-0a4410a33fdf, 1, 0 [(0 [0xC004F014, 0, 0], [(?)(?)(?)(?)(?)(?)(?)(?)])(1 )(2 )(3 )]
6: 291ece0e-9c38-40ca-a9e1-32cc7ec19507, 1, 0 [(0 [0xC004F014, 0, 0], [(?)(?)(?)(?)(?)(?)(?)(?)])(1 )(2 )(3 )]
7: 2936d1d2-913a-4542-b54e-ce5a602a2a38, 1, 0 [(0 [0xC004F014, 0, 0], [(?)(?)(?)(?)(?)(?)(?)(?)])(1 )(2 )(3 )]
8: 2c293c26-a45a-4a2a-a350-c69a67097529, 1, 0 [(0 [0xC004F014, 0, 0], [(?)(?)(?)(?)(?)(?)(?)(?)])(1 )(2 )(3 )]
9: 2de67392-b7a7-462a-b1ca-108dd189f588, 1, 1 [(0 [0x00000000, 1, 0], [(?)( 1 0x00000000)(?)( 2 0x00000000 0 0 msft:rm/algorithm/volume/1.0 0x00000000 259200)(?)(?)( 10 0x00000000 msft:rm/algorithm/flags/1.0)(?)])(1 )(2 )(3 )]
10: 2ffd8952-423e-4903-b993-72a1aa44cf82, 1, 0 [(0 [0xC004F014, 0, 0], [(?)(?)(?)(?)(?)(?)(?)(?)])(1 )(2 )(3 )]
11: 30a42c86-b7a0-4a34-8c90-ff177cb2acb7, 1, 0 [(0 [0xC004F014, 0, 0], [(?)(?)(?)(?)(?)(?)(?)(?)])(1 )(2 )(3 )]
12: 345a5db0-d94f-4e3b-a0c0-7c42f7bc3ebf, 1, 0 [(0 [0xC004F014, 0, 0], [(?)(?)(?)(?)(?)(?)(?)(?)])(1 )(2 )(3 )]
13: 3502365a-f88a-4ba4-822a-5769d3073b65, 1, 0 [(0 [0xC004F014, 0, 0], [(?)(?)(?)(?)(?)(?)(?)(?)])(1 )(2 )(3 )]
14: 377333b1-8b5d-48d6-9679-1225c872d37c, 1, 0 [(0 [0xC004F014, 0, 0], [(?)(?)(?)(?)(?)(?)(?)(?)])(1 )(2 )(3 )]
15: 3df374ef-d444-4494-a5a1-4b0d9fd0e203, 1, 0 [(0 [0xC004F014, 0, 0], [(?)(?)(?)(?)(?)(?)(?)(?)])(1 )(2 )(3 )]
16: 3f1afc82-f8ac-4f6c-8005-1d233e606eee, 1, 0 [(0 [0xC004F014, 0, 0], [(?)(?)(?)(?)(?)(?)(?)(?)])(1 )(2 )(3 )]
17: 49cd895b-53b2-4dc4-a5f7-b18aa019ad37, 1, 0 [(0 [0xC004F014, 0, 0], [(?)(?)(?)(?)(?)(?)(?)(?)])(1 )(2 )(3 )]
18: 4de7cb65-cdf1-4de9-8ae8-e3cce27b9f2c, 1, 0 [(0 [0xC004F014, 0, 0], [(?)(?)(?)(?)(?)(?)(?)(?)])(1 )(2 )(3 )]
19: 4f3da0d2-271d-4508-ae81-626b60809a38, 1, 0 [(0 [0xC004F014, 0, 0], [(?)(?)(?)(?)(?)(?)(?)(?)])(1 )(2 )(3 )]
20: 5d78c4e9-aeb3-4b40-8ac2-6a6005e0ad6d, 1, 0 [(0 [0xC004F014, 0, 0], [(?)(?)(?)(?)(?)(?)(?)(?)])(1 )(2 )(3 )]
21: 60b3ec1b-9545-4921-821f-311b129dd6f6, 1, 0 [(0 [0xC004F014, 0, 0], [(?)(?)(?)(?)(?)(?)(?)(?)])(1 )(2 )(3 )]
22: 613d217f-7f13-4268-9907-1662339531cd, 1, 0 [(0 [0xC004F014, 0, 0], [(?)(?)(?)(?)(?)(?)(?)(?)])(1 )(2 )(3 )]
23: 62f0c100-9c53-4e02-b886-a3528ddfe7f6, 1, 0 [(0 [0xC004F014, 0, 0], [(?)(?)(?)(?)(?)(?)(?)(?)])(1 )(2 )(3 )]
24: 6365275e-368d-46ca-a0ef-fc0404119333, 1, 0 [(0 [0xC004F014, 0, 0], [(?)(?)(?)(?)(?)(?)(?)(?)])(1 )(2 )(3 )]
25: 721f9237-9341-4453-a661-09e8baa6cca5, 1, 0 [(0 [0xC004F014, 0, 0], [(?)(?)(?)(?)(?)(?)(?)(?)])(1 )(2 )(3 )]
26: 73111121-5638-40f6-bc11-f1d7b0d64300, 1, 0 [(0 [0xC004F014, 0, 0], [(?)(?)(?)(?)(?)(?)(?)(?)])(1 )(2 )(3 )]
27: 7a802526-4c94-4bd1-ba14-835a1aca2120, 1, 0 [(0 [0xC004F014, 0, 0], [(?)(?)(?)(?)(?)(?)(?)(?)])(1 )(2 )(3 )]
28: 7cb546c0-c7d5-44d8-9a5c-69ecdd782b69, 1, 0 [(0 [0xC004F014, 0, 0], [(?)(?)(?)(?)(?)(?)(?)(?)])(1 )(2 )(3 )]
29: 82bbc092-bc50-4e16-8e18-b74fc486aec3, 1, 0 [(0 [0xC004F014, 0, 0], [(?)(?)(?)(?)(?)(?)(?)(?)])(1 )(2 )(3 )]
30: 8ab9bdd1-1f67-4997-82d9-8878520837d9, 1, 0 [(0 [0xC004F014, 0, 0], [(?)(?)(?)(?)(?)(?)(?)(?)])(1 )(2 )(3 )]
31: 8b351c9c-f398-4515-9900-09df49427262, 1, 0 [(0 [0xC004F014, 0, 0], [(?)(?)(?)(?)(?)(?)(?)(?)])(1 )(2 )(3 )]
32: 90da7373-1c51-430b-bf26-c97e9c5cdc31, 1, 0 [(0 [0xC004F014, 0, 0], [(?)(?)(?)(?)(?)(?)(?)(?)])(1 )(2 )(3 )]
33: 92fb8726-92a8-4ffc-94ce-f82e07444653, 1, 0 [(0 [0xC004F014, 0, 0], [(?)(?)(?)(?)(?)(?)(?)(?)])(1 )(2 )(3 )]
34: 95dca82f-385d-4d39-b85b-5c73fa285d6f, 1, 0 [(0 [0xC004F014, 0, 0], [(?)(?)(?)(?)(?)(?)(?)(?)])(1 )(2 )(3 )]
35: a48938aa-62fa-4966-9d44-9f04da3f72f2, 1, 0 [(0 [0xC004F014, 0, 0], [(?)(?)(?)(?)(?)(?)(?)(?)])(1 )(2 )(3 )]
36: b0773a15-df3a-4312-9ad2-83d69648e356, 1, 0 [(0 [0xC004F014, 0, 0], [(?)(?)(?)(?)(?)(?)(?)(?)])(1 )(2 )(3 )]
37: b4bfe195-541e-4e64-ad23-6177f19e395e, 1, 0 [(0 [0xC004F014, 0, 0], [(?)(?)(?)(?)(?)(?)(?)(?)])(1 )(2 )(3 )]
38: b68e61d2-68ca-4757-be45-0cc2f3e68eee, 1, 0 [(0 [0xC004F014, 0, 0], [(?)(?)(?)(?)(?)(?)(?)(?)])(1 )(2 )(3 )]
39: bd3762d7-270d-4760-8fb3-d829ca45278a, 1, 0 [(0 [0xC004F014, 0, 0], [(?)(?)(?)(?)(?)(?)(?)(?)])(1 )(2 )(3 )]
40: c86d5194-4840-4dae-9c1c-0301003a5ab0, 1, 0 [(0 [0xC004F014, 0, 0], [(?)(?)(?)(?)(?)(?)(?)(?)])(1 )(2 )(3 )]
41: ca7df2e3-5ea0-47b8-9ac1-b1be4d8edd69, 1, 0 [(0 [0xC004F014, 0, 0], [(?)(?)(?)(?)(?)(?)(?)(?)])(1 )(2 )(3 )]
42: d552befb-48cc-4327-8f39-47d2d94f987c, 1, 0 [(0 [0xC004F014, 0, 0], [(?)(?)(?)(?)(?)(?)(?)(?)])(1 )(2 )(3 )]
43: d6eadb3b-5ca8-4a6b-986e-35b550756111, 1, 0 [(0 [0xC004F014, 0, 0], [(?)(?)(?)(?)(?)(?)(?)(?)])(1 )(2 )(3 )]
44: df96023b-dcd9-4be2-afa0-c6c871159ebe, 1, 0 [(0 [0xC004F014, 0, 0], [(?)(?)(?)(?)(?)(?)(?)(?)])(1 )(2 )(3 )]
45: e0c42288-980c-4788-a014-c080d2e1926e, 1, 0 [(0 [0xC004F014, 0, 0], [(?)(?)(?)(?)(?)(?)(?)(?)])(1 )(2 )(3 )]
46: e4db50ea-bda1-4566-b047-0ca50abc6f07, 1, 0 [(0 [0xC004F014, 0, 0], [(?)(?)(?)(?)(?)(?)(?)(?)])(1 )(2 )(3 )]
47: e558417a-5123-4f6f-91e7-385c1c7ca9d4, 1, 0 [(0 [0xC004F014, 0, 0], [(?)(?)(?)(?)(?)(?)(?)(?)])(1 )(2 )(3 )]
48: e7a950a2-e548-4f10-bf16-02ec848e0643, 1, 0 [(0 [0xC004F014, 0, 0], [(?)(?)(?)(?)(?)(?)(?)(?)])(1 )(2 )(3 )]
49: eb6d346f-1c60-4643-b960-40ec31596c45, 1, 0 [(0 [0xC004F014, 0, 0], [(?)(?)(?)(?)(?)(?)(?)(?)])(1 )(2 )(3 )]
50: ec868e65-fadf-4759-b23e-93fe37f2cc29, 1, 0 [(0 [0xC004F014, 0, 0], [(?)(?)(?)(?)(?)(?)(?)(?)])(1 )(2 )(3 )]
51: ef51e000-2659-4f25-8345-3de70a9cf4c4, 1, 0 [(0 [0xC004F014, 0, 0], [(?)(?)(?)(?)(?)(?)(?)(?)])(1 )(2 )(3 )]
52: f7af7d09-40e4-419c-a49b-eae366689ebd, 1, 0 [(0 [0xC004F014, 0, 0], [(?)(?)(?)(?)(?)(?)(?)(?)])(1 )(2 )(3 )]
53: fa755fe6-6739-40b9-8d84-6d0ea3b6d1ab, 1, 0 [(0 [0xC004F014, 0, 0], [(?)(?)(?)(?)(?)(?)(?)(?)])(1 )(2 )(3 )]
54: fe74f55b-0338-41d6-b267-4a201abe7285, 1, 0 [(0 [0xC004F014, 0, 0], [(?)(?)(?)(?)(?)(?)(?)(?)])(1 )(2 )(3 )]

"
"Information","12/17/2024 1:41:45 PM","Microsoft-Windows-Security-SPP","16388",,"The current time is 2024-12-17T05:41:45Z : 2024-12-17T05:41:45Z."
