"Information","11/28/2024 9:21:14 PM","Microsoft-Windows-Security-SPP","1003",,"The Software Protection service has completed licensing status check.
Application Id=0ff1ce15-a989-479d-af46-f275c6370663
Licensing Status=
1: 0b4e6cfa-3072-434c-b702-bd1836e6887c, 1, 0 [(0 [0xC004F014, 0, 0], [(?)(?)(?)(?)(?)(?)(?)(?)])(1 )(2 )(3 )]
2: 0bc88885-718c-491d-921f-6f214349e79c, 1, 0 [(0 [0xC004F014, 0, 0], [(?)(?)(?)(?)(?)(?)(?)(?)])(1 )(2 )(3 )]
3: 6755c7a7-4dfe-46f5-bce8-427be8e9dc62, 1, 0 [(0 [0xC004F014, 0, 0], [(?)(?)(?)(?)(?)(?)(?)(?)])(1 )(2 )(3 )]
4: 85dd8b5f-eaa4-4af3-a628-cce9e77c9a03, 1, 1 [(0 [0x00000000, 1, 0], [(?)( 1 0x00000000)(?)( 2 0x00000000 0 0 msft:rm/algorithm/volume/1.0 0x00000000 257223)(?)(?)(?)(?)])(1 )(2 )(3 )]

"
"Information","11/28/2024 9:21:14 PM","Microsoft-Windows-Security-SPP","1040",,"Hardware has changed from previous boot.
 AppId=0ff1ce15-a989-479d-af46-f275c6370663, SkuId=85dd8b5f-eaa4-4af3-a628-cce9e77c9a03."
"Information","11/28/2024 9:21:14 PM","Microsoft-Windows-Security-SPP","16394",,"Offline downlevel migration succeeded."
"Information","11/28/2024 8:57:58 PM","Microsoft-Windows-Security-SPP","16384",,"Successfully scheduled Software Protection service for re-start at 2024-12-03T05:38:58Z. Reason: RulesEngine."
"Information","11/28/2024 8:57:26 PM","Microsoft-Windows-Security-SPP","16394",,"Offline downlevel migration succeeded."
"Information","11/28/2024 8:47:06 PM","Microsoft-Windows-Security-SPP","16384",,"Successfully scheduled Software Protection service for re-start at 2024-12-03T05:39:06Z. Reason: RulesEngine."
"Information","11/28/2024 8:46:34 PM","Microsoft-Windows-Security-SPP","1040",,"Hardware has changed from previous boot.
 AppId=55c92734-d682-4d71-983e-d6ec3f16059f, SkuId=2de67392-b7a7-462a-b1ca-108dd189f588."
"Information","11/28/2024 8:46:33 PM","Microsoft-Windows-Security-SPP","16394",,"Offline downlevel migration succeeded."
"Information","11/28/2024 6:51:40 PM","Microsoft-Windows-Security-SPP","16384",,"Successfully scheduled Software Protection service for re-start at 2024-12-03T05:38:40Z. Reason: RulesEngine."
"Information","11/28/2024 6:51:10 PM","Microsoft-Windows-Security-SPP","16394",,"Offline downlevel migration succeeded."
"Information","11/28/2024 6:24:33 PM","ESENT","330","General","Video.UI (14252,D,2) {D3C81087-630A-46E4-9440-41C3DE0F87A5}: The database [C:\Users\Admin\AppData\Local\Packages\Microsoft.ZuneVideo_8wekyb3d8bbwe\LocalState\Database\2a25a7a8b3edf10e\tmp.edb] format version is being held back to 8920 (0x22d8) due to application parameter setting of 0x410022D8 (8920 | JET_efvAllowHigherPersistedFormat). Current default engine version: 9480 (0x2508)."
"Information","11/28/2024 6:24:33 PM","ESENT","326","General","Video.UI (14252,D,50) {D3C81087-630A-46E4-9440-41C3DE0F87A5}: The database engine attached a database (1, C:\Users\Admin\AppData\Local\Packages\Microsoft.ZuneVideo_8wekyb3d8bbwe\LocalState\Database\2a25a7a8b3edf10e\EntClientDb.edb). (Time=0 seconds) 
 
Saved Cache: 0 0 
Additional Data: lgposAttach = 00000001:0174:0268,
dbv = 1568.20.0 (8920) 
 
Internal Timing Sequence: 
[1] 0.000001 +J(0)
[2] 0.000257 +J(0) +M(C:0K, Fs:18, WS:8K # 0K, PF:8K # 0K, P:8K)
[3] 0.002047 -0.001323 (5) WT +J(CM:0, PgRf:0, Rd:0/0, Dy:0/0, Lg:3480/2) +M(C:0K, Fs:7, WS:20K # 0K, PF:20K # 0K, P:20K)
[4] 0.000098 +J(0)
[5] -
[6] 0.019113 -0.019046 (2) CM +J(CM:2, PgRf:2, Rd:0/2, Dy:0/0, Lg:0/0) +M(C:0K, Fs:6, WS:20K # 0K, PF:12K # 0K, P:12K)
[7] -
[8] 0.004488 -0.000003 (1) CM -0.004319 (1) WT +J(CM:1, PgRf:1, Rd:14/1, Dy:0/0, Lg:0/0) +M(C:0K, Fs:22, WS:80K # 0K, PF:296K # 0K, P:296K)
[9] -
[10] -
[11] -
[12] 0.000316 +J(0)
[13] 0.003241 -0.003107 (4) CM +J(CM:4, PgRf:23, Rd:0/4, Dy:0/0, Lg:0/0) +M(C:0K, Fs:24, WS:96K # 0K, PF:8K # 0K, P:8K)
[14] 0.000072 -0.000002 (1) CM +J(CM:1, PgRf:40, Rd:0/1, Dy:0/0, Lg:0/0) +M(C:0K, Fs:4, WS:8K # 0K, PF:64K # 0K, P:64K)
[15] 0.000003 +J(CM:0, PgRf:1, Rd:0/0, Dy:0/0, Lg:0/0)
[16] 0.000006 +J(CM:0, PgRf:1, Rd:0/0, Dy:0/0, Lg:0/0) +M(C:0K, Fs:1, WS:4K # 0K, PF:0K # 0K, P:0K)
[17] 0.000026 +J(CM:0, PgRf:42, Rd:0/0, Dy:0/0, Lg:0/0) +M(C:0K, Fs:1, WS:4K # 0K, PF:0K # 0K, P:0K)
[18] 0.0 +J(0)
[19] 0.0 +J(0)
[20] 0.000003 +J(CM:0, PgRf:1, Rd:0/0, Dy:0/0, Lg:0/0)."
"Information","11/28/2024 6:24:33 PM","ESENT","330","General","Video.UI (14252,D,50) {D3C81087-630A-46E4-9440-41C3DE0F87A5}: The database [C:\Users\Admin\AppData\Local\Packages\Microsoft.ZuneVideo_8wekyb3d8bbwe\LocalState\Database\2a25a7a8b3edf10e\EntClientDb.edb] format version is being held back to 8920 (0x22d8) due to application parameter setting of 0x410022D8 (8920 | JET_efvAllowHigherPersistedFormat). Current default engine version: 9480 (0x2508)."
"Information","11/28/2024 6:24:33 PM","ESENT","105","General","Video.UI (14252,D,0) {D3C81087-630A-46E4-9440-41C3DE0F87A5}: The database engine started a new instance (0). (Time=0 seconds) 
 
Additional Data:
 lgposV2[] = 00000001:0001:0000 - 00000001:0171:002B - 00000001:0172:0000 - 00000001:0172:0000 (00000000:0000:0000)
cReInits = 75
RBSOn = 0
 
 
Internal Timing Sequence: 
[1] 0.027724 +J(0) +M(C:0K, Fs:428, WS:1664K # 1664K, PF:4208K # 4208K, P:4208K)
[2] 0.000187 +J(0) +M(C:0K, Fs:106, WS:416K # 416K, PF:360K # 360K, P:360K)
[3] 0.000012 +J(0) +M(C:0K, Fs:3, WS:12K # 12K, PF:64K # 64K, P:64K)
[4] 0.000099 +J(0) +M(C:0K, Fs:44, WS:172K # 172K, PF:184K # 184K, P:184K)
[5] 0.336884 +J(0) +M(C:0K, Fs:6084, WS:22144K # 22200K, PF:14932K # 15404K, P:14932K)
[6] 0.021828 +J(0) +M(C:0K, Fs:24, WS:96K # 40K, PF:16K # 0K, P:16K)
[7] 0.038761 +J(0) +M(C:0K, Fs:536, WS:2136K # 2136K, PF:2052K # 1596K, P:2052K)
[8] 0.026718 -0.001520 (4) WT +J(CM:0, PgRf:0, Rd:0/0, Dy:0/0, Lg:1475880/6576) +M(C:0K, Fs:1444, WS:364K # 372K, PF:200K # 208K, P:200K)
[9] 0.000298 +J(0) +M(C:0K, Fs:1, WS:4K # 0K, PF:0K # 0K, P:0K)
[10] 0.000669 +J(0) +M(C:0K, Fs:6, WS:-2024K # 12K, PF:-2040K # 0K, P:-2040K)
[11] 0.000014 +J(CM:0, PgRf:0, Rd:0/0, Dy:0/0, Lg:49/1) +M(C:0K, Fs:5, WS:20K # 0K, PF:0K # 0K, P:0K)
[12] 0.003960 -0.003919 (2) WT +J(0) +M(C:0K, Fs:1, WS:4K # 0K, PF:0K # 0K, P:0K)
[13] 0.030039 -0.019042 (2) CM -0.006750 (15) WT +J(CM:2, PgRf:2, Rd:0/2, Dy:0/0, Lg:8759/5) +M(C:0K, Fs:559, WS:104K # 136K, PF:144K # 148K, P:144K)
[14] 0.000011 +J(0)
[15] 0.000007 +J(0)
[16] 0.000105 +J(0) +M(C:0K, Fs:2, WS:0K # 0K, PF:0K # 0K, P:0K)."
"Information","11/28/2024 6:24:33 PM","ESENT","302","Logging/Recovery","Video.UI (14252,U,98) {D3C81087-630A-46E4-9440-41C3DE0F87A5}: The database engine has successfully completed recovery steps."
"Information","11/28/2024 6:24:33 PM","ESENT","301","Logging/Recovery","Video.UI (14252,R,98) {D3C81087-630A-46E4-9440-41C3DE0F87A5}: The database engine has finished replaying logfile C:\Users\Admin\AppData\Local\Packages\Microsoft.ZuneVideo_8wekyb3d8bbwe\LocalState\Database\2a25a7a8b3edf10e\edb.log. 
 
Processing Stats: 
[1] 0.025024 -0.001520 (4) WT +J(CM:0, PgRf:0, Rd:0/0, Dy:0/0, Lg:1475880/6576) +M(C:0K, Fs:1416, WS:260K # 268K, PF:128K # 136K, P:128K). 
Log record of type 'Insert   ' was seen most frequently (2369 times)"
"Information","11/28/2024 6:24:33 PM","ESENT","330","General","Video.UI (14252,R,98) {D3C81087-630A-46E4-9440-41C3DE0F87A5}: The database [C:\Users\Admin\AppData\Local\Packages\Microsoft.ZuneVideo_8wekyb3d8bbwe\LocalState\Database\2a25a7a8b3edf10e\EntClientDb.edb] format version is being held back to 8920 (0x22d8) due to application parameter setting of 0x410022D8 (8920 | JET_efvAllowHigherPersistedFormat). Current default engine version: 9480 (0x2508)."
"Information","11/28/2024 6:24:33 PM","ESENT","335","Logging/Recovery","Video.UI (14252,R,98) {D3C81087-630A-46E4-9440-41C3DE0F87A5}: Replay of a Create for database ""C:\Users\Admin\AppData\Local\Packages\Microsoft.ZuneVideo_8wekyb3d8bbwe\LocalState\Database\2a25a7a8b3edf10e\EntClientDb.edb"" at log position (00000001,0001,0268) was deferred due to AttachFuture.  Additional information:  "
"Information","11/28/2024 6:24:33 PM","ESENT","300","Logging/Recovery","Video.UI (14252,R,98) {D3C81087-630A-46E4-9440-41C3DE0F87A5}: The database engine is initiating recovery steps."
"Information","11/28/2024 6:24:33 PM","ESENT","102","General","Video.UI (14252,P,98) {D3C81087-630A-46E4-9440-41C3DE0F87A5}: The database engine (10.00.22631.0000) is starting a new instance (0)."
"Information","11/28/2024 5:44:41 PM","Microsoft-Windows-Security-SPP","16384",,"Successfully scheduled Software Protection service for re-start at 2024-12-03T05:38:41Z. Reason: RulesEngine."
"Information","11/28/2024 5:44:11 PM","Microsoft-Windows-Security-SPP","16394",,"Offline downlevel migration succeeded."
"Warning","11/28/2024 5:32:18 PM","Chrome","256","Browser Events","[6064:11540:1128/173218.351:WARNING:remote_commands_service.cc(221)] Client is not registered."
"Information","11/28/2024 4:12:02 PM","Microsoft-Windows-Security-SPP","16384",,"Successfully scheduled Software Protection service for re-start at 2024-12-03T05:39:02Z. Reason: RulesEngine."
"Information","11/28/2024 4:11:31 PM","Microsoft-Windows-Security-SPP","1003",,"The Software Protection service has completed licensing status check.
Application Id=0ff1ce15-a989-479d-af46-f275c6370663
Licensing Status=
1: 85dd8b5f-eaa4-4af3-a628-cce9e77c9a03, 1, 1 [(0 [0x00000000, 1, 0], [(?)( 1 0x00000000)(?)( 2 0x00000000 0 0 msft:rm/algorithm/volume/1.0 0x00000000 257532)(?)(?)(?)(?)])(1 )(2 )(3 )]

"
"Information","11/28/2024 4:11:31 PM","Microsoft-Windows-Security-SPP","1003",,"The Software Protection service has completed licensing status check.
Application Id=0ff1ce15-a989-479d-af46-f275c6370663
Licensing Status=
1: 0b4e6cfa-3072-434c-b702-bd1836e6887c, 1, 0 [(0 [0xC004F014, 0, 0], [(?)(?)(?)(?)(?)(?)(?)(?)])(1 )(2 )(3 )]
2: 0bc88885-718c-491d-921f-6f214349e79c, 1, 0 [(0 [0xC004F014, 0, 0], [(?)(?)(?)(?)(?)(?)(?)(?)])(1 )(2 )(3 )]
3: 6755c7a7-4dfe-46f5-bce8-427be8e9dc62, 1, 0 [(0 [0xC004F014, 0, 0], [(?)(?)(?)(?)(?)(?)(?)(?)])(1 )(2 )(3 )]
4: 85dd8b5f-eaa4-4af3-a628-cce9e77c9a03, 1, 1 [(0 [0x00000000, 1, 0], [(?)( 1 0x00000000)(?)( 2 0x00000000 0 0 msft:rm/algorithm/volume/1.0 0x00000000 257532)(?)(?)(?)(?)])(1 )(2 )(3 )]

"
"Information","11/28/2024 4:11:31 PM","Microsoft-Windows-Security-SPP","16394",,"Offline downlevel migration succeeded."
"Information","11/28/2024 2:41:43 PM","SecurityCenter","15",,"Updated Windows Defender status successfully to SECURITY_PRODUCT_STATE_ON."
"Information","11/28/2024 2:41:41 PM","SecurityCenter","15",,"Updated Windows Defender status successfully to SECURITY_PRODUCT_STATE_ON."
"Warning","11/28/2024 2:26:30 PM","Chrome","256","Browser Events","[3540:2992:1128/142630.762:WARNING:remote_commands_service.cc(221)] Client is not registered."
"Information","11/28/2024 2:11:33 PM","Microsoft-Windows-Security-SPP","16384",,"Successfully scheduled Software Protection service for re-start at 2024-12-03T05:38:33Z. Reason: RulesEngine."
"Information","11/28/2024 2:11:03 PM","Microsoft-Windows-Security-SPP","16394",,"Offline downlevel migration succeeded."
"Information","11/28/2024 1:28:18 PM","Microsoft-Windows-Security-SPP","16384",,"Successfully scheduled Software Protection service for re-start at 2024-12-03T05:38:18Z. Reason: RulesEngine."
"Information","11/28/2024 1:27:44 PM","Microsoft-Windows-Security-SPP","1003",,"The Software Protection service has completed licensing status check.
Application Id=0ff1ce15-a989-479d-af46-f275c6370663
Licensing Status=
1: 85dd8b5f-eaa4-4af3-a628-cce9e77c9a03, 1, 1 [(0 [0x00000000, 1, 0], [(?)( 1 0x00000000)(?)( 2 0x00000000 0 0 msft:rm/algorithm/volume/1.0 0x00000000 257696)(?)(?)(?)(?)])(1 )(2 )(3 )]

"
"Information","11/28/2024 1:27:44 PM","Microsoft-Windows-Security-SPP","1003",,"The Software Protection service has completed licensing status check.
Application Id=0ff1ce15-a989-479d-af46-f275c6370663
Licensing Status=
1: 0b4e6cfa-3072-434c-b702-bd1836e6887c, 1, 0 [(0 [0xC004F014, 0, 0], [(?)(?)(?)(?)(?)(?)(?)(?)])(1 )(2 )(3 )]
2: 0bc88885-718c-491d-921f-6f214349e79c, 1, 0 [(0 [0xC004F014, 0, 0], [(?)(?)(?)(?)(?)(?)(?)(?)])(1 )(2 )(3 )]
3: 6755c7a7-4dfe-46f5-bce8-427be8e9dc62, 1, 0 [(0 [0xC004F014, 0, 0], [(?)(?)(?)(?)(?)(?)(?)(?)])(1 )(2 )(3 )]
4: 85dd8b5f-eaa4-4af3-a628-cce9e77c9a03, 1, 1 [(0 [0x00000000, 1, 0], [(?)( 1 0x00000000)(?)( 2 0x00000000 0 0 msft:rm/algorithm/volume/1.0 0x00000000 257696)(?)(?)(?)(?)])(1 )(2 )(3 )]

"
"Information","11/28/2024 1:27:44 PM","Microsoft-Windows-Security-SPP","1040",,"Hardware has changed from previous boot.
 AppId=0ff1ce15-a989-479d-af46-f275c6370663, SkuId=85dd8b5f-eaa4-4af3-a628-cce9e77c9a03."
"Information","11/28/2024 1:27:43 PM","Microsoft-Windows-Security-SPP","16394",,"Offline downlevel migration succeeded."
"Warning","11/28/2024 1:27:24 PM","Chrome","256","Browser Events","[15664:15612:1128/132724.390:WARNING:remote_commands_service.cc(221)] Client is not registered."
"Information","11/28/2024 1:11:20 PM","Microsoft-Windows-Security-SPP","16384",,"Successfully scheduled Software Protection service for re-start at 2024-12-03T05:38:20Z. Reason: RulesEngine."
"Information","11/28/2024 1:10:47 PM","Microsoft-Windows-Security-SPP","16394",,"Offline downlevel migration succeeded."
"Information","11/28/2024 12:58:01 PM","Microsoft-Windows-Security-SPP","16384",,"Successfully scheduled Software Protection service for re-start at 2024-12-03T05:39:01Z. Reason: RulesEngine."
"Information","11/28/2024 12:57:28 PM","Microsoft-Windows-Security-SPP","16394",,"Offline downlevel migration succeeded."
"Information","11/28/2024 12:56:27 PM","SecurityCenter","15",,"Updated Windows Defender status successfully to SECURITY_PRODUCT_STATE_ON."
"Information","11/28/2024 12:45:23 PM","Microsoft-Windows-Security-SPP","16384",,"Successfully scheduled Software Protection service for re-start at 2024-12-03T05:38:23Z. Reason: RulesEngine."
"Information","11/28/2024 12:44:53 PM","Microsoft-Windows-Security-SPP","16394",,"Offline downlevel migration succeeded."
"Information","11/28/2024 12:44:21 PM","Microsoft-Windows-Security-SPP","16384",,"Successfully scheduled Software Protection service for re-start at 2024-12-03T05:38:20Z. Reason: RulesEngine."
"Information","11/28/2024 12:43:37 PM","Microsoft-Windows-Security-SPP","1040",,"Hardware has changed from previous boot.
 AppId=55c92734-d682-4d71-983e-d6ec3f16059f, SkuId=2de67392-b7a7-462a-b1ca-108dd189f588."
"Information","11/28/2024 12:43:37 PM","Microsoft-Windows-Security-SPP","16394",,"Offline downlevel migration succeeded."
"Information","11/28/2024 12:42:24 PM","Microsoft-Windows-Winlogon","6000",,"The winlogon notification subscriber <SessionEnv> was unavailable to handle a notification event."
"Information","11/28/2024 12:42:24 PM","Microsoft-Windows-Winlogon","6003",,"The winlogon notification subscriber <SessionEnv> was unavailable to handle a critical notification event."
"Information","11/28/2024 12:40:02 PM","edgeupdate","0",,"Service stopped."
"Information","11/27/2024 10:04:48 PM","Microsoft-Windows-Winlogon","6000",,"The winlogon notification subscriber <Dot3svc> was unavailable to handle a notification event."
"Information","11/27/2024 10:04:48 PM","Microsoft-Windows-Winlogon","6000",,"The winlogon notification subscriber <SessionEnv> was unavailable to handle a notification event."
"Information","11/27/2024 10:04:48 PM","Microsoft-Windows-Winlogon","6000",,"The winlogon notification subscriber <WSearch> was unavailable to handle a notification event."
"Information","11/27/2024 10:04:47 PM","Desktop Window Manager","9027",,"The Desktop Window Manager has registered the session port."
"Information","11/27/2024 10:03:41 PM","Microsoft-Windows-Winlogon","6000",,"The winlogon notification subscriber <SessionEnv> was unavailable to handle a notification event."
"Information","11/27/2024 10:03:41 PM","Microsoft-Windows-Winlogon","6003",,"The winlogon notification subscriber <SessionEnv> was unavailable to handle a critical notification event."
"Information","11/27/2024 10:01:34 PM","Microsoft-Windows-Winlogon","6000",,"The winlogon notification subscriber <Dot3svc> was unavailable to handle a notification event."
"Information","11/27/2024 10:01:34 PM","Microsoft-Windows-Winlogon","6000",,"The winlogon notification subscriber <SessionEnv> was unavailable to handle a notification event."
"Information","11/27/2024 10:01:34 PM","Microsoft-Windows-Winlogon","6000",,"The winlogon notification subscriber <WSearch> was unavailable to handle a notification event."
"Information","11/27/2024 10:01:32 PM","Desktop Window Manager","9027",,"The Desktop Window Manager has registered the session port."
"Information","11/27/2024 8:34:00 PM","Microsoft-Windows-Security-SPP","16384",,"Successfully scheduled Software Protection service for re-start at 2024-12-03T05:39:00Z. Reason: RulesEngine."
"Information","11/27/2024 8:33:28 PM","Microsoft-Windows-Security-SPP","16394",,"Offline downlevel migration succeeded."
"Information","11/27/2024 6:19:51 PM","Microsoft-Windows-Defrag","258",,"The storage optimizer successfully completed defragmentation on (C:)"
"Information","11/27/2024 6:19:51 PM","Microsoft-Windows-Defrag","258",,"The storage optimizer successfully completed retrim on (C:)"
"Information","11/27/2024 5:35:14 PM","Microsoft-Windows-Security-SPP","16384",,"Successfully scheduled Software Protection service for re-start at 2024-12-03T05:38:14Z. Reason: RulesEngine."
"Information","11/27/2024 5:34:44 PM","Microsoft-Windows-Security-SPP","16394",,"Offline downlevel migration succeeded."
"Information","11/27/2024 4:54:03 PM","Microsoft-Windows-Security-SPP","16384",,"Successfully scheduled Software Protection service for re-start at 2024-12-03T05:39:03Z. Reason: RulesEngine."
"Information","11/27/2024 4:53:32 PM","Microsoft-Windows-Security-SPP","16394",,"Offline downlevel migration succeeded."
"Information","11/27/2024 4:23:23 PM","SecurityCenter","15",,"Updated Windows Defender status successfully to SECURITY_PRODUCT_STATE_ON."
"Information","11/27/2024 4:21:30 PM","SecurityCenter","15",,"Updated Windows Defender status successfully to SECURITY_PRODUCT_STATE_ON."
"Information","11/27/2024 3:47:04 PM","Microsoft-Windows-Security-SPP","16384",,"Successfully scheduled Software Protection service for re-start at 2024-12-03T05:39:04Z. Reason: RulesEngine."
"Information","11/27/2024 3:46:34 PM","Microsoft-Windows-Security-SPP","16394",,"Offline downlevel migration succeeded."
"Information","11/27/2024 2:50:48 PM","Microsoft-Windows-Security-SPP","16384",,"Successfully scheduled Software Protection service for re-start at 2024-12-03T05:38:48Z. Reason: RulesEngine."
"Information","11/27/2024 2:50:18 PM","Microsoft-Windows-Security-SPP","1040",,"Hardware has changed from previous boot.
 AppId=55c92734-d682-4d71-983e-d6ec3f16059f, SkuId=2de67392-b7a7-462a-b1ca-108dd189f588."
"Information","11/27/2024 2:50:18 PM","Microsoft-Windows-Security-SPP","16394",,"Offline downlevel migration succeeded."
"Information","11/27/2024 2:17:21 PM","Microsoft-Windows-Security-SPP","16384",,"Successfully scheduled Software Protection service for re-start at 2024-12-03T05:38:21Z. Reason: RulesEngine."
"Information","11/27/2024 2:16:51 PM","Microsoft-Windows-Security-SPP","1003",,"The Software Protection service has completed licensing status check.
Application Id=0ff1ce15-a989-479d-af46-f275c6370663
Licensing Status=
1: 85dd8b5f-eaa4-4af3-a628-cce9e77c9a03, 1, 1 [(0 [0x00000000, 1, 0], [(?)( 1 0x00000000)(?)( 2 0x00000000 0 0 msft:rm/algorithm/volume/1.0 0x00000000 259087)(?)(?)(?)(?)])(1 )(2 )(3 )]

"
"Information","11/27/2024 2:16:51 PM","Microsoft-Windows-Security-SPP","1003",,"The Software Protection service has completed licensing status check.
Application Id=0ff1ce15-a989-479d-af46-f275c6370663
Licensing Status=
1: 0b4e6cfa-3072-434c-b702-bd1836e6887c, 1, 0 [(0 [0xC004F014, 0, 0], [(?)(?)(?)(?)(?)(?)(?)(?)])(1 )(2 )(3 )]
2: 0bc88885-718c-491d-921f-6f214349e79c, 1, 0 [(0 [0xC004F014, 0, 0], [(?)(?)(?)(?)(?)(?)(?)(?)])(1 )(2 )(3 )]
3: 6755c7a7-4dfe-46f5-bce8-427be8e9dc62, 1, 0 [(0 [0xC004F014, 0, 0], [(?)(?)(?)(?)(?)(?)(?)(?)])(1 )(2 )(3 )]
4: 85dd8b5f-eaa4-4af3-a628-cce9e77c9a03, 1, 1 [(0 [0x00000000, 1, 0], [(?)( 1 0x00000000)(?)( 2 0x00000000 0 0 msft:rm/algorithm/volume/1.0 0x00000000 259087)(?)(?)(?)(?)])(1 )(2 )(3 )]

"
"Information","11/27/2024 2:16:50 PM","Microsoft-Windows-Security-SPP","16394",,"Offline downlevel migration succeeded."
"Information","11/27/2024 2:16:36 PM","Microsoft-Windows-Security-SPP","16384",,"Successfully scheduled Software Protection service for re-start at 2024-12-03T05:38:36Z. Reason: RulesEngine."
"Information","11/27/2024 2:16:06 PM","Microsoft-Windows-Security-SPP","1003",,"The Software Protection service has completed licensing status check.
Application Id=0ff1ce15-a989-479d-af46-f275c6370663
Licensing Status=
1: 85dd8b5f-eaa4-4af3-a628-cce9e77c9a03, 1, 1 [(0 [0x00000000, 1, 0], [(?)( 1 0x00000000)(?)( 2 0x00000000 0 0 msft:rm/algorithm/volume/1.0 0x00000000 259088)(?)(?)(?)(?)])(1 )(2 )(3 )]

"
"Information","11/27/2024 2:16:05 PM","Microsoft-Windows-Security-SPP","1003",,"The Software Protection service has completed licensing status check.
Application Id=0ff1ce15-a989-479d-af46-f275c6370663
Licensing Status=
1: 0b4e6cfa-3072-434c-b702-bd1836e6887c, 1, 0 [(0 [0xC004F014, 0, 0], [(?)(?)(?)(?)(?)(?)(?)(?)])(1 )(2 )(3 )]
2: 0bc88885-718c-491d-921f-6f214349e79c, 1, 0 [(0 [0xC004F014, 0, 0], [(?)(?)(?)(?)(?)(?)(?)(?)])(1 )(2 )(3 )]
3: 6755c7a7-4dfe-46f5-bce8-427be8e9dc62, 1, 0 [(0 [0xC004F014, 0, 0], [(?)(?)(?)(?)(?)(?)(?)(?)])(1 )(2 )(3 )]
4: 85dd8b5f-eaa4-4af3-a628-cce9e77c9a03, 1, 1 [(0 [0x00000000, 1, 0], [(?)( 1 0x00000000)(?)( 2 0x00000000 0 0 msft:rm/algorithm/volume/1.0 0x00000000 259088)(?)(?)(?)(?)])(1 )(2 )(3 )]

"
"Information","11/27/2024 2:16:05 PM","Microsoft-Windows-Security-SPP","16394",,"Offline downlevel migration succeeded."
"Information","11/27/2024 2:14:14 PM","Microsoft-Windows-Security-SPP","16384",,"Successfully scheduled Software Protection service for re-start at 2024-12-03T05:38:14Z. Reason: RulesEngine."
"Information","11/27/2024 2:13:41 PM","Microsoft-Windows-Security-SPP","1003",,"The Software Protection service has completed licensing status check.
Application Id=0ff1ce15-a989-479d-af46-f275c6370663
Licensing Status=
1: 85dd8b5f-eaa4-4af3-a628-cce9e77c9a03, 1, 1 [(0 [0x00000000, 1, 0], [(?)( 1 0x00000000)(?)( 2 0x00000000 0 0 msft:rm/algorithm/volume/1.0 0x00000000 259090)(?)(?)(?)(?)])(1 )(2 )(3 )]

"
"Information","11/27/2024 2:13:41 PM","Microsoft-Windows-Security-SPP","1003",,"The Software Protection service has completed licensing status check.
Application Id=0ff1ce15-a989-479d-af46-f275c6370663
Licensing Status=
1: 0b4e6cfa-3072-434c-b702-bd1836e6887c, 1, 0 [(0 [0xC004F014, 0, 0], [(?)(?)(?)(?)(?)(?)(?)(?)])(1 )(2 )(3 )]
2: 0bc88885-718c-491d-921f-6f214349e79c, 1, 0 [(0 [0xC004F014, 0, 0], [(?)(?)(?)(?)(?)(?)(?)(?)])(1 )(2 )(3 )]
3: 6755c7a7-4dfe-46f5-bce8-427be8e9dc62, 1, 0 [(0 [0xC004F014, 0, 0], [(?)(?)(?)(?)(?)(?)(?)(?)])(1 )(2 )(3 )]
4: 85dd8b5f-eaa4-4af3-a628-cce9e77c9a03, 1, 1 [(0 [0x00000000, 1, 0], [(?)( 1 0x00000000)(?)( 2 0x00000000 0 0 msft:rm/algorithm/volume/1.0 0x00000000 259090)(?)(?)(?)(?)])(1 )(2 )(3 )]

"
"Information","11/27/2024 2:13:41 PM","Microsoft-Windows-Security-SPP","1040",,"Hardware has changed from previous boot.
 AppId=0ff1ce15-a989-479d-af46-f275c6370663, SkuId=85dd8b5f-eaa4-4af3-a628-cce9e77c9a03."
"Information","11/27/2024 2:13:41 PM","Microsoft-Windows-Security-SPP","16394",,"Offline downlevel migration succeeded."
"Information","11/27/2024 1:53:29 PM","Microsoft-Windows-Security-SPP","16384",,"Successfully scheduled Software Protection service for re-start at 2024-12-03T05:38:29Z. Reason: RulesEngine."
"Information","11/27/2024 1:52:57 PM","Microsoft-Windows-Security-SPP","1003",,"The Software Protection service has completed licensing status check.
Application Id=0ff1ce15-a989-479d-af46-f275c6370663
Licensing Status=
1: 85dd8b5f-eaa4-4af3-a628-cce9e77c9a03, 1, 1 [(0 [0x00000000, 1, 0], [(?)( 1 0x00000000)(?)( 2 0x00000000 0 0 msft:rm/algorithm/volume/1.0 0x00000000 259111)(?)(?)(?)(?)])(1 )(2 )(3 )]

"
"Information","11/27/2024 1:52:57 PM","Microsoft-Windows-Security-SPP","1003",,"The Software Protection service has completed licensing status check.
Application Id=0ff1ce15-a989-479d-af46-f275c6370663
Licensing Status=
1: 0b4e6cfa-3072-434c-b702-bd1836e6887c, 1, 0 [(0 [0xC004F014, 0, 0], [(?)(?)(?)(?)(?)(?)(?)(?)])(1 )(2 )(3 )]
2: 0bc88885-718c-491d-921f-6f214349e79c, 1, 0 [(0 [0xC004F014, 0, 0], [(?)(?)(?)(?)(?)(?)(?)(?)])(1 )(2 )(3 )]
3: 6755c7a7-4dfe-46f5-bce8-427be8e9dc62, 1, 0 [(0 [0xC004F014, 0, 0], [(?)(?)(?)(?)(?)(?)(?)(?)])(1 )(2 )(3 )]
4: 85dd8b5f-eaa4-4af3-a628-cce9e77c9a03, 1, 1 [(0 [0x00000000, 1, 0], [(?)( 1 0x00000000)(?)( 2 0x00000000 0 0 msft:rm/algorithm/volume/1.0 0x00000000 259111)(?)(?)(?)(?)])(1 )(2 )(3 )]

"
"Information","11/27/2024 1:52:57 PM","Microsoft-Windows-Security-SPP","16394",,"Offline downlevel migration succeeded."
"Information","11/27/2024 1:52:38 PM","Microsoft-Windows-Security-SPP","16384",,"Successfully scheduled Software Protection service for re-start at 2024-12-03T05:38:38Z. Reason: RulesEngine."
"Information","11/27/2024 1:52:06 PM","Microsoft-Windows-Security-SPP","1003",,"The Software Protection service has completed licensing status check.
Application Id=0ff1ce15-a989-479d-af46-f275c6370663
Licensing Status=
1: 85dd8b5f-eaa4-4af3-a628-cce9e77c9a03, 1, 1 [(0 [0x00000000, 1, 0], [(?)( 1 0x00000000)(?)( 2 0x00000000 0 0 msft:rm/algorithm/volume/1.0 0x00000000 259112)(?)(?)(?)(?)])(1 )(2 )(3 )]

"
"Information","11/27/2024 1:52:06 PM","Microsoft-Windows-Security-SPP","1003",,"The Software Protection service has completed licensing status check.
Application Id=0ff1ce15-a989-479d-af46-f275c6370663
Licensing Status=
1: 0b4e6cfa-3072-434c-b702-bd1836e6887c, 1, 0 [(0 [0xC004F014, 0, 0], [(?)(?)(?)(?)(?)(?)(?)(?)])(1 )(2 )(3 )]
2: 0bc88885-718c-491d-921f-6f214349e79c, 1, 0 [(0 [0xC004F014, 0, 0], [(?)(?)(?)(?)(?)(?)(?)(?)])(1 )(2 )(3 )]
3: 6755c7a7-4dfe-46f5-bce8-427be8e9dc62, 1, 0 [(0 [0xC004F014, 0, 0], [(?)(?)(?)(?)(?)(?)(?)(?)])(1 )(2 )(3 )]
4: 85dd8b5f-eaa4-4af3-a628-cce9e77c9a03, 1, 1 [(0 [0x00000000, 1, 0], [(?)( 1 0x00000000)(?)( 2 0x00000000 0 0 msft:rm/algorithm/volume/1.0 0x00000000 259112)(?)(?)(?)(?)])(1 )(2 )(3 )]

"
"Information","11/27/2024 1:51:58 PM","Microsoft-Windows-Security-SPP","1003",,"The Software Protection service has completed licensing status check.
Application Id=0ff1ce15-a989-479d-af46-f275c6370663
Licensing Status=
1: 85dd8b5f-eaa4-4af3-a628-cce9e77c9a03, 1, 1 [(0 [0x00000000, 1, 0], [(?)( 1 0x00000000)(?)( 2 0x00000000 0 0 msft:rm/algorithm/volume/1.0 0x00000000 259112)(?)(?)(?)(?)])(1 )(2 )(3 )]

"
"Information","11/27/2024 1:51:58 PM","Microsoft-Windows-Security-SPP","1003",,"The Software Protection service has completed licensing status check.
Application Id=0ff1ce15-a989-479d-af46-f275c6370663
Licensing Status=
1: 0b4e6cfa-3072-434c-b702-bd1836e6887c, 1, 0 [(0 [0xC004F014, 0, 0], [(?)(?)(?)(?)(?)(?)(?)(?)])(1 )(2 )(3 )]
2: 0bc88885-718c-491d-921f-6f214349e79c, 1, 0 [(0 [0xC004F014, 0, 0], [(?)(?)(?)(?)(?)(?)(?)(?)])(1 )(2 )(3 )]
3: 6755c7a7-4dfe-46f5-bce8-427be8e9dc62, 1, 0 [(0 [0xC004F014, 0, 0], [(?)(?)(?)(?)(?)(?)(?)(?)])(1 )(2 )(3 )]
4: 85dd8b5f-eaa4-4af3-a628-cce9e77c9a03, 1, 1 [(0 [0x00000000, 1, 0], [(?)( 1 0x00000000)(?)( 2 0x00000000 0 0 msft:rm/algorithm/volume/1.0 0x00000000 259112)(?)(?)(?)(?)])(1 )(2 )(3 )]

"
"Information","11/27/2024 1:51:58 PM","Microsoft-Windows-Security-SPP","1040",,"Hardware has changed from previous boot.
 AppId=0ff1ce15-a989-479d-af46-f275c6370663, SkuId=85dd8b5f-eaa4-4af3-a628-cce9e77c9a03."
"Information","11/27/2024 1:51:58 PM","Microsoft-Windows-Security-SPP","16394",,"Offline downlevel migration succeeded."
"Warning","11/27/2024 1:10:22 PM","Chrome","256","Browser Events","[4148:9336:1127/131022.183:WARNING:remote_commands_service.cc(221)] Client is not registered."
"Information","11/27/2024 1:10:16 PM","Microsoft-Windows-Security-SPP","16384",,"Successfully scheduled Software Protection service for re-start at 2024-12-03T05:38:16Z. Reason: RulesEngine."
"Information","11/27/2024 1:09:45 PM","Microsoft-Windows-Security-SPP","16394",,"Offline downlevel migration succeeded."
"Information","11/27/2024 1:07:07 PM","ESENT","330","General","Video.UI (15052,D,2) {37AD1C0F-B852-4D69-A88C-7C57845D048C}: The database [C:\Users\Admin\AppData\Local\Packages\Microsoft.ZuneVideo_8wekyb3d8bbwe\LocalState\Database\2a25a7a8b3edf10e\tmp.edb] format version is being held back to 8920 (0x22d8) due to application parameter setting of 0x410022D8 (8920 | JET_efvAllowHigherPersistedFormat). Current default engine version: 9480 (0x2508)."
"Information","11/27/2024 1:07:07 PM","ESENT","326","General","Video.UI (15052,D,50) {37AD1C0F-B852-4D69-A88C-7C57845D048C}: The database engine attached a database (1, C:\Users\Admin\AppData\Local\Packages\Microsoft.ZuneVideo_8wekyb3d8bbwe\LocalState\Database\2a25a7a8b3edf10e\EntClientDb.edb). (Time=0 seconds) 
 
Saved Cache: 0 0 
Additional Data: lgposAttach = 00000001:016F:0268,
dbv = 1568.20.0 (8920) 
 
Internal Timing Sequence: 
[1] 0.000001 +J(0)
[2] 0.000359 +J(0) +M(C:0K, Fs:18, WS:8K # 0K, PF:8K # 0K, P:8K)
[3] 0.025228 -0.024074 (5) WT +J(CM:0, PgRf:0, Rd:0/0, Dy:0/0, Lg:3480/2) +M(C:0K, Fs:101, WS:392K # 0K, PF:68K # 0K, P:68K)
[4] 0.000096 +J(0)
[5] -
[6] 0.018914 -0.018832 (2) CM +J(CM:2, PgRf:2, Rd:0/2, Dy:0/0, Lg:0/0) +M(C:0K, Fs:171, WS:684K # 0K, PF:120K # 0K, P:120K)
[7] -
[8] 0.040748 -0.040536 (1) WT +J(CM:1, PgRf:1, Rd:14/1, Dy:0/0, Lg:0/0) +M(C:0K, Fs:80, WS:308K # 0K, PF:324K # 0K, P:324K)
[9] -
[10] -
[11] -
[12] 0.000428 +J(0)
[13] 0.011790 -0.011636 (4) CM +J(CM:4, PgRf:23, Rd:0/4, Dy:0/0, Lg:0/0) +M(C:0K, Fs:31, WS:116K # 0K, PF:8K # 0K, P:8K)
[14] 0.000086 -0.000004 (2) CM +J(CM:2, PgRf:40, Rd:0/2, Dy:0/0, Lg:0/0) +M(C:0K, Fs:6, WS:8K # 0K, PF:64K # 0K, P:64K)
[15] 0.000003 +J(CM:0, PgRf:1, Rd:0/0, Dy:0/0, Lg:0/0)
[16] 0.000006 +J(CM:0, PgRf:1, Rd:0/0, Dy:0/0, Lg:0/0) +M(C:0K, Fs:1, WS:4K # 0K, PF:0K # 0K, P:0K)
[17] 0.000026 +J(CM:0, PgRf:42, Rd:0/0, Dy:0/0, Lg:0/0) +M(C:0K, Fs:3, WS:12K # 0K, PF:0K # 0K, P:0K)
[18] 0.0 +J(0)
[19] 0.0 +J(0)
[20] 0.000003 +J(CM:0, PgRf:1, Rd:0/0, Dy:0/0, Lg:0/0)."
"Information","11/27/2024 1:07:07 PM","ESENT","330","General","Video.UI (15052,D,50) {37AD1C0F-B852-4D69-A88C-7C57845D048C}: The database [C:\Users\Admin\AppData\Local\Packages\Microsoft.ZuneVideo_8wekyb3d8bbwe\LocalState\Database\2a25a7a8b3edf10e\EntClientDb.edb] format version is being held back to 8920 (0x22d8) due to application parameter setting of 0x410022D8 (8920 | JET_efvAllowHigherPersistedFormat). Current default engine version: 9480 (0x2508)."
"Information","11/27/2024 1:07:07 PM","ESENT","105","General","Video.UI (15052,D,0) {37AD1C0F-B852-4D69-A88C-7C57845D048C}: The database engine started a new instance (0). (Time=0 seconds) 
 
Additional Data:
 lgposV2[] = 00000001:0001:0000 - 00000001:016C:002B - 00000001:016D:0000 - 00000001:016D:0000 (00000000:0000:0000)
cReInits = 74
RBSOn = 0
 
 
Internal Timing Sequence: 
[1] 0.013245 +J(0) +M(C:0K, Fs:332, WS:1272K # 1228K, PF:3064K # 3064K, P:3064K)
[2] 0.000162 +J(0) +M(C:0K, Fs:103, WS:412K # 412K, PF:348K # 348K, P:348K)
[3] 0.000009 +J(0) +M(C:0K, Fs:3, WS:12K # 12K, PF:64K # 64K, P:64K)
[4] 0.000082 +J(0) +M(C:0K, Fs:39, WS:148K # 148K, PF:160K # 160K, P:160K)
[5] 0.262932 +J(0) +M(C:0K, Fs:1442, WS:5688K # 5688K, PF:1344K # 1344K, P:1344K)
[6] 0.019520 +J(0) +M(C:0K, Fs:26, WS:104K # 104K, PF:24K # 24K, P:24K)
[7] 0.130601 -0.000002 (2) WT +J(0) +M(C:0K, Fs:558, WS:2216K # 2216K, PF:2476K # 2476K, P:2476K)
[8] 0.132280 -0.061479 (30) WT +J(CM:0, PgRf:0, Rd:0/0, Dy:0/0, Lg:1455600/6564) +M(C:0K, Fs:1604, WS:1072K # 1080K, PF:500K # 508K, P:500K)
[9] 0.000296 +J(0) +M(C:0K, Fs:5, WS:20K # 12K, PF:0K # 0K, P:0K)
[10] 0.000676 +J(0) +M(C:0K, Fs:1, WS:-2044K # 0K, PF:-2044K # 0K, P:-2044K)
[11] 0.000014 +J(CM:0, PgRf:0, Rd:0/0, Dy:0/0, Lg:49/1) +M(C:0K, Fs:5, WS:20K # 0K, PF:0K # 0K, P:0K)
[12] 0.015108 -0.015068 (2) WT +J(0) +M(C:0K, Fs:25, WS:96K # 0K, PF:80K # 0K, P:80K)
[13] 0.119942 -0.018763 (2) CM -0.096486 (15) WT +J(CM:2, PgRf:2, Rd:0/2, Dy:0/0, Lg:8759/5) +M(C:0K, Fs:610, WS:292K # 412K, PF:128K # 208K, P:128K)
[14] 0.000011 +J(0)
[15] 0.000007 +J(0)
[16] 0.000101 +J(0) +M(C:0K, Fs:2, WS:0K # 0K, PF:0K # 0K, P:0K)."
"Information","11/27/2024 1:07:07 PM","ESENT","302","Logging/Recovery","Video.UI (15052,U,98) {37AD1C0F-B852-4D69-A88C-7C57845D048C}: The database engine has successfully completed recovery steps."
"Information","11/27/2024 1:07:07 PM","ESENT","301","Logging/Recovery","Video.UI (15052,R,98) {37AD1C0F-B852-4D69-A88C-7C57845D048C}: The database engine has finished replaying logfile C:\Users\Admin\AppData\Local\Packages\Microsoft.ZuneVideo_8wekyb3d8bbwe\LocalState\Database\2a25a7a8b3edf10e\edb.log. 
 
Processing Stats: 
[1] 0.128085 -0.061475 (27) WT +J(CM:0, PgRf:0, Rd:0/0, Dy:0/0, Lg:1455600/6564) +M(C:0K, Fs:1510, WS:708K # 716K, PF:180K # 188K, P:180K). 
Log record of type 'Insert   ' was seen most frequently (2369 times)"
"Information","11/27/2024 1:07:07 PM","ESENT","330","General","Video.UI (15052,R,98) {37AD1C0F-B852-4D69-A88C-7C57845D048C}: The database [C:\Users\Admin\AppData\Local\Packages\Microsoft.ZuneVideo_8wekyb3d8bbwe\LocalState\Database\2a25a7a8b3edf10e\EntClientDb.edb] format version is being held back to 8920 (0x22d8) due to application parameter setting of 0x410022D8 (8920 | JET_efvAllowHigherPersistedFormat). Current default engine version: 9480 (0x2508)."
"Information","11/27/2024 1:07:07 PM","ESENT","335","Logging/Recovery","Video.UI (15052,R,98) {37AD1C0F-B852-4D69-A88C-7C57845D048C}: Replay of a Create for database ""C:\Users\Admin\AppData\Local\Packages\Microsoft.ZuneVideo_8wekyb3d8bbwe\LocalState\Database\2a25a7a8b3edf10e\EntClientDb.edb"" at log position (00000001,0001,0268) was deferred due to AttachFuture.  Additional information:  "
"Information","11/27/2024 1:07:07 PM","ESENT","300","Logging/Recovery","Video.UI (15052,R,98) {37AD1C0F-B852-4D69-A88C-7C57845D048C}: The database engine is initiating recovery steps."
"Information","11/27/2024 1:07:07 PM","ESENT","102","General","Video.UI (15052,P,98) {37AD1C0F-B852-4D69-A88C-7C57845D048C}: The database engine (10.00.22631.0000) is starting a new instance (0)."
"Information","11/27/2024 1:04:40 PM","Microsoft-Windows-Security-SPP","16384",,"Successfully scheduled Software Protection service for re-start at 2024-12-03T05:38:40Z. Reason: RulesEngine."
"Information","11/27/2024 1:04:08 PM","Microsoft-Windows-Security-SPP","8230",,"The rules engine successfully re-evaluated the schedule.
Kernel policies:
Security-SPP-Action-StateData (REG_SZ) =AppId=55c92734-d682-4d71-983e-d6ec3f16059f;GraceEndDate=2025/05/25:05:39:08;LastConsumptionReason=0x00000000;LastNotificationId=Cleanup;LicenseState=SL_LICENSING_STATUS_LICENSED;PartialProductKey=T83GX;ProductKeyType=Volume:GVLK;SkuId=2de67392-b7a7-462a-b1ca-108dd189f588;ruleId=379cccfb-d4e0-48fe-b0f2-0136097be147;uxDifferentiator=ENVIRONMENT;volumeActivationOrder=normal"
"Information","11/27/2024 1:04:08 PM","Microsoft-Windows-Security-SPP","16388",,"The current time is 2024-11-27T05:04:08Z : 2024-11-27T05:04:08Z."
"Information","11/27/2024 1:04:08 PM","Microsoft-Windows-Security-SPP","8230",,"The rules engine successfully re-evaluated the schedule.
Kernel policies:
Security-SPP-Action-StateData (REG_SZ) =AppId=55c92734-d682-4d71-983e-d6ec3f16059f;GraceEndDate=2025/05/25:05:39:08;LastConsumptionReason=0x00000000;LastNotificationId=Cleanup;LicenseState=SL_LICENSING_STATUS_LICENSED;PartialProductKey=T83GX;ProductKeyType=Volume:GVLK;SkuId=2de67392-b7a7-462a-b1ca-108dd189f588;ruleId=379cccfb-d4e0-48fe-b0f2-0136097be147;uxDifferentiator=ENVIRONMENT;volumeActivationOrder=normal"
"Information","11/27/2024 1:04:07 PM","Microsoft-Windows-Security-SPP","1033",,"These policies are being excluded since they are only defined with override-only attribute.
Policy Names=(Security-SPP-Reserved-EnableNotificationMode) 
App Id=0ff1ce15-a989-479d-af46-f275c6370663
Sku Id=85dd8b5f-eaa4-4af3-a628-cce9e77c9a03"
"Information","11/27/2024 1:04:07 PM","Microsoft-Windows-Security-SPP","16388",,"The current time is 2024-11-27T05:04:07Z : 2024-11-27T05:04:07Z."
"Information","11/27/2024 1:04:06 PM","Microsoft-Windows-Winlogon","6000",,"The winlogon notification subscriber <SessionEnv> was unavailable to handle a notification event."
"Information","11/27/2024 1:04:06 PM","Microsoft-Windows-Winlogon","6003",,"The winlogon notification subscriber <SessionEnv> was unavailable to handle a critical notification event."
"Information","11/27/2024 1:04:04 PM","Microsoft-Windows-Security-SPP","16394",,"Offline downlevel migration succeeded."
"Information","11/27/2024 12:57:28 PM","Microsoft-Windows-Security-SPP","16384",,"Successfully scheduled Software Protection service for re-start at 2024-12-03T05:38:28Z. Reason: RulesEngine."
"Information","11/27/2024 12:56:58 PM","Microsoft-Windows-Security-SPP","16394",,"Offline downlevel migration succeeded."
"Information","11/27/2024 12:42:18 PM","Microsoft-Windows-Security-SPP","16384",,"Successfully scheduled Software Protection service for re-start at 2024-12-03T05:39:17Z. Reason: RulesEngine."
"Information","11/27/2024 12:42:08 PM","edgeupdate","0",,"Service stopped."
"Information","11/27/2024 12:41:46 PM","Microsoft-Windows-Security-SPP","16394",,"Offline downlevel migration succeeded."
"Information","11/27/2024 12:37:11 PM","Microsoft-Windows-Security-SPP","16384",,"Successfully scheduled Software Protection service for re-start at 2024-12-03T05:39:11Z. Reason: RulesEngine."
"Information","11/27/2024 12:36:41 PM","Microsoft-Windows-Security-SPP","16394",,"Offline downlevel migration succeeded."
"Information","11/27/2024 12:31:38 PM","ESENT","326","General","svchost (2588,D,50) DS_Token_DB: The database engine attached a database (1, C:\Windows\system32\config\systemprofile\AppData\Local\DataSharing\Storage\DSTokenDB2.dat). (Time=0 seconds) 
 
Saved Cache: 1 0 
Additional Data: lgposAttach = 00000022:000E:0268,
dbv = 1568.230.500 (9480) 
 
Internal Timing Sequence: 
[1] 0.000002 +J(0)
[2] 0.001503 -0.001148 (1) WT +J(0) +M(C:0K, Fs:17, WS:4K # 12K, PF:4K # 4K, P:4K)
[3] 0.010349 -0.001496 (8) WT +J(CM:0, PgRf:0, Rd:0/0, Dy:0/0, Lg:255/1) +M(C:0K, Fs:33, WS:116K # 56K, PF:20K # 0K, P:20K)
[4] 0.000813 +J(0) +M(C:0K, Fs:1, WS:4K # 0K, PF:4K # 0K, P:4K)
[5] -
[6] 0.000456 -0.000402 (2) CM -0.000356 (2) WT +J(CM:2, PgRf:2, Rd:0/2, Dy:0/0, Lg:0/0)
[7] 0.000005 +J(0) +M(C:0K, Fs:1, WS:4K # 4K, PF:0K # 0K, P:0K)
[8] 0.000418 -0.000284 (1) CM -0.000260 (1) WT +J(CM:1, PgRf:1, Rd:4/1, Dy:0/0, Lg:0/0) +M(C:16K, Fs:20, WS:80K # 80K, PF:208K # 172K, P:208K)
[9] -
[10] -
[11] -
[12] 0.000006 +J(CM:0, PgRf:0, Rd:0/0, Dy:0/0, Lg:54/1) +M(C:0K, Fs:1, WS:4K # 4K, PF:20K # 16K, P:20K)
[13] 0.001469 -0.001351 (3) CM -0.001297 (3) WT +J(CM:3, PgRf:23, Rd:0/2, Dy:0/0, Lg:0/0) +M(C:-8K, Fs:18, WS:64K # 64K, PF:-4K # 0K, P:-4K)
[14] 0.008952 -0.008850 (2) CM -0.008806 (2) WT +J(CM:2, PgRf:40, Rd:0/2, Dy:0/0, Lg:0/0) +M(C:0K, Fs:2, WS:8K # 8K, PF:64K # 60K, P:64K)
[15] 0.000007 +J(CM:0, PgRf:1, Rd:0/0, Dy:0/0, Lg:0/0)
[16] 0.000008 +J(CM:0, PgRf:1, Rd:0/0, Dy:0/0, Lg:0/0) +M(C:0K, Fs:1, WS:4K # 4K, PF:0K # 0K, P:0K)
[17] 0.000028 +J(CM:0, PgRf:42, Rd:0/0, Dy:0/0, Lg:0/0) +M(C:0K, Fs:4, WS:16K # 16K, PF:0K # 0K, P:0K)
[18] 0.0 +J(0)
[19] 0.0 +J(0)
[20] 0.000003 +J(CM:0, PgRf:1, Rd:0/0, Dy:0/0, Lg:0/0)."
"Information","11/27/2024 12:31:38 PM","ESENT","105","General","svchost (2588,D,0) DS_Token_DB: The database engine started a new instance (0). (Time=0 seconds) 
 
Additional Data:
 lgposV2[] = 00000022:0001:0000 - 00000022:000B:0039 - 00000022:000C:0000 - 00000022:000C:0000 (00000000:0000:0000)
cReInits = 3
RBSOn = 0
 
 
Internal Timing Sequence: 
[1] 0.000795 +J(0) +M(C:0K, Fs:211, WS:828K # 828K, PF:3904K # 3904K, P:3904K)
[2] 0.000266 +J(0) +M(C:8K, Fs:250, WS:992K # 992K, PF:376K # 376K, P:376K)
[3] 0.000016 +J(0) +M(C:0K, Fs:7, WS:24K # 24K, PF:68K # 68K, P:68K)
[4] 0.000101 +J(0) +M(C:0K, Fs:34, WS:136K # 136K, PF:184K # 184K, P:184K)
[5] 0.000799 +J(0) +M(C:0K, Fs:11, WS:44K # 44K, PF:28K # 28K, P:28K)
[6] 0.016410 +J(0) +M(C:0K, Fs:68, WS:268K # 268K, PF:56K # 56K, P:56K)
[7] 0.009230 -0.006887 (2) WT +J(0) +M(C:0K, Fs:36, WS:144K # 144K, PF:64K # 64K, P:64K)
[8] 0.067093 -0.045881 (13) WT +J(CM:0, PgRf:0, Rd:0/0, Dy:0/0, Lg:44616/30) +M(C:0K, Fs:159, WS:340K # 344K, PF:240K # 244K, P:240K)
[9] 0.002693 +J(0) +M(C:0K, Fs:8, WS:32K # 28K, PF:8K # 4K, P:8K)
[10] 0.003783 -0.003380 (1) WT +J(0) +M(C:0K, Fs:19, WS:16K # 76K, PF:20K # 80K, P:20K)
[11] 0.000018 +J(CM:0, PgRf:0, Rd:0/0, Dy:0/0, Lg:49/1) +M(C:0K, Fs:5, WS:20K # 0K, PF:0K # 0K, P:0K)
[12] 0.000170 +J(0)
[13] 0.038053 -0.000691 (2) CM -0.012619 (17) WT +J(CM:2, PgRf:2, Rd:0/2, Dy:0/0, Lg:8759/5) +M(C:0K, Fs:53, WS:100K # 124K, PF:160K # 168K, P:160K)
[14] 0.000011 +J(0)
[15] 0.000007 +J(0)
[16] 0.000529 -0.000248 (1) WT +J(0) +M(C:0K, Fs:2, WS:0K # 0K, PF:0K # 0K, P:0K)."
"Information","11/27/2024 12:31:38 PM","ESENT","302","Logging/Recovery","svchost (2588,U,98) DS_Token_DB: The database engine has successfully completed recovery steps."
"Information","11/27/2024 12:31:38 PM","ESENT","301","Logging/Recovery","svchost (2588,R,98) DS_Token_DB: The database engine has finished replaying logfile C:\Windows\system32\config\systemprofile\AppData\Local\DataSharing\Storage\DSS.log. 
 
Processing Stats: 
[1] 0.043223 -0.028598 (9) WT +J(CM:0, PgRf:0, Rd:0/0, Dy:0/0, Lg:44616/30) +M(C:0K, Fs:103, WS:192K # 132K, PF:148K # 84K, P:148K). 
Log record of type 'AttachDB ' was seen most frequently (3 times)"
"Information","11/27/2024 12:31:38 PM","ESENT","300","Logging/Recovery","svchost (2588,R,98) DS_Token_DB: The database engine is initiating recovery steps."
"Information","11/27/2024 12:31:38 PM","ESENT","102","General","svchost (2588,P,98) DS_Token_DB: The database engine (10.00.22631.0000) is starting a new instance (0)."
"Information","11/27/2024 12:30:34 PM","Microsoft-Windows-Security-SPP","16384",,"Successfully scheduled Software Protection service for re-start at 2024-12-03T05:38:34Z. Reason: RulesEngine."
"Information","11/27/2024 12:30:23 PM","SecurityCenter","15",,"Updated Windows Defender status successfully to SECURITY_PRODUCT_STATE_ON."
"Information","11/27/2024 12:28:40 PM","Microsoft-Windows-Security-SPP","16394",,"Offline downlevel migration succeeded."
"Information","11/27/2024 12:24:04 PM","Microsoft-Windows-Security-SPP","903",,"The Software Protection service has stopped.
"
"Information","11/27/2024 12:24:04 PM","Microsoft-Windows-Security-SPP","16384",,"Successfully scheduled Software Protection service for re-start at 2024-12-03T05:39:03Z. Reason: RulesEngine."
"Information","11/27/2024 12:23:33 PM","Microsoft-Windows-Security-SPP","12289",,"The client has processed an activation response from the key management service machine.
Info:
0x00000000, 0x00000000, 1, 0, 10, 120, 10080, 2024/11/27 04:23"
"Information","11/27/2024 12:23:30 PM","Microsoft-Windows-Security-SPP","12288",,"The client has sent an activation request to the key management service machine.
Info:
0x00000000, 0x00000000, 172.16.16.16:1688, 1950cbc7-98a4-4ff4-a183-f94154e91993, 2024/11/27 04:23, 1, 1, 249116, 85dd8b5f-eaa4-4af3-a628-cce9e77c9a03, 5"
"Information","11/27/2024 12:23:28 PM","Microsoft-Windows-Search","1003","Search service","The Windows Search Service started.
"
"Information","11/27/2024 12:23:26 PM","SecurityCenter","15",,"Updated Windows Defender status successfully to SECURITY_PRODUCT_STATE_ON."
"Information","11/27/2024 12:23:25 PM","Microsoft-Windows-Security-SPP","8230",,"The rules engine successfully re-evaluated the schedule.
Kernel policies:
Security-SPP-Action-StateData (REG_SZ) =AppId=55c92734-d682-4d71-983e-d6ec3f16059f;GraceEndDate=2025/05/25:05:39:22;LastConsumptionReason=0x00000000;LastNotificationId=Cleanup;LicenseState=SL_LICENSING_STATUS_LICENSED;PartialProductKey=T83GX;ProductKeyType=Volume:GVLK;SkuId=2de67392-b7a7-462a-b1ca-108dd189f588;ruleId=379cccfb-d4e0-48fe-b0f2-0136097be147;uxDifferentiator=ENVIRONMENT;volumeActivationOrder=normal"
"Information","11/27/2024 12:23:24 PM","SecurityCenter","1",,"The Windows Security Center Service has started."
"Information","11/27/2024 12:23:22 PM","Microsoft-Windows-Security-SPP","902",,"The Software Protection service has started.
10.0.22621.4391"
