"Information","12/13/2024 3:10:35 PM","Microsoft-Windows-Security-SPP","1003",,"The Software Protection service has completed licensing status check.
Application Id=55c92734-d682-4d71-983e-d6ec3f16059f
Licensing Status=
1: 040fa323-92b1-4baf-97a2-5b67feaefddb, 1, 0 [(0 [0xC004F014, 0, 0], [(?)(?)(?)(?)(?)(?)(?)(?)])(1 )(2 )(3 )]
2: 0724cb7d-3437-4cb7-93cb-830375d0079d, 1, 0 [(0 [0xC004F014, 0, 0], [(?)(?)(?)(?)(?)(?)(?)(?)])(1 )(2 )(3 )]
3: 0ad2ac98-7bb9-4201-8d92-312299201369, 1, 0 [(0 [0xC004F014, 0, 0], [(?)(?)(?)(?)(?)(?)(?)(?)])(1 )(2 )(3 )]
4: 1a9a717a-cf13-4ba5-83c3-0fe25fa868d5, 1, 0 [(0 [0xC004F014, 0, 0], [(?)(?)(?)(?)(?)(?)(?)(?)])(1 )(2 )(3 )]
5: 221a02da-e2a1-4b75-864c-0a4410a33fdf, 1, 0 [(0 [0xC004F014, 0, 0], [(?)(?)(?)(?)(?)(?)(?)(?)])(1 )(2 )(3 )]
6: 291ece0e-9c38-40ca-a9e1-32cc7ec19507, 1, 0 [(0 [0xC004F014, 0, 0], [(?)(?)(?)(?)(?)(?)(?)(?)])(1 )(2 )(3 )]
7: 2936d1d2-913a-4542-b54e-ce5a602a2a38, 1, 0 [(0 [0xC004F014, 0, 0], [(?)(?)(?)(?)(?)(?)(?)(?)])(1 )(2 )(3 )]
8: 2c293c26-a45a-4a2a-a350-c69a67097529, 1, 0 [(0 [0xC004F014, 0, 0], [(?)(?)(?)(?)(?)(?)(?)(?)])(1 )(2 )(3 )]
9: 2de67392-b7a7-462a-b1ca-108dd189f588, 1, 0 [(0 [0x00000000, 1, 0], [(?)( 1 0x00000000)(?)( 2 0x00000000 0 0 msft:rm/algorithm/volume/1.0 0x00000000 254791)(?)(?)( 10 0x00000000 msft:rm/algorithm/flags/1.0)(?)])(1 )(2 )(3 )]
10: 2ffd8952-423e-4903-b993-72a1aa44cf82, 1, 0 [(0 [0xC004F014, 0, 0], [(?)(?)(?)(?)(?)(?)(?)(?)])(1 )(2 )(3 )]
11: 30a42c86-b7a0-4a34-8c90-ff177cb2acb7, 1, 0 [(0 [0xC004F014, 0, 0], [(?)(?)(?)(?)(?)(?)(?)(?)])(1 )(2 )(3 )]
12: 345a5db0-d94f-4e3b-a0c0-7c42f7bc3ebf, 1, 0 [(0 [0xC004F014, 0, 0], [(?)(?)(?)(?)(?)(?)(?)(?)])(1 )(2 )(3 )]
13: 3502365a-f88a-4ba4-822a-5769d3073b65, 1, 0 [(0 [0xC004F014, 0, 0], [(?)(?)(?)(?)(?)(?)(?)(?)])(1 )(2 )(3 )]
14: 377333b1-8b5d-48d6-9679-1225c872d37c, 1, 0 [(0 [0xC004F014, 0, 0], [(?)(?)(?)(?)(?)(?)(?)(?)])(1 )(2 )(3 )]
15: 3df374ef-d444-4494-a5a1-4b0d9fd0e203, 1, 0 [(0 [0xC004F014, 0, 0], [(?)(?)(?)(?)(?)(?)(?)(?)])(1 )(2 )(3 )]
16: 3f1afc82-f8ac-4f6c-8005-1d233e606eee, 1, 0 [(0 [0xC004F014, 0, 0], [(?)(?)(?)(?)(?)(?)(?)(?)])(1 )(2 )(3 )]
17: 49cd895b-53b2-4dc4-a5f7-b18aa019ad37, 1, 0 [(0 [0xC004F014, 0, 0], [(?)(?)(?)(?)(?)(?)(?)(?)])(1 )(2 )(3 )]
18: 4de7cb65-cdf1-4de9-8ae8-e3cce27b9f2c, 1, 0 [(0 [0xC004F014, 0, 0], [(?)(?)(?)(?)(?)(?)(?)(?)])(1 )(2 )(3 )]
19: 4f3da0d2-271d-4508-ae81-626b60809a38, 1, 0 [(0 [0xC004F014, 0, 0], [(?)(?)(?)(?)(?)(?)(?)(?)])(1 )(2 )(3 )]
20: 5d78c4e9-aeb3-4b40-8ac2-6a6005e0ad6d, 1, 0 [(0 [0xC004F014, 0, 0], [(?)(?)(?)(?)(?)(?)(?)(?)])(1 )(2 )(3 )]
21: 60b3ec1b-9545-4921-821f-311b129dd6f6, 1, 0 [(0 [0xC004F014, 0, 0], [(?)(?)(?)(?)(?)(?)(?)(?)])(1 )(2 )(3 )]
22: 613d217f-7f13-4268-9907-1662339531cd, 1, 0 [(0 [0xC004F014, 0, 0], [(?)(?)(?)(?)(?)(?)(?)(?)])(1 )(2 )(3 )]
23: 62f0c100-9c53-4e02-b886-a3528ddfe7f6, 1, 0 [(0 [0xC004F014, 0, 0], [(?)(?)(?)(?)(?)(?)(?)(?)])(1 )(2 )(3 )]
24: 6365275e-368d-46ca-a0ef-fc0404119333, 1, 0 [(0 [0xC004F014, 0, 0], [(?)(?)(?)(?)(?)(?)(?)(?)])(1 )(2 )(3 )]
25: 721f9237-9341-4453-a661-09e8baa6cca5, 1, 0 [(0 [0xC004F014, 0, 0], [(?)(?)(?)(?)(?)(?)(?)(?)])(1 )(2 )(3 )]
26: 73111121-5638-40f6-bc11-f1d7b0d64300, 1, 0 [(0 [0xC004F014, 0, 0], [(?)(?)(?)(?)(?)(?)(?)(?)])(1 )(2 )(3 )]
27: 7a802526-4c94-4bd1-ba14-835a1aca2120, 1, 0 [(0 [0xC004F014, 0, 0], [(?)(?)(?)(?)(?)(?)(?)(?)])(1 )(2 )(3 )]
28: 7cb546c0-c7d5-44d8-9a5c-69ecdd782b69, 1, 0 [(0 [0xC004F014, 0, 0], [(?)(?)(?)(?)(?)(?)(?)(?)])(1 )(2 )(3 )]
29: 82bbc092-bc50-4e16-8e18-b74fc486aec3, 1, 0 [(0 [0xC004F014, 0, 0], [(?)(?)(?)(?)(?)(?)(?)(?)])(1 )(2 )(3 )]
30: 8ab9bdd1-1f67-4997-82d9-8878520837d9, 1, 0 [(0 [0xC004F014, 0, 0], [(?)(?)(?)(?)(?)(?)(?)(?)])(1 )(2 )(3 )]
31: 8b351c9c-f398-4515-9900-09df49427262, 1, 0 [(0 [0xC004F014, 0, 0], [(?)(?)(?)(?)(?)(?)(?)(?)])(1 )(2 )(3 )]
32: 90da7373-1c51-430b-bf26-c97e9c5cdc31, 1, 0 [(0 [0xC004F014, 0, 0], [(?)(?)(?)(?)(?)(?)(?)(?)])(1 )(2 )(3 )]
33: 92fb8726-92a8-4ffc-94ce-f82e07444653, 1, 0 [(0 [0xC004F014, 0, 0], [(?)(?)(?)(?)(?)(?)(?)(?)])(1 )(2 )(3 )]
34: 95dca82f-385d-4d39-b85b-5c73fa285d6f, 1, 0 [(0 [0xC004F014, 0, 0], [(?)(?)(?)(?)(?)(?)(?)(?)])(1 )(2 )(3 )]
35: a48938aa-62fa-4966-9d44-9f04da3f72f2, 1, 0 [(0 [0xC004F014, 0, 0], [(?)(?)(?)(?)(?)(?)(?)(?)])(1 )(2 )(3 )]
36: b0773a15-df3a-4312-9ad2-83d69648e356, 1, 0 [(0 [0xC004F014, 0, 0], [(?)(?)(?)(?)(?)(?)(?)(?)])(1 )(2 )(3 )]
37: b4bfe195-541e-4e64-ad23-6177f19e395e, 1, 0 [(0 [0xC004F014, 0, 0], [(?)(?)(?)(?)(?)(?)(?)(?)])(1 )(2 )(3 )]
38: b68e61d2-68ca-4757-be45-0cc2f3e68eee, 1, 0 [(0 [0xC004F014, 0, 0], [(?)(?)(?)(?)(?)(?)(?)(?)])(1 )(2 )(3 )]
39: bd3762d7-270d-4760-8fb3-d829ca45278a, 1, 0 [(0 [0xC004F014, 0, 0], [(?)(?)(?)(?)(?)(?)(?)(?)])(1 )(2 )(3 )]
40: c86d5194-4840-4dae-9c1c-0301003a5ab0, 1, 0 [(0 [0xC004F014, 0, 0], [(?)(?)(?)(?)(?)(?)(?)(?)])(1 )(2 )(3 )]
41: ca7df2e3-5ea0-47b8-9ac1-b1be4d8edd69, 1, 0 [(0 [0xC004F014, 0, 0], [(?)(?)(?)(?)(?)(?)(?)(?)])(1 )(2 )(3 )]
42: d552befb-48cc-4327-8f39-47d2d94f987c, 1, 0 [(0 [0xC004F014, 0, 0], [(?)(?)(?)(?)(?)(?)(?)(?)])(1 )(2 )(3 )]
43: d6eadb3b-5ca8-4a6b-986e-35b550756111, 1, 0 [(0 [0xC004F014, 0, 0], [(?)(?)(?)(?)(?)(?)(?)(?)])(1 )(2 )(3 )]
44: df96023b-dcd9-4be2-afa0-c6c871159ebe, 1, 0 [(0 [0xC004F014, 0, 0], [(?)(?)(?)(?)(?)(?)(?)(?)])(1 )(2 )(3 )]
45: e0c42288-980c-4788-a014-c080d2e1926e, 1, 0 [(0 [0xC004F014, 0, 0], [(?)(?)(?)(?)(?)(?)(?)(?)])(1 )(2 )(3 )]
46: e4db50ea-bda1-4566-b047-0ca50abc6f07, 1, 0 [(0 [0xC004F014, 0, 0], [(?)(?)(?)(?)(?)(?)(?)(?)])(1 )(2 )(3 )]
47: e558417a-5123-4f6f-91e7-385c1c7ca9d4, 1, 0 [(0 [0xC004F014, 0, 0], [(?)(?)(?)(?)(?)(?)(?)(?)])(1 )(2 )(3 )]
48: e7a950a2-e548-4f10-bf16-02ec848e0643, 1, 0 [(0 [0xC004F014, 0, 0], [(?)(?)(?)(?)(?)(?)(?)(?)])(1 )(2 )(3 )]
49: eb6d346f-1c60-4643-b960-40ec31596c45, 1, 0 [(0 [0xC004F014, 0, 0], [(?)(?)(?)(?)(?)(?)(?)(?)])(1 )(2 )(3 )]
50: ec868e65-fadf-4759-b23e-93fe37f2cc29, 1, 0 [(0 [0xC004F014, 0, 0], [(?)(?)(?)(?)(?)(?)(?)(?)])(1 )(2 )(3 )]
51: ef51e000-2659-4f25-8345-3de70a9cf4c4, 1, 0 [(0 [0xC004F014, 0, 0], [(?)(?)(?)(?)(?)(?)(?)(?)])(1 )(2 )(3 )]
52: f7af7d09-40e4-419c-a49b-eae366689ebd, 1, 0 [(0 [0xC004F014, 0, 0], [(?)(?)(?)(?)(?)(?)(?)(?)])(1 )(2 )(3 )]
53: fa755fe6-6739-40b9-8d84-6d0ea3b6d1ab, 1, 0 [(0 [0xC004F014, 0, 0], [(?)(?)(?)(?)(?)(?)(?)(?)])(1 )(2 )(3 )]
54: fe74f55b-0338-41d6-b267-4a201abe7285, 1, 0 [(0 [0xC004F014, 0, 0], [(?)(?)(?)(?)(?)(?)(?)(?)])(1 )(2 )(3 )]

"
"Information","12/13/2024 3:10:35 PM","Microsoft-Windows-Security-SPP","1033",,"These policies are being excluded since they are only defined with override-only attribute.
Policy Names=(Security-SPP-Reserved-EnableNotificationMode) 
App Id=55c92734-d682-4d71-983e-d6ec3f16059f
Sku Id=2de67392-b7a7-462a-b1ca-108dd189f588"
"Information","12/13/2024 3:10:35 PM","Microsoft-Windows-Security-SPP","1034",,"Duplicate definition of policy found. Policy name=Security-SPP-IgnoreDeferredActivation  Priority=500"
"Information","12/13/2024 3:10:35 PM","Microsoft-Windows-Security-SPP","1034",,"Duplicate definition of policy found. Policy name=AAD-BlockAADWorkplaceJoin-Default  Priority=100"
"Information","12/13/2024 3:10:35 PM","Microsoft-Windows-Security-SPP","1034",,"Duplicate definition of policy found. Policy name=AAD-BlockAADWorkplaceJoin-Default  Priority=100"
"Information","12/13/2024 3:10:35 PM","Microsoft-Windows-Security-SPP","1034",,"Duplicate definition of policy found. Policy name=AAD-BlockAADWorkplaceJoin-Default  Priority=100"
"Information","12/13/2024 3:10:35 PM","Microsoft-Windows-Security-SPP","1034",,"Duplicate definition of policy found. Policy name=AAD-BlockAADWorkplaceJoin-Default  Priority=100"
"Information","12/13/2024 3:10:35 PM","Microsoft-Windows-Security-SPP","1034",,"Duplicate definition of policy found. Policy name=AAD-BlockAADWorkplaceJoin-Default  Priority=100"
"Information","12/13/2024 3:10:35 PM","Microsoft-Windows-Security-SPP","1034",,"Duplicate definition of policy found. Policy name=AAD-BlockAADWorkplaceJoin-Default  Priority=100"
"Information","12/13/2024 3:10:35 PM","Microsoft-Windows-Security-SPP","1034",,"Duplicate definition of policy found. Policy name=AAD-BlockAADWorkplaceJoin-Default  Priority=100"
"Information","12/13/2024 3:10:35 PM","Microsoft-Windows-Security-SPP","1034",,"Duplicate definition of policy found. Policy name=AAD-BlockAADWorkplaceJoin-Default  Priority=100"
"Information","12/13/2024 3:10:35 PM","Microsoft-Windows-Security-SPP","1034",,"Duplicate definition of policy found. Policy name=AAD-BlockAADWorkplaceJoin-Default  Priority=100"
"Information","12/13/2024 3:10:35 PM","Microsoft-Windows-Security-SPP","1034",,"Duplicate definition of policy found. Policy name=AAD-BlockAADWorkplaceJoin-Default  Priority=100"
"Information","12/13/2024 3:10:35 PM","Microsoft-Windows-Security-SPP","1040",,"Hardware has changed from previous boot.
 AppId=55c92734-d682-4d71-983e-d6ec3f16059f, SkuId=2de67392-b7a7-462a-b1ca-108dd189f588."
"Information","12/13/2024 3:10:34 PM","Microsoft-Windows-Security-SPP","1066",,"Initialization status for service objects.
C:\Windows\system32\sppwinob.dll, msft:spp/windowsfunctionality/agent/7.0, 0x00000000, 0x00000000
C:\Windows\system32\sppobjs.dll, msft:rm/algorithm/inherited/1.0, 0x00000000, 0x00000000
C:\Windows\system32\sppobjs.dll, msft:rm/algorithm/phone/1.0, 0x00000000, 0x00000000
C:\Windows\system32\sppobjs.dll, msft:rm/algorithm/pkey/detect, 0x00000000, 0x00000000
C:\Windows\system32\sppobjs.dll, msft:spp/ActionScheduler/1.0, 0x00000000, 0x00000000
C:\Windows\system32\sppobjs.dll, msft:spp/TaskScheduler/1.0, 0x00000000, 0x00000000
C:\Windows\system32\sppobjs.dll, msft:spp/statecollector/pkey, 0x00000000, 0x00000000
C:\Windows\system32\sppobjs.dll, msft:spp/volume/services/kms/1.0, 0x00000000, 0x00000000
C:\Windows\system32\sppobjs.dll, msft:spp/volume/services/kms/activationinfo/1.0, 0x00000000, 0x00000000
"
"Information","12/13/2024 3:10:33 PM","Microsoft-Windows-Security-SPP","16394",,"Offline downlevel migration succeeded."
"Information","12/13/2024 3:10:33 PM","Microsoft-Windows-Security-SPP","900",,"The Software Protection service is starting.
Parameters:TriggerStarted:6"
"Information","12/13/2024 3:09:26 PM","Microsoft-Windows-Search","1003","Search service","The Windows Search Service started.
"
"Information","12/13/2024 3:09:16 PM","Microsoft-Windows-Winlogon","6000",,"The winlogon notification subscriber <SessionEnv> was unavailable to handle a notification event."
"Information","12/13/2024 3:09:16 PM","Microsoft-Windows-Winlogon","6003",,"The winlogon notification subscriber <SessionEnv> was unavailable to handle a critical notification event."
"Warning","12/13/2024 3:08:53 PM","Microsoft-Windows-WMI","63",,"A provider, IntelMEProv, has been registered in the Windows Management Instrumentation namespace root\Intel_ME to use the LocalSystem account. This account is privileged and the provider may cause a security violation if it does not correctly impersonate user requests."
"Warning","12/13/2024 3:08:53 PM","Microsoft-Windows-WMI","63",,"A provider, IntelMEProv, has been registered in the Windows Management Instrumentation namespace root\Intel_ME to use the LocalSystem account. This account is privileged and the provider may cause a security violation if it does not correctly impersonate user requests."
"Warning","12/13/2024 3:08:53 PM","Microsoft-Windows-WMI","63",,"A provider, IntelMEProv, has been registered in the Windows Management Instrumentation namespace root\Intel_ME to use the LocalSystem account. This account is privileged and the provider may cause a security violation if it does not correctly impersonate user requests."
"Information","12/13/2024 3:08:53 PM","WMIRegistrationService","2",,"Intel(R) WMI Registration Service has successfully finished WMI Registration."
"Information","12/13/2024 3:08:52 PM","OpenVpnService","0",,"Service started successfully."
,"12/13/2024 3:08:52 PM","AsusUpdateCheck","0",,
"Information","12/13/2024 3:08:50 PM","Microsoft-Windows-WMI","5617",,"Windows Management Instrumentation Service subsystems initialized successfully"
"Information","12/13/2024 3:08:50 PM","WMIRegistrationService","0",,"Intel(R) WMI Registration Service started."
"Information","12/13/2024 3:08:48 PM","Microsoft-Windows-WMI","5615",,"Windows Management Instrumentation Service started sucessfully"
,"12/13/2024 3:08:48 PM","AsusUpdateCheck","0",,
"Information","12/13/2024 3:08:48 PM","IntelDalJhi","0",,"Intel(R) Dynamic Application Loader Host Interface Service started."
"Information","12/13/2024 3:08:46 PM","Microsoft-Windows-User Profiles Service","1531",,"The User Profile Service has started successfully.  

"
"Information","12/13/2024 3:08:17 PM","Microsoft-Windows-User Profiles Service","1532",,"The User Profile Service has stopped.  

"
"Information","12/13/2024 3:08:08 PM","Microsoft-Windows-Winlogon","6000",,"The winlogon notification subscriber <Dot3svc> was unavailable to handle a notification event."
"Information","12/13/2024 3:08:08 PM","Microsoft-Windows-Winlogon","6000",,"The winlogon notification subscriber <SessionEnv> was unavailable to handle a notification event."
"Information","12/13/2024 3:08:08 PM","Microsoft-Windows-Winlogon","6000",,"The winlogon notification subscriber <WSearch> was unavailable to handle a notification event."
"Warning","12/13/2024 2:59:54 PM","Chrome","256","Browser Events","[16548:18872:1213/145954.946:WARNING:remote_commands_service.cc(221)] Client is not registered."
"Information","12/13/2024 2:36:47 PM","SecurityCenter","15",,"Updated Windows Defender status successfully to SECURITY_PRODUCT_STATE_ON."
"Information","12/13/2024 2:36:45 PM","SecurityCenter","15",,"Updated Windows Defender status successfully to SECURITY_PRODUCT_STATE_ON."
"Information","12/13/2024 2:35:43 PM","Microsoft-Windows-Security-SPP","16384",,"Successfully scheduled Software Protection service for re-start at 2024-12-17T05:40:43Z. Reason: RulesEngine."
"Information","12/13/2024 2:35:13 PM","Microsoft-Windows-Security-SPP","16394",,"Offline downlevel migration succeeded."
"Information","12/13/2024 2:12:13 PM","Microsoft-Windows-Security-SPP","16384",,"Successfully scheduled Software Protection service for re-start at 2024-12-17T05:40:13Z. Reason: RulesEngine."
"Information","12/13/2024 2:11:42 PM","Microsoft-Windows-Security-SPP","16394",,"Offline downlevel migration succeeded."
"Information","12/13/2024 1:36:29 PM","Microsoft-Windows-Security-SPP","16384",,"Successfully scheduled Software Protection service for re-start at 2024-12-17T05:40:29Z. Reason: RulesEngine."
"Information","12/13/2024 1:35:58 PM","Microsoft-Windows-Security-SPP","16394",,"Offline downlevel migration succeeded."
"Information","12/13/2024 1:31:32 PM","Microsoft-Windows-Security-SPP","16384",,"Successfully scheduled Software Protection service for re-start at 2024-12-17T05:40:32Z. Reason: RulesEngine."
"Information","12/13/2024 1:31:01 PM","Microsoft-Windows-Security-SPP","16394",,"Offline downlevel migration succeeded."
"Information","12/13/2024 1:30:23 PM","Microsoft-Windows-Security-SPP","16384",,"Successfully scheduled Software Protection service for re-start at 2024-12-17T05:40:23Z. Reason: RulesEngine."
"Information","12/13/2024 1:29:23 PM","Microsoft-Windows-Security-SPP","16394",,"Offline downlevel migration succeeded."
"Information","12/13/2024 1:24:46 PM","SecurityCenter","15",,"Updated Windows Defender status successfully to SECURITY_PRODUCT_STATE_ON."
"Information","12/13/2024 1:21:57 PM","Microsoft-Windows-Security-SPP","16384",,"Successfully scheduled Software Protection service for re-start at 2024-12-17T05:40:57Z. Reason: RulesEngine."
"Information","12/13/2024 1:21:27 PM","Microsoft-Windows-Security-SPP","16394",,"Offline downlevel migration succeeded."
"Information","12/13/2024 1:21:03 PM","Microsoft-Windows-Security-SPP","16384",,"Successfully scheduled Software Protection service for re-start at 2024-12-17T05:41:03Z. Reason: RulesEngine."
"Information","12/13/2024 1:20:17 PM","Microsoft-Windows-Security-SPP","16394",,"Offline downlevel migration succeeded."
"Information","12/13/2024 1:20:00 PM","Microsoft-Windows-Security-SPP","16384",,"Successfully scheduled Software Protection service for re-start at 2024-12-17T05:41:00Z. Reason: RulesEngine."
"Information","12/13/2024 1:19:06 PM","Microsoft-Windows-Security-SPP","16394",,"Offline downlevel migration succeeded."
"Information","12/13/2024 1:17:08 PM","Windows Error Reporting","1001",,"Fault bucket , type 0
Event Name: AppHangTransient
Response: Not available
Cab Id: 0

Problem signature:
P1: explorer.exe
P2: 10.0.22621.4541
P3: 5136cabe
P4: unknown
P5: unknown
P6: unknown
P7: unknown
P8: 
P9: 
P10: 

Attached files:
\\?\C:\ProgramData\Microsoft\Windows\WER\Temp\WER.3e5bd2dc-125b-4d2d-84f0-130ae09350a6.tmp.WERInternalMetadata.xml
\\?\C:\ProgramData\Microsoft\Windows\WER\ReportQueue\AppHang_explorer.exe_af94f5bf89c04844a8bf2c699c352c65c31777_00000000_cab_06fef22f-96ec-4f28-8f64-58172c3c32bd\WPR_initiated_DiagTrackMiniLogger_OneTrace_User_Logger_20240808_1_EC_0_inject.etl
\\?\C:\ProgramData\Microsoft\Windows\WER\Temp\WER.19a85f13-c198-4f25-96f2-0046842eb0c8.tmp.etl
\\?\C:\ProgramData\Microsoft\Windows\WER\ReportQueue\AppHang_explorer.exe_af94f5bf89c04844a8bf2c699c352c65c31777_00000000_cab_06fef22f-96ec-4f28-8f64-58172c3c32bd\WPR_initiated_DiagTrackMiniLogger_WPR System Collector_inject.etl
\\?\C:\ProgramData\Microsoft\Windows\WER\Temp\WER.dc945723-4ad3-40ce-81cf-76ea80741337.tmp.etl
\\?\C:\ProgramData\Microsoft\Windows\WER\Temp\WER.58442721-fb0a-4a4f-9c46-1bb7d4b88630.tmp.csv
\\?\C:\ProgramData\Microsoft\Windows\WER\Temp\WER.63b2411f-c79e-4f2a-a33c-3516eb9f0ce6.tmp.txt
\\?\C:\ProgramData\Microsoft\Windows\WER\Temp\WER.e95504d4-785a-46fe-a71b-f41df5394f0e.tmp.xml

These files may be available here:
\\?\C:\ProgramData\Microsoft\Windows\WER\ReportQueue\AppHang_explorer.exe_af94f5bf89c04844a8bf2c699c352c65c31777_00000000_cab_06fef22f-96ec-4f28-8f64-58172c3c32bd

Analysis symbol: 
Rechecking for solution: 0
Report Id: 9ee195b5-86a0-49b4-8414-11325b329afa
Report Status: 2147491840
Hashed bucket: 
Cab Guid: 0"
"Information","12/13/2024 1:17:01 PM","Windows Error Reporting","1001",,"Fault bucket , type 0
Event Name: AppHangTransient
Response: Not available
Cab Id: 0

Problem signature:
P1: explorer.exe
P2: 10.0.22621.4541
P3: 5136cabe
P4: unknown
P5: unknown
P6: unknown
P7: unknown
P8: 
P9: 
P10: 

Attached files:
\\?\C:\ProgramData\Microsoft\Windows\WER\Temp\WER.3e5bd2dc-125b-4d2d-84f0-130ae09350a6.tmp.WERInternalMetadata.xml
\\?\C:\ProgramData\Microsoft\Windows\WER\ReportQueue\AppHang_explorer.exe_af94f5bf89c04844a8bf2c699c352c65c31777_00000000_cab_06fef22f-96ec-4f28-8f64-58172c3c32bd\WPR_initiated_DiagTrackMiniLogger_OneTrace_User_Logger_20240808_1_EC_0_inject.etl
\\?\C:\ProgramData\Microsoft\Windows\WER\Temp\WER.19a85f13-c198-4f25-96f2-0046842eb0c8.tmp.etl
\\?\C:\ProgramData\Microsoft\Windows\WER\ReportQueue\AppHang_explorer.exe_af94f5bf89c04844a8bf2c699c352c65c31777_00000000_cab_06fef22f-96ec-4f28-8f64-58172c3c32bd\WPR_initiated_DiagTrackMiniLogger_WPR System Collector_inject.etl
\\?\C:\ProgramData\Microsoft\Windows\WER\Temp\WER.dc945723-4ad3-40ce-81cf-76ea80741337.tmp.etl
\\?\C:\ProgramData\Microsoft\Windows\WER\Temp\WER.58442721-fb0a-4a4f-9c46-1bb7d4b88630.tmp.csv
\\?\C:\ProgramData\Microsoft\Windows\WER\Temp\WER.63b2411f-c79e-4f2a-a33c-3516eb9f0ce6.tmp.txt
\\?\C:\ProgramData\Microsoft\Windows\WER\Temp\WER.e95504d4-785a-46fe-a71b-f41df5394f0e.tmp.xml

These files may be available here:
\\?\C:\ProgramData\Microsoft\Windows\WER\ReportQueue\AppHang_explorer.exe_af94f5bf89c04844a8bf2c699c352c65c31777_00000000_cab_06fef22f-96ec-4f28-8f64-58172c3c32bd

Analysis symbol: 
Rechecking for solution: 0
Report Id: 9ee195b5-86a0-49b4-8414-11325b329afa
Report Status: 5
Hashed bucket: 
Cab Guid: 0"
"Information","12/13/2024 1:14:45 PM","edgeupdate","0",,"Service stopped."
"Information","12/13/2024 1:14:22 PM","Microsoft-Windows-Winlogon","6000",,"The winlogon notification subscriber <SessionEnv> was unavailable to handle a notification event."
"Information","12/13/2024 1:14:22 PM","Microsoft-Windows-Winlogon","6003",,"The winlogon notification subscriber <SessionEnv> was unavailable to handle a critical notification event."
"Information","12/12/2024 10:02:23 PM","Microsoft-Windows-Winlogon","6000",,"The winlogon notification subscriber <Dot3svc> was unavailable to handle a notification event."
"Information","12/12/2024 10:02:23 PM","Microsoft-Windows-Winlogon","6000",,"The winlogon notification subscriber <SessionEnv> was unavailable to handle a notification event."
"Information","12/12/2024 10:02:23 PM","Microsoft-Windows-Winlogon","6000",,"The winlogon notification subscriber <WSearch> was unavailable to handle a notification event."
"Information","12/12/2024 10:02:22 PM","Desktop Window Manager","9027",,"The Desktop Window Manager has registered the session port."
"Information","12/12/2024 10:02:22 PM","Microsoft-Windows-Winlogon","6003",,"The winlogon notification subscriber <TrustedInstaller> was unavailable to handle a critical notification event."
"Information","12/12/2024 9:50:49 PM","Microsoft-Windows-Security-SPP","16384",,"Successfully scheduled Software Protection service for re-start at 2024-12-17T05:40:49Z. Reason: RulesEngine."
"Information","12/12/2024 9:50:19 PM","Microsoft-Windows-Security-SPP","1040",,"Hardware has changed from previous boot.
 AppId=55c92734-d682-4d71-983e-d6ec3f16059f, SkuId=2de67392-b7a7-462a-b1ca-108dd189f588."
"Information","12/12/2024 9:50:19 PM","Microsoft-Windows-Security-SPP","16394",,"Offline downlevel migration succeeded."
"Information","12/12/2024 9:43:39 PM","Microsoft-Windows-Security-SPP","16384",,"Successfully scheduled Software Protection service for re-start at 2024-12-17T05:40:39Z. Reason: RulesEngine."
"Information","12/12/2024 9:43:09 PM","Microsoft-Windows-Security-SPP","1040",,"Hardware has changed from previous boot.
 AppId=55c92734-d682-4d71-983e-d6ec3f16059f, SkuId=2de67392-b7a7-462a-b1ca-108dd189f588."
"Information","12/12/2024 9:43:09 PM","Microsoft-Windows-Security-SPP","16394",,"Offline downlevel migration succeeded."
"Information","12/12/2024 9:07:13 PM","VSS","8224",,"The VSS service is shutting down due to idle timeout. "
"Information","12/12/2024 9:07:12 PM","Microsoft-Windows-Security-SPP","16384",,"Successfully scheduled Software Protection service for re-start at 2024-12-17T05:40:12Z. Reason: RulesEngine."
"Information","12/12/2024 9:06:39 PM","Microsoft-Windows-Security-SPP","1040",,"Hardware has changed from previous boot.
 AppId=55c92734-d682-4d71-983e-d6ec3f16059f, SkuId=2de67392-b7a7-462a-b1ca-108dd189f588."
"Information","12/12/2024 9:06:38 PM","Microsoft-Windows-Security-SPP","16394",,"Offline downlevel migration succeeded."
"Information","12/12/2024 9:04:30 PM","Microsoft-Windows-Defrag","258",,"The storage optimizer successfully completed defragmentation on New Volume (D:)"
"Information","12/12/2024 9:04:29 PM","Microsoft-Windows-Defrag","258",,"The storage optimizer successfully completed retrim on New Volume (D:)"
"Information","12/12/2024 9:04:13 PM","Chkdsk","26226",,"Chkdsk was executed in scan mode on a volume snapshot.  

Checking file system on D:
Volume label is New Volume.

Stage 1: Examining basic file system structure ...
  256 file records processed.                                                        
File verification completed.
 Phase duration (File record verification): 27.74 milliseconds.
  0 large file records processed.                                   
 Phase duration (Orphan file record recovery): 1.32 milliseconds.
  0 bad file records processed.                                     
 Phase duration (Bad file record checking): 3.40 milliseconds.

Stage 2: Examining file name linkage ...
  278 index entries processed.                                                       
Index verification completed.
 Phase duration (Index verification): 17.87 milliseconds.

 Phase duration (Orphan reconnection): 7.66 milliseconds.

 Phase duration (Orphan recovery to lost and found): 9.79 milliseconds.
  0 reparse records processed.                                      
  0 reparse records processed.                                      
 Phase duration (Reparse point and Object ID verification): 5.24 milliseconds.

Stage 3: Examining security descriptors ...
Security descriptor verification completed.
 Phase duration (Security descriptor verification): 20.42 milliseconds.
  11 data files processed.                                           
 Phase duration (Data attribute verification): 4.89 milliseconds.

Windows has scanned the file system and found no problems.
No further action is required.

 124913663 KB total disk space.
   6250848 KB in 7 files.
        72 KB in 13 indexes.
     70023 KB in use by the system.
     65536 KB occupied by the log file.
 118592720 KB available on disk.

      4096 bytes in each allocation unit.
  31228415 total allocation units on disk.
  29648180 allocation units available on disk.
Total duration: 98.44 milliseconds (98 ms).

----------------------------------------------------------------------


Stage 1: Examining basic file system structure ...

Stage 2: Examining file name linkage ...

Stage 3: Examining security descriptors ...
"
"Information","12/12/2024 8:21:06 PM","Microsoft-Windows-Security-SPP","16384",,"Successfully scheduled Software Protection service for re-start at 2024-12-17T05:40:06Z. Reason: RulesEngine."
"Information","12/12/2024 8:20:35 PM","Microsoft-Windows-Security-SPP","16394",,"Offline downlevel migration succeeded."
"Information","12/12/2024 7:32:49 PM","Microsoft-Windows-Security-SPP","16384",,"Successfully scheduled Software Protection service for re-start at 2024-12-17T05:40:49Z. Reason: RulesEngine."
"Information","12/12/2024 7:32:17 PM","Microsoft-Windows-Security-SPP","16394",,"Offline downlevel migration succeeded."
"Information","12/12/2024 7:17:20 PM","Microsoft-Windows-Security-SPP","16384",,"Successfully scheduled Software Protection service for re-start at 2024-12-17T05:40:20Z. Reason: RulesEngine."
"Information","12/12/2024 7:16:50 PM","Microsoft-Windows-Security-SPP","16394",,"Offline downlevel migration succeeded."
"Information","12/12/2024 5:39:12 PM","Microsoft-Windows-Security-SPP","16384",,"Successfully scheduled Software Protection service for re-start at 2024-12-17T05:40:12Z. Reason: RulesEngine."
"Information","12/12/2024 5:38:41 PM","Microsoft-Windows-Security-SPP","16394",,"Offline downlevel migration succeeded."
"Information","12/12/2024 5:35:29 PM","Microsoft-Windows-Security-SPP","16384",,"Successfully scheduled Software Protection service for re-start at 2024-12-17T05:40:29Z. Reason: RulesEngine."
"Information","12/12/2024 5:34:58 PM","Microsoft-Windows-Security-SPP","16394",,"Offline downlevel migration succeeded."
"Information","12/12/2024 5:30:08 PM","edgeupdatem","0",,"Service stopped."
"Information","12/12/2024 5:30:08 PM","edgeupdatem","0",,"Service stopped."
"Information","12/12/2024 5:28:54 PM","Microsoft-Windows-System-Restore","8302",,"Scoping successfully completed for shadowcopy \\?\GLOBALROOT\Device\HarddiskVolumeShadowCopy2."
"Information","12/12/2024 5:28:54 PM","Microsoft-Windows-System-Restore","8301",,"Scoping completed for shadowcopy \\?\GLOBALROOT\Device\HarddiskVolumeShadowCopy2."
"Information","12/12/2024 5:26:49 PM","VSS","8224",,"The VSS service is shutting down due to idle timeout. "
"Information","12/12/2024 5:25:04 PM","Windows Error Reporting","1001",,"Fault bucket 2214192241655276091, type 5
Event Name: RADAR_PRE_LEAK_64
Response: Not available
Cab Id: 0

Problem signature:
P1: Ld9BoxHeadless.exe
P2: 6.1.36.2435
P3: 10.0.22631.2.0.0
P4: 
P5: 
P6: 
P7: 
P8: 
P9: 
P10: 

Attached files:
\\?\C:\Users\Admin\AppData\Local\Temp\RDR56FF.tmp\empty.txt
\\?\C:\ProgramData\Microsoft\Windows\WER\Temp\WER.33d11e3f-1323-4dfd-ae28-8a8277c99462.tmp.WERInternalMetadata.xml
WPR_initiated_DiagTrackMiniLogger_OneTrace_User_Logger_20240808_1_EC_0_inject.etl
\\?\C:\ProgramData\Microsoft\Windows\WER\Temp\WER.c456a153-1ad5-4610-8edb-9de870939dcb.tmp.etl
WPR_initiated_DiagTrackMiniLogger_WPR System Collector_inject.etl
\\?\C:\ProgramData\Microsoft\Windows\WER\Temp\WER.398e69f7-e275-40db-8875-cd34ff6737d9.tmp.etl
\\?\C:\ProgramData\Microsoft\Windows\WER\Temp\WER.e5eee7e6-9549-4b33-ac2b-637d80f240b6.tmp.csv
\\?\C:\ProgramData\Microsoft\Windows\WER\Temp\WER.fdaf01ca-b22d-4d3f-827c-185f42be8dd5.tmp.txt
\\?\C:\ProgramData\Microsoft\Windows\WER\Temp\WER.0bd0b72f-df38-45d9-9b7f-cbd6d23879ae.tmp.xml

These files may be available here:
NULL

Analysis symbol: 
Rechecking for solution: 0
Report Id: 5903e4e7-c751-492b-8f92-8be900bfd631
Report Status: 268435456
Hashed bucket: 1128227edf3ecb4bfeba641ccc49e23b
Cab Guid: 0"
"Information","12/12/2024 5:23:49 PM","System Restore","8216",,"Skipping creation of restore point (Process = C:\Windows\winsxs\amd64_microsoft-windows-servicingstack_31bf3856ad364e35_10.0.22621.4539_none_e93c873242e7959b\TiWorker.exe -Embedding; Description = Windows Modules Installer) as there is a restore point avaliable which is recent enough for System Restore."
"Information","12/12/2024 5:23:48 PM","System Restore","8216",,"Skipping creation of restore point (Process = C:\Windows\winsxs\amd64_microsoft-windows-servicingstack_31bf3856ad364e35_10.0.22621.4539_none_e93c873242e7959b\TiWorker.exe -Embedding; Description = Windows Modules Installer) as there is a restore point avaliable which is recent enough for System Restore."
"Information","12/12/2024 5:23:46 PM","Microsoft-Windows-System-Restore","8300",,"Scoping started for shadowcopy \\?\GLOBALROOT\Device\HarddiskVolumeShadowCopy2."
"Information","12/12/2024 5:23:46 PM","System Restore","8216",,"Skipping creation of restore point (Process = C:\Windows\winsxs\amd64_microsoft-windows-servicingstack_31bf3856ad364e35_10.0.22621.4539_none_e93c873242e7959b\TiWorker.exe -Embedding; Description = Windows Modules Installer) as there is a restore point avaliable which is recent enough for System Restore."
"Information","12/12/2024 5:23:45 PM","System Restore","8216",,"Skipping creation of restore point (Process = C:\Windows\winsxs\amd64_microsoft-windows-servicingstack_31bf3856ad364e35_10.0.22621.4539_none_e93c873242e7959b\TiWorker.exe -Embedding; Description = Windows Modules Installer) as there is a restore point avaliable which is recent enough for System Restore."
"Information","12/12/2024 5:23:43 PM","System Restore","8216",,"Skipping creation of restore point (Process = C:\Windows\winsxs\amd64_microsoft-windows-servicingstack_31bf3856ad364e35_10.0.22621.4539_none_e93c873242e7959b\TiWorker.exe -Embedding; Description = Windows Modules Installer) as there is a restore point avaliable which is recent enough for System Restore."
"Information","12/12/2024 5:23:42 PM","System Restore","8216",,"Skipping creation of restore point (Process = C:\Windows\winsxs\amd64_microsoft-windows-servicingstack_31bf3856ad364e35_10.0.22621.4539_none_e93c873242e7959b\TiWorker.exe -Embedding; Description = Windows Modules Installer) as there is a restore point avaliable which is recent enough for System Restore."
"Information","12/12/2024 5:23:41 PM","System Restore","8216",,"Skipping creation of restore point (Process = C:\Windows\winsxs\amd64_microsoft-windows-servicingstack_31bf3856ad364e35_10.0.22621.4539_none_e93c873242e7959b\TiWorker.exe -Embedding; Description = Windows Modules Installer) as there is a restore point avaliable which is recent enough for System Restore."
"Information","12/12/2024 5:23:29 PM","System Restore","8194",,"Successfully created restore point (Process = C:\Windows\winsxs\amd64_microsoft-windows-servicingstack_31bf3856ad364e35_10.0.22621.4539_none_e93c873242e7959b\TiWorker.exe -Embedding; Description = Windows Modules Installer)."
"Information","12/12/2024 5:13:40 PM","Microsoft-Windows-CAPI2","4097",,"Successful auto update of third-party root certificate:: Subject: <OU=Security Communication RootCA2, O=""SECOM Trust Systems CO.,LTD."", C=JP> Sha1 thumbprint: <5F3B8CF2F810B37D78B4CEEC1919C37334B9C774>."
"Information","12/12/2024 5:09:19 PM","Microsoft-Windows-Security-SPP","16384",,"Successfully scheduled Software Protection service for re-start at 2024-12-17T05:40:19Z. Reason: RulesEngine."
"Information","12/12/2024 5:08:47 PM","Microsoft-Windows-Security-SPP","16394",,"Offline downlevel migration succeeded."
"Information","12/12/2024 4:15:22 PM","Microsoft-Windows-Security-SPP","16384",,"Successfully scheduled Software Protection service for re-start at 2024-12-17T05:40:22Z. Reason: RulesEngine."
"Information","12/12/2024 4:14:51 PM","Microsoft-Windows-Security-SPP","1003",,"The Software Protection service has completed licensing status check.
Application Id=0ff1ce15-a989-479d-af46-f275c6370663
Licensing Status=
1: 85dd8b5f-eaa4-4af3-a628-cce9e77c9a03, 1, 1 [(0 [0x00000000, 1, 0], [(?)( 1 0x00000000)(?)( 2 0x00000000 0 0 msft:rm/algorithm/volume/1.0 0x00000000 257566)(?)(?)(?)(?)])(1 )(2 )(3 )]

"
"Information","12/12/2024 4:14:51 PM","Microsoft-Windows-Security-SPP","1003",,"The Software Protection service has completed licensing status check.
Application Id=0ff1ce15-a989-479d-af46-f275c6370663
Licensing Status=
1: 0b4e6cfa-3072-434c-b702-bd1836e6887c, 1, 0 [(0 [0xC004F014, 0, 0], [(?)(?)(?)(?)(?)(?)(?)(?)])(1 )(2 )(3 )]
2: 0bc88885-718c-491d-921f-6f214349e79c, 1, 0 [(0 [0xC004F014, 0, 0], [(?)(?)(?)(?)(?)(?)(?)(?)])(1 )(2 )(3 )]
3: 6755c7a7-4dfe-46f5-bce8-427be8e9dc62, 1, 0 [(0 [0xC004F014, 0, 0], [(?)(?)(?)(?)(?)(?)(?)(?)])(1 )(2 )(3 )]
4: 85dd8b5f-eaa4-4af3-a628-cce9e77c9a03, 1, 0 [(0 [0x00000000, 1, 0], [(?)( 1 0x00000000)(?)( 2 0x00000000 0 0 msft:rm/algorithm/volume/1.0 0x00000000 257566)(?)(?)(?)(?)])(1 )(2 )(3 )]

"
"Information","12/12/2024 4:14:51 PM","Microsoft-Windows-Security-SPP","1033",,"These policies are being excluded since they are only defined with override-only attribute.
Policy Names=(Security-SPP-Reserved-EnableNotificationMode) 
App Id=0ff1ce15-a989-479d-af46-f275c6370663
Sku Id=85dd8b5f-eaa4-4af3-a628-cce9e77c9a03"
"Information","12/12/2024 4:14:51 PM","Microsoft-Windows-Security-SPP","1040",,"Hardware has changed from previous boot.
 AppId=0ff1ce15-a989-479d-af46-f275c6370663, SkuId=85dd8b5f-eaa4-4af3-a628-cce9e77c9a03."
"Information","12/12/2024 4:14:50 PM","Microsoft-Windows-Security-SPP","16394",,"Offline downlevel migration succeeded."
"Information","12/12/2024 3:38:51 PM","Microsoft-Windows-Security-SPP","16384",,"Successfully scheduled Software Protection service for re-start at 2024-12-17T05:40:51Z. Reason: RulesEngine."
"Information","12/12/2024 3:38:20 PM","Microsoft-Windows-Security-SPP","16394",,"Offline downlevel migration succeeded."
"Warning","12/12/2024 3:13:39 PM","Chrome","256","Browser Events","[18952:16408:1212/151339.604:WARNING:remote_commands_service.cc(221)] Client is not registered."
"Information","12/12/2024 2:51:20 PM","Microsoft-Windows-Security-SPP","16384",,"Successfully scheduled Software Protection service for re-start at 2024-12-17T05:40:20Z. Reason: RulesEngine."
"Information","12/12/2024 2:50:49 PM","Microsoft-Windows-Security-SPP","16394",,"Offline downlevel migration succeeded."
"Information","12/12/2024 2:50:04 PM","SecurityCenter","15",,"Updated Windows Defender status successfully to SECURITY_PRODUCT_STATE_ON."
"Information","12/12/2024 2:50:02 PM","SecurityCenter","15",,"Updated Windows Defender status successfully to SECURITY_PRODUCT_STATE_ON."
"Warning","12/12/2024 2:18:56 PM","Chrome","256","Browser Events","[18952:16408:1212/141856.513:WARNING:remote_commands_service.cc(221)] Client is not registered."
"Information","12/12/2024 2:04:49 PM","Microsoft-Windows-Security-SPP","16384",,"Successfully scheduled Software Protection service for re-start at 2024-12-17T05:40:49Z. Reason: RulesEngine."
"Information","12/12/2024 2:04:15 PM","Microsoft-Windows-Security-SPP","1040",,"Hardware has changed from previous boot.
 AppId=55c92734-d682-4d71-983e-d6ec3f16059f, SkuId=2de67392-b7a7-462a-b1ca-108dd189f588."
"Information","12/12/2024 2:04:15 PM","Microsoft-Windows-Security-SPP","16394",,"Offline downlevel migration succeeded."
"Information","12/12/2024 1:20:17 PM","ESENT","330","General","Video.UI (13860,D,2) {D1FCE568-0646-425E-AE2A-EA877CA34683}: The database [C:\Users\Admin\AppData\Local\Packages\Microsoft.ZuneVideo_8wekyb3d8bbwe\LocalState\Database\2a25a7a8b3edf10e\tmp.edb] format version is being held back to 8920 (0x22d8) due to application parameter setting of 0x410022D8 (8920 | JET_efvAllowHigherPersistedFormat). Current default engine version: 9480 (0x2508)."
"Information","12/12/2024 1:20:17 PM","ESENT","326","General","Video.UI (13860,D,50) {D1FCE568-0646-425E-AE2A-EA877CA34683}: The database engine attached a database (1, C:\Users\Admin\AppData\Local\Packages\Microsoft.ZuneVideo_8wekyb3d8bbwe\LocalState\Database\2a25a7a8b3edf10e\EntClientDb.edb). (Time=0 seconds) 
 
Saved Cache: 0 0 
Additional Data: lgposAttach = 00000001:01A1:0268,
dbv = 1568.20.0 (8920) 
 
Internal Timing Sequence: 
[1] 0.000002 +J(0)
[2] 0.000301 +J(0) +M(C:0K, Fs:18, WS:8K # 0K, PF:8K # 0K, P:8K)
[3] 0.002077 -0.001223 (5) WT +J(CM:0, PgRf:0, Rd:0/0, Dy:0/0, Lg:3480/2) +M(C:0K, Fs:9, WS:24K # 0K, PF:28K # 0K, P:28K)
[4] 0.000105 +J(0)
[5] -
[6] 0.019549 -0.019479 (2) CM +J(CM:2, PgRf:2, Rd:0/2, Dy:0/0, Lg:0/0) +M(C:0K, Fs:5, WS:20K # 0K, PF:16K # 0K, P:16K)
[7] -
[8] 0.005550 -0.000003 (1) CM -0.005368 (1) WT +J(CM:1, PgRf:1, Rd:14/1, Dy:0/0, Lg:0/0) +M(C:0K, Fs:22, WS:80K # 0K, PF:296K # 0K, P:296K)
[9] -
[10] -
[11] -
[12] 0.000326 +J(0)
[13] 0.001263 -0.001126 (4) CM +J(CM:4, PgRf:23, Rd:0/4, Dy:0/0, Lg:0/0) +M(C:0K, Fs:24, WS:96K # 0K, PF:8K # 0K, P:8K)
[14] 0.000078 -0.000002 (1) CM +J(CM:1, PgRf:40, Rd:0/1, Dy:0/0, Lg:0/0) +M(C:0K, Fs:4, WS:8K # 0K, PF:64K # 0K, P:64K)
[15] 0.000003 +J(CM:0, PgRf:1, Rd:0/0, Dy:0/0, Lg:0/0)
[16] 0.000006 +J(CM:0, PgRf:1, Rd:0/0, Dy:0/0, Lg:0/0) +M(C:0K, Fs:1, WS:4K # 0K, PF:0K # 0K, P:0K)
[17] 0.000027 +J(CM:0, PgRf:42, Rd:0/0, Dy:0/0, Lg:0/0) +M(C:0K, Fs:1, WS:4K # 0K, PF:0K # 0K, P:0K)
[18] 0.0 +J(0)
[19] 0.0 +J(0)
[20] 0.000003 +J(CM:0, PgRf:1, Rd:0/0, Dy:0/0, Lg:0/0)."
"Information","12/12/2024 1:20:17 PM","ESENT","330","General","Video.UI (13860,D,50) {D1FCE568-0646-425E-AE2A-EA877CA34683}: The database [C:\Users\Admin\AppData\Local\Packages\Microsoft.ZuneVideo_8wekyb3d8bbwe\LocalState\Database\2a25a7a8b3edf10e\EntClientDb.edb] format version is being held back to 8920 (0x22d8) due to application parameter setting of 0x410022D8 (8920 | JET_efvAllowHigherPersistedFormat). Current default engine version: 9480 (0x2508)."
"Information","12/12/2024 1:20:17 PM","ESENT","105","General","Video.UI (13860,D,0) {D1FCE568-0646-425E-AE2A-EA877CA34683}: The database engine started a new instance (0). (Time=0 seconds) 
 
Additional Data:
 lgposV2[] = 00000001:0001:0000 - 00000001:019E:002B - 00000001:019F:0000 - 00000001:019F:0000 (00000000:0000:0000)
cReInits = 85
RBSOn = 0
 
 
Internal Timing Sequence: 
[1] 0.002783 +J(0) +M(C:0K, Fs:195, WS:740K # 740K, PF:3004K # 3084K, P:3004K)
[2] 0.000228 +J(0) +M(C:0K, Fs:105, WS:420K # 420K, PF:340K # 260K, P:340K)
[3] 0.000015 +J(0) +M(C:0K, Fs:3, WS:12K # 12K, PF:64K # 64K, P:64K)
[4] 0.000135 +J(0) +M(C:0K, Fs:54, WS:212K # 212K, PF:204K # 204K, P:204K)
[5] 0.320694 +J(0) +M(C:0K, Fs:6112, WS:22228K # 22284K, PF:15084K # 15556K, P:15084K)
[6] 0.020889 +J(0) +M(C:0K, Fs:23, WS:92K # 36K, PF:12K # 0K, P:12K)
[7] 0.049796 -0.000004 (4) WT +J(0) +M(C:0K, Fs:535, WS:2132K # 2132K, PF:2052K # 1592K, P:2052K)
[8] 0.028019 -0.001817 (4) WT +J(CM:0, PgRf:0, Rd:0/0, Dy:0/0, Lg:1658400/6686) +M(C:0K, Fs:1628, WS:380K # 388K, PF:216K # 224K, P:216K)
[9] 0.000339 +J(0) +M(C:0K, Fs:1, WS:4K # 0K, PF:0K # 0K, P:0K)
[10] 0.000715 +J(0) +M(C:0K, Fs:4, WS:-2032K # 0K, PF:-2044K # 0K, P:-2044K)
[11] 0.000019 +J(CM:0, PgRf:0, Rd:0/0, Dy:0/0, Lg:49/1) +M(C:0K, Fs:5, WS:20K # 0K, PF:0K # 0K, P:0K)
[12] 0.004069 -0.004033 (1) WT +J(0) +M(C:0K, Fs:2, WS:8K # 0K, PF:0K # 0K, P:0K)
[13] 0.030521 -0.020225 (2) CM -0.006004 (15) WT +J(CM:2, PgRf:2, Rd:0/2, Dy:0/0, Lg:8759/5) +M(C:0K, Fs:552, WS:76K # 116K, PF:92K # 96K, P:92K)
[14] 0.000012 +J(0)
[15] 0.000007 +J(0)
[16] 0.000134 +J(0) +M(C:0K, Fs:2, WS:0K # 0K, PF:0K # 0K, P:0K)."
"Information","12/12/2024 1:20:17 PM","ESENT","302","Logging/Recovery","Video.UI (13860,U,98) {D1FCE568-0646-425E-AE2A-EA877CA34683}: The database engine has successfully completed recovery steps."
"Information","12/12/2024 1:20:17 PM","ESENT","301","Logging/Recovery","Video.UI (13860,R,98) {D1FCE568-0646-425E-AE2A-EA877CA34683}: The database engine has finished replaying logfile C:\Users\Admin\AppData\Local\Packages\Microsoft.ZuneVideo_8wekyb3d8bbwe\LocalState\Database\2a25a7a8b3edf10e\edb.log. 
 
Processing Stats: 
[1] 0.026339 -0.001817 (4) WT +J(CM:0, PgRf:0, Rd:0/0, Dy:0/0, Lg:1658400/6686) +M(C:0K, Fs:1597, WS:264K # 272K, PF:132K # 140K, P:132K). 
Log record of type 'Insert   ' was seen most frequently (2369 times)"
"Information","12/12/2024 1:20:17 PM","ESENT","330","General","Video.UI (13860,R,98) {D1FCE568-0646-425E-AE2A-EA877CA34683}: The database [C:\Users\Admin\AppData\Local\Packages\Microsoft.ZuneVideo_8wekyb3d8bbwe\LocalState\Database\2a25a7a8b3edf10e\EntClientDb.edb] format version is being held back to 8920 (0x22d8) due to application parameter setting of 0x410022D8 (8920 | JET_efvAllowHigherPersistedFormat). Current default engine version: 9480 (0x2508)."
"Information","12/12/2024 1:20:17 PM","ESENT","335","Logging/Recovery","Video.UI (13860,R,98) {D1FCE568-0646-425E-AE2A-EA877CA34683}: Replay of a Create for database ""C:\Users\Admin\AppData\Local\Packages\Microsoft.ZuneVideo_8wekyb3d8bbwe\LocalState\Database\2a25a7a8b3edf10e\EntClientDb.edb"" at log position (00000001,0001,0268) was deferred due to AttachFuture.  Additional information:  "
"Information","12/12/2024 1:20:17 PM","ESENT","300","Logging/Recovery","Video.UI (13860,R,98) {D1FCE568-0646-425E-AE2A-EA877CA34683}: The database engine is initiating recovery steps."
"Information","12/12/2024 1:20:17 PM","ESENT","102","General","Video.UI (13860,P,98) {D1FCE568-0646-425E-AE2A-EA877CA34683}: The database engine (10.00.22631.0000) is starting a new instance (0)."
"Warning","12/12/2024 1:19:08 PM","Chrome","256","Browser Events","[11812:10448:1212/131908.050:WARNING:remote_commands_service.cc(221)] Client is not registered."
"Information","12/12/2024 1:13:01 PM","VSS","8224",,"The VSS service is shutting down due to idle timeout. "
"Information","12/12/2024 1:12:20 PM","Microsoft-Windows-Security-SPP","16384",,"Successfully scheduled Software Protection service for re-start at 2024-12-17T05:40:20Z. Reason: RulesEngine."
"Information","12/12/2024 1:11:49 PM","Microsoft-Windows-Security-SPP","16394",,"Offline downlevel migration succeeded."
"Information","12/12/2024 1:10:07 PM","Microsoft-Windows-Security-SPP","16384",,"Successfully scheduled Software Protection service for re-start at 2024-12-17T05:40:07Z. Reason: RulesEngine."
"Information","12/12/2024 1:10:01 PM","System Restore","8216",,"Skipping creation of restore point (Process = C:\Windows\system32\svchost.exe -k netsvcs -p -s wuauserv; Description = Windows Update) as there is a restore point avaliable which is recent enough for System Restore."
"Information","12/12/2024 1:09:46 PM","System Restore","8216",,"Skipping creation of restore point (Process = C:\Windows\system32\svchost.exe -k netsvcs -p -s wuauserv; Description = Windows Update) as there is a restore point avaliable which is recent enough for System Restore."
"Information","12/12/2024 1:09:37 PM","Microsoft-Windows-Security-SPP","1033",,"These policies are being excluded since they are only defined with override-only attribute.
Policy Names=(Security-SPP-Reserved-EnableNotificationMode) 
App Id=55c92734-d682-4d71-983e-d6ec3f16059f
Sku Id=2de67392-b7a7-462a-b1ca-108dd189f588"
"Information","12/12/2024 1:09:37 PM","Microsoft-Windows-Security-SPP","1034",,"Duplicate definition of policy found. Policy name=Security-SPP-IgnoreDeferredActivation  Priority=500"
"Information","12/12/2024 1:09:37 PM","Microsoft-Windows-Security-SPP","1034",,"Duplicate definition of policy found. Policy name=AAD-BlockAADWorkplaceJoin-Default  Priority=100"
"Information","12/12/2024 1:09:37 PM","Microsoft-Windows-Security-SPP","1034",,"Duplicate definition of policy found. Policy name=AAD-BlockAADWorkplaceJoin-Default  Priority=100"
"Information","12/12/2024 1:09:37 PM","Microsoft-Windows-Security-SPP","1034",,"Duplicate definition of policy found. Policy name=AAD-BlockAADWorkplaceJoin-Default  Priority=100"
"Information","12/12/2024 1:09:37 PM","Microsoft-Windows-Security-SPP","1034",,"Duplicate definition of policy found. Policy name=AAD-BlockAADWorkplaceJoin-Default  Priority=100"
"Information","12/12/2024 1:09:37 PM","Microsoft-Windows-Security-SPP","1034",,"Duplicate definition of policy found. Policy name=AAD-BlockAADWorkplaceJoin-Default  Priority=100"
"Information","12/12/2024 1:09:37 PM","Microsoft-Windows-Security-SPP","1034",,"Duplicate definition of policy found. Policy name=AAD-BlockAADWorkplaceJoin-Default  Priority=100"
"Information","12/12/2024 1:09:37 PM","Microsoft-Windows-Security-SPP","1034",,"Duplicate definition of policy found. Policy name=AAD-BlockAADWorkplaceJoin-Default  Priority=100"
"Information","12/12/2024 1:09:37 PM","Microsoft-Windows-Security-SPP","1034",,"Duplicate definition of policy found. Policy name=AAD-BlockAADWorkplaceJoin-Default  Priority=100"
"Information","12/12/2024 1:09:37 PM","Microsoft-Windows-Security-SPP","1034",,"Duplicate definition of policy found. Policy name=AAD-BlockAADWorkplaceJoin-Default  Priority=100"
"Information","12/12/2024 1:09:37 PM","Microsoft-Windows-Security-SPP","1034",,"Duplicate definition of policy found. Policy name=AAD-BlockAADWorkplaceJoin-Default  Priority=100"
"Information","12/12/2024 1:09:36 PM","Microsoft-Windows-Security-SPP","16394",,"Offline downlevel migration succeeded."
"Information","12/12/2024 1:09:17 PM","ESENT","326","General","svchost (11516,D,50) DS_Token_DB: The database engine attached a database (1, C:\Windows\system32\config\systemprofile\AppData\Local\DataSharing\Storage\DSTokenDB2.dat). (Time=0 seconds) 
 
Saved Cache: 1 0 
Additional Data: lgposAttach = 00000024:000A:0268,
dbv = 1568.230.500 (9480) 
 
Internal Timing Sequence: 
[1] 0.000002 +J(0)
[2] 0.002690 -0.002078 (1) WT +J(0) +M(C:0K, Fs:17, WS:4K # 8K, PF:4K # 0K, P:4K)
[3] 0.016984 -0.007670 (6) WT +J(CM:0, PgRf:0, Rd:0/0, Dy:0/0, Lg:3480/2) +M(C:0K, Fs:6, WS:20K # 0K, PF:20K # 0K, P:20K)
[4] 0.002361 +J(0)
[5] -
[6] 0.003322 -0.003267 (2) CM -0.003210 (2) WT +J(CM:2, PgRf:2, Rd:0/2, Dy:0/0, Lg:0/0)
[7] 0.000006 +J(0) +M(C:0K, Fs:1, WS:4K # 0K, PF:0K # 0K, P:0K)
[8] 0.002802 -0.002643 (1) CM -0.002610 (1) WT +J(CM:1, PgRf:1, Rd:4/1, Dy:0/0, Lg:0/0) +M(C:16K, Fs:20, WS:80K # 40K, PF:208K # 168K, P:208K)
[9] -
[10] -
[11] -
[12] 0.000013 +J(CM:0, PgRf:0, Rd:0/0, Dy:0/0, Lg:54/1) +M(C:0K, Fs:1, WS:4K # 4K, PF:20K # 16K, P:20K)
[13] 0.012145 -0.012003 (2) CM -0.011939 (2) WT +J(CM:2, PgRf:23, Rd:0/2, Dy:0/0, Lg:0/0) +M(C:-8K, Fs:24, WS:88K # 88K, PF:52K # 52K, P:52K)
[14] 0.001965 -0.001833 (2) CM -0.001780 (2) WT +J(CM:2, PgRf:40, Rd:0/2, Dy:0/0, Lg:0/0) +M(C:0K, Fs:2, WS:8K # 8K, PF:64K # 64K, P:64K)
[15] 0.000009 +J(CM:0, PgRf:1, Rd:0/0, Dy:0/0, Lg:0/0)
[16] 0.000011 +J(CM:0, PgRf:1, Rd:0/0, Dy:0/0, Lg:0/0) +M(C:0K, Fs:1, WS:4K # 4K, PF:0K # 0K, P:0K)
[17] 0.000044 +J(CM:0, PgRf:42, Rd:0/0, Dy:0/0, Lg:0/0) +M(C:0K, Fs:4, WS:16K # 16K, PF:0K # 0K, P:0K)
[18] 0.000001 +J(0)
[19] 0.0 +J(0)
[20] 0.000006 +J(CM:0, PgRf:1, Rd:0/0, Dy:0/0, Lg:0/0)."
"Information","12/12/2024 1:09:17 PM","ESENT","105","General","svchost (11516,D,0) DS_Token_DB: The database engine started a new instance (0). (Time=0 seconds) 
 
Additional Data:
 lgposV2[] = 00000024:0001:0000 - 00000024:0007:0039 - 00000024:0008:0000 - 00000024:0008:0000 (00000000:0000:0000)
cReInits = 2
RBSOn = 0
 
 
Internal Timing Sequence: 
[1] 0.000394 +J(0) +M(C:0K, Fs:154, WS:600K # 600K, PF:3012K # 3012K, P:3012K)
[2] 0.000205 +J(0) +M(C:8K, Fs:119, WS:464K # 464K, PF:1268K # 1268K, P:1268K)
[3] 0.000009 +J(0) +M(C:0K, Fs:11, WS:44K # 44K, PF:64K # 64K, P:64K)
[4] 0.000084 +J(0) +M(C:0K, Fs:70, WS:280K # 280K, PF:184K # 184K, P:184K)
[5] 0.000712 +J(0) +M(C:0K, Fs:165, WS:660K # 660K, PF:28K # 28K, P:28K)
[6] 0.023457 +J(0) +M(C:0K, Fs:68, WS:268K # 268K, PF:56K # 56K, P:56K)
[7] 0.022922 -0.022321 (2) WT +J(0) +M(C:0K, Fs:36, WS:144K # 144K, PF:68K # 68K, P:68K)
[8] 0.174419 -0.118835 (12) WT +J(CM:0, PgRf:0, Rd:0/0, Dy:0/0, Lg:28392/19) +M(C:0K, Fs:136, WS:324K # 328K, PF:216K # 220K, P:216K)
[9] 0.000316 +J(0) +M(C:0K, Fs:8, WS:32K # 28K, PF:8K # 4K, P:8K)
[10] 0.005291 -0.004725 (1) WT +J(0) +M(C:0K, Fs:19, WS:12K # 72K, PF:20K # 80K, P:20K)
[11] 0.000020 +J(CM:0, PgRf:0, Rd:0/0, Dy:0/0, Lg:49/1) +M(C:0K, Fs:5, WS:20K # 0K, PF:0K # 0K, P:0K)
[12] 0.019463 +J(0)
[13] 0.231000 -0.065200 (2) CM -0.127733 (17) WT +J(CM:2, PgRf:2, Rd:0/2, Dy:0/0, Lg:8759/5) +M(C:0K, Fs:53, WS:100K # 124K, PF:160K # 168K, P:160K)
[14] 0.000014 +J(0) +M(C:0K, Fs:1, WS:4K # 0K, PF:4K # 0K, P:4K)
[15] 0.000007 +J(0)
[16] 0.001867 -0.001380 (1) WT +J(0) +M(C:0K, Fs:2, WS:0K # 0K, PF:0K # 0K, P:0K)."
"Information","12/12/2024 1:09:17 PM","ESENT","302","Logging/Recovery","svchost (11516,U,98) DS_Token_DB: The database engine has successfully completed recovery steps."
