"Information","12/11/2024 5:43:00 PM","Windows Error Reporting","1001",,"Fault bucket , type 0
Event Name: AppHangXProcB1
Response: Not available
Cab Id: 0

Problem signature:
P1: explorer.exe
P2: 10.0.22621.4391
P3: 89d472c9
P4: a588
P5: 134217744
P6: SystemSettings.exe
P7: 10.0.22621.4391
P8: 
P9: 
P10: 

Attached files:
\\?\C:\ProgramData\Microsoft\Windows\WER\Temp\WER.302747d6-65dc-4e51-b8e8-0403b6cf50bf.tmp.WERInternalMetadata.xml
\\?\C:\ProgramData\Microsoft\Windows\WER\ReportQueue\AppHang_explorer.exe_defecb3e27d89bf5283b903ef41dd58979f1581a_f8bbfbd9_cab_ea2a6f12-60fc-4d6a-8c9f-271e042a90e0\WPR_initiated_DiagTrackMiniLogger_OneTrace_User_Logger_20240808_1_EC_0_inject.etl
\\?\C:\ProgramData\Microsoft\Windows\WER\Temp\WER.0fc600af-24bd-4f84-af4a-5a9d13861966.tmp.etl
\\?\C:\ProgramData\Microsoft\Windows\WER\ReportQueue\AppHang_explorer.exe_defecb3e27d89bf5283b903ef41dd58979f1581a_f8bbfbd9_cab_ea2a6f12-60fc-4d6a-8c9f-271e042a90e0\WPR_initiated_DiagTrackMiniLogger_WPR System Collector_inject.etl
\\?\C:\ProgramData\Microsoft\Windows\WER\Temp\WER.094ed663-069d-480b-bd83-92a744ec38b7.tmp.etl
\\?\C:\ProgramData\Microsoft\Windows\WER\Temp\WER.281378b0-da29-4f84-8a6c-7a23da23dc2c.tmp.csv
\\?\C:\ProgramData\Microsoft\Windows\WER\Temp\WER.25a0acc5-62dd-4155-9c1d-31e576532f5e.tmp.txt
\\?\C:\Users\Admin\AppData\Local\Temp\WER.039ce73c-39b2-4f90-af5b-0d5e8cb9f5d5.tmp.appcompat.txt
\\?\C:\ProgramData\Microsoft\Windows\WER\Temp\WER.00879612-c52b-499c-bab0-057e8ab2466e.tmp.xml
\\?\C:\Users\Admin\AppData\Local\Temp\WER.007fb756-8057-48ea-a2cd-91612f208fb6.tmp.xml
\\?\C:\ProgramData\Microsoft\Windows\WER\ReportQueue\AppHang_explorer.exe_defecb3e27d89bf5283b903ef41dd58979f1581a_f8bbfbd9_cab_ea2a6f12-60fc-4d6a-8c9f-271e042a90e0\minidump.mdmp
\\?\C:\ProgramData\Microsoft\Windows\WER\ReportQueue\AppHang_explorer.exe_defecb3e27d89bf5283b903ef41dd58979f1581a_f8bbfbd9_cab_ea2a6f12-60fc-4d6a-8c9f-271e042a90e0\memory.hdmp

These files may be available here:
\\?\C:\ProgramData\Microsoft\Windows\WER\ReportQueue\AppHang_explorer.exe_defecb3e27d89bf5283b903ef41dd58979f1581a_f8bbfbd9_cab_ea2a6f12-60fc-4d6a-8c9f-271e042a90e0

Analysis symbol: 
Rechecking for solution: 0
Report Id: 846ab22f-9758-4fba-831e-37c107fec9dc
Report Status: 4
Hashed bucket: 
Cab Guid: 0"
"Information","12/11/2024 5:21:52 PM","Microsoft-Windows-Security-SPP","16384",,"Successfully scheduled Software Protection service for re-start at 2024-12-17T05:40:52Z. Reason: RulesEngine."
"Information","12/11/2024 5:21:18 PM","Microsoft-Windows-Security-SPP","16394",,"Offline downlevel migration succeeded."
"Information","12/11/2024 2:47:30 PM","VSS","8224",,"The VSS service is shutting down due to idle timeout. "
"Warning","12/11/2024 2:44:30 PM","Microsoft-Windows-System-Restore","8303",,"Scoping unsuccessful for shadowcopy \\?\GLOBALROOT\Device\HarddiskVolumeShadowCopy5 with error 0x80070057."
"Information","12/11/2024 2:44:30 PM","Microsoft-Windows-System-Restore","8301",,"Scoping completed for shadowcopy \\?\GLOBALROOT\Device\HarddiskVolumeShadowCopy5."
"Warning","12/11/2024 2:44:30 PM","Microsoft-Windows-System-Restore","8303",,"Scoping unsuccessful for shadowcopy \\?\GLOBALROOT\Device\HarddiskVolumeShadowCopy5 with error 0x80070057."
"Information","12/11/2024 2:44:30 PM","Microsoft-Windows-System-Restore","8301",,"Scoping completed for shadowcopy \\?\GLOBALROOT\Device\HarddiskVolumeShadowCopy5."
"Information","12/11/2024 2:42:23 PM","Microsoft-Windows-System-Restore","8300",,"Scoping started for shadowcopy \\?\GLOBALROOT\Device\HarddiskVolumeShadowCopy5."
"Information","12/11/2024 2:41:24 PM","Windows Error Reporting","1001",,"Fault bucket 2297161548074373072, type 5
Event Name: StoreAgentInstallFailure1
Response: Not available
Cab Id: 0

Problem signature:
P1: Update;ScanForUpdatesForUser
P2: 80073d02
P3: 22631
P4: 4460
P5: Windows.Desktop
P6: 0
P7: 
P8: 
P9: 
P10: 

Attached files:
\\?\C:\Windows\Temp\FailureReportMetadata_6100.txt
\\?\C:\ProgramData\Microsoft\Windows\WER\Temp\WER.6ac35426-66f8-4f74-83b2-4d855adc179f.tmp.WERInternalMetadata.xml
\\?\C:\ProgramData\Microsoft\Windows\WER\ReportQueue\NonCritical_Update;ScanForUp_da030cbee1936c8a0533ef22998797cd910e7c6_00000000_cab_8bab104f-7da9-4441-83ae-cbb1ccb8a3bd\WPR_initiated_DiagTrackMiniLogger_OneTrace_User_Logger_20240808_1_EC_0_inject.etl
\\?\C:\ProgramData\Microsoft\Windows\WER\Temp\WER.d17a9a56-c2d6-4292-a9bc-18a537e0e94b.tmp.etl
\\?\C:\ProgramData\Microsoft\Windows\WER\ReportQueue\NonCritical_Update;ScanForUp_da030cbee1936c8a0533ef22998797cd910e7c6_00000000_cab_8bab104f-7da9-4441-83ae-cbb1ccb8a3bd\WPR_initiated_DiagTrackMiniLogger_WPR System Collector_inject.etl
\\?\C:\ProgramData\Microsoft\Windows\WER\Temp\WER.e8a96fb9-9e99-47b5-a0eb-61fc63a9ddf3.tmp.etl
\\?\C:\ProgramData\Microsoft\Windows\WER\Temp\WER.27f0f646-15ae-4bcf-8d94-4355072c83a9.tmp.csv
\\?\C:\ProgramData\Microsoft\Windows\WER\Temp\WER.d232d518-03ce-4565-be49-075a71dd1697.tmp.txt
\\?\C:\ProgramData\Microsoft\Windows\WER\Temp\WER.cdf64ffe-0019-461f-b827-aac0c47a3a9d.tmp.xml

These files may be available here:
\\?\C:\ProgramData\Microsoft\Windows\WER\ReportArchive\NonCritical_Update;ScanForUp_da030cbee1936c8a0533ef22998797cd910e7c6_00000000_8bab104f-7da9-4441-83ae-cbb1ccb8a3bd

Analysis symbol: 
Rechecking for solution: 0
Report Id: 8bab104f-7da9-4441-83ae-cbb1ccb8a3bd
Report Status: 268435456
Hashed bucket: 300ba9c41a5fb29f0fe12841d0a8cfd0
Cab Guid: 0"
"Information","12/11/2024 2:41:04 PM","Windows Error Reporting","1001",,"Fault bucket , type 0
Event Name: StoreAgentInstallFailure1
Response: Not available
Cab Id: 0

Problem signature:
P1: Update;ScanForUpdatesForUser
P2: 80073d02
P3: 22631
P4: 4460
P5: Windows.Desktop
P6: 0
P7: 
P8: 
P9: 
P10: 

Attached files:
\\?\C:\Windows\Temp\FailureReportMetadata_6100.txt
\\?\C:\ProgramData\Microsoft\Windows\WER\Temp\WER.6ac35426-66f8-4f74-83b2-4d855adc179f.tmp.WERInternalMetadata.xml
\\?\C:\ProgramData\Microsoft\Windows\WER\ReportQueue\NonCritical_Update;ScanForUp_da030cbee1936c8a0533ef22998797cd910e7c6_00000000_cab_8bab104f-7da9-4441-83ae-cbb1ccb8a3bd\WPR_initiated_DiagTrackMiniLogger_OneTrace_User_Logger_20240808_1_EC_0_inject.etl
\\?\C:\ProgramData\Microsoft\Windows\WER\Temp\WER.d17a9a56-c2d6-4292-a9bc-18a537e0e94b.tmp.etl
\\?\C:\ProgramData\Microsoft\Windows\WER\ReportQueue\NonCritical_Update;ScanForUp_da030cbee1936c8a0533ef22998797cd910e7c6_00000000_cab_8bab104f-7da9-4441-83ae-cbb1ccb8a3bd\WPR_initiated_DiagTrackMiniLogger_WPR System Collector_inject.etl
\\?\C:\ProgramData\Microsoft\Windows\WER\Temp\WER.e8a96fb9-9e99-47b5-a0eb-61fc63a9ddf3.tmp.etl
\\?\C:\ProgramData\Microsoft\Windows\WER\Temp\WER.27f0f646-15ae-4bcf-8d94-4355072c83a9.tmp.csv
\\?\C:\ProgramData\Microsoft\Windows\WER\Temp\WER.d232d518-03ce-4565-be49-075a71dd1697.tmp.txt
\\?\C:\ProgramData\Microsoft\Windows\WER\Temp\WER.cdf64ffe-0019-461f-b827-aac0c47a3a9d.tmp.xml

These files may be available here:
\\?\C:\ProgramData\Microsoft\Windows\WER\ReportQueue\NonCritical_Update;ScanForUp_da030cbee1936c8a0533ef22998797cd910e7c6_00000000_cab_8bab104f-7da9-4441-83ae-cbb1ccb8a3bd

Analysis symbol: 
Rechecking for solution: 0
Report Id: 8bab104f-7da9-4441-83ae-cbb1ccb8a3bd
Report Status: 4
Hashed bucket: 
Cab Guid: 0"
"Information","12/11/2024 2:40:13 PM","Microsoft-Windows-System-Restore","8300",,"Scoping started for shadowcopy \\?\GLOBALROOT\Device\HarddiskVolumeShadowCopy5."
"Information","12/11/2024 2:40:02 PM","VSS","8220",,"Ran out of time while deleting files. 

Operation:
   OnPostSnapshot event
   PostSnapshot Event

Context:
   Execution Context: Shadow Copy Optimization Writer
   Execution Context: Writer
   Writer Class Id: {4dc3bdd4-ab48-4d07-adb0-3bee2926fd7f}
   Writer Name: Shadow Copy Optimization Writer
   Writer Instance ID: {f92f6fc2-92a5-400e-befb-60a796c18a7b}"
"Information","12/11/2024 2:39:32 PM","VSS","8219",,"Ran out of time while expanding file specification \\?\GLOBALROOT\Device\HarddiskVolumeShadowCopy5\Windows\softwaredistribution\*.*.  This was being done for the WUA subscriber. 

Operation:
   OnPostSnapshot event
   PostSnapshot Event

Context:
   Execution Context: Shadow Copy Optimization Writer
   Execution Context: Writer
   Writer Class Id: {4dc3bdd4-ab48-4d07-adb0-3bee2926fd7f}
   Writer Name: Shadow Copy Optimization Writer
   Writer Instance ID: {f92f6fc2-92a5-400e-befb-60a796c18a7b}"
"Information","12/11/2024 2:39:32 PM","VSS","8219",,"Ran out of time while expanding file specification \\?\GLOBALROOT\Device\HarddiskVolumeShadowCopy5\Windows\softwaredistribution\Download\*.*.  This was being done for the WUA subscriber. 

Operation:
   OnPostSnapshot event
   PostSnapshot Event

Context:
   Execution Context: Shadow Copy Optimization Writer
   Execution Context: Writer
   Writer Class Id: {4dc3bdd4-ab48-4d07-adb0-3bee2926fd7f}
   Writer Name: Shadow Copy Optimization Writer
   Writer Instance ID: {f92f6fc2-92a5-400e-befb-60a796c18a7b}"
"Information","12/11/2024 2:39:32 PM","VSS","8219",,"Ran out of time while expanding file specification \\?\GLOBALROOT\Device\HarddiskVolumeShadowCopy5\Windows\softwaredistribution\Download\4f7b18f0948fa7a8f279e46e7db635ed\*.*.  This was being done for the WUA subscriber. 

Operation:
   OnPostSnapshot event
   PostSnapshot Event

Context:
   Execution Context: Shadow Copy Optimization Writer
   Execution Context: Writer
   Writer Class Id: {4dc3bdd4-ab48-4d07-adb0-3bee2926fd7f}
   Writer Name: Shadow Copy Optimization Writer
   Writer Instance ID: {f92f6fc2-92a5-400e-befb-60a796c18a7b}"
"Information","12/11/2024 2:39:32 PM","VSS","8219",,"Ran out of time while expanding file specification \\?\GLOBALROOT\Device\HarddiskVolumeShadowCopy5\Windows\softwaredistribution\Download\4f7b18f0948fa7a8f279e46e7db635ed\Metadata\*.*.  This was being done for the WUA subscriber. 

Operation:
   OnPostSnapshot event
   PostSnapshot Event

Context:
   Execution Context: Shadow Copy Optimization Writer
   Execution Context: Writer
   Writer Class Id: {4dc3bdd4-ab48-4d07-adb0-3bee2926fd7f}
   Writer Name: Shadow Copy Optimization Writer
   Writer Instance ID: {f92f6fc2-92a5-400e-befb-60a796c18a7b}"
"Information","12/11/2024 2:39:32 PM","VSS","8219",,"Ran out of time while expanding file specification \\?\GLOBALROOT\Device\HarddiskVolumeShadowCopy5\Windows\softwaredistribution\Download\4f7b18f0948fa7a8f279e46e7db635ed\Metadata\Windows11.0-KB5048685-x64\*.*.  This was being done for the WUA subscriber. 

Operation:
   OnPostSnapshot event
   PostSnapshot Event

Context:
   Execution Context: Shadow Copy Optimization Writer
   Execution Context: Writer
   Writer Class Id: {4dc3bdd4-ab48-4d07-adb0-3bee2926fd7f}
   Writer Name: Shadow Copy Optimization Writer
   Writer Instance ID: {f92f6fc2-92a5-400e-befb-60a796c18a7b}"
"Information","12/11/2024 2:39:00 PM","Microsoft-Windows-Security-SPP","16384",,"Successfully scheduled Software Protection service for re-start at 2024-12-17T05:40:59Z. Reason: RulesEngine."
"Information","12/11/2024 2:38:56 PM","System Restore","8194",,"Successfully created restore point (Process = C:\Windows\system32\svchost.exe -k netsvcs -p -s wuauserv; Description = Windows Update)."
"Information","12/11/2024 2:38:29 PM","Microsoft-Windows-Security-SPP","1033",,"These policies are being excluded since they are only defined with override-only attribute.
Policy Names=(Security-SPP-Reserved-EnableNotificationMode) 
App Id=55c92734-d682-4d71-983e-d6ec3f16059f
Sku Id=2de67392-b7a7-462a-b1ca-108dd189f588"
"Information","12/11/2024 2:38:29 PM","Microsoft-Windows-Security-SPP","1034",,"Duplicate definition of policy found. Policy name=Security-SPP-IgnoreDeferredActivation  Priority=500"
"Information","12/11/2024 2:38:29 PM","Microsoft-Windows-Security-SPP","1034",,"Duplicate definition of policy found. Policy name=AAD-BlockAADWorkplaceJoin-Default  Priority=100"
"Information","12/11/2024 2:38:29 PM","Microsoft-Windows-Security-SPP","1034",,"Duplicate definition of policy found. Policy name=AAD-BlockAADWorkplaceJoin-Default  Priority=100"
"Information","12/11/2024 2:38:29 PM","Microsoft-Windows-Security-SPP","1034",,"Duplicate definition of policy found. Policy name=AAD-BlockAADWorkplaceJoin-Default  Priority=100"
"Information","12/11/2024 2:38:29 PM","Microsoft-Windows-Security-SPP","1034",,"Duplicate definition of policy found. Policy name=AAD-BlockAADWorkplaceJoin-Default  Priority=100"
"Information","12/11/2024 2:38:29 PM","Microsoft-Windows-Security-SPP","1034",,"Duplicate definition of policy found. Policy name=AAD-BlockAADWorkplaceJoin-Default  Priority=100"
"Information","12/11/2024 2:38:29 PM","Microsoft-Windows-Security-SPP","1034",,"Duplicate definition of policy found. Policy name=AAD-BlockAADWorkplaceJoin-Default  Priority=100"
"Information","12/11/2024 2:38:29 PM","Microsoft-Windows-Security-SPP","1034",,"Duplicate definition of policy found. Policy name=AAD-BlockAADWorkplaceJoin-Default  Priority=100"
"Information","12/11/2024 2:38:29 PM","Microsoft-Windows-Security-SPP","1034",,"Duplicate definition of policy found. Policy name=AAD-BlockAADWorkplaceJoin-Default  Priority=100"
"Information","12/11/2024 2:38:29 PM","Microsoft-Windows-Security-SPP","1034",,"Duplicate definition of policy found. Policy name=AAD-BlockAADWorkplaceJoin-Default  Priority=100"
"Information","12/11/2024 2:38:29 PM","Microsoft-Windows-Security-SPP","1034",,"Duplicate definition of policy found. Policy name=AAD-BlockAADWorkplaceJoin-Default  Priority=100"
"Information","12/11/2024 2:38:27 PM","Microsoft-Windows-Security-SPP","16394",,"Offline downlevel migration succeeded."
"Information","12/11/2024 2:36:56 PM","SecurityCenter","15",,"Updated Windows Defender status successfully to SECURITY_PRODUCT_STATE_ON."
"Information","12/11/2024 2:36:54 PM","SecurityCenter","15",,"Updated Windows Defender status successfully to SECURITY_PRODUCT_STATE_ON."
"Information","12/11/2024 1:56:52 PM","VSS","8224",,"The VSS service is shutting down due to idle timeout. "
"Information","12/11/2024 1:54:23 PM","Microsoft-Windows-Security-SPP","16384",,"Successfully scheduled Software Protection service for re-start at 2024-12-17T05:40:23Z. Reason: RulesEngine."
"Information","12/11/2024 1:53:53 PM","System Restore","8216",,"Skipping creation of restore point (Process = C:\Windows\system32\svchost.exe -k netsvcs -p -s wuauserv; Description = Windows Update) as there is a restore point avaliable which is recent enough for System Restore."
"Information","12/11/2024 1:53:52 PM","Microsoft-Windows-Security-SPP","16394",,"Offline downlevel migration succeeded."
"Error","12/11/2024 1:40:04 PM","Application Hang","1002","Hanging Events","The program dllhost.exe version 10.0.22621.1 stopped interacting with Windows and was closed. To see if more information about the problem is available, check the problem history in the Security and Maintenance control panel.
"
"Information","12/11/2024 1:40:04 PM","Windows Error Reporting","1001",,"Fault bucket 1886799612452527340, type 5
Event Name: MoAppHang
Response: Not available
Cab Id: 0

Problem signature:
P1: Microsoft.OneDriveSync_24221.1103.3.0_neutral__8wekyb3d8bbwe
P2: praid:OneDrive
P3: 10.0.22621.1
P4: 05e70ed3
P5: 0000
P6: 2097152
P7: 
P8: 
P9: 
P10: 

Attached files:
\\?\C:\ProgramData\Microsoft\Windows\WER\Temp\WER.e6261947-d9d0-4618-a282-1d0371b3c3f9.tmp.WERInternalMetadata.xml
WPR_initiated_DiagTrackMiniLogger_OneTrace_User_Logger_20240808_1_EC_0_inject.etl
\\?\C:\ProgramData\Microsoft\Windows\WER\Temp\WER.80d35caf-88a3-4f18-aef3-8f3a38821c87.tmp.etl
WPR_initiated_DiagTrackMiniLogger_WPR System Collector_inject.etl
\\?\C:\ProgramData\Microsoft\Windows\WER\Temp\WER.d30a4e88-ae35-4604-b205-7df157962d3c.tmp.etl
\\?\C:\ProgramData\Microsoft\Windows\WER\Temp\WER.a0276304-48b2-4c7d-870f-19e5c87f9159.tmp.csv
\\?\C:\ProgramData\Microsoft\Windows\WER\Temp\WER.7ef0f9b1-cd4a-40e4-afb8-ef7360b3596c.tmp.txt
\\?\C:\ProgramData\Microsoft\Windows\WER\Temp\WER.44c5a4cc-7865-46f8-9201-46107a51045f.tmp.xml

These files may be available here:
\\?\C:\ProgramData\Microsoft\Windows\WER\ReportArchive\AppHang_Microsoft.OneDri_5ccaa02e572dddb2c82d8af6ffd8267a3ab9e7e_2d8a60a7_bcbcdbf1-daca-4dfe-a2f7-06402e124c3e

Analysis symbol: 
Rechecking for solution: 0
Report Id: 5a1a0dff-7d1f-48f9-b225-16653a7e5380
Report Status: 268435456
Hashed bucket: d75aaa4cac843943ba2f42403693dcec
Cab Guid: 0"
"Information","12/11/2024 1:39:08 PM","Microsoft-Windows-Security-SPP","16384",,"Successfully scheduled Software Protection service for re-start at 2024-12-17T05:40:08Z. Reason: RulesEngine."
"Information","12/11/2024 1:38:38 PM","Microsoft-Windows-Security-SPP","16394",,"Offline downlevel migration succeeded."
"Information","12/11/2024 1:37:13 PM","Microsoft-Windows-Security-SPP","16384",,"Successfully scheduled Software Protection service for re-start at 2024-12-17T05:40:13Z. Reason: RulesEngine."
"Information","12/11/2024 1:36:43 PM","Microsoft-Windows-Security-SPP","16394",,"Offline downlevel migration succeeded."
"Information","12/11/2024 1:13:20 PM","Microsoft-Windows-Security-SPP","16384",,"Successfully scheduled Software Protection service for re-start at 2024-12-17T05:40:20Z. Reason: RulesEngine."
"Information","12/11/2024 1:13:19 PM","SecurityCenter","15",,"Updated Windows Defender status successfully to SECURITY_PRODUCT_STATE_ON."
"Information","12/11/2024 1:12:49 PM","Microsoft-Windows-Security-SPP","16394",,"Offline downlevel migration succeeded."
"Information","12/11/2024 1:11:50 PM","Microsoft-Windows-Security-SPP","16384",,"Successfully scheduled Software Protection service for re-start at 2024-12-17T05:40:50Z. Reason: RulesEngine."
"Information","12/11/2024 1:10:47 PM","Microsoft-Windows-Security-SPP","1040",,"Hardware has changed from previous boot.
 AppId=55c92734-d682-4d71-983e-d6ec3f16059f, SkuId=2de67392-b7a7-462a-b1ca-108dd189f588."
"Information","12/11/2024 1:10:46 PM","Microsoft-Windows-Security-SPP","16394",,"Offline downlevel migration succeeded."
"Information","12/11/2024 1:06:56 PM","VSS","8224",,"The VSS service is shutting down due to idle timeout. "
"Information","12/11/2024 1:03:56 PM","System Restore","8216",,"Skipping creation of restore point (Process = C:\Windows\system32\svchost.exe -k netsvcs -p -s wuauserv; Description = Windows Update) as there is a restore point avaliable which is recent enough for System Restore."
"Information","12/11/2024 1:01:33 PM","Microsoft-Windows-Security-SPP","16384",,"Successfully scheduled Software Protection service for re-start at 2024-12-17T05:40:32Z. Reason: RulesEngine."
"Information","12/11/2024 1:00:06 PM","Microsoft-Windows-Security-SPP","8230",,"The rules engine successfully re-evaluated the schedule.
Kernel policies:
Security-SPP-Action-StateData (REG_SZ) =AppId=55c92734-d682-4d71-983e-d6ec3f16059f;GraceEndDate=2025/06/08:05:41:05;LastConsumptionReason=0x00000000;LastNotificationId=Cleanup;LicenseState=SL_LICENSING_STATUS_LICENSED;PartialProductKey=T83GX;ProductKeyType=Volume:GVLK;SkuId=2de67392-b7a7-462a-b1ca-108dd189f588;ruleId=379cccfb-d4e0-48fe-b0f2-0136097be147;uxDifferentiator=ENVIRONMENT;volumeActivationOrder=normal"
"Information","12/11/2024 1:00:05 PM","Microsoft-Windows-Security-SPP","16388",,"The current time is 2024-12-11T05:00:05Z : 2024-12-11T05:00:05Z."
"Information","12/11/2024 1:00:05 PM","Microsoft-Windows-Security-SPP","8230",,"The rules engine successfully re-evaluated the schedule.
Kernel policies:
Security-SPP-Action-StateData (REG_SZ) =AppId=55c92734-d682-4d71-983e-d6ec3f16059f;GraceEndDate=2025/06/08:05:41:04;LastConsumptionReason=0x00000000;LastNotificationId=Cleanup;LicenseState=SL_LICENSING_STATUS_LICENSED;PartialProductKey=T83GX;ProductKeyType=Volume:GVLK;SkuId=2de67392-b7a7-462a-b1ca-108dd189f588;ruleId=379cccfb-d4e0-48fe-b0f2-0136097be147;uxDifferentiator=ENVIRONMENT;volumeActivationOrder=normal"
"Information","12/11/2024 1:00:04 PM","Microsoft-Windows-Security-SPP","1033",,"These policies are being excluded since they are only defined with override-only attribute.
Policy Names=(Security-SPP-Reserved-EnableNotificationMode) 
App Id=0ff1ce15-a989-479d-af46-f275c6370663
Sku Id=85dd8b5f-eaa4-4af3-a628-cce9e77c9a03"
"Information","12/11/2024 1:00:02 PM","Microsoft-Windows-Security-SPP","16388",,"The current time is 2024-12-11T05:00:02Z : 2024-12-11T05:00:02Z."
"Information","12/11/2024 1:00:02 PM","Microsoft-Windows-Security-SPP","12289",,"The client has processed an activation response from the key management service machine.
Info:
0x00000000, 0x00000000, 1, 0, 10, 120, 10080, 2024/12/11 04:59"
"Information","12/11/2024 1:00:02 PM","Microsoft-Windows-Security-SPP","12288",,"The client has sent an activation request to the key management service machine.
Info:
0x00000000, 0x00000000, 172.16.16.16:1688, 1950cbc7-98a4-4ff4-a183-f94154e91993, 2024/12/11 04:59, 0, 1, 249085, 85dd8b5f-eaa4-4af3-a628-cce9e77c9a03, 5"
"Information","12/11/2024 12:59:55 PM","Microsoft-Windows-Security-SPP","8230",,"The rules engine successfully re-evaluated the schedule.
Kernel policies:
Security-SPP-Action-StateData (REG_SZ) =AppId=55c92734-d682-4d71-983e-d6ec3f16059f;GraceEndDate=2025/06/08:05:40:54;LastConsumptionReason=0x00000000;LastNotificationId=Cleanup;LicenseState=SL_LICENSING_STATUS_LICENSED;PartialProductKey=T83GX;ProductKeyType=Volume:GVLK;SkuId=2de67392-b7a7-462a-b1ca-108dd189f588;ruleId=379cccfb-d4e0-48fe-b0f2-0136097be147;uxDifferentiator=ENVIRONMENT;volumeActivationOrder=normal"
"Information","12/11/2024 12:59:54 PM","Microsoft-Windows-Security-SPP","1040",,"Hardware has changed from previous boot.
 AppId=55c92734-d682-4d71-983e-d6ec3f16059f, SkuId=2de67392-b7a7-462a-b1ca-108dd189f588."
"Information","12/11/2024 12:59:54 PM","Microsoft-Windows-Security-SPP","16388",,"The current time is 2024-12-11T04:59:54Z : 2024-12-11T04:59:54Z."
"Information","12/11/2024 12:59:53 PM","Microsoft-Windows-Security-SPP","16394",,"Offline downlevel migration succeeded."
"Information","12/11/2024 12:55:46 PM","Microsoft-Windows-Winlogon","6000",,"The winlogon notification subscriber <SessionEnv> was unavailable to handle a notification event."
"Information","12/11/2024 12:55:45 PM","Microsoft-Windows-Winlogon","6003",,"The winlogon notification subscriber <SessionEnv> was unavailable to handle a critical notification event."
"Information","12/11/2024 12:54:29 PM","edgeupdate","0",,"Service stopped."
"Information","12/10/2024 10:02:49 PM","Microsoft-Windows-Winlogon","6000",,"The winlogon notification subscriber <Dot3svc> was unavailable to handle a notification event."
"Information","12/10/2024 10:02:49 PM","Microsoft-Windows-Winlogon","6000",,"The winlogon notification subscriber <SessionEnv> was unavailable to handle a notification event."
"Information","12/10/2024 10:02:49 PM","Microsoft-Windows-Winlogon","6000",,"The winlogon notification subscriber <WSearch> was unavailable to handle a notification event."
"Information","12/10/2024 10:02:47 PM","Desktop Window Manager","9027",,"The Desktop Window Manager has registered the session port."
"Information","12/10/2024 9:41:59 PM","Microsoft-Windows-Security-SPP","16384",,"Successfully scheduled Software Protection service for re-start at 2024-12-11T04:23:59Z. Reason: RulesEngine."
"Information","12/10/2024 9:41:28 PM","Microsoft-Windows-Security-SPP","16394",,"Offline downlevel migration succeeded."
"Information","12/10/2024 8:52:24 PM","Microsoft-Windows-Security-SPP","16384",,"Successfully scheduled Software Protection service for re-start at 2024-12-11T04:24:24Z. Reason: RulesEngine."
"Information","12/10/2024 8:51:49 PM","Microsoft-Windows-Security-SPP","16394",,"Offline downlevel migration succeeded."
"Information","12/10/2024 7:38:48 PM","Microsoft-Windows-Security-SPP","16384",,"Successfully scheduled Software Protection service for re-start at 2024-12-11T04:23:48Z. Reason: RulesEngine."
"Information","12/10/2024 7:38:16 PM","Microsoft-Windows-Security-SPP","1040",,"Hardware has changed from previous boot.
 AppId=55c92734-d682-4d71-983e-d6ec3f16059f, SkuId=2de67392-b7a7-462a-b1ca-108dd189f588."
"Information","12/10/2024 7:38:16 PM","Microsoft-Windows-Security-SPP","16394",,"Offline downlevel migration succeeded."
"Information","12/10/2024 6:37:50 PM","Microsoft-Windows-Security-SPP","16384",,"Successfully scheduled Software Protection service for re-start at 2024-12-11T04:23:49Z. Reason: RulesEngine."
"Information","12/10/2024 6:37:19 PM","Microsoft-Windows-Security-SPP","16394",,"Offline downlevel migration succeeded."
"Information","12/10/2024 6:25:17 PM","ESENT","330","General","Video.UI (1604,D,2) {88DBC53D-AA12-488A-8BB7-35FFE91F0B54}: The database [C:\Users\Admin\AppData\Local\Packages\Microsoft.ZuneVideo_8wekyb3d8bbwe\LocalState\Database\2a25a7a8b3edf10e\tmp.edb] format version is being held back to 8920 (0x22d8) due to application parameter setting of 0x410022D8 (8920 | JET_efvAllowHigherPersistedFormat). Current default engine version: 9480 (0x2508)."
"Information","12/10/2024 6:25:17 PM","ESENT","326","General","Video.UI (1604,D,50) {88DBC53D-AA12-488A-8BB7-35FFE91F0B54}: The database engine attached a database (1, C:\Users\Admin\AppData\Local\Packages\Microsoft.ZuneVideo_8wekyb3d8bbwe\LocalState\Database\2a25a7a8b3edf10e\EntClientDb.edb). (Time=0 seconds) 
 
Saved Cache: 0 0 
Additional Data: lgposAttach = 00000001:0199:0268,
dbv = 1568.20.0 (8920) 
 
Internal Timing Sequence: 
[1] 0.000003 +J(0)
[2] 0.000483 -0.000009 (1) WT +J(0) +M(C:0K, Fs:18, WS:8K # 0K, PF:8K # 0K, P:8K)
[3] 0.002788 -0.001416 (5) WT +J(CM:0, PgRf:0, Rd:0/0, Dy:0/0, Lg:3480/2) +M(C:0K, Fs:7, WS:20K # 0K, PF:20K # 0K, P:20K)
[4] 0.000136 +J(0)
[5] -
[6] 0.020299 -0.020223 (2) CM +J(CM:2, PgRf:2, Rd:0/2, Dy:0/0, Lg:0/0) +M(C:0K, Fs:7, WS:28K # 0K, PF:16K # 0K, P:16K)
[7] -
[8] 0.006192 -0.006009 (1) WT +J(CM:1, PgRf:1, Rd:14/1, Dy:0/0, Lg:0/0) +M(C:0K, Fs:23, WS:80K # 0K, PF:300K # 0K, P:300K)
[9] -
[10] -
[11] -
[12] 0.000319 +J(0)
[13] 0.022941 -0.022790 (4) CM +J(CM:4, PgRf:23, Rd:0/4, Dy:0/0, Lg:0/0) +M(C:0K, Fs:25, WS:92K # 0K, PF:12K # 0K, P:12K)
[14] 0.000096 -0.000004 (2) CM +J(CM:2, PgRf:40, Rd:0/2, Dy:0/0, Lg:0/0) +M(C:0K, Fs:6, WS:8K # 0K, PF:64K # 0K, P:64K)
[15] 0.000004 +J(CM:0, PgRf:1, Rd:0/0, Dy:0/0, Lg:0/0)
[16] 0.000006 +J(CM:0, PgRf:1, Rd:0/0, Dy:0/0, Lg:0/0) +M(C:0K, Fs:1, WS:4K # 0K, PF:0K # 0K, P:0K)
[17] 0.000035 +J(CM:0, PgRf:42, Rd:0/0, Dy:0/0, Lg:0/0) +M(C:0K, Fs:1, WS:4K # 0K, PF:0K # 0K, P:0K)
[18] 0.0 +J(0)
[19] 0.0 +J(0)
[20] 0.000004 +J(CM:0, PgRf:1, Rd:0/0, Dy:0/0, Lg:0/0)."
"Information","12/10/2024 6:25:17 PM","ESENT","330","General","Video.UI (1604,D,50) {88DBC53D-AA12-488A-8BB7-35FFE91F0B54}: The database [C:\Users\Admin\AppData\Local\Packages\Microsoft.ZuneVideo_8wekyb3d8bbwe\LocalState\Database\2a25a7a8b3edf10e\EntClientDb.edb] format version is being held back to 8920 (0x22d8) due to application parameter setting of 0x410022D8 (8920 | JET_efvAllowHigherPersistedFormat). Current default engine version: 9480 (0x2508)."
"Information","12/10/2024 6:25:17 PM","ESENT","105","General","Video.UI (1604,D,0) {88DBC53D-AA12-488A-8BB7-35FFE91F0B54}: The database engine started a new instance (0). (Time=0 seconds) 
 
Additional Data:
 lgposV2[] = 00000001:0001:0000 - 00000001:0196:002B - 00000001:0197:0000 - 00000001:0197:0000 (00000000:0000:0000)
cReInits = 83
RBSOn = 0
 
 
Internal Timing Sequence: 
[1] 0.005155 +J(0) +M(C:0K, Fs:386, WS:1496K # 1496K, PF:3304K # 3304K, P:3304K)
[2] 0.000237 +J(0) +M(C:0K, Fs:108, WS:432K # 432K, PF:368K # 368K, P:368K)
[3] 0.000013 +J(0) +M(C:0K, Fs:3, WS:12K # 12K, PF:64K # 64K, P:64K)
[4] 0.000101 +J(0) +M(C:0K, Fs:43, WS:172K # 172K, PF:180K # 180K, P:180K)
[5] 0.413459 +J(0) +M(C:0K, Fs:6326, WS:23052K # 23108K, PF:16252K # 16724K, P:16252K)
[6] 0.021359 +J(0) +M(C:0K, Fs:23, WS:92K # 36K, PF:12K # 0K, P:12K)
[7] 0.043212 -0.000002 (2) WT +J(0) +M(C:0K, Fs:535, WS:2136K # 2136K, PF:2052K # 1592K, P:2052K)
[8] 0.031307 -0.001453 (5) WT +J(CM:0, PgRf:0, Rd:0/0, Dy:0/0, Lg:1625952/6666) +M(C:0K, Fs:1585, WS:356K # 364K, PF:188K # 196K, P:188K)
[9] 0.000341 +J(0) +M(C:0K, Fs:1, WS:4K # 0K, PF:0K # 0K, P:0K)
[10] 0.000734 +J(0) +M(C:0K, Fs:6, WS:-2024K # 16K, PF:-2040K # 0K, P:-2040K)
[11] 0.000016 +J(CM:0, PgRf:0, Rd:0/0, Dy:0/0, Lg:49/1) +M(C:0K, Fs:5, WS:20K # 0K, PF:0K # 0K, P:0K)
[12] 0.003626 -0.003596 (1) WT +J(0) +M(C:0K, Fs:1, WS:4K # 0K, PF:0K # 0K, P:0K)
[13] 0.031566 -0.020341 (2) CM -0.006821 (15) WT +J(CM:2, PgRf:2, Rd:0/2, Dy:0/0, Lg:8759/5) +M(C:0K, Fs:555, WS:88K # 116K, PF:116K # 120K, P:116K)
[14] 0.000013 +J(0)
[15] 0.000008 +J(0)
[16] 0.000153 +J(0) +M(C:0K, Fs:3, WS:4K # 0K, PF:4K # 0K, P:4K)."
"Information","12/10/2024 6:25:17 PM","ESENT","302","Logging/Recovery","Video.UI (1604,U,98) {88DBC53D-AA12-488A-8BB7-35FFE91F0B54}: The database engine has successfully completed recovery steps."
"Information","12/10/2024 6:25:17 PM","ESENT","301","Logging/Recovery","Video.UI (1604,R,98) {88DBC53D-AA12-488A-8BB7-35FFE91F0B54}: The database engine has finished replaying logfile C:\Users\Admin\AppData\Local\Packages\Microsoft.ZuneVideo_8wekyb3d8bbwe\LocalState\Database\2a25a7a8b3edf10e\edb.log. 
 
Processing Stats: 
[1] 0.029779 -0.001453 (5) WT +J(CM:0, PgRf:0, Rd:0/0, Dy:0/0, Lg:1625952/6666) +M(C:0K, Fs:1557, WS:252K # 260K, PF:116K # 124K, P:116K). 
Log record of type 'Insert   ' was seen most frequently (2369 times)"
"Information","12/10/2024 6:25:17 PM","ESENT","330","General","Video.UI (1604,R,98) {88DBC53D-AA12-488A-8BB7-35FFE91F0B54}: The database [C:\Users\Admin\AppData\Local\Packages\Microsoft.ZuneVideo_8wekyb3d8bbwe\LocalState\Database\2a25a7a8b3edf10e\EntClientDb.edb] format version is being held back to 8920 (0x22d8) due to application parameter setting of 0x410022D8 (8920 | JET_efvAllowHigherPersistedFormat). Current default engine version: 9480 (0x2508)."
"Information","12/10/2024 6:25:17 PM","ESENT","335","Logging/Recovery","Video.UI (1604,R,98) {88DBC53D-AA12-488A-8BB7-35FFE91F0B54}: Replay of a Create for database ""C:\Users\Admin\AppData\Local\Packages\Microsoft.ZuneVideo_8wekyb3d8bbwe\LocalState\Database\2a25a7a8b3edf10e\EntClientDb.edb"" at log position (00000001,0001,0268) was deferred due to AttachFuture.  Additional information:  "
"Information","12/10/2024 6:25:17 PM","ESENT","300","Logging/Recovery","Video.UI (1604,R,98) {88DBC53D-AA12-488A-8BB7-35FFE91F0B54}: The database engine is initiating recovery steps."
"Information","12/10/2024 6:25:17 PM","ESENT","102","General","Video.UI (1604,P,98) {88DBC53D-AA12-488A-8BB7-35FFE91F0B54}: The database engine (10.00.22631.0000) is starting a new instance (0)."
"Information","12/10/2024 6:09:07 PM","Microsoft-Windows-Security-SPP","16384",,"Successfully scheduled Software Protection service for re-start at 2024-12-11T04:24:07Z. Reason: RulesEngine."
"Information","12/10/2024 6:08:37 PM","Microsoft-Windows-Security-SPP","16394",,"Offline downlevel migration succeeded."
"Information","12/10/2024 5:06:43 PM","Microsoft-Windows-Security-SPP","16384",,"Successfully scheduled Software Protection service for re-start at 2024-12-11T04:24:43Z. Reason: RulesEngine."
"Information","12/10/2024 5:06:12 PM","Microsoft-Windows-Security-SPP","1003",,"The Software Protection service has completed licensing status check.
Application Id=0ff1ce15-a989-479d-af46-f275c6370663
Licensing Status=
1: 85dd8b5f-eaa4-4af3-a628-cce9e77c9a03, 1, 1 [(0 [0x00000000, 1, 0], [(?)( 1 0x00000000)(?)( 2 0x00000000 0 0 msft:rm/algorithm/volume/1.0 0x00000000 250278)(?)(?)(?)(?)])(1 )(2 )(3 )]

"
"Information","12/10/2024 5:06:11 PM","Microsoft-Windows-Security-SPP","1003",,"The Software Protection service has completed licensing status check.
Application Id=0ff1ce15-a989-479d-af46-f275c6370663
Licensing Status=
1: 0b4e6cfa-3072-434c-b702-bd1836e6887c, 1, 0 [(0 [0xC004F014, 0, 0], [(?)(?)(?)(?)(?)(?)(?)(?)])(1 )(2 )(3 )]
2: 0bc88885-718c-491d-921f-6f214349e79c, 1, 0 [(0 [0xC004F014, 0, 0], [(?)(?)(?)(?)(?)(?)(?)(?)])(1 )(2 )(3 )]
3: 6755c7a7-4dfe-46f5-bce8-427be8e9dc62, 1, 0 [(0 [0xC004F014, 0, 0], [(?)(?)(?)(?)(?)(?)(?)(?)])(1 )(2 )(3 )]
4: 85dd8b5f-eaa4-4af3-a628-cce9e77c9a03, 1, 1 [(0 [0x00000000, 1, 0], [(?)( 1 0x00000000)(?)( 2 0x00000000 0 0 msft:rm/algorithm/volume/1.0 0x00000000 250279)(?)(?)(?)(?)])(1 )(2 )(3 )]

"
"Information","12/10/2024 5:06:11 PM","Microsoft-Windows-Security-SPP","16394",,"Offline downlevel migration succeeded."
"Information","12/10/2024 5:00:47 PM","SecurityCenter","15",,"Updated Windows Defender status successfully to SECURITY_PRODUCT_STATE_ON."
"Information","12/10/2024 5:00:19 PM","SecurityCenter","15",,"Updated Windows Defender status successfully to SECURITY_PRODUCT_STATE_ON."
"Information","12/10/2024 4:52:38 PM","Microsoft-Windows-Security-SPP","16384",,"Successfully scheduled Software Protection service for re-start at 2024-12-11T04:24:38Z. Reason: RulesEngine."
"Information","12/10/2024 4:52:07 PM","Microsoft-Windows-Security-SPP","16394",,"Offline downlevel migration succeeded."
"Information","12/10/2024 4:48:31 PM","SecurityCenter","15",,"Updated Windows Defender status successfully to SECURITY_PRODUCT_STATE_ON."
"Information","12/10/2024 4:46:27 PM","SecurityCenter","15",,"Updated Windows Defender status successfully to SECURITY_PRODUCT_STATE_ON."
"Information","12/10/2024 3:44:33 PM","Microsoft-Windows-Security-SPP","16384",,"Successfully scheduled Software Protection service for re-start at 2024-12-11T04:24:33Z. Reason: RulesEngine."
"Information","12/10/2024 3:44:03 PM","Microsoft-Windows-Security-SPP","16394",,"Offline downlevel migration succeeded."
"Information","12/10/2024 3:39:26 PM","Windows Error Reporting","1001",,"Fault bucket 1972033496655249488, type 5
Event Name: RADAR_PRE_LEAK_64
Response: Not available
Cab Id: 0

Problem signature:
P1: python.exe
P2: 3.13.150.1013
P3: 10.0.22631.2.0.0
P4: 
P5: 
P6: 
P7: 
P8: 
P9: 
P10: 

Attached files:
\\?\C:\Users\Admin\AppData\Local\Temp\RDRA782.tmp\empty.txt
\\?\C:\ProgramData\Microsoft\Windows\WER\Temp\WER.044e8284-9dc4-4d3e-9315-5195e17b87ce.tmp.WERInternalMetadata.xml
WPR_initiated_DiagTrackMiniLogger_OneTrace_User_Logger_20240808_1_EC_0_inject.etl
\\?\C:\ProgramData\Microsoft\Windows\WER\Temp\WER.5b1a0feb-acd1-4a4f-962f-3b47c0bc4ee3.tmp.etl
WPR_initiated_DiagTrackMiniLogger_WPR System Collector_inject.etl
\\?\C:\ProgramData\Microsoft\Windows\WER\Temp\WER.7fb4f884-ab76-467d-916f-94d0973f5adb.tmp.etl
\\?\C:\ProgramData\Microsoft\Windows\WER\Temp\WER.c8620dd7-abe4-4fb7-898c-d5cdb0738a5f.tmp.csv
\\?\C:\ProgramData\Microsoft\Windows\WER\Temp\WER.29384b31-1068-4a3a-a00f-fe94e439189f.tmp.txt
\\?\C:\ProgramData\Microsoft\Windows\WER\Temp\WER.4cc992b3-1148-44d9-8d87-637921d47c8d.tmp.xml

These files may be available here:
NULL

Analysis symbol: 
Rechecking for solution: 0
Report Id: b9d70ac6-2f7e-45fe-b9d3-9ac0bd0b76aa
Report Status: 268435456
Hashed bucket: 697cbd422f7e455b2b5e1204554ec050
Cab Guid: 0"
"Information","12/10/2024 3:12:02 PM","Microsoft-Windows-RestartManager","10001",,"Ending session 2 started ?2024?-?12?-?10T07:12:02.690444800Z."
"Information","12/10/2024 3:12:02 PM","Microsoft-Windows-RestartManager","10000",,"Starting session 2 - ?2024?-?12?-?10T07:12:02.690444800Z."
"Information","12/10/2024 2:35:01 PM","SecurityCenter","15",,"Updated Windows Defender status successfully to SECURITY_PRODUCT_STATE_ON."
"Information","12/10/2024 2:34:50 PM","SecurityCenter","15",,"Updated Windows Defender status successfully to SECURITY_PRODUCT_STATE_ON."
"Warning","12/10/2024 2:27:06 PM","Chrome","256","Browser Events","[5272:8676:1210/142706.497:WARNING:remote_commands_service.cc(221)] Client is not registered."
"Information","12/10/2024 1:41:18 PM","Microsoft-Windows-Security-SPP","16384",,"Successfully scheduled Software Protection service for re-start at 2024-12-11T04:24:18Z. Reason: RulesEngine."
"Information","12/10/2024 1:40:48 PM","Microsoft-Windows-Security-SPP","8197",,"SLUI.exe was launched with the following command-line parameters:
RuleId=379cccfb-d4e0-48fe-b0f2-0136097be147;Action=CleanupState;AppId=55c92734-d682-4d71-983e-d6ec3f16059f;SkuId=2de67392-b7a7-462a-b1ca-108dd189f588;Trigger=TimerEvent"
"Information","12/10/2024 1:40:48 PM","Microsoft-Windows-Security-SPP","8230",,"The rules engine successfully re-evaluated the schedule.
Kernel policies:
Security-SPP-Action-StateData (REG_SZ) =AppId=55c92734-d682-4d71-983e-d6ec3f16059f;GraceEndDate=2025/06/08:05:40:48;LastConsumptionReason=0x00000000;LastNotificationId=Cleanup;LicenseState=SL_LICENSING_STATUS_LICENSED;PartialProductKey=T83GX;ProductKeyType=Volume:GVLK;SkuId=2de67392-b7a7-462a-b1ca-108dd189f588;ruleId=379cccfb-d4e0-48fe-b0f2-0136097be147;uxDifferentiator=ENVIRONMENT;volumeActivationOrder=normal"
"Information","12/10/2024 1:40:47 PM","Microsoft-Windows-Security-SPP","8197",,"SLUI.exe was launched with the following command-line parameters:
RuleId=502ff3ba-669a-4674-bbb1-601f34a3b968;Action=AutoActivateSilent;AppId=55c92734-d682-4d71-983e-d6ec3f16059f;SkuId=2de67392-b7a7-462a-b1ca-108dd189f588;NotificationInterval=1440;Trigger=TimerEvent"
"Information","12/10/2024 1:40:47 PM","Microsoft-Windows-Security-SPP","1003",,"The Software Protection service has completed licensing status check.
Application Id=55c92734-d682-4d71-983e-d6ec3f16059f
Licensing Status=
1: 040fa323-92b1-4baf-97a2-5b67feaefddb, 1, 0 [(0 [0xC004F014, 0, 0], [(?)(?)(?)(?)(?)(?)(?)(?)])(1 )(2 )(3 )]
2: 0724cb7d-3437-4cb7-93cb-830375d0079d, 1, 0 [(0 [0xC004F014, 0, 0], [(?)(?)(?)(?)(?)(?)(?)(?)])(1 )(2 )(3 )]
3: 0ad2ac98-7bb9-4201-8d92-312299201369, 1, 0 [(0 [0xC004F014, 0, 0], [(?)(?)(?)(?)(?)(?)(?)(?)])(1 )(2 )(3 )]
4: 1a9a717a-cf13-4ba5-83c3-0fe25fa868d5, 1, 0 [(0 [0xC004F014, 0, 0], [(?)(?)(?)(?)(?)(?)(?)(?)])(1 )(2 )(3 )]
5: 221a02da-e2a1-4b75-864c-0a4410a33fdf, 1, 0 [(0 [0xC004F014, 0, 0], [(?)(?)(?)(?)(?)(?)(?)(?)])(1 )(2 )(3 )]
6: 291ece0e-9c38-40ca-a9e1-32cc7ec19507, 1, 0 [(0 [0xC004F014, 0, 0], [(?)(?)(?)(?)(?)(?)(?)(?)])(1 )(2 )(3 )]
7: 2936d1d2-913a-4542-b54e-ce5a602a2a38, 1, 0 [(0 [0xC004F014, 0, 0], [(?)(?)(?)(?)(?)(?)(?)(?)])(1 )(2 )(3 )]
8: 2c293c26-a45a-4a2a-a350-c69a67097529, 1, 0 [(0 [0xC004F014, 0, 0], [(?)(?)(?)(?)(?)(?)(?)(?)])(1 )(2 )(3 )]
9: 2de67392-b7a7-462a-b1ca-108dd189f588, 1, 1 [(0 [0x00000000, 1, 0], [(?)( 1 0x00000000)(?)( 2 0x00000000 0 0 msft:rm/algorithm/volume/1.0 0x00000000 259200)(?)(?)( 10 0x00000000 msft:rm/algorithm/flags/1.0)(?)])(1 )(2 )(3 )]
10: 2ffd8952-423e-4903-b993-72a1aa44cf82, 1, 0 [(0 [0xC004F014, 0, 0], [(?)(?)(?)(?)(?)(?)(?)(?)])(1 )(2 )(3 )]
11: 30a42c86-b7a0-4a34-8c90-ff177cb2acb7, 1, 0 [(0 [0xC004F014, 0, 0], [(?)(?)(?)(?)(?)(?)(?)(?)])(1 )(2 )(3 )]
12: 345a5db0-d94f-4e3b-a0c0-7c42f7bc3ebf, 1, 0 [(0 [0xC004F014, 0, 0], [(?)(?)(?)(?)(?)(?)(?)(?)])(1 )(2 )(3 )]
13: 3502365a-f88a-4ba4-822a-5769d3073b65, 1, 0 [(0 [0xC004F014, 0, 0], [(?)(?)(?)(?)(?)(?)(?)(?)])(1 )(2 )(3 )]
14: 377333b1-8b5d-48d6-9679-1225c872d37c, 1, 0 [(0 [0xC004F014, 0, 0], [(?)(?)(?)(?)(?)(?)(?)(?)])(1 )(2 )(3 )]
15: 3df374ef-d444-4494-a5a1-4b0d9fd0e203, 1, 0 [(0 [0xC004F014, 0, 0], [(?)(?)(?)(?)(?)(?)(?)(?)])(1 )(2 )(3 )]
16: 3f1afc82-f8ac-4f6c-8005-1d233e606eee, 1, 0 [(0 [0xC004F014, 0, 0], [(?)(?)(?)(?)(?)(?)(?)(?)])(1 )(2 )(3 )]
17: 49cd895b-53b2-4dc4-a5f7-b18aa019ad37, 1, 0 [(0 [0xC004F014, 0, 0], [(?)(?)(?)(?)(?)(?)(?)(?)])(1 )(2 )(3 )]
18: 4de7cb65-cdf1-4de9-8ae8-e3cce27b9f2c, 1, 0 [(0 [0xC004F014, 0, 0], [(?)(?)(?)(?)(?)(?)(?)(?)])(1 )(2 )(3 )]
19: 4f3da0d2-271d-4508-ae81-626b60809a38, 1, 0 [(0 [0xC004F014, 0, 0], [(?)(?)(?)(?)(?)(?)(?)(?)])(1 )(2 )(3 )]
20: 5d78c4e9-aeb3-4b40-8ac2-6a6005e0ad6d, 1, 0 [(0 [0xC004F014, 0, 0], [(?)(?)(?)(?)(?)(?)(?)(?)])(1 )(2 )(3 )]
21: 60b3ec1b-9545-4921-821f-311b129dd6f6, 1, 0 [(0 [0xC004F014, 0, 0], [(?)(?)(?)(?)(?)(?)(?)(?)])(1 )(2 )(3 )]
22: 613d217f-7f13-4268-9907-1662339531cd, 1, 0 [(0 [0xC004F014, 0, 0], [(?)(?)(?)(?)(?)(?)(?)(?)])(1 )(2 )(3 )]
23: 62f0c100-9c53-4e02-b886-a3528ddfe7f6, 1, 0 [(0 [0xC004F014, 0, 0], [(?)(?)(?)(?)(?)(?)(?)(?)])(1 )(2 )(3 )]
24: 6365275e-368d-46ca-a0ef-fc0404119333, 1, 0 [(0 [0xC004F014, 0, 0], [(?)(?)(?)(?)(?)(?)(?)(?)])(1 )(2 )(3 )]
25: 721f9237-9341-4453-a661-09e8baa6cca5, 1, 0 [(0 [0xC004F014, 0, 0], [(?)(?)(?)(?)(?)(?)(?)(?)])(1 )(2 )(3 )]
26: 73111121-5638-40f6-bc11-f1d7b0d64300, 1, 0 [(0 [0xC004F014, 0, 0], [(?)(?)(?)(?)(?)(?)(?)(?)])(1 )(2 )(3 )]
27: 7a802526-4c94-4bd1-ba14-835a1aca2120, 1, 0 [(0 [0xC004F014, 0, 0], [(?)(?)(?)(?)(?)(?)(?)(?)])(1 )(2 )(3 )]
28: 7cb546c0-c7d5-44d8-9a5c-69ecdd782b69, 1, 0 [(0 [0xC004F014, 0, 0], [(?)(?)(?)(?)(?)(?)(?)(?)])(1 )(2 )(3 )]
29: 82bbc092-bc50-4e16-8e18-b74fc486aec3, 1, 0 [(0 [0xC004F014, 0, 0], [(?)(?)(?)(?)(?)(?)(?)(?)])(1 )(2 )(3 )]
30: 8ab9bdd1-1f67-4997-82d9-8878520837d9, 1, 0 [(0 [0xC004F014, 0, 0], [(?)(?)(?)(?)(?)(?)(?)(?)])(1 )(2 )(3 )]
31: 8b351c9c-f398-4515-9900-09df49427262, 1, 0 [(0 [0xC004F014, 0, 0], [(?)(?)(?)(?)(?)(?)(?)(?)])(1 )(2 )(3 )]
32: 90da7373-1c51-430b-bf26-c97e9c5cdc31, 1, 0 [(0 [0xC004F014, 0, 0], [(?)(?)(?)(?)(?)(?)(?)(?)])(1 )(2 )(3 )]
33: 92fb8726-92a8-4ffc-94ce-f82e07444653, 1, 0 [(0 [0xC004F014, 0, 0], [(?)(?)(?)(?)(?)(?)(?)(?)])(1 )(2 )(3 )]
34: 95dca82f-385d-4d39-b85b-5c73fa285d6f, 1, 0 [(0 [0xC004F014, 0, 0], [(?)(?)(?)(?)(?)(?)(?)(?)])(1 )(2 )(3 )]
35: a48938aa-62fa-4966-9d44-9f04da3f72f2, 1, 0 [(0 [0xC004F014, 0, 0], [(?)(?)(?)(?)(?)(?)(?)(?)])(1 )(2 )(3 )]
36: b0773a15-df3a-4312-9ad2-83d69648e356, 1, 0 [(0 [0xC004F014, 0, 0], [(?)(?)(?)(?)(?)(?)(?)(?)])(1 )(2 )(3 )]
37: b4bfe195-541e-4e64-ad23-6177f19e395e, 1, 0 [(0 [0xC004F014, 0, 0], [(?)(?)(?)(?)(?)(?)(?)(?)])(1 )(2 )(3 )]
38: b68e61d2-68ca-4757-be45-0cc2f3e68eee, 1, 0 [(0 [0xC004F014, 0, 0], [(?)(?)(?)(?)(?)(?)(?)(?)])(1 )(2 )(3 )]
39: bd3762d7-270d-4760-8fb3-d829ca45278a, 1, 0 [(0 [0xC004F014, 0, 0], [(?)(?)(?)(?)(?)(?)(?)(?)])(1 )(2 )(3 )]
40: c86d5194-4840-4dae-9c1c-0301003a5ab0, 1, 0 [(0 [0xC004F014, 0, 0], [(?)(?)(?)(?)(?)(?)(?)(?)])(1 )(2 )(3 )]
41: ca7df2e3-5ea0-47b8-9ac1-b1be4d8edd69, 1, 0 [(0 [0xC004F014, 0, 0], [(?)(?)(?)(?)(?)(?)(?)(?)])(1 )(2 )(3 )]
42: d552befb-48cc-4327-8f39-47d2d94f987c, 1, 0 [(0 [0xC004F014, 0, 0], [(?)(?)(?)(?)(?)(?)(?)(?)])(1 )(2 )(3 )]
43: d6eadb3b-5ca8-4a6b-986e-35b550756111, 1, 0 [(0 [0xC004F014, 0, 0], [(?)(?)(?)(?)(?)(?)(?)(?)])(1 )(2 )(3 )]
44: df96023b-dcd9-4be2-afa0-c6c871159ebe, 1, 0 [(0 [0xC004F014, 0, 0], [(?)(?)(?)(?)(?)(?)(?)(?)])(1 )(2 )(3 )]
45: e0c42288-980c-4788-a014-c080d2e1926e, 1, 0 [(0 [0xC004F014, 0, 0], [(?)(?)(?)(?)(?)(?)(?)(?)])(1 )(2 )(3 )]
46: e4db50ea-bda1-4566-b047-0ca50abc6f07, 1, 0 [(0 [0xC004F014, 0, 0], [(?)(?)(?)(?)(?)(?)(?)(?)])(1 )(2 )(3 )]
47: e558417a-5123-4f6f-91e7-385c1c7ca9d4, 1, 0 [(0 [0xC004F014, 0, 0], [(?)(?)(?)(?)(?)(?)(?)(?)])(1 )(2 )(3 )]
48: e7a950a2-e548-4f10-bf16-02ec848e0643, 1, 0 [(0 [0xC004F014, 0, 0], [(?)(?)(?)(?)(?)(?)(?)(?)])(1 )(2 )(3 )]
49: eb6d346f-1c60-4643-b960-40ec31596c45, 1, 0 [(0 [0xC004F014, 0, 0], [(?)(?)(?)(?)(?)(?)(?)(?)])(1 )(2 )(3 )]
50: ec868e65-fadf-4759-b23e-93fe37f2cc29, 1, 0 [(0 [0xC004F014, 0, 0], [(?)(?)(?)(?)(?)(?)(?)(?)])(1 )(2 )(3 )]
51: ef51e000-2659-4f25-8345-3de70a9cf4c4, 1, 0 [(0 [0xC004F014, 0, 0], [(?)(?)(?)(?)(?)(?)(?)(?)])(1 )(2 )(3 )]
52: f7af7d09-40e4-419c-a49b-eae366689ebd, 1, 0 [(0 [0xC004F014, 0, 0], [(?)(?)(?)(?)(?)(?)(?)(?)])(1 )(2 )(3 )]
53: fa755fe6-6739-40b9-8d84-6d0ea3b6d1ab, 1, 0 [(0 [0xC004F014, 0, 0], [(?)(?)(?)(?)(?)(?)(?)(?)])(1 )(2 )(3 )]
54: fe74f55b-0338-41d6-b267-4a201abe7285, 1, 0 [(0 [0xC004F014, 0, 0], [(?)(?)(?)(?)(?)(?)(?)(?)])(1 )(2 )(3 )]

"
"Information","12/10/2024 1:40:47 PM","Microsoft-Windows-Security-SPP","16388",,"The current time is 2024-12-10T05:40:47Z : 2024-12-10T05:40:47Z."
