"Information","12/5/2024 1:33:30 PM","ESENT","300","Logging/Recovery","Video.UI (4884,R,98) {DC871DB0-FAAA-4407-8DCA-F903B633B430}: The database engine is initiating recovery steps."
"Information","12/5/2024 1:33:30 PM","ESENT","102","General","Video.UI (4884,P,98) {DC871DB0-FAAA-4407-8DCA-F903B633B430}: The database engine (10.00.22631.0000) is starting a new instance (0)."
"Information","12/5/2024 1:31:45 PM","VSS","8224",,"The VSS service is shutting down due to idle timeout. "
"Information","12/5/2024 1:28:45 PM","System Restore","8216",,"Skipping creation of restore point (Process = C:\Windows\system32\svchost.exe -k netsvcs -p -s wuauserv; Description = Windows Update) as there is a restore point avaliable which is recent enough for System Restore."
"Information","12/5/2024 1:27:55 PM","ESENT","326","General","svchost (15808,D,50) DS_Token_DB: The database engine attached a database (1, C:\Windows\system32\config\systemprofile\AppData\Local\DataSharing\Storage\DSTokenDB2.dat). (Time=0 seconds) 
 
Saved Cache: 1 0 
Additional Data: lgposAttach = 00000023:000D:0268,
dbv = 1568.230.500 (9480) 
 
Internal Timing Sequence: 
[1] 0.000003 +J(0)
[2] 0.002842 -0.001877 (1) WT +J(0) +M(C:0K, Fs:17, WS:4K # 12K, PF:4K # 4K, P:4K)
[3] 0.015833 -0.003392 (6) WT +J(CM:0, PgRf:0, Rd:0/0, Dy:0/0, Lg:3480/2) +M(C:0K, Fs:6, WS:20K # 0K, PF:20K # 0K, P:20K)
[4] 0.002165 +J(0)
[5] -
[6] 0.001190 -0.001128 (2) CM -0.001062 (2) WT +J(CM:2, PgRf:2, Rd:0/2, Dy:0/0, Lg:0/0)
[7] 0.000005 +J(0) +M(C:0K, Fs:1, WS:4K # 0K, PF:0K # 0K, P:0K)
[8] 0.000565 -0.000453 (1) CM -0.000435 (1) WT +J(CM:1, PgRf:1, Rd:4/1, Dy:0/0, Lg:0/0) +M(C:16K, Fs:21, WS:84K # 44K, PF:208K # 168K, P:208K)
[9] -
[10] -
[11] -
[12] 0.000007 +J(CM:0, PgRf:0, Rd:0/0, Dy:0/0, Lg:54/1) +M(C:0K, Fs:1, WS:4K # 4K, PF:20K # 16K, P:20K)
[13] 0.002443 -0.002288 (3) CM -0.002214 (3) WT +J(CM:3, PgRf:23, Rd:0/2, Dy:0/0, Lg:0/0) +M(C:-8K, Fs:19, WS:68K # 68K, PF:-4K # 0K, P:-4K)
[14] 0.004703 -0.004483 (2) CM -0.004352 (2) WT +J(CM:2, PgRf:40, Rd:0/2, Dy:0/0, Lg:0/0) +M(C:0K, Fs:2, WS:8K # 8K, PF:64K # 60K, P:64K)
[15] 0.000007 +J(CM:0, PgRf:1, Rd:0/0, Dy:0/0, Lg:0/0)
[16] 0.000009 +J(CM:0, PgRf:1, Rd:0/0, Dy:0/0, Lg:0/0) +M(C:0K, Fs:1, WS:4K # 4K, PF:0K # 0K, P:0K)
[17] 0.000030 +J(CM:0, PgRf:42, Rd:0/0, Dy:0/0, Lg:0/0) +M(C:0K, Fs:4, WS:16K # 16K, PF:0K # 0K, P:0K)
[18] 0.0 +J(0)
[19] 0.0 +J(0)
[20] 0.000003 +J(CM:0, PgRf:1, Rd:0/0, Dy:0/0, Lg:0/0)."
"Information","12/5/2024 1:27:55 PM","ESENT","105","General","svchost (15808,D,0) DS_Token_DB: The database engine started a new instance (0). (Time=0 seconds) 
 
Additional Data:
 lgposV2[] = 00000023:0001:0000 - 00000023:000A:0367 - 00000023:000B:0000 - 00000023:000B:0000 (00000000:0000:0000)
cReInits = 3
RBSOn = 0
 
 
Internal Timing Sequence: 
[1] 0.000456 +J(0) +M(C:0K, Fs:156, WS:600K # 600K, PF:3028K # 3028K, P:3028K)
[2] 0.000235 +J(0) +M(C:8K, Fs:126, WS:496K # 496K, PF:1256K # 1256K, P:1256K)
[3] 0.000015 +J(0) +M(C:0K, Fs:7, WS:24K # 24K, PF:68K # 68K, P:68K)
[4] 0.000118 +J(0) +M(C:0K, Fs:89, WS:356K # 356K, PF:188K # 188K, P:188K)
[5] 0.000947 +J(0) +M(C:0K, Fs:138, WS:552K # 552K, PF:20K # 20K, P:20K)
[6] 0.013441 +J(0) +M(C:0K, Fs:66, WS:264K # 264K, PF:52K # 52K, P:52K)
[7] 0.009641 -0.009072 (2) WT +J(0) +M(C:0K, Fs:35, WS:140K # 140K, PF:64K # 64K, P:64K)
[8] 0.168083 -0.123744 (13) WT +J(CM:0, PgRf:0, Rd:0/0, Dy:0/0, Lg:40560/27) +M(C:0K, Fs:154, WS:332K # 336K, PF:228K # 232K, P:228K)
[9] 0.000324 +J(0) +M(C:0K, Fs:8, WS:32K # 28K, PF:8K # 4K, P:8K)
[10] 0.003438 -0.002924 (1) WT +J(0) +M(C:0K, Fs:19, WS:16K # 76K, PF:20K # 80K, P:20K)
[11] 0.000026 +J(CM:0, PgRf:0, Rd:0/0, Dy:0/0, Lg:49/1) +M(C:0K, Fs:5, WS:20K # 0K, PF:0K # 0K, P:0K)
[12] 0.002199 +J(0)
[13] 0.070703 -0.002018 (2) CM -0.016728 (17) WT +J(CM:2, PgRf:2, Rd:0/2, Dy:0/0, Lg:8759/5) +M(C:0K, Fs:53, WS:100K # 124K, PF:160K # 168K, P:160K)
[14] 0.000021 +J(0)
[15] 0.000010 +J(0)
[16] 0.001731 -0.001054 (1) WT +J(0) +M(C:0K, Fs:2, WS:0K # 0K, PF:0K # 0K, P:0K)."
"Information","12/5/2024 1:27:55 PM","ESENT","302","Logging/Recovery","svchost (15808,U,98) DS_Token_DB: The database engine has successfully completed recovery steps."
"Information","12/5/2024 1:27:55 PM","ESENT","301","Logging/Recovery","svchost (15808,R,98) DS_Token_DB: The database engine has finished replaying logfile C:\Windows\system32\config\systemprofile\AppData\Local\DataSharing\Storage\DSS.log. 
 
Processing Stats: 
[1] 0.117586 -0.083225 (9) WT +J(CM:0, PgRf:0, Rd:0/0, Dy:0/0, Lg:40560/27) +M(C:0K, Fs:98, WS:184K # 124K, PF:136K # 72K, P:136K). 
Log record of type 'AttachDB ' was seen most frequently (3 times)"
"Information","12/5/2024 1:27:55 PM","ESENT","300","Logging/Recovery","svchost (15808,R,98) DS_Token_DB: The database engine is initiating recovery steps."
"Information","12/5/2024 1:27:55 PM","ESENT","102","General","svchost (15808,P,98) DS_Token_DB: The database engine (10.00.22631.0000) is starting a new instance (0)."
"Information","12/5/2024 1:27:47 PM","System Restore","8216",,"Skipping creation of restore point (Process = C:\Windows\system32\svchost.exe -k netsvcs -p -s wuauserv; Description = Windows Update) as there is a restore point avaliable which is recent enough for System Restore."
"Information","12/5/2024 1:27:43 PM","System Restore","8216",,"Skipping creation of restore point (Process = C:\Windows\system32\svchost.exe -k netsvcs -p -s wuauserv; Description = Windows Update) as there is a restore point avaliable which is recent enough for System Restore."
"Information","12/5/2024 1:27:36 PM","Microsoft-Windows-Security-SPP","16384",,"Successfully scheduled Software Protection service for re-start at 2024-12-10T05:39:36Z. Reason: RulesEngine."
"Information","12/5/2024 1:27:30 PM","System Restore","8216",,"Skipping creation of restore point (Process = C:\Windows\system32\svchost.exe -k netsvcs -p -s wuauserv; Description = Windows Update) as there is a restore point avaliable which is recent enough for System Restore."
"Information","12/5/2024 1:27:22 PM","System Restore","8216",,"Skipping creation of restore point (Process = C:\Windows\system32\svchost.exe -k netsvcs -p -s wuauserv; Description = Windows Update) as there is a restore point avaliable which is recent enough for System Restore."
"Information","12/5/2024 1:27:18 PM","System Restore","8216",,"Skipping creation of restore point (Process = C:\Windows\system32\svchost.exe -k netsvcs -p -s wuauserv; Description = Windows Update) as there is a restore point avaliable which is recent enough for System Restore."
"Information","12/5/2024 1:27:10 PM","System Restore","8216",,"Skipping creation of restore point (Process = C:\Windows\system32\svchost.exe -k netsvcs -p -s wuauserv; Description = Windows Update) as there is a restore point avaliable which is recent enough for System Restore."
"Information","12/5/2024 1:27:09 PM","System Restore","8216",,"Skipping creation of restore point (Process = C:\Windows\system32\svchost.exe -k netsvcs -p -s wuauserv; Description = Windows Update) as there is a restore point avaliable which is recent enough for System Restore."
"Information","12/5/2024 1:27:09 PM","System Restore","8216",,"Skipping creation of restore point (Process = C:\Windows\system32\svchost.exe -k netsvcs -p -s wuauserv; Description = Windows Update) as there is a restore point avaliable which is recent enough for System Restore."
"Information","12/5/2024 1:27:05 PM","Microsoft-Windows-Security-SPP","16394",,"Offline downlevel migration succeeded."
"Information","12/5/2024 1:23:08 PM","Microsoft-Windows-Security-SPP","16384",,"Successfully scheduled Software Protection service for re-start at 2024-12-10T05:39:08Z. Reason: RulesEngine."
"Information","12/5/2024 1:22:32 PM","Microsoft-Windows-Security-SPP","16394",,"Offline downlevel migration succeeded."
"Information","12/5/2024 1:15:20 PM","Microsoft-Windows-Security-SPP","16384",,"Successfully scheduled Software Protection service for re-start at 2024-12-10T05:39:20Z. Reason: RulesEngine."
"Information","12/5/2024 1:14:50 PM","Microsoft-Windows-Security-SPP","16394",,"Offline downlevel migration succeeded."
"Information","12/5/2024 1:14:16 PM","SecurityCenter","15",,"Updated Windows Defender status successfully to SECURITY_PRODUCT_STATE_ON."
"Information","12/5/2024 1:13:25 PM","VSS","8224",,"The VSS service is shutting down due to idle timeout. "
"Warning","12/5/2024 1:11:27 PM","Microsoft-Windows-System-Restore","8303",,"Scoping unsuccessful for shadowcopy \\?\GLOBALROOT\Device\HarddiskVolumeShadowCopy2 with error 0x80070057."
"Information","12/5/2024 1:11:27 PM","Microsoft-Windows-System-Restore","8301",,"Scoping completed for shadowcopy \\?\GLOBALROOT\Device\HarddiskVolumeShadowCopy2."
"Information","12/5/2024 1:11:25 PM","Microsoft-Windows-System-Restore","8302",,"Scoping successfully completed for shadowcopy \\?\GLOBALROOT\Device\HarddiskVolumeShadowCopy3."
"Information","12/5/2024 1:11:25 PM","Microsoft-Windows-System-Restore","8301",,"Scoping completed for shadowcopy \\?\GLOBALROOT\Device\HarddiskVolumeShadowCopy3."
"Information","12/5/2024 1:10:29 PM","Microsoft-Windows-System-Restore","8300",,"Scoping started for shadowcopy \\?\GLOBALROOT\Device\HarddiskVolumeShadowCopy3."
"Information","12/5/2024 1:10:28 PM","Microsoft-Windows-Security-SPP","16384",,"Successfully scheduled Software Protection service for re-start at 2024-12-10T05:39:28Z. Reason: RulesEngine."
"Warning","12/5/2024 1:10:26 PM","Chrome","256","Browser Events","[9500:11656:1205/131026.175:WARNING:remote_commands_service.cc(221)] Client is not registered."
"Information","12/5/2024 1:10:20 PM","Microsoft-Windows-System-Restore","8300",,"Scoping started for shadowcopy \\?\GLOBALROOT\Device\HarddiskVolumeShadowCopy2."
"Information","12/5/2024 1:10:14 PM","System Restore","8194",,"Successfully created restore point (Process = C:\Windows\system32\svchost.exe -k netsvcs -p -s wuauserv; Description = Windows Update)."
"Information","12/5/2024 1:10:02 PM","System Restore","8194",,"Successfully created restore point (Process = C:\Windows\system32\svchost.exe -k netsvcs -p -s wuauserv; Description = Windows Update)."
"Information","12/5/2024 1:09:30 PM","edgeupdate","0",,"Service stopped."
"Information","12/5/2024 1:08:53 PM","Microsoft-Windows-Security-SPP","16394",,"Offline downlevel migration succeeded."
"Information","12/5/2024 1:07:31 PM","Microsoft-Windows-Winlogon","6000",,"The winlogon notification subscriber <SessionEnv> was unavailable to handle a notification event."
"Information","12/5/2024 1:07:31 PM","Microsoft-Windows-Winlogon","6003",,"The winlogon notification subscriber <SessionEnv> was unavailable to handle a critical notification event."
"Information","12/5/2024 1:06:37 PM","Microsoft-Windows-Search","1003","Search service","The Windows Search Service started.
"
"Information","12/5/2024 1:06:33 PM","Microsoft-Windows-Security-SPP","16384",,"Successfully scheduled Software Protection service for re-start at 2024-12-10T05:39:33Z. Reason: RulesEngine."
"Information","12/5/2024 1:06:04 PM","SecurityCenter","15",,"Updated Windows Defender status successfully to SECURITY_PRODUCT_STATE_ON."
"Information","12/5/2024 1:06:03 PM","Microsoft-Windows-Security-SPP","16394",,"Offline downlevel migration succeeded."
"Information","12/5/2024 1:06:02 PM","SecurityCenter","1",,"The Windows Security Center Service has started."
"Information","12/5/2024 1:06:01 PM","Microsoft-Windows-Security-SPP","16384",,"Successfully scheduled Software Protection service for re-start at 2024-12-10T05:40:01Z. Reason: RulesEngine."
"Information","12/5/2024 1:05:31 PM","Microsoft-Windows-Security-SPP","16394",,"Offline downlevel migration succeeded."
"Information","12/5/2024 1:05:31 PM","Microsoft-Windows-Security-SPP","900",,"The Software Protection service is starting.
Parameters:<explicit>"
"Information","12/5/2024 1:05:18 PM","edgeupdate","0",,"Service stopped."
"Information","12/5/2024 1:04:36 PM","Microsoft-Windows-Security-SPP","903",,"The Software Protection service has stopped.
"
"Information","12/5/2024 1:04:36 PM","Microsoft-Windows-Security-SPP","16384",,"Successfully scheduled Software Protection service for re-start at 2024-12-10T05:39:36Z. Reason: RulesEngine."
"Information","12/5/2024 1:04:06 PM","Microsoft-Windows-Security-SPP","8230",,"The rules engine successfully re-evaluated the schedule.
Kernel policies:
Security-SPP-Action-StateData (REG_SZ) =AppId=55c92734-d682-4d71-983e-d6ec3f16059f;GraceEndDate=2025/06/01:05:40:06;LastConsumptionReason=0x00000000;LastNotificationId=Cleanup;LicenseState=SL_LICENSING_STATUS_LICENSED;PartialProductKey=T83GX;ProductKeyType=Volume:GVLK;SkuId=2de67392-b7a7-462a-b1ca-108dd189f588;ruleId=379cccfb-d4e0-48fe-b0f2-0136097be147;uxDifferentiator=ENVIRONMENT;volumeActivationOrder=normal"
"Information","12/5/2024 1:04:06 PM","Microsoft-Windows-Security-SPP","16388",,"The current time is 2024-12-05T05:04:06Z : 2024-12-05T05:04:06Z."
"Information","12/5/2024 1:04:06 PM","Microsoft-Windows-Security-SPP","8230",,"The rules engine successfully re-evaluated the schedule.
Kernel policies:
Security-SPP-Action-StateData (REG_SZ) =AppId=55c92734-d682-4d71-983e-d6ec3f16059f;GraceEndDate=2025/06/01:05:40:02;LastConsumptionReason=0x00000000;LastNotificationId=Cleanup;LicenseState=SL_LICENSING_STATUS_LICENSED;PartialProductKey=T83GX;ProductKeyType=Volume:GVLK;SkuId=2de67392-b7a7-462a-b1ca-108dd189f588;ruleId=379cccfb-d4e0-48fe-b0f2-0136097be147;uxDifferentiator=ENVIRONMENT;volumeActivationOrder=normal"
"Information","12/5/2024 1:04:01 PM","Microsoft-Windows-Security-SPP","1033",,"These policies are being excluded since they are only defined with override-only attribute.
Policy Names=(Security-SPP-Reserved-EnableNotificationMode) 
App Id=0ff1ce15-a989-479d-af46-f275c6370663
Sku Id=85dd8b5f-eaa4-4af3-a628-cce9e77c9a03"
"Information","12/5/2024 1:03:55 PM","Microsoft-Windows-Security-SPP","16388",,"The current time is 2024-12-05T05:03:55Z : 2024-12-05T05:03:55Z."
"Information","12/5/2024 1:03:54 PM","Microsoft-Windows-Security-SPP","902",,"The Software Protection service has started.
10.0.22621.4391"
"Information","12/5/2024 1:03:54 PM","Microsoft-Windows-Security-SPP","1003",,"The Software Protection service has completed licensing status check.
Application Id=55c92734-d682-4d71-983e-d6ec3f16059f
Licensing Status=
1: 040fa323-92b1-4baf-97a2-5b67feaefddb, 1, 0 [(0 [0xC004F014, 0, 0], [(?)(?)(?)(?)(?)(?)(?)(?)])(1 )(2 )(3 )]
2: 0724cb7d-3437-4cb7-93cb-830375d0079d, 1, 0 [(0 [0xC004F014, 0, 0], [(?)(?)(?)(?)(?)(?)(?)(?)])(1 )(2 )(3 )]
3: 0ad2ac98-7bb9-4201-8d92-312299201369, 1, 0 [(0 [0xC004F014, 0, 0], [(?)(?)(?)(?)(?)(?)(?)(?)])(1 )(2 )(3 )]
4: 1a9a717a-cf13-4ba5-83c3-0fe25fa868d5, 1, 0 [(0 [0xC004F014, 0, 0], [(?)(?)(?)(?)(?)(?)(?)(?)])(1 )(2 )(3 )]
5: 221a02da-e2a1-4b75-864c-0a4410a33fdf, 1, 0 [(0 [0xC004F014, 0, 0], [(?)(?)(?)(?)(?)(?)(?)(?)])(1 )(2 )(3 )]
6: 291ece0e-9c38-40ca-a9e1-32cc7ec19507, 1, 0 [(0 [0xC004F014, 0, 0], [(?)(?)(?)(?)(?)(?)(?)(?)])(1 )(2 )(3 )]
7: 2936d1d2-913a-4542-b54e-ce5a602a2a38, 1, 0 [(0 [0xC004F014, 0, 0], [(?)(?)(?)(?)(?)(?)(?)(?)])(1 )(2 )(3 )]
8: 2c293c26-a45a-4a2a-a350-c69a67097529, 1, 0 [(0 [0xC004F014, 0, 0], [(?)(?)(?)(?)(?)(?)(?)(?)])(1 )(2 )(3 )]
9: 2de67392-b7a7-462a-b1ca-108dd189f588, 1, 1 [(0 [0x00000000, 1, 0], [(?)( 1 0x00000000)(?)( 2 0x00000000 0 0 msft:rm/algorithm/volume/1.0 0x00000000 256356)(?)(?)( 10 0x00000000 msft:rm/algorithm/flags/1.0)(?)])(1 )(2 )(3 )]
10: 2ffd8952-423e-4903-b993-72a1aa44cf82, 1, 0 [(0 [0xC004F014, 0, 0], [(?)(?)(?)(?)(?)(?)(?)(?)])(1 )(2 )(3 )]
11: 30a42c86-b7a0-4a34-8c90-ff177cb2acb7, 1, 0 [(0 [0xC004F014, 0, 0], [(?)(?)(?)(?)(?)(?)(?)(?)])(1 )(2 )(3 )]
12: 345a5db0-d94f-4e3b-a0c0-7c42f7bc3ebf, 1, 0 [(0 [0xC004F014, 0, 0], [(?)(?)(?)(?)(?)(?)(?)(?)])(1 )(2 )(3 )]
13: 3502365a-f88a-4ba4-822a-5769d3073b65, 1, 0 [(0 [0xC004F014, 0, 0], [(?)(?)(?)(?)(?)(?)(?)(?)])(1 )(2 )(3 )]
14: 377333b1-8b5d-48d6-9679-1225c872d37c, 1, 0 [(0 [0xC004F014, 0, 0], [(?)(?)(?)(?)(?)(?)(?)(?)])(1 )(2 )(3 )]
15: 3df374ef-d444-4494-a5a1-4b0d9fd0e203, 1, 0 [(0 [0xC004F014, 0, 0], [(?)(?)(?)(?)(?)(?)(?)(?)])(1 )(2 )(3 )]
16: 3f1afc82-f8ac-4f6c-8005-1d233e606eee, 1, 0 [(0 [0xC004F014, 0, 0], [(?)(?)(?)(?)(?)(?)(?)(?)])(1 )(2 )(3 )]
17: 49cd895b-53b2-4dc4-a5f7-b18aa019ad37, 1, 0 [(0 [0xC004F014, 0, 0], [(?)(?)(?)(?)(?)(?)(?)(?)])(1 )(2 )(3 )]
18: 4de7cb65-cdf1-4de9-8ae8-e3cce27b9f2c, 1, 0 [(0 [0xC004F014, 0, 0], [(?)(?)(?)(?)(?)(?)(?)(?)])(1 )(2 )(3 )]
19: 4f3da0d2-271d-4508-ae81-626b60809a38, 1, 0 [(0 [0xC004F014, 0, 0], [(?)(?)(?)(?)(?)(?)(?)(?)])(1 )(2 )(3 )]
20: 5d78c4e9-aeb3-4b40-8ac2-6a6005e0ad6d, 1, 0 [(0 [0xC004F014, 0, 0], [(?)(?)(?)(?)(?)(?)(?)(?)])(1 )(2 )(3 )]
21: 60b3ec1b-9545-4921-821f-311b129dd6f6, 1, 0 [(0 [0xC004F014, 0, 0], [(?)(?)(?)(?)(?)(?)(?)(?)])(1 )(2 )(3 )]
22: 613d217f-7f13-4268-9907-1662339531cd, 1, 0 [(0 [0xC004F014, 0, 0], [(?)(?)(?)(?)(?)(?)(?)(?)])(1 )(2 )(3 )]
23: 62f0c100-9c53-4e02-b886-a3528ddfe7f6, 1, 0 [(0 [0xC004F014, 0, 0], [(?)(?)(?)(?)(?)(?)(?)(?)])(1 )(2 )(3 )]
24: 6365275e-368d-46ca-a0ef-fc0404119333, 1, 0 [(0 [0xC004F014, 0, 0], [(?)(?)(?)(?)(?)(?)(?)(?)])(1 )(2 )(3 )]
25: 721f9237-9341-4453-a661-09e8baa6cca5, 1, 0 [(0 [0xC004F014, 0, 0], [(?)(?)(?)(?)(?)(?)(?)(?)])(1 )(2 )(3 )]
26: 73111121-5638-40f6-bc11-f1d7b0d64300, 1, 0 [(0 [0xC004F014, 0, 0], [(?)(?)(?)(?)(?)(?)(?)(?)])(1 )(2 )(3 )]
27: 7a802526-4c94-4bd1-ba14-835a1aca2120, 1, 0 [(0 [0xC004F014, 0, 0], [(?)(?)(?)(?)(?)(?)(?)(?)])(1 )(2 )(3 )]
28: 7cb546c0-c7d5-44d8-9a5c-69ecdd782b69, 1, 0 [(0 [0xC004F014, 0, 0], [(?)(?)(?)(?)(?)(?)(?)(?)])(1 )(2 )(3 )]
29: 82bbc092-bc50-4e16-8e18-b74fc486aec3, 1, 0 [(0 [0xC004F014, 0, 0], [(?)(?)(?)(?)(?)(?)(?)(?)])(1 )(2 )(3 )]
30: 8ab9bdd1-1f67-4997-82d9-8878520837d9, 1, 0 [(0 [0xC004F014, 0, 0], [(?)(?)(?)(?)(?)(?)(?)(?)])(1 )(2 )(3 )]
31: 8b351c9c-f398-4515-9900-09df49427262, 1, 0 [(0 [0xC004F014, 0, 0], [(?)(?)(?)(?)(?)(?)(?)(?)])(1 )(2 )(3 )]
32: 90da7373-1c51-430b-bf26-c97e9c5cdc31, 1, 0 [(0 [0xC004F014, 0, 0], [(?)(?)(?)(?)(?)(?)(?)(?)])(1 )(2 )(3 )]
33: 92fb8726-92a8-4ffc-94ce-f82e07444653, 1, 0 [(0 [0xC004F014, 0, 0], [(?)(?)(?)(?)(?)(?)(?)(?)])(1 )(2 )(3 )]
34: 95dca82f-385d-4d39-b85b-5c73fa285d6f, 1, 0 [(0 [0xC004F014, 0, 0], [(?)(?)(?)(?)(?)(?)(?)(?)])(1 )(2 )(3 )]
35: a48938aa-62fa-4966-9d44-9f04da3f72f2, 1, 0 [(0 [0xC004F014, 0, 0], [(?)(?)(?)(?)(?)(?)(?)(?)])(1 )(2 )(3 )]
36: b0773a15-df3a-4312-9ad2-83d69648e356, 1, 0 [(0 [0xC004F014, 0, 0], [(?)(?)(?)(?)(?)(?)(?)(?)])(1 )(2 )(3 )]
37: b4bfe195-541e-4e64-ad23-6177f19e395e, 1, 0 [(0 [0xC004F014, 0, 0], [(?)(?)(?)(?)(?)(?)(?)(?)])(1 )(2 )(3 )]
38: b68e61d2-68ca-4757-be45-0cc2f3e68eee, 1, 0 [(0 [0xC004F014, 0, 0], [(?)(?)(?)(?)(?)(?)(?)(?)])(1 )(2 )(3 )]
39: bd3762d7-270d-4760-8fb3-d829ca45278a, 1, 0 [(0 [0xC004F014, 0, 0], [(?)(?)(?)(?)(?)(?)(?)(?)])(1 )(2 )(3 )]
40: c86d5194-4840-4dae-9c1c-0301003a5ab0, 1, 0 [(0 [0xC004F014, 0, 0], [(?)(?)(?)(?)(?)(?)(?)(?)])(1 )(2 )(3 )]
41: ca7df2e3-5ea0-47b8-9ac1-b1be4d8edd69, 1, 0 [(0 [0xC004F014, 0, 0], [(?)(?)(?)(?)(?)(?)(?)(?)])(1 )(2 )(3 )]
42: d552befb-48cc-4327-8f39-47d2d94f987c, 1, 0 [(0 [0xC004F014, 0, 0], [(?)(?)(?)(?)(?)(?)(?)(?)])(1 )(2 )(3 )]
43: d6eadb3b-5ca8-4a6b-986e-35b550756111, 1, 0 [(0 [0xC004F014, 0, 0], [(?)(?)(?)(?)(?)(?)(?)(?)])(1 )(2 )(3 )]
44: df96023b-dcd9-4be2-afa0-c6c871159ebe, 1, 0 [(0 [0xC004F014, 0, 0], [(?)(?)(?)(?)(?)(?)(?)(?)])(1 )(2 )(3 )]
45: e0c42288-980c-4788-a014-c080d2e1926e, 1, 0 [(0 [0xC004F014, 0, 0], [(?)(?)(?)(?)(?)(?)(?)(?)])(1 )(2 )(3 )]
46: e4db50ea-bda1-4566-b047-0ca50abc6f07, 1, 0 [(0 [0xC004F014, 0, 0], [(?)(?)(?)(?)(?)(?)(?)(?)])(1 )(2 )(3 )]
47: e558417a-5123-4f6f-91e7-385c1c7ca9d4, 1, 0 [(0 [0xC004F014, 0, 0], [(?)(?)(?)(?)(?)(?)(?)(?)])(1 )(2 )(3 )]
48: e7a950a2-e548-4f10-bf16-02ec848e0643, 1, 0 [(0 [0xC004F014, 0, 0], [(?)(?)(?)(?)(?)(?)(?)(?)])(1 )(2 )(3 )]
49: eb6d346f-1c60-4643-b960-40ec31596c45, 1, 0 [(0 [0xC004F014, 0, 0], [(?)(?)(?)(?)(?)(?)(?)(?)])(1 )(2 )(3 )]
50: ec868e65-fadf-4759-b23e-93fe37f2cc29, 1, 0 [(0 [0xC004F014, 0, 0], [(?)(?)(?)(?)(?)(?)(?)(?)])(1 )(2 )(3 )]
51: ef51e000-2659-4f25-8345-3de70a9cf4c4, 1, 0 [(0 [0xC004F014, 0, 0], [(?)(?)(?)(?)(?)(?)(?)(?)])(1 )(2 )(3 )]
52: f7af7d09-40e4-419c-a49b-eae366689ebd, 1, 0 [(0 [0xC004F014, 0, 0], [(?)(?)(?)(?)(?)(?)(?)(?)])(1 )(2 )(3 )]
53: fa755fe6-6739-40b9-8d84-6d0ea3b6d1ab, 1, 0 [(0 [0xC004F014, 0, 0], [(?)(?)(?)(?)(?)(?)(?)(?)])(1 )(2 )(3 )]
54: fe74f55b-0338-41d6-b267-4a201abe7285, 1, 0 [(0 [0xC004F014, 0, 0], [(?)(?)(?)(?)(?)(?)(?)(?)])(1 )(2 )(3 )]

"
"Information","12/5/2024 1:03:54 PM","Microsoft-Windows-Security-SPP","1066",,"Initialization status for service objects.
C:\Windows\system32\sppwinob.dll, msft:spp/windowsfunctionality/agent/7.0, 0x00000000, 0x00000000
C:\Windows\system32\sppobjs.dll, msft:rm/algorithm/inherited/1.0, 0x00000000, 0x00000000
C:\Windows\system32\sppobjs.dll, msft:rm/algorithm/phone/1.0, 0x00000000, 0x00000000
C:\Windows\system32\sppobjs.dll, msft:rm/algorithm/pkey/detect, 0x00000000, 0x00000000
C:\Windows\system32\sppobjs.dll, msft:spp/ActionScheduler/1.0, 0x00000000, 0x00000000
C:\Windows\system32\sppobjs.dll, msft:spp/TaskScheduler/1.0, 0x00000000, 0x00000000
C:\Windows\system32\sppobjs.dll, msft:spp/statecollector/pkey, 0x00000000, 0x00000000
C:\Windows\system32\sppobjs.dll, msft:spp/volume/services/kms/1.0, 0x00000000, 0x00000000
C:\Windows\system32\sppobjs.dll, msft:spp/volume/services/kms/activationinfo/1.0, 0x00000000, 0x00000000
"
"Information","12/5/2024 1:03:53 PM","Microsoft-Windows-Security-SPP","16394",,"Offline downlevel migration succeeded."
"Information","12/5/2024 1:03:52 PM","Microsoft-Windows-Security-SPP","900",,"The Software Protection service is starting.
Parameters:TriggerStarted:6"
"Warning","12/5/2024 1:03:33 PM","Microsoft-Windows-WMI","63",,"A provider, IntelMEProv, has been registered in the Windows Management Instrumentation namespace root\Intel_ME to use the LocalSystem account. This account is privileged and the provider may cause a security violation if it does not correctly impersonate user requests."
"Warning","12/5/2024 1:03:33 PM","Microsoft-Windows-WMI","63",,"A provider, IntelMEProv, has been registered in the Windows Management Instrumentation namespace root\Intel_ME to use the LocalSystem account. This account is privileged and the provider may cause a security violation if it does not correctly impersonate user requests."
"Warning","12/5/2024 1:03:33 PM","Microsoft-Windows-WMI","63",,"A provider, IntelMEProv, has been registered in the Windows Management Instrumentation namespace root\Intel_ME to use the LocalSystem account. This account is privileged and the provider may cause a security violation if it does not correctly impersonate user requests."
"Information","12/5/2024 1:03:33 PM","WMIRegistrationService","2",,"Intel(R) WMI Registration Service has successfully finished WMI Registration."
,"12/5/2024 1:03:32 PM","AsusUpdateCheck","0",,
"Information","12/5/2024 1:03:30 PM","Microsoft-Windows-WMI","5617",,"Windows Management Instrumentation Service subsystems initialized successfully"
"Information","12/5/2024 1:03:07 PM","Microsoft-Windows-WMI","5615",,"Windows Management Instrumentation Service started sucessfully"
"Information","12/5/2024 1:03:16 PM","OpenVpnService","0",,"Service started successfully."
"Information","12/5/2024 1:03:00 PM","Microsoft-Windows-User Profiles Service","1531",,"The User Profile Service has started successfully.  

"
"Information","12/5/2024 1:03:11 PM","WMIRegistrationService","0",,"Intel(R) WMI Registration Service started."
,"12/5/2024 1:03:07 PM","AsusUpdateCheck","0",,
"Information","12/5/2024 1:03:06 PM","IntelDalJhi","0",,"Intel(R) Dynamic Application Loader Host Interface Service started."
"Information","12/4/2024 5:47:14 PM","Microsoft-Windows-Defrag","258",,"The storage optimizer successfully completed defragmentation on (C:)"
"Information","12/4/2024 5:47:14 PM","Microsoft-Windows-Defrag","258",,"The storage optimizer successfully completed retrim on (C:)"
"Information","12/4/2024 5:38:52 PM","Microsoft-Windows-Security-SPP","16384",,"Successfully scheduled Software Protection service for re-start at 2024-12-10T05:39:52Z. Reason: RulesEngine."
"Information","12/4/2024 5:38:22 PM","Microsoft-Windows-Security-SPP","16394",,"Offline downlevel migration succeeded."
"Information","12/4/2024 4:45:59 PM","Microsoft-Windows-Security-SPP","16384",,"Successfully scheduled Software Protection service for re-start at 2024-12-10T05:39:59Z. Reason: RulesEngine."
"Information","12/4/2024 4:45:29 PM","Microsoft-Windows-Security-SPP","16394",,"Offline downlevel migration succeeded."
"Information","12/4/2024 4:16:53 PM","Microsoft-Windows-Security-SPP","16384",,"Successfully scheduled Software Protection service for re-start at 2024-12-10T05:39:53Z. Reason: RulesEngine."
"Information","12/4/2024 4:16:23 PM","Microsoft-Windows-Security-SPP","16394",,"Offline downlevel migration succeeded."
"Information","12/4/2024 3:27:43 PM","Microsoft-Windows-RestartManager","10001",,"Ending session 3 started ?2024?-?12?-?04T07:27:43.795476100Z."
"Information","12/4/2024 3:27:43 PM","Microsoft-Windows-RestartManager","10000",,"Starting session 3 - ?2024?-?12?-?04T07:27:43.795476100Z."
"Information","12/4/2024 3:17:09 PM","Microsoft-Windows-Security-SPP","16384",,"Successfully scheduled Software Protection service for re-start at 2024-12-10T05:39:09Z. Reason: RulesEngine."
"Information","12/4/2024 3:16:38 PM","Microsoft-Windows-Security-SPP","16394",,"Offline downlevel migration succeeded."
"Information","12/4/2024 2:37:42 PM","Microsoft-Windows-Security-SPP","16384",,"Successfully scheduled Software Protection service for re-start at 2024-12-10T05:39:42Z. Reason: RulesEngine."
"Information","12/4/2024 2:37:15 PM","SecurityCenter","15",,"Updated Windows Defender status successfully to SECURITY_PRODUCT_STATE_ON."
"Information","12/4/2024 2:37:13 PM","SecurityCenter","15",,"Updated Windows Defender status successfully to SECURITY_PRODUCT_STATE_ON."
"Information","12/4/2024 2:37:12 PM","Microsoft-Windows-Security-SPP","16394",,"Offline downlevel migration succeeded."
"Information","12/4/2024 1:26:50 PM","Microsoft-Windows-Security-SPP","16384",,"Successfully scheduled Software Protection service for re-start at 2024-12-10T05:39:50Z. Reason: RulesEngine."
"Information","12/4/2024 1:26:20 PM","Microsoft-Windows-Security-SPP","16394",,"Offline downlevel migration succeeded."
"Information","12/4/2024 1:08:39 PM","Microsoft-Windows-Security-SPP","16384",,"Successfully scheduled Software Protection service for re-start at 2024-12-10T05:39:39Z. Reason: RulesEngine."
"Information","12/4/2024 1:08:09 PM","Microsoft-Windows-Security-SPP","16394",,"Offline downlevel migration succeeded."
"Information","12/4/2024 12:51:10 PM","Microsoft-Windows-Security-SPP","16384",,"Successfully scheduled Software Protection service for re-start at 2024-12-10T05:39:10Z. Reason: RulesEngine."
"Information","12/4/2024 12:50:40 PM","Microsoft-Windows-Security-SPP","16394",,"Offline downlevel migration succeeded."
"Information","12/4/2024 12:40:55 PM","Microsoft-Windows-Security-SPP","16384",,"Successfully scheduled Software Protection service for re-start at 2024-12-10T05:39:55Z. Reason: RulesEngine."
"Information","12/4/2024 12:40:25 PM","Microsoft-Windows-Security-SPP","16394",,"Offline downlevel migration succeeded."
"Information","12/4/2024 12:24:42 PM","Microsoft-Windows-Security-SPP","16384",,"Successfully scheduled Software Protection service for re-start at 2024-12-10T05:39:42Z. Reason: RulesEngine."
"Information","12/4/2024 12:24:12 PM","Microsoft-Windows-Security-SPP","12289",,"The client has processed an activation response from the key management service machine.
Info:
0x00000000, 0x00000000, 1, 0, 10, 120, 10080, 2024/12/04 04:24"
"Information","12/4/2024 12:24:11 PM","Microsoft-Windows-Security-SPP","12288",,"The client has sent an activation request to the key management service machine.
Info:
0x00000000, 0x00000000, 172.16.16.16:1688, 1950cbc7-98a4-4ff4-a183-f94154e91993, 2024/12/04 04:24, 1, 1, 249120, 85dd8b5f-eaa4-4af3-a628-cce9e77c9a03, 5"
"Information","12/4/2024 12:24:07 PM","Microsoft-Windows-Security-SPP","8230",,"The rules engine successfully re-evaluated the schedule.
Kernel policies:
Security-SPP-Action-StateData (REG_SZ) =AppId=55c92734-d682-4d71-983e-d6ec3f16059f;GraceEndDate=2025/06/01:05:40:06;LastConsumptionReason=0x00000000;LastNotificationId=Cleanup;LicenseState=SL_LICENSING_STATUS_LICENSED;PartialProductKey=T83GX;ProductKeyType=Volume:GVLK;SkuId=2de67392-b7a7-462a-b1ca-108dd189f588;ruleId=379cccfb-d4e0-48fe-b0f2-0136097be147;uxDifferentiator=ENVIRONMENT;volumeActivationOrder=normal"
"Information","12/4/2024 12:24:06 PM","Microsoft-Windows-Security-SPP","16388",,"The current time is 2024-12-04T04:24:06Z : 2024-12-04T04:24:06Z."
"Information","12/4/2024 12:23:07 PM","Microsoft-Windows-Security-SPP","8230",,"The rules engine successfully re-evaluated the schedule.
Kernel policies:
Security-SPP-Action-StateData (REG_SZ) =AppId=55c92734-d682-4d71-983e-d6ec3f16059f;GraceEndDate=2025/06/01:05:40:07;LastConsumptionReason=0x00000000;LastNotificationId=Cleanup;LicenseState=SL_LICENSING_STATUS_LICENSED;PartialProductKey=T83GX;ProductKeyType=Volume:GVLK;SkuId=2de67392-b7a7-462a-b1ca-108dd189f588;ruleId=379cccfb-d4e0-48fe-b0f2-0136097be147;uxDifferentiator=ENVIRONMENT;volumeActivationOrder=normal"
"Information","12/4/2024 12:23:06 PM","Microsoft-Windows-Security-SPP","16388",,"The current time is 2024-12-04T04:23:06Z : 2024-12-04T04:23:06Z."
"Information","12/4/2024 12:23:06 PM","Microsoft-Windows-Security-SPP","16394",,"Offline downlevel migration succeeded."
"Information","12/4/2024 12:03:06 PM","Microsoft-Windows-Security-SPP","16384",,"Successfully scheduled Software Protection service for re-start at 2024-12-04T04:23:06Z. Reason: RulesEngine."
"Information","12/4/2024 12:02:36 PM","Microsoft-Windows-Security-SPP","16394",,"Offline downlevel migration succeeded."
"Information","12/4/2024 11:34:38 AM","Microsoft-Windows-Security-SPP","16384",,"Successfully scheduled Software Protection service for re-start at 2024-12-04T04:23:38Z. Reason: RulesEngine."
"Information","12/4/2024 11:34:08 AM","Microsoft-Windows-Security-SPP","16394",,"Offline downlevel migration succeeded."
"Information","12/4/2024 11:29:35 AM","Microsoft-Windows-Security-SPP","16384",,"Successfully scheduled Software Protection service for re-start at 2024-12-04T04:23:35Z. Reason: RulesEngine."
"Information","12/4/2024 11:29:05 AM","Microsoft-Windows-Security-SPP","16394",,"Offline downlevel migration succeeded."
"Information","12/4/2024 11:06:29 AM","Microsoft-Windows-Security-SPP","16384",,"Successfully scheduled Software Protection service for re-start at 2024-12-04T04:23:29Z. Reason: RulesEngine."
"Information","12/4/2024 11:05:59 AM","Microsoft-Windows-Security-SPP","16394",,"Offline downlevel migration succeeded."
"Information","12/4/2024 10:31:16 AM","Microsoft-Windows-Security-SPP","16384",,"Successfully scheduled Software Protection service for re-start at 2024-12-04T04:23:16Z. Reason: RulesEngine."
"Information","12/4/2024 10:30:45 AM","Microsoft-Windows-Security-SPP","16394",,"Offline downlevel migration succeeded."
"Information","12/4/2024 9:41:24 AM","Microsoft-Windows-Security-SPP","16384",,"Successfully scheduled Software Protection service for re-start at 2024-12-04T04:23:24Z. Reason: RulesEngine."
"Information","12/4/2024 9:40:54 AM","Microsoft-Windows-Security-SPP","16394",,"Offline downlevel migration succeeded."
"Information","12/4/2024 9:07:20 AM","Microsoft-Windows-Winlogon","6000",,"The winlogon notification subscriber <SessionEnv> was unavailable to handle a notification event."
"Information","12/4/2024 9:07:19 AM","Microsoft-Windows-Winlogon","6003",,"The winlogon notification subscriber <SessionEnv> was unavailable to handle a critical notification event."
"Information","12/4/2024 8:49:13 AM","Microsoft-Windows-Security-SPP","16384",,"Successfully scheduled Software Protection service for re-start at 2024-12-04T04:23:13Z. Reason: RulesEngine."
"Information","12/4/2024 8:48:43 AM","Microsoft-Windows-Security-SPP","16394",,"Offline downlevel migration succeeded."
"Information","12/4/2024 8:48:34 AM","Microsoft-Windows-Security-SPP","16384",,"Successfully scheduled Software Protection service for re-start at 2024-12-04T04:23:33Z. Reason: RulesEngine."
"Information","12/4/2024 8:48:24 AM","SecurityCenter","15",,"Updated Windows Defender status successfully to SECURITY_PRODUCT_STATE_ON."
"Information","12/4/2024 8:47:44 AM","Microsoft-Windows-Security-SPP","16394",,"Offline downlevel migration succeeded."
"Information","12/4/2024 8:42:57 AM","edgeupdate","0",,"Service stopped."
"Information","12/3/2024 10:07:52 PM","Microsoft-Windows-Winlogon","6000",,"The winlogon notification subscriber <Dot3svc> was unavailable to handle a notification event."
"Information","12/3/2024 10:07:52 PM","Microsoft-Windows-Winlogon","6000",,"The winlogon notification subscriber <SessionEnv> was unavailable to handle a notification event."
"Information","12/3/2024 10:07:52 PM","Microsoft-Windows-Winlogon","6000",,"The winlogon notification subscriber <WSearch> was unavailable to handle a notification event."
"Information","12/3/2024 10:07:50 PM","Desktop Window Manager","9027",,"The Desktop Window Manager has registered the session port."
"Information","12/3/2024 10:06:47 PM","Microsoft-Windows-Winlogon","6000",,"The winlogon notification subscriber <SessionEnv> was unavailable to handle a notification event."
"Information","12/3/2024 10:06:46 PM","Microsoft-Windows-Winlogon","6003",,"The winlogon notification subscriber <SessionEnv> was unavailable to handle a critical notification event."
"Information","12/3/2024 10:02:31 PM","Microsoft-Windows-Winlogon","6000",,"The winlogon notification subscriber <Dot3svc> was unavailable to handle a notification event."
"Information","12/3/2024 10:02:31 PM","Microsoft-Windows-Winlogon","6000",,"The winlogon notification subscriber <SessionEnv> was unavailable to handle a notification event."
"Information","12/3/2024 10:02:31 PM","Microsoft-Windows-Winlogon","6000",,"The winlogon notification subscriber <WSearch> was unavailable to handle a notification event."
"Information","12/3/2024 10:02:29 PM","Desktop Window Manager","9027",,"The Desktop Window Manager has registered the session port."
"Information","12/3/2024 9:00:56 PM","Microsoft-Windows-Security-SPP","16384",,"Successfully scheduled Software Protection service for re-start at 2024-12-04T04:22:56Z. Reason: RulesEngine."
"Information","12/3/2024 9:00:25 PM","Microsoft-Windows-Security-SPP","16394",,"Offline downlevel migration succeeded."
"Information","12/3/2024 8:53:33 PM","Microsoft-Windows-Security-SPP","16384",,"Successfully scheduled Software Protection service for re-start at 2024-12-04T04:23:33Z. Reason: RulesEngine."
"Information","12/3/2024 8:53:03 PM","Microsoft-Windows-Security-SPP","16394",,"Offline downlevel migration succeeded."
"Information","12/3/2024 7:47:47 PM","Microsoft-Windows-Security-SPP","16384",,"Successfully scheduled Software Protection service for re-start at 2024-12-04T04:22:47Z. Reason: RulesEngine."
"Information","12/3/2024 7:47:16 PM","Microsoft-Windows-Security-SPP","16394",,"Offline downlevel migration succeeded."
"Information","12/3/2024 6:51:27 PM","Microsoft-Windows-Security-SPP","16384",,"Successfully scheduled Software Protection service for re-start at 2024-12-04T04:23:27Z. Reason: RulesEngine."
"Information","12/3/2024 6:50:56 PM","Microsoft-Windows-Security-SPP","16394",,"Offline downlevel migration succeeded."
"Information","12/3/2024 5:42:02 PM","Microsoft-Windows-Security-SPP","16384",,"Successfully scheduled Software Protection service for re-start at 2024-12-04T04:23:02Z. Reason: RulesEngine."
"Information","12/3/2024 5:41:32 PM","Microsoft-Windows-Security-SPP","16394",,"Offline downlevel migration succeeded."
"Information","12/3/2024 5:02:55 PM","SecurityCenter","15",,"Updated Windows Defender status successfully to SECURITY_PRODUCT_STATE_ON."
"Information","12/3/2024 5:01:32 PM","SecurityCenter","15",,"Updated Windows Defender status successfully to SECURITY_PRODUCT_STATE_ON."
"Information","12/3/2024 4:38:52 PM","Microsoft-Windows-RestartManager","10001",,"Ending session 0 started ?2024?-?12?-?03T08:38:52.624350100Z."
"Information","12/3/2024 4:38:52 PM","Microsoft-Windows-RestartManager","10000",,"Starting session 0 - ?2024?-?12?-?03T08:38:52.624350100Z."
"Information","12/3/2024 4:38:52 PM","MsiInstaller","1042",,"Ending a Windows Installer transaction: C:\Users\Admin\AppData\Local\Package Cache\{99D92D08-795B-420E-A433-65953025CBBB}v3.13.150.0\path.msi. Client Process Id: 6688."
"Information","12/3/2024 4:38:52 PM","MsiInstaller","1033",,"Windows Installer installed the product. Product Name: Python 3.13.0 Add to Path (64-bit). Product Version: 3.13.150.0. Product Language: 1033. Manufacturer: Python Software Foundation. Installation success or error status: 0."
"Information","12/3/2024 4:38:52 PM","MsiInstaller","11707",,"Product: Python 3.13.0 Add to Path (64-bit) -- Installation completed successfully."
"Information","12/3/2024 4:38:52 PM","MsiInstaller","1040",,"Beginning a Windows Installer transaction: C:\Users\Admin\AppData\Local\Package Cache\{99D92D08-795B-420E-A433-65953025CBBB}v3.13.150.0\path.msi. Client Process Id: 6688."
"Information","12/3/2024 4:38:33 PM","Microsoft-Windows-RestartManager","10001",,"Ending session 0 started ?2024?-?12?-?03T08:38:24.071989300Z."
"Information","12/3/2024 4:38:33 PM","MsiInstaller","1042",,"Ending a Windows Installer transaction: C:\Users\Admin\AppData\Local\Package Cache\{1239D9CA-8A9B-4A20-8361-0C6990D08FD8}v3.13.150.0\pip.msi. Client Process Id: 16768."
"Information","12/3/2024 4:38:33 PM","MsiInstaller","1033",,"Windows Installer installed the product. Product Name: Python 3.13.0 pip Bootstrap (64-bit). Product Version: 3.13.150.0. Product Language: 1033. Manufacturer: Python Software Foundation. Installation success or error status: 0."
"Information","12/3/2024 4:38:33 PM","MsiInstaller","11707",,"Product: Python 3.13.0 pip Bootstrap (64-bit) -- Installation completed successfully."
"Information","12/3/2024 4:38:24 PM","Microsoft-Windows-RestartManager","10000",,"Starting session 0 - ?2024?-?12?-?03T08:38:24.071989300Z."
"Information","12/3/2024 4:38:24 PM","Microsoft-Windows-RestartManager","10001",,"Ending session 0 started ?2024?-?12?-?03T08:38:23.623264300Z."
"Information","12/3/2024 4:38:24 PM","Microsoft-Windows-RestartManager","10001",,"Ending session 0 started ?2024?-?12?-?03T08:38:23.557871800Z."
"Information","12/3/2024 4:38:23 PM","Microsoft-Windows-RestartManager","10000",,"Starting session 0 - ?2024?-?12?-?03T08:38:23.623264300Z."
"Information","12/3/2024 4:38:23 PM","Microsoft-Windows-RestartManager","10000",,"Starting session 0 - ?2024?-?12?-?03T08:38:23.557871800Z."
"Information","12/3/2024 4:38:23 PM","Microsoft-Windows-RestartManager","10001",,"Ending session 0 started ?2024?-?12?-?03T08:38:20.604840800Z."
"Information","12/3/2024 4:38:24 PM","MsiInstaller","1040",,"Beginning a Windows Installer transaction: C:\Users\Admin\AppData\Local\Package Cache\{1239D9CA-8A9B-4A20-8361-0C6990D08FD8}v3.13.150.0\pip.msi. Client Process Id: 16768."
"Information","12/3/2024 4:38:24 PM","MsiInstaller","1042",,"Ending a Windows Installer transaction: C:\Users\Admin\AppData\Local\Package Cache\{1F3BC6BD-2010-40E7-85B2-F1A5E2EB5FF2}v3.13.150.0\launcher.msi. Client Process Id: 16768."
"Information","12/3/2024 4:38:24 PM","MsiInstaller","1033",,"Windows Installer installed the product. Product Name: Python Launcher. Product Version: 3.13.150.0. Product Language: 1033. Manufacturer: Python Software Foundation. Installation success or error status: 0."
"Information","12/3/2024 4:38:24 PM","MsiInstaller","11707",,"Product: Python Launcher -- Installation completed successfully."
"Information","12/3/2024 4:38:23 PM","MsiInstaller","1040",,"Beginning a Windows Installer transaction: C:\Users\Admin\AppData\Local\Package Cache\{1F3BC6BD-2010-40E7-85B2-F1A5E2EB5FF2}v3.13.150.0\launcher.msi. Client Process Id: 16768."
"Information","12/3/2024 4:38:23 PM","MsiInstaller","1042",,"Ending a Windows Installer transaction: C:\Users\Admin\AppData\Local\Package Cache\{C8DC7BA8-9A89-42A6-9ACA-04ACA6448612}v3.13.150.0\tcltk.msi. Client Process Id: 16768."
"Information","12/3/2024 4:38:23 PM","MsiInstaller","1033",,"Windows Installer installed the product. Product Name: Python 3.13.0 Tcl/Tk Support (64-bit). Product Version: 3.13.150.0. Product Language: 1033. Manufacturer: Python Software Foundation. Installation success or error status: 0."
"Information","12/3/2024 4:38:23 PM","MsiInstaller","11707",,"Product: Python 3.13.0 Tcl/Tk Support (64-bit) -- Installation completed successfully."
"Information","12/3/2024 4:38:20 PM","Microsoft-Windows-RestartManager","10000",,"Starting session 0 - ?2024?-?12?-?03T08:38:20.604840800Z."
"Information","12/3/2024 4:38:20 PM","Microsoft-Windows-RestartManager","10001",,"Ending session 0 started ?2024?-?12?-?03T08:38:19.068195300Z."
"Information","12/3/2024 4:38:20 PM","MsiInstaller","1040",,"Beginning a Windows Installer transaction: C:\Users\Admin\AppData\Local\Package Cache\{C8DC7BA8-9A89-42A6-9ACA-04ACA6448612}v3.13.150.0\tcltk.msi. Client Process Id: 16768."
"Information","12/3/2024 4:38:20 PM","MsiInstaller","1042",,"Ending a Windows Installer transaction: C:\Users\Admin\AppData\Local\Package Cache\{D0B9B0AE-74FD-4CA6-9404-91F0433C6CB2}v3.13.150.0\doc.msi. Client Process Id: 16768."
"Information","12/3/2024 4:38:20 PM","MsiInstaller","1033",,"Windows Installer installed the product. Product Name: Python 3.13.0 Documentation (64-bit). Product Version: 3.13.150.0. Product Language: 1033. Manufacturer: Python Software Foundation. Installation success or error status: 0."
"Information","12/3/2024 4:38:20 PM","MsiInstaller","11707",,"Product: Python 3.13.0 Documentation (64-bit) -- Installation completed successfully."
"Information","12/3/2024 4:38:19 PM","Microsoft-Windows-RestartManager","10000",,"Starting session 0 - ?2024?-?12?-?03T08:38:19.068195300Z."
"Information","12/3/2024 4:38:19 PM","Microsoft-Windows-RestartManager","10001",,"Ending session 0 started ?2024?-?12?-?03T08:38:15.684506100Z."
"Information","12/3/2024 4:38:19 PM","MsiInstaller","1040",,"Beginning a Windows Installer transaction: C:\Users\Admin\AppData\Local\Package Cache\{D0B9B0AE-74FD-4CA6-9404-91F0433C6CB2}v3.13.150.0\doc.msi. Client Process Id: 16768."
"Information","12/3/2024 4:38:19 PM","MsiInstaller","1042",,"Ending a Windows Installer transaction: C:\Users\Admin\AppData\Local\Package Cache\{D1F9D9AE-E7E2-48AA-BA3A-6E760D2B5F7D}v3.13.150.0\test.msi. Client Process Id: 16768."
"Information","12/3/2024 4:38:19 PM","MsiInstaller","1033",,"Windows Installer installed the product. Product Name: Python 3.13.0 Test Suite (64-bit). Product Version: 3.13.150.0. Product Language: 1033. Manufacturer: Python Software Foundation. Installation success or error status: 0."
"Information","12/3/2024 4:38:19 PM","MsiInstaller","11707",,"Product: Python 3.13.0 Test Suite (64-bit) -- Installation completed successfully."
"Information","12/3/2024 4:38:15 PM","Microsoft-Windows-RestartManager","10000",,"Starting session 0 - ?2024?-?12?-?03T08:38:15.684506100Z."
"Information","12/3/2024 4:38:15 PM","Microsoft-Windows-RestartManager","10001",,"Ending session 0 started ?2024?-?12?-?03T08:38:14.309587600Z."
"Information","12/3/2024 4:38:15 PM","MsiInstaller","1040",,"Beginning a Windows Installer transaction: C:\Users\Admin\AppData\Local\Package Cache\{D1F9D9AE-E7E2-48AA-BA3A-6E760D2B5F7D}v3.13.150.0\test.msi. Client Process Id: 16768."
"Information","12/3/2024 4:38:15 PM","MsiInstaller","1042",,"Ending a Windows Installer transaction: C:\Users\Admin\AppData\Local\Package Cache\{09D95048-E91D-4F33-9197-1182FCA17B16}v3.13.150.0\lib.msi. Client Process Id: 16768."
"Information","12/3/2024 4:38:15 PM","MsiInstaller","1033",,"Windows Installer installed the product. Product Name: Python 3.13.0 Standard Library (64-bit). Product Version: 3.13.150.0. Product Language: 1033. Manufacturer: Python Software Foundation. Installation success or error status: 0."
"Information","12/3/2024 4:38:15 PM","MsiInstaller","11707",,"Product: Python 3.13.0 Standard Library (64-bit) -- Installation completed successfully."
"Information","12/3/2024 4:38:14 PM","Microsoft-Windows-RestartManager","10000",,"Starting session 0 - ?2024?-?12?-?03T08:38:14.309587600Z."
"Information","12/3/2024 4:38:14 PM","Microsoft-Windows-RestartManager","10001",,"Ending session 0 started ?2024?-?12?-?03T08:38:13.580575200Z."
"Information","12/3/2024 4:38:13 PM","Microsoft-Windows-RestartManager","10000",,"Starting session 0 - ?2024?-?12?-?03T08:38:13.580575200Z."
"Information","12/3/2024 4:38:13 PM","Microsoft-Windows-RestartManager","10001",,"Ending session 0 started ?2024?-?12?-?03T08:38:13.289591200Z."
"Information","12/3/2024 4:38:14 PM","MsiInstaller","1040",,"Beginning a Windows Installer transaction: C:\Users\Admin\AppData\Local\Package Cache\{09D95048-E91D-4F33-9197-1182FCA17B16}v3.13.150.0\lib.msi. Client Process Id: 16768."
"Information","12/3/2024 4:38:14 PM","MsiInstaller","1042",,"Ending a Windows Installer transaction: C:\Users\Admin\AppData\Local\Package Cache\{71542EB9-2FED-406F-9CB7-027ABBD8BBDB}v3.13.150.0\dev.msi. Client Process Id: 16768."
"Information","12/3/2024 4:38:14 PM","MsiInstaller","1033",,"Windows Installer installed the product. Product Name: Python 3.13.0 Development Libraries (64-bit). Product Version: 3.13.150.0. Product Language: 1033. Manufacturer: Python Software Foundation. Installation success or error status: 0."
"Information","12/3/2024 4:38:14 PM","MsiInstaller","11707",,"Product: Python 3.13.0 Development Libraries (64-bit) -- Installation completed successfully."
"Information","12/3/2024 4:38:13 PM","MsiInstaller","1040",,"Beginning a Windows Installer transaction: C:\Users\Admin\AppData\Local\Package Cache\{71542EB9-2FED-406F-9CB7-027ABBD8BBDB}v3.13.150.0\dev.msi. Client Process Id: 16768."
"Information","12/3/2024 4:38:13 PM","MsiInstaller","1042",,"Ending a Windows Installer transaction: C:\Users\Admin\AppData\Local\Package Cache\{006F742B-DED7-478D-93DD-4B975444DABE}v3.13.150.0\exe.msi. Client Process Id: 16768."
"Information","12/3/2024 4:38:13 PM","MsiInstaller","1033",,"Windows Installer installed the product. Product Name: Python 3.13.0 Executables (64-bit). Product Version: 3.13.150.0. Product Language: 1033. Manufacturer: Python Software Foundation. Installation success or error status: 0."
"Information","12/3/2024 4:38:13 PM","MsiInstaller","11707",,"Product: Python 3.13.0 Executables (64-bit) -- Installation completed successfully."
"Information","12/3/2024 4:38:13 PM","Microsoft-Windows-RestartManager","10000",,"Starting session 0 - ?2024?-?12?-?03T08:38:13.289591200Z."
"Information","12/3/2024 4:38:13 PM","Microsoft-Windows-RestartManager","10001",,"Ending session 0 started ?2024?-?12?-?03T08:38:13.060553500Z."
"Information","12/3/2024 4:38:13 PM","Microsoft-Windows-RestartManager","10000",,"Starting session 0 - ?2024?-?12?-?03T08:38:13.060553500Z."
"Information","12/3/2024 4:38:13 PM","MsiInstaller","1040",,"Beginning a Windows Installer transaction: C:\Users\Admin\AppData\Local\Package Cache\{006F742B-DED7-478D-93DD-4B975444DABE}v3.13.150.0\exe.msi. Client Process Id: 16768."
"Information","12/3/2024 4:38:13 PM","MsiInstaller","1042",,"Ending a Windows Installer transaction: C:\Users\Admin\AppData\Local\Package Cache\{92D06D2A-683D-4E16-8ACC-E7F7FC30AB32}v3.13.150.0\core.msi. Client Process Id: 16768."
"Information","12/3/2024 4:38:13 PM","MsiInstaller","1033",,"Windows Installer installed the product. Product Name: Python 3.13.0 Core Interpreter (64-bit). Product Version: 3.13.150.0. Product Language: 1033. Manufacturer: Python Software Foundation. Installation success or error status: 0."
"Information","12/3/2024 4:38:13 PM","MsiInstaller","11707",,"Product: Python 3.13.0 Core Interpreter (64-bit) -- Installation completed successfully."
"Information","12/3/2024 4:38:13 PM","MsiInstaller","1040",,"Beginning a Windows Installer transaction: C:\Users\Admin\AppData\Local\Package Cache\{92D06D2A-683D-4E16-8ACC-E7F7FC30AB32}v3.13.150.0\core.msi. Client Process Id: 16768."
"Information","12/3/2024 4:33:31 PM","Microsoft-Windows-Security-SPP","16384",,"Successfully scheduled Software Protection service for re-start at 2024-12-04T04:23:31Z. Reason: RulesEngine."
"Information","12/3/2024 4:32:58 PM","Microsoft-Windows-Security-SPP","16394",,"Offline downlevel migration succeeded."
"Information","12/3/2024 4:26:24 PM","Microsoft-Windows-RestartManager","10001",,"Ending session 1 started ?2024?-?12?-?03T08:26:24.820061000Z."
"Information","12/3/2024 4:26:24 PM","Microsoft-Windows-RestartManager","10000",,"Starting session 1 - ?2024?-?12?-?03T08:26:24.820061000Z."
"Information","12/3/2024 4:13:08 PM","Microsoft-Windows-Security-SPP","16384",,"Successfully scheduled Software Protection service for re-start at 2024-12-04T04:23:08Z. Reason: RulesEngine."
"Information","12/3/2024 4:12:38 PM","Microsoft-Windows-Security-SPP","16394",,"Offline downlevel migration succeeded."
"Information","12/3/2024 3:11:42 PM","SecurityCenter","15",,"Updated Windows Defender status successfully to SECURITY_PRODUCT_STATE_ON."
"Information","12/3/2024 3:11:14 PM","SecurityCenter","15",,"Updated Windows Defender status successfully to SECURITY_PRODUCT_STATE_ON."
"Warning","12/3/2024 2:25:18 PM","Chrome","256","Browser Events","[14216:8500:1203/142518.920:WARNING:remote_commands_service.cc(221)] Client is not registered."
